CRITICAL - 2025-03-06 03:02:19 --> CodeIgniter\View\Exceptions\ViewException: Invalid file: "dcp_view.php"
[Method: GET, Route: dcp]
in SYSTEMPATH\Exceptions\FrameworkException.php on line 39.
 1 SYSTEMPATH\View\View.php(212): CodeIgniter\Exceptions\FrameworkException::forInvalidFile('dcp_view.php')
 2 SYSTEMPATH\Common.php(1173): CodeIgniter\View\View->render('dcp_view', [], true)
 3 APPPATH\Controllers\Dcp.php(26): view('dcp_view', [...])
 4 SYSTEMPATH\CodeIgniter.php(933): App\Controllers\Dcp->index()
 5 SYSTEMPATH\CodeIgniter.php(507): CodeIgniter\CodeIgniter->runController(Object(App\Controllers\Dcp))
 6 SYSTEMPATH\CodeIgniter.php(354): CodeIgniter\CodeIgniter->handleRequest(null, Object(Config\Cache), false)
 7 SYSTEMPATH\Boot.php(334): CodeIgniter\CodeIgniter->run()
 8 SYSTEMPATH\Boot.php(67): CodeIgniter\Boot::runCodeIgniter(Object(CodeIgniter\CodeIgniter))
 9 FCPATH\index.php(56): CodeIgniter\Boot::bootWeb(Object(Config\Paths))
10 SYSTEMPATH\rewrite.php(44): require_once('D:\\Project Lintang\\PROJEK\\daily_report2\\public\\index.php')
CRITICAL - 2025-03-06 04:39:12 --> CodeIgniter\View\Exceptions\ViewException: Invalid file: "dcp/dcp_view.php"
[Method: GET, Route: dcp]
in SYSTEMPATH\Exceptions\FrameworkException.php on line 39.
 1 SYSTEMPATH\View\View.php(212): CodeIgniter\Exceptions\FrameworkException::forInvalidFile('dcp/dcp_view.php')
 2 SYSTEMPATH\Common.php(1173): CodeIgniter\View\View->render('dcp/dcp_view', [], true)
 3 APPPATH\Controllers\Dcp.php(38): view('dcp/dcp_view', [...])
 4 SYSTEMPATH\CodeIgniter.php(933): App\Controllers\Dcp->index()
 5 SYSTEMPATH\CodeIgniter.php(507): CodeIgniter\CodeIgniter->runController(Object(App\Controllers\Dcp))
 6 SYSTEMPATH\CodeIgniter.php(354): CodeIgniter\CodeIgniter->handleRequest(null, Object(Config\Cache), false)
 7 SYSTEMPATH\Boot.php(334): CodeIgniter\CodeIgniter->run()
 8 SYSTEMPATH\Boot.php(67): CodeIgniter\Boot::runCodeIgniter(Object(CodeIgniter\CodeIgniter))
 9 FCPATH\index.php(56): CodeIgniter\Boot::bootWeb(Object(Config\Paths))
10 SYSTEMPATH\rewrite.php(44): require_once('D:\\Project Lintang\\PROJEK\\daily_report2\\public\\index.php')
CRITICAL - 2025-03-06 04:53:22 --> ErrorException: Attempt to read property "id" on array
[Method: GET, Route: dcp/create/9]
in APPPATH\Controllers\Dcp.php on line 29.
 1 APPPATH\Controllers\Dcp.php(29): CodeIgniter\Debug\Exceptions->errorHandler(2, 'Attempt to read property "id" on array', 'D:\\Project Lintang\\PROJEK\\daily_report2\\app\\Controllers\\Dcp.php', 29)
 2 SYSTEMPATH\CodeIgniter.php(933): App\Controllers\Dcp->create('9')
 3 SYSTEMPATH\CodeIgniter.php(507): CodeIgniter\CodeIgniter->runController(Object(App\Controllers\Dcp))
 4 SYSTEMPATH\CodeIgniter.php(354): CodeIgniter\CodeIgniter->handleRequest(null, Object(Config\Cache), false)
 5 SYSTEMPATH\Boot.php(334): CodeIgniter\CodeIgniter->run()
 6 SYSTEMPATH\Boot.php(67): CodeIgniter\Boot::runCodeIgniter(Object(CodeIgniter\CodeIgniter))
 7 FCPATH\index.php(56): CodeIgniter\Boot::bootWeb(Object(Config\Paths))
 8 SYSTEMPATH\rewrite.php(44): require_once('D:\\Project Lintang\\PROJEK\\daily_report2\\public\\index.php')
CRITICAL - 2025-03-06 04:53:31 --> ErrorException: Attempt to read property "id" on array
[Method: GET, Route: dcp/create/9]
in APPPATH\Controllers\Dcp.php on line 29.
 1 APPPATH\Controllers\Dcp.php(29): CodeIgniter\Debug\Exceptions->errorHandler(2, 'Attempt to read property "id" on array', 'D:\\Project Lintang\\PROJEK\\daily_report2\\app\\Controllers\\Dcp.php', 29)
 2 SYSTEMPATH\CodeIgniter.php(933): App\Controllers\Dcp->create('9')
 3 SYSTEMPATH\CodeIgniter.php(507): CodeIgniter\CodeIgniter->runController(Object(App\Controllers\Dcp))
 4 SYSTEMPATH\CodeIgniter.php(354): CodeIgniter\CodeIgniter->handleRequest(null, Object(Config\Cache), false)
 5 SYSTEMPATH\Boot.php(334): CodeIgniter\CodeIgniter->run()
 6 SYSTEMPATH\Boot.php(67): CodeIgniter\Boot::runCodeIgniter(Object(CodeIgniter\CodeIgniter))
 7 FCPATH\index.php(56): CodeIgniter\Boot::bootWeb(Object(Config\Paths))
 8 SYSTEMPATH\rewrite.php(44): require_once('D:\\Project Lintang\\PROJEK\\daily_report2\\public\\index.php')
CRITICAL - 2025-03-06 04:53:43 --> ErrorException: Attempt to read property "id" on array
[Method: GET, Route: dcp/create/9]
in APPPATH\Controllers\Dcp.php on line 29.
 1 APPPATH\Controllers\Dcp.php(29): CodeIgniter\Debug\Exceptions->errorHandler(2, 'Attempt to read property "id" on array', 'D:\\Project Lintang\\PROJEK\\daily_report2\\app\\Controllers\\Dcp.php', 29)
 2 SYSTEMPATH\CodeIgniter.php(933): App\Controllers\Dcp->create('9')
 3 SYSTEMPATH\CodeIgniter.php(507): CodeIgniter\CodeIgniter->runController(Object(App\Controllers\Dcp))
 4 SYSTEMPATH\CodeIgniter.php(354): CodeIgniter\CodeIgniter->handleRequest(null, Object(Config\Cache), false)
 5 SYSTEMPATH\Boot.php(334): CodeIgniter\CodeIgniter->run()
 6 SYSTEMPATH\Boot.php(67): CodeIgniter\Boot::runCodeIgniter(Object(CodeIgniter\CodeIgniter))
 7 FCPATH\index.php(56): CodeIgniter\Boot::bootWeb(Object(Config\Paths))
 8 SYSTEMPATH\rewrite.php(44): require_once('D:\\Project Lintang\\PROJEK\\daily_report2\\public\\index.php')
CRITICAL - 2025-03-06 04:53:50 --> ErrorException: Attempt to read property "id" on array
[Method: GET, Route: dcp/create/9]
in APPPATH\Controllers\Dcp.php on line 29.
 1 APPPATH\Controllers\Dcp.php(29): CodeIgniter\Debug\Exceptions->errorHandler(2, 'Attempt to read property "id" on array', 'D:\\Project Lintang\\PROJEK\\daily_report2\\app\\Controllers\\Dcp.php', 29)
 2 SYSTEMPATH\CodeIgniter.php(933): App\Controllers\Dcp->create('9')
 3 SYSTEMPATH\CodeIgniter.php(507): CodeIgniter\CodeIgniter->runController(Object(App\Controllers\Dcp))
 4 SYSTEMPATH\CodeIgniter.php(354): CodeIgniter\CodeIgniter->handleRequest(null, Object(Config\Cache), false)
 5 SYSTEMPATH\Boot.php(334): CodeIgniter\CodeIgniter->run()
 6 SYSTEMPATH\Boot.php(67): CodeIgniter\Boot::runCodeIgniter(Object(CodeIgniter\CodeIgniter))
 7 FCPATH\index.php(56): CodeIgniter\Boot::bootWeb(Object(Config\Paths))
 8 SYSTEMPATH\rewrite.php(44): require_once('D:\\Project Lintang\\PROJEK\\daily_report2\\public\\index.php')
