CRITICAL - 2025-02-24 02:51:44 --> ErrorException: Undefined property: App\Controllers\OutdoorActivity::$db
[Method: GET, Route: outdoor-activity/get_latest_data]
in APPPATH\Controllers\OutdoorActivity.php on line 432.
 1 APPPATH\Controllers\OutdoorActivity.php(432): CodeIgniter\Debug\Exceptions->errorHandler(2, 'Undefined property: App\\Controllers\\OutdoorActivity::$db', 'D:\\Project Lintang\\PROJEK\\daily_report2\\app\\Controllers\\OutdoorActivity.php', 432)
 2 SYSTEMPATH\CodeIgniter.php(933): App\Controllers\OutdoorActivity->get_latest_data()
 3 SYSTEMPATH\CodeIgniter.php(507): CodeIgniter\CodeIgniter->runController(Object(App\Controllers\OutdoorActivity))
 4 SYSTEMPATH\CodeIgniter.php(354): CodeIgniter\CodeIgniter->handleRequest(null, Object(Config\Cache), false)
 5 SYSTEMPATH\Boot.php(334): CodeIgniter\CodeIgniter->run()
 6 SYSTEMPATH\Boot.php(67): CodeIgniter\Boot::runCodeIgniter(Object(CodeIgniter\CodeIgniter))
 7 FCPATH\index.php(56): CodeIgniter\Boot::bootWeb(Object(Config\Paths))
 8 SYSTEMPATH\rewrite.php(44): require_once('D:\\Project Lintang\\PROJEK\\daily_report2\\public\\index.php')
CRITICAL - 2025-02-24 02:51:54 --> ErrorException: Undefined property: App\Controllers\OutdoorActivity::$db
[Method: GET, Route: outdoor-activity/get_latest_data]
in APPPATH\Controllers\OutdoorActivity.php on line 432.
 1 APPPATH\Controllers\OutdoorActivity.php(432): CodeIgniter\Debug\Exceptions->errorHandler(2, 'Undefined property: App\\Controllers\\OutdoorActivity::$db', 'D:\\Project Lintang\\PROJEK\\daily_report2\\app\\Controllers\\OutdoorActivity.php', 432)
 2 SYSTEMPATH\CodeIgniter.php(933): App\Controllers\OutdoorActivity->get_latest_data()
 3 SYSTEMPATH\CodeIgniter.php(507): CodeIgniter\CodeIgniter->runController(Object(App\Controllers\OutdoorActivity))
 4 SYSTEMPATH\CodeIgniter.php(354): CodeIgniter\CodeIgniter->handleRequest(null, Object(Config\Cache), false)
 5 SYSTEMPATH\Boot.php(334): CodeIgniter\CodeIgniter->run()
 6 SYSTEMPATH\Boot.php(67): CodeIgniter\Boot::runCodeIgniter(Object(CodeIgniter\CodeIgniter))
 7 FCPATH\index.php(56): CodeIgniter\Boot::bootWeb(Object(Config\Paths))
 8 SYSTEMPATH\rewrite.php(44): require_once('D:\\Project Lintang\\PROJEK\\daily_report2\\public\\index.php')
CRITICAL - 2025-02-24 02:52:04 --> ErrorException: Undefined property: App\Controllers\OutdoorActivity::$db
[Method: GET, Route: outdoor-activity/get_latest_data]
in APPPATH\Controllers\OutdoorActivity.php on line 432.
 1 APPPATH\Controllers\OutdoorActivity.php(432): CodeIgniter\Debug\Exceptions->errorHandler(2, 'Undefined property: App\\Controllers\\OutdoorActivity::$db', 'D:\\Project Lintang\\PROJEK\\daily_report2\\app\\Controllers\\OutdoorActivity.php', 432)
 2 SYSTEMPATH\CodeIgniter.php(933): App\Controllers\OutdoorActivity->get_latest_data()
 3 SYSTEMPATH\CodeIgniter.php(507): CodeIgniter\CodeIgniter->runController(Object(App\Controllers\OutdoorActivity))
 4 SYSTEMPATH\CodeIgniter.php(354): CodeIgniter\CodeIgniter->handleRequest(null, Object(Config\Cache), false)
 5 SYSTEMPATH\Boot.php(334): CodeIgniter\CodeIgniter->run()
 6 SYSTEMPATH\Boot.php(67): CodeIgniter\Boot::runCodeIgniter(Object(CodeIgniter\CodeIgniter))
 7 FCPATH\index.php(56): CodeIgniter\Boot::bootWeb(Object(Config\Paths))
 8 SYSTEMPATH\rewrite.php(44): require_once('D:\\Project Lintang\\PROJEK\\daily_report2\\public\\index.php')
CRITICAL - 2025-02-24 02:52:17 --> ErrorException: Undefined property: App\Controllers\OutdoorActivity::$db
[Method: GET, Route: OutdoorActivity/get_latest_data]
in APPPATH\Controllers\OutdoorActivity.php on line 432.
 1 APPPATH\Controllers\OutdoorActivity.php(432): CodeIgniter\Debug\Exceptions->errorHandler(2, 'Undefined property: App\\Controllers\\OutdoorActivity::$db', 'D:\\Project Lintang\\PROJEK\\daily_report2\\app\\Controllers\\OutdoorActivity.php', 432)
 2 SYSTEMPATH\CodeIgniter.php(933): App\Controllers\OutdoorActivity->get_latest_data()
 3 SYSTEMPATH\CodeIgniter.php(507): CodeIgniter\CodeIgniter->runController(Object(App\Controllers\OutdoorActivity))
 4 SYSTEMPATH\CodeIgniter.php(354): CodeIgniter\CodeIgniter->handleRequest(null, Object(Config\Cache), false)
 5 SYSTEMPATH\Boot.php(334): CodeIgniter\CodeIgniter->run()
 6 SYSTEMPATH\Boot.php(67): CodeIgniter\Boot::runCodeIgniter(Object(CodeIgniter\CodeIgniter))
 7 FCPATH\index.php(56): CodeIgniter\Boot::bootWeb(Object(Config\Paths))
 8 SYSTEMPATH\rewrite.php(44): require_once('D:\\Project Lintang\\PROJEK\\daily_report2\\public\\index.php')
CRITICAL - 2025-02-24 02:52:27 --> ErrorException: Undefined property: App\Controllers\OutdoorActivity::$db
[Method: GET, Route: OutdoorActivity/get_latest_data]
in APPPATH\Controllers\OutdoorActivity.php on line 432.
 1 APPPATH\Controllers\OutdoorActivity.php(432): CodeIgniter\Debug\Exceptions->errorHandler(2, 'Undefined property: App\\Controllers\\OutdoorActivity::$db', 'D:\\Project Lintang\\PROJEK\\daily_report2\\app\\Controllers\\OutdoorActivity.php', 432)
 2 SYSTEMPATH\CodeIgniter.php(933): App\Controllers\OutdoorActivity->get_latest_data()
 3 SYSTEMPATH\CodeIgniter.php(507): CodeIgniter\CodeIgniter->runController(Object(App\Controllers\OutdoorActivity))
 4 SYSTEMPATH\CodeIgniter.php(354): CodeIgniter\CodeIgniter->handleRequest(null, Object(Config\Cache), false)
 5 SYSTEMPATH\Boot.php(334): CodeIgniter\CodeIgniter->run()
 6 SYSTEMPATH\Boot.php(67): CodeIgniter\Boot::runCodeIgniter(Object(CodeIgniter\CodeIgniter))
 7 FCPATH\index.php(56): CodeIgniter\Boot::bootWeb(Object(Config\Paths))
 8 SYSTEMPATH\rewrite.php(44): require_once('D:\\Project Lintang\\PROJEK\\daily_report2\\public\\index.php')
CRITICAL - 2025-02-24 02:52:37 --> ErrorException: Undefined property: App\Controllers\OutdoorActivity::$db
[Method: GET, Route: OutdoorActivity/get_latest_data]
in APPPATH\Controllers\OutdoorActivity.php on line 432.
 1 APPPATH\Controllers\OutdoorActivity.php(432): CodeIgniter\Debug\Exceptions->errorHandler(2, 'Undefined property: App\\Controllers\\OutdoorActivity::$db', 'D:\\Project Lintang\\PROJEK\\daily_report2\\app\\Controllers\\OutdoorActivity.php', 432)
 2 SYSTEMPATH\CodeIgniter.php(933): App\Controllers\OutdoorActivity->get_latest_data()
 3 SYSTEMPATH\CodeIgniter.php(507): CodeIgniter\CodeIgniter->runController(Object(App\Controllers\OutdoorActivity))
 4 SYSTEMPATH\CodeIgniter.php(354): CodeIgniter\CodeIgniter->handleRequest(null, Object(Config\Cache), false)
 5 SYSTEMPATH\Boot.php(334): CodeIgniter\CodeIgniter->run()
 6 SYSTEMPATH\Boot.php(67): CodeIgniter\Boot::runCodeIgniter(Object(CodeIgniter\CodeIgniter))
 7 FCPATH\index.php(56): CodeIgniter\Boot::bootWeb(Object(Config\Paths))
 8 SYSTEMPATH\rewrite.php(44): require_once('D:\\Project Lintang\\PROJEK\\daily_report2\\public\\index.php')
CRITICAL - 2025-02-24 02:52:47 --> ErrorException: Undefined property: App\Controllers\OutdoorActivity::$db
[Method: GET, Route: OutdoorActivity/get_latest_data]
in APPPATH\Controllers\OutdoorActivity.php on line 432.
 1 APPPATH\Controllers\OutdoorActivity.php(432): CodeIgniter\Debug\Exceptions->errorHandler(2, 'Undefined property: App\\Controllers\\OutdoorActivity::$db', 'D:\\Project Lintang\\PROJEK\\daily_report2\\app\\Controllers\\OutdoorActivity.php', 432)
 2 SYSTEMPATH\CodeIgniter.php(933): App\Controllers\OutdoorActivity->get_latest_data()
 3 SYSTEMPATH\CodeIgniter.php(507): CodeIgniter\CodeIgniter->runController(Object(App\Controllers\OutdoorActivity))
 4 SYSTEMPATH\CodeIgniter.php(354): CodeIgniter\CodeIgniter->handleRequest(null, Object(Config\Cache), false)
 5 SYSTEMPATH\Boot.php(334): CodeIgniter\CodeIgniter->run()
 6 SYSTEMPATH\Boot.php(67): CodeIgniter\Boot::runCodeIgniter(Object(CodeIgniter\CodeIgniter))
 7 FCPATH\index.php(56): CodeIgniter\Boot::bootWeb(Object(Config\Paths))
 8 SYSTEMPATH\rewrite.php(44): require_once('D:\\Project Lintang\\PROJEK\\daily_report2\\public\\index.php')
CRITICAL - 2025-02-24 02:52:57 --> ErrorException: Undefined property: App\Controllers\OutdoorActivity::$db
[Method: GET, Route: OutdoorActivity/get_latest_data]
in APPPATH\Controllers\OutdoorActivity.php on line 432.
 1 APPPATH\Controllers\OutdoorActivity.php(432): CodeIgniter\Debug\Exceptions->errorHandler(2, 'Undefined property: App\\Controllers\\OutdoorActivity::$db', 'D:\\Project Lintang\\PROJEK\\daily_report2\\app\\Controllers\\OutdoorActivity.php', 432)
 2 SYSTEMPATH\CodeIgniter.php(933): App\Controllers\OutdoorActivity->get_latest_data()
 3 SYSTEMPATH\CodeIgniter.php(507): CodeIgniter\CodeIgniter->runController(Object(App\Controllers\OutdoorActivity))
 4 SYSTEMPATH\CodeIgniter.php(354): CodeIgniter\CodeIgniter->handleRequest(null, Object(Config\Cache), false)
 5 SYSTEMPATH\Boot.php(334): CodeIgniter\CodeIgniter->run()
 6 SYSTEMPATH\Boot.php(67): CodeIgniter\Boot::runCodeIgniter(Object(CodeIgniter\CodeIgniter))
 7 FCPATH\index.php(56): CodeIgniter\Boot::bootWeb(Object(Config\Paths))
 8 SYSTEMPATH\rewrite.php(44): require_once('D:\\Project Lintang\\PROJEK\\daily_report2\\public\\index.php')
CRITICAL - 2025-02-24 02:53:07 --> ErrorException: Undefined property: App\Controllers\OutdoorActivity::$db
[Method: GET, Route: OutdoorActivity/get_latest_data]
in APPPATH\Controllers\OutdoorActivity.php on line 432.
 1 APPPATH\Controllers\OutdoorActivity.php(432): CodeIgniter\Debug\Exceptions->errorHandler(2, 'Undefined property: App\\Controllers\\OutdoorActivity::$db', 'D:\\Project Lintang\\PROJEK\\daily_report2\\app\\Controllers\\OutdoorActivity.php', 432)
 2 SYSTEMPATH\CodeIgniter.php(933): App\Controllers\OutdoorActivity->get_latest_data()
 3 SYSTEMPATH\CodeIgniter.php(507): CodeIgniter\CodeIgniter->runController(Object(App\Controllers\OutdoorActivity))
 4 SYSTEMPATH\CodeIgniter.php(354): CodeIgniter\CodeIgniter->handleRequest(null, Object(Config\Cache), false)
 5 SYSTEMPATH\Boot.php(334): CodeIgniter\CodeIgniter->run()
 6 SYSTEMPATH\Boot.php(67): CodeIgniter\Boot::runCodeIgniter(Object(CodeIgniter\CodeIgniter))
 7 FCPATH\index.php(56): CodeIgniter\Boot::bootWeb(Object(Config\Paths))
 8 SYSTEMPATH\rewrite.php(44): require_once('D:\\Project Lintang\\PROJEK\\daily_report2\\public\\index.php')
CRITICAL - 2025-02-24 02:53:17 --> ErrorException: Undefined property: App\Controllers\OutdoorActivity::$db
[Method: GET, Route: OutdoorActivity/get_latest_data]
in APPPATH\Controllers\OutdoorActivity.php on line 432.
 1 APPPATH\Controllers\OutdoorActivity.php(432): CodeIgniter\Debug\Exceptions->errorHandler(2, 'Undefined property: App\\Controllers\\OutdoorActivity::$db', 'D:\\Project Lintang\\PROJEK\\daily_report2\\app\\Controllers\\OutdoorActivity.php', 432)
 2 SYSTEMPATH\CodeIgniter.php(933): App\Controllers\OutdoorActivity->get_latest_data()
 3 SYSTEMPATH\CodeIgniter.php(507): CodeIgniter\CodeIgniter->runController(Object(App\Controllers\OutdoorActivity))
 4 SYSTEMPATH\CodeIgniter.php(354): CodeIgniter\CodeIgniter->handleRequest(null, Object(Config\Cache), false)
 5 SYSTEMPATH\Boot.php(334): CodeIgniter\CodeIgniter->run()
 6 SYSTEMPATH\Boot.php(67): CodeIgniter\Boot::runCodeIgniter(Object(CodeIgniter\CodeIgniter))
 7 FCPATH\index.php(56): CodeIgniter\Boot::bootWeb(Object(Config\Paths))
 8 SYSTEMPATH\rewrite.php(44): require_once('D:\\Project Lintang\\PROJEK\\daily_report2\\public\\index.php')
CRITICAL - 2025-02-24 02:53:27 --> ErrorException: Undefined property: App\Controllers\OutdoorActivity::$db
[Method: GET, Route: OutdoorActivity/get_latest_data]
in APPPATH\Controllers\OutdoorActivity.php on line 432.
 1 APPPATH\Controllers\OutdoorActivity.php(432): CodeIgniter\Debug\Exceptions->errorHandler(2, 'Undefined property: App\\Controllers\\OutdoorActivity::$db', 'D:\\Project Lintang\\PROJEK\\daily_report2\\app\\Controllers\\OutdoorActivity.php', 432)
 2 SYSTEMPATH\CodeIgniter.php(933): App\Controllers\OutdoorActivity->get_latest_data()
 3 SYSTEMPATH\CodeIgniter.php(507): CodeIgniter\CodeIgniter->runController(Object(App\Controllers\OutdoorActivity))
 4 SYSTEMPATH\CodeIgniter.php(354): CodeIgniter\CodeIgniter->handleRequest(null, Object(Config\Cache), false)
 5 SYSTEMPATH\Boot.php(334): CodeIgniter\CodeIgniter->run()
 6 SYSTEMPATH\Boot.php(67): CodeIgniter\Boot::runCodeIgniter(Object(CodeIgniter\CodeIgniter))
 7 FCPATH\index.php(56): CodeIgniter\Boot::bootWeb(Object(Config\Paths))
 8 SYSTEMPATH\rewrite.php(44): require_once('D:\\Project Lintang\\PROJEK\\daily_report2\\public\\index.php')
CRITICAL - 2025-02-24 02:53:37 --> ErrorException: Undefined property: App\Controllers\OutdoorActivity::$db
[Method: GET, Route: OutdoorActivity/get_latest_data]
in APPPATH\Controllers\OutdoorActivity.php on line 432.
 1 APPPATH\Controllers\OutdoorActivity.php(432): CodeIgniter\Debug\Exceptions->errorHandler(2, 'Undefined property: App\\Controllers\\OutdoorActivity::$db', 'D:\\Project Lintang\\PROJEK\\daily_report2\\app\\Controllers\\OutdoorActivity.php', 432)
 2 SYSTEMPATH\CodeIgniter.php(933): App\Controllers\OutdoorActivity->get_latest_data()
 3 SYSTEMPATH\CodeIgniter.php(507): CodeIgniter\CodeIgniter->runController(Object(App\Controllers\OutdoorActivity))
 4 SYSTEMPATH\CodeIgniter.php(354): CodeIgniter\CodeIgniter->handleRequest(null, Object(Config\Cache), false)
 5 SYSTEMPATH\Boot.php(334): CodeIgniter\CodeIgniter->run()
 6 SYSTEMPATH\Boot.php(67): CodeIgniter\Boot::runCodeIgniter(Object(CodeIgniter\CodeIgniter))
 7 FCPATH\index.php(56): CodeIgniter\Boot::bootWeb(Object(Config\Paths))
 8 SYSTEMPATH\rewrite.php(44): require_once('D:\\Project Lintang\\PROJEK\\daily_report2\\public\\index.php')
CRITICAL - 2025-02-24 02:53:47 --> ErrorException: Undefined property: App\Controllers\OutdoorActivity::$db
[Method: GET, Route: OutdoorActivity/get_latest_data]
in APPPATH\Controllers\OutdoorActivity.php on line 432.
 1 APPPATH\Controllers\OutdoorActivity.php(432): CodeIgniter\Debug\Exceptions->errorHandler(2, 'Undefined property: App\\Controllers\\OutdoorActivity::$db', 'D:\\Project Lintang\\PROJEK\\daily_report2\\app\\Controllers\\OutdoorActivity.php', 432)
 2 SYSTEMPATH\CodeIgniter.php(933): App\Controllers\OutdoorActivity->get_latest_data()
 3 SYSTEMPATH\CodeIgniter.php(507): CodeIgniter\CodeIgniter->runController(Object(App\Controllers\OutdoorActivity))
 4 SYSTEMPATH\CodeIgniter.php(354): CodeIgniter\CodeIgniter->handleRequest(null, Object(Config\Cache), false)
 5 SYSTEMPATH\Boot.php(334): CodeIgniter\CodeIgniter->run()
 6 SYSTEMPATH\Boot.php(67): CodeIgniter\Boot::runCodeIgniter(Object(CodeIgniter\CodeIgniter))
 7 FCPATH\index.php(56): CodeIgniter\Boot::bootWeb(Object(Config\Paths))
 8 SYSTEMPATH\rewrite.php(44): require_once('D:\\Project Lintang\\PROJEK\\daily_report2\\public\\index.php')
CRITICAL - 2025-02-24 02:53:57 --> ErrorException: Undefined property: App\Controllers\OutdoorActivity::$db
[Method: GET, Route: OutdoorActivity/get_latest_data]
in APPPATH\Controllers\OutdoorActivity.php on line 432.
 1 APPPATH\Controllers\OutdoorActivity.php(432): CodeIgniter\Debug\Exceptions->errorHandler(2, 'Undefined property: App\\Controllers\\OutdoorActivity::$db', 'D:\\Project Lintang\\PROJEK\\daily_report2\\app\\Controllers\\OutdoorActivity.php', 432)
 2 SYSTEMPATH\CodeIgniter.php(933): App\Controllers\OutdoorActivity->get_latest_data()
 3 SYSTEMPATH\CodeIgniter.php(507): CodeIgniter\CodeIgniter->runController(Object(App\Controllers\OutdoorActivity))
 4 SYSTEMPATH\CodeIgniter.php(354): CodeIgniter\CodeIgniter->handleRequest(null, Object(Config\Cache), false)
 5 SYSTEMPATH\Boot.php(334): CodeIgniter\CodeIgniter->run()
 6 SYSTEMPATH\Boot.php(67): CodeIgniter\Boot::runCodeIgniter(Object(CodeIgniter\CodeIgniter))
 7 FCPATH\index.php(56): CodeIgniter\Boot::bootWeb(Object(Config\Paths))
 8 SYSTEMPATH\rewrite.php(44): require_once('D:\\Project Lintang\\PROJEK\\daily_report2\\public\\index.php')
CRITICAL - 2025-02-24 02:54:07 --> ErrorException: Undefined property: App\Controllers\OutdoorActivity::$db
[Method: GET, Route: OutdoorActivity/get_latest_data]
in APPPATH\Controllers\OutdoorActivity.php on line 432.
 1 APPPATH\Controllers\OutdoorActivity.php(432): CodeIgniter\Debug\Exceptions->errorHandler(2, 'Undefined property: App\\Controllers\\OutdoorActivity::$db', 'D:\\Project Lintang\\PROJEK\\daily_report2\\app\\Controllers\\OutdoorActivity.php', 432)
 2 SYSTEMPATH\CodeIgniter.php(933): App\Controllers\OutdoorActivity->get_latest_data()
 3 SYSTEMPATH\CodeIgniter.php(507): CodeIgniter\CodeIgniter->runController(Object(App\Controllers\OutdoorActivity))
 4 SYSTEMPATH\CodeIgniter.php(354): CodeIgniter\CodeIgniter->handleRequest(null, Object(Config\Cache), false)
 5 SYSTEMPATH\Boot.php(334): CodeIgniter\CodeIgniter->run()
 6 SYSTEMPATH\Boot.php(67): CodeIgniter\Boot::runCodeIgniter(Object(CodeIgniter\CodeIgniter))
 7 FCPATH\index.php(56): CodeIgniter\Boot::bootWeb(Object(Config\Paths))
 8 SYSTEMPATH\rewrite.php(44): require_once('D:\\Project Lintang\\PROJEK\\daily_report2\\public\\index.php')
CRITICAL - 2025-02-24 02:54:37 --> ErrorException: Cannot redeclare App\Controllers\OutdoorActivity::update()
[Method: GET, Route: OutdoorActivity/get_latest_data]
in APPPATH\Controllers\OutdoorActivity.php on line 474.
 1 [internal function]: CodeIgniter\Debug\Exceptions->shutdownHandler()
CRITICAL - 2025-02-24 02:54:41 --> ErrorException: Cannot redeclare App\Controllers\OutdoorActivity::update()
[Method: GET, Route: outdoor-activity/display]
in APPPATH\Controllers\OutdoorActivity.php on line 474.
 1 [internal function]: CodeIgniter\Debug\Exceptions->shutdownHandler()
CRITICAL - 2025-02-24 06:37:44 --> Error: Class "App\Models\CuttingToolModel" not found
[Method: GET, Route: cuttingtools]
in APPPATH\Controllers\CuttingToolController.php on line 12.
 1 SYSTEMPATH\CodeIgniter.php(933): App\Controllers\CuttingToolController->index()
 2 SYSTEMPATH\CodeIgniter.php(507): CodeIgniter\CodeIgniter->runController(Object(App\Controllers\CuttingToolController))
 3 SYSTEMPATH\CodeIgniter.php(354): CodeIgniter\CodeIgniter->handleRequest(null, Object(Config\Cache), false)
 4 SYSTEMPATH\Boot.php(334): CodeIgniter\CodeIgniter->run()
 5 SYSTEMPATH\Boot.php(67): CodeIgniter\Boot::runCodeIgniter(Object(CodeIgniter\CodeIgniter))
 6 FCPATH\index.php(56): CodeIgniter\Boot::bootWeb(Object(Config\Paths))
 7 SYSTEMPATH\rewrite.php(44): require_once('D:\\Project Lintang\\PROJEK\\daily_report2\\public\\index.php')
CRITICAL - 2025-02-24 06:38:31 --> CodeIgniter\View\Exceptions\ViewException: Invalid file: "leadtime/index.php"
[Method: GET, Route: leadtime]
in SYSTEMPATH\Exceptions\FrameworkException.php on line 39.
 1 SYSTEMPATH\View\View.php(212): CodeIgniter\Exceptions\FrameworkException::forInvalidFile('leadtime/index.php')
 2 SYSTEMPATH\Common.php(1173): CodeIgniter\View\View->render('leadtime/index', [], true)
 3 APPPATH\Controllers\LeadTimeController.php(14): view('leadtime/index', [...])
 4 SYSTEMPATH\CodeIgniter.php(933): App\Controllers\LeadTimeController->index()
 5 SYSTEMPATH\CodeIgniter.php(507): CodeIgniter\CodeIgniter->runController(Object(App\Controllers\LeadTimeController))
 6 SYSTEMPATH\CodeIgniter.php(354): CodeIgniter\CodeIgniter->handleRequest(null, Object(Config\Cache), false)
 7 SYSTEMPATH\Boot.php(334): CodeIgniter\CodeIgniter->run()
 8 SYSTEMPATH\Boot.php(67): CodeIgniter\Boot::runCodeIgniter(Object(CodeIgniter\CodeIgniter))
 9 FCPATH\index.php(56): CodeIgniter\Boot::bootWeb(Object(Config\Paths))
10 SYSTEMPATH\rewrite.php(44): require_once('D:\\Project Lintang\\PROJEK\\daily_report2\\public\\index.php')
ERROR - 2025-02-24 06:38:51 --> mysqli_sql_exception: Table 'daily_report.leadtime' doesn't exist in D:\Project Lintang\PROJEK\daily_report2\system\Database\MySQLi\Connection.php:327
Stack trace:
#0 D:\Project Lintang\PROJEK\daily_report2\system\Database\MySQLi\Connection.php(327): mysqli->query('SELECT *\nFROM `...', 0)
#1 D:\Project Lintang\PROJEK\daily_report2\system\Database\BaseConnection.php(738): CodeIgniter\Database\MySQLi\Connection->execute('SELECT *\nFROM `...')
#2 D:\Project Lintang\PROJEK\daily_report2\system\Database\BaseConnection.php(652): CodeIgniter\Database\BaseConnection->simpleQuery('SELECT *\nFROM `...')
#3 D:\Project Lintang\PROJEK\daily_report2\system\Database\BaseBuilder.php(1649): CodeIgniter\Database\BaseConnection->query('SELECT *\nFROM `...', Array, false)
#4 D:\Project Lintang\PROJEK\daily_report2\system\Model.php(286): CodeIgniter\Database\BaseBuilder->get()
#5 D:\Project Lintang\PROJEK\daily_report2\system\BaseModel.php(675): CodeIgniter\Model->doFindAll(0, 0)
#6 D:\Project Lintang\PROJEK\daily_report2\app\Controllers\LeadTimeController.php(13): CodeIgniter\BaseModel->findAll()
#7 D:\Project Lintang\PROJEK\daily_report2\system\CodeIgniter.php(933): App\Controllers\LeadTimeController->index()
#8 D:\Project Lintang\PROJEK\daily_report2\system\CodeIgniter.php(507): CodeIgniter\CodeIgniter->runController(Object(App\Controllers\LeadTimeController))
#9 D:\Project Lintang\PROJEK\daily_report2\system\CodeIgniter.php(354): CodeIgniter\CodeIgniter->handleRequest(NULL, Object(Config\Cache), false)
#10 D:\Project Lintang\PROJEK\daily_report2\system\Boot.php(334): CodeIgniter\CodeIgniter->run()
#11 D:\Project Lintang\PROJEK\daily_report2\system\Boot.php(67): CodeIgniter\Boot::runCodeIgniter(Object(CodeIgniter\CodeIgniter))
#12 D:\Project Lintang\PROJEK\daily_report2\public\index.php(56): CodeIgniter\Boot::bootWeb(Object(Config\Paths))
#13 D:\Project Lintang\PROJEK\daily_report2\system\rewrite.php(44): require_once('D:\\Project Lint...')
#14 {main}
CRITICAL - 2025-02-24 06:38:51 --> CodeIgniter\Database\Exceptions\DatabaseException: Table 'daily_report.leadtime' doesn't exist
[Method: GET, Route: leadtime]
in SYSTEMPATH\Database\BaseConnection.php on line 692.
 1 SYSTEMPATH\Database\BaseBuilder.php(1649): CodeIgniter\Database\BaseConnection->query('SELECT *
FROM `leadtime`', [], false)
 2 SYSTEMPATH\Model.php(286): CodeIgniter\Database\BaseBuilder->get()
 3 SYSTEMPATH\BaseModel.php(675): CodeIgniter\Model->doFindAll(0, 0)
 4 APPPATH\Controllers\LeadTimeController.php(13): CodeIgniter\BaseModel->findAll()
 5 SYSTEMPATH\CodeIgniter.php(933): App\Controllers\LeadTimeController->index()
 6 SYSTEMPATH\CodeIgniter.php(507): CodeIgniter\CodeIgniter->runController(Object(App\Controllers\LeadTimeController))
 7 SYSTEMPATH\CodeIgniter.php(354): CodeIgniter\CodeIgniter->handleRequest(null, Object(Config\Cache), false)
 8 SYSTEMPATH\Boot.php(334): CodeIgniter\CodeIgniter->run()
 9 SYSTEMPATH\Boot.php(67): CodeIgniter\Boot::runCodeIgniter(Object(CodeIgniter\CodeIgniter))
10 FCPATH\index.php(56): CodeIgniter\Boot::bootWeb(Object(Config\Paths))
11 SYSTEMPATH\rewrite.php(44): require_once('D:\\Project Lintang\\PROJEK\\daily_report2\\public\\index.php')
CRITICAL - 2025-02-24 06:38:51 --> [Caused by] CodeIgniter\Database\Exceptions\DatabaseException: Table 'daily_report.leadtime' doesn't exist
in SYSTEMPATH\Database\MySQLi\Connection.php on line 332.
 1 SYSTEMPATH\Database\BaseConnection.php(738): CodeIgniter\Database\MySQLi\Connection->execute('SELECT *
FROM `leadtime`')
 2 SYSTEMPATH\Database\BaseConnection.php(652): CodeIgniter\Database\BaseConnection->simpleQuery('SELECT *
FROM `leadtime`')
 3 SYSTEMPATH\Database\BaseBuilder.php(1649): CodeIgniter\Database\BaseConnection->query('SELECT *
FROM `leadtime`', [], false)
 4 SYSTEMPATH\Model.php(286): CodeIgniter\Database\BaseBuilder->get()
 5 SYSTEMPATH\BaseModel.php(675): CodeIgniter\Model->doFindAll(0, 0)
 6 APPPATH\Controllers\LeadTimeController.php(13): CodeIgniter\BaseModel->findAll()
 7 SYSTEMPATH\CodeIgniter.php(933): App\Controllers\LeadTimeController->index()
 8 SYSTEMPATH\CodeIgniter.php(507): CodeIgniter\CodeIgniter->runController(Object(App\Controllers\LeadTimeController))
 9 SYSTEMPATH\CodeIgniter.php(354): CodeIgniter\CodeIgniter->handleRequest(null, Object(Config\Cache), false)
10 SYSTEMPATH\Boot.php(334): CodeIgniter\CodeIgniter->run()
11 SYSTEMPATH\Boot.php(67): CodeIgniter\Boot::runCodeIgniter(Object(CodeIgniter\CodeIgniter))
12 FCPATH\index.php(56): CodeIgniter\Boot::bootWeb(Object(Config\Paths))
13 SYSTEMPATH\rewrite.php(44): require_once('D:\\Project Lintang\\PROJEK\\daily_report2\\public\\index.php')
CRITICAL - 2025-02-24 06:38:51 --> [Caused by] mysqli_sql_exception: Table 'daily_report.leadtime' doesn't exist
in SYSTEMPATH\Database\MySQLi\Connection.php on line 327.
 1 SYSTEMPATH\Database\MySQLi\Connection.php(327): mysqli->query('SELECT *
FROM `leadtime`', 0)
 2 SYSTEMPATH\Database\BaseConnection.php(738): CodeIgniter\Database\MySQLi\Connection->execute('SELECT *
FROM `leadtime`')
 3 SYSTEMPATH\Database\BaseConnection.php(652): CodeIgniter\Database\BaseConnection->simpleQuery('SELECT *
FROM `leadtime`')
 4 SYSTEMPATH\Database\BaseBuilder.php(1649): CodeIgniter\Database\BaseConnection->query('SELECT *
FROM `leadtime`', [], false)
 5 SYSTEMPATH\Model.php(286): CodeIgniter\Database\BaseBuilder->get()
 6 SYSTEMPATH\BaseModel.php(675): CodeIgniter\Model->doFindAll(0, 0)
 7 APPPATH\Controllers\LeadTimeController.php(13): CodeIgniter\BaseModel->findAll()
 8 SYSTEMPATH\CodeIgniter.php(933): App\Controllers\LeadTimeController->index()
 9 SYSTEMPATH\CodeIgniter.php(507): CodeIgniter\CodeIgniter->runController(Object(App\Controllers\LeadTimeController))
10 SYSTEMPATH\CodeIgniter.php(354): CodeIgniter\CodeIgniter->handleRequest(null, Object(Config\Cache), false)
11 SYSTEMPATH\Boot.php(334): CodeIgniter\CodeIgniter->run()
12 SYSTEMPATH\Boot.php(67): CodeIgniter\Boot::runCodeIgniter(Object(CodeIgniter\CodeIgniter))
13 FCPATH\index.php(56): CodeIgniter\Boot::bootWeb(Object(Config\Paths))
14 SYSTEMPATH\rewrite.php(44): require_once('D:\\Project Lintang\\PROJEK\\daily_report2\\public\\index.php')
CRITICAL - 2025-02-24 06:39:25 --> CodeIgniter\View\Exceptions\ViewException: Invalid file: "leadtime/index.php"
[Method: GET, Route: leadtime]
in SYSTEMPATH\Exceptions\FrameworkException.php on line 39.
 1 SYSTEMPATH\View\View.php(212): CodeIgniter\Exceptions\FrameworkException::forInvalidFile('leadtime/index.php')
 2 SYSTEMPATH\Common.php(1173): CodeIgniter\View\View->render('leadtime/index', [], true)
 3 APPPATH\Controllers\LeadTimeController.php(14): view('leadtime/index', [...])
 4 SYSTEMPATH\CodeIgniter.php(933): App\Controllers\LeadTimeController->index()
 5 SYSTEMPATH\CodeIgniter.php(507): CodeIgniter\CodeIgniter->runController(Object(App\Controllers\LeadTimeController))
 6 SYSTEMPATH\CodeIgniter.php(354): CodeIgniter\CodeIgniter->handleRequest(null, Object(Config\Cache), false)
 7 SYSTEMPATH\Boot.php(334): CodeIgniter\CodeIgniter->run()
 8 SYSTEMPATH\Boot.php(67): CodeIgniter\Boot::runCodeIgniter(Object(CodeIgniter\CodeIgniter))
 9 FCPATH\index.php(56): CodeIgniter\Boot::bootWeb(Object(Config\Paths))
10 SYSTEMPATH\rewrite.php(44): require_once('D:\\Project Lintang\\PROJEK\\daily_report2\\public\\index.php')
CRITICAL - 2025-02-24 06:43:54 --> Error: Class "App\Models\CuttingToolModel" not found
[Method: GET, Route: cuttingtools]
in APPPATH\Controllers\CuttingToolController.php on line 12.
 1 SYSTEMPATH\CodeIgniter.php(933): App\Controllers\CuttingToolController->index()
 2 SYSTEMPATH\CodeIgniter.php(507): CodeIgniter\CodeIgniter->runController(Object(App\Controllers\CuttingToolController))
 3 SYSTEMPATH\CodeIgniter.php(354): CodeIgniter\CodeIgniter->handleRequest(null, Object(Config\Cache), false)
 4 SYSTEMPATH\Boot.php(334): CodeIgniter\CodeIgniter->run()
 5 SYSTEMPATH\Boot.php(67): CodeIgniter\Boot::runCodeIgniter(Object(CodeIgniter\CodeIgniter))
 6 FCPATH\index.php(56): CodeIgniter\Boot::bootWeb(Object(Config\Paths))
 7 SYSTEMPATH\rewrite.php(44): require_once('D:\\Project Lintang\\PROJEK\\daily_report2\\public\\index.php')
CRITICAL - 2025-02-24 06:44:08 --> Error: Class "App\Models\CuttingToolModel" not found
[Method: GET, Route: cuttingtools]
in APPPATH\Controllers\CuttingToolController.php on line 12.
 1 SYSTEMPATH\CodeIgniter.php(933): App\Controllers\CuttingToolController->index()
 2 SYSTEMPATH\CodeIgniter.php(507): CodeIgniter\CodeIgniter->runController(Object(App\Controllers\CuttingToolController))
 3 SYSTEMPATH\CodeIgniter.php(354): CodeIgniter\CodeIgniter->handleRequest(null, Object(Config\Cache), false)
 4 SYSTEMPATH\Boot.php(334): CodeIgniter\CodeIgniter->run()
 5 SYSTEMPATH\Boot.php(67): CodeIgniter\Boot::runCodeIgniter(Object(CodeIgniter\CodeIgniter))
 6 FCPATH\index.php(56): CodeIgniter\Boot::bootWeb(Object(Config\Paths))
 7 SYSTEMPATH\rewrite.php(44): require_once('D:\\Project Lintang\\PROJEK\\daily_report2\\public\\index.php')
CRITICAL - 2025-02-24 07:08:00 --> CodeIgniter\Database\Exceptions\DatabaseException: You must set the database table to be used with your query.
[Method: GET, Route: finishing]
in SYSTEMPATH\Database\BaseConnection.php on line 941.
 1 APPPATH\Controllers\FinishingController.php(13): CodeIgniter\Database\BaseConnection->table('')
 2 SYSTEMPATH\CodeIgniter.php(933): App\Controllers\FinishingController->index()
 3 SYSTEMPATH\CodeIgniter.php(507): CodeIgniter\CodeIgniter->runController(Object(App\Controllers\FinishingController))
 4 SYSTEMPATH\CodeIgniter.php(354): CodeIgniter\CodeIgniter->handleRequest(null, Object(Config\Cache), false)
 5 SYSTEMPATH\Boot.php(334): CodeIgniter\CodeIgniter->run()
 6 SYSTEMPATH\Boot.php(67): CodeIgniter\Boot::runCodeIgniter(Object(CodeIgniter\CodeIgniter))
 7 FCPATH\index.php(56): CodeIgniter\Boot::bootWeb(Object(Config\Paths))
 8 SYSTEMPATH\rewrite.php(44): require_once('D:\\Project Lintang\\PROJEK\\daily_report2\\public\\index.php')
