CRITICAL - 2025-03-09 00:51:18 --> ErrorException: Trying to access array offset on value of type null
[Method: GET, Route: dcp/create/9]
in APPPATH\Controllers\Dcp.php on line 78.
 1 APPPATH\Controllers\Dcp.php(78): CodeIgniter\Debug\Exceptions->errorHandler(2, 'Trying to access array offset on value of type null', 'D:\\Project Lintang\\PROJEK\\daily_report2\\app\\Controllers\\Dcp.php', 78)
 2 SYSTEMPATH\CodeIgniter.php(933): App\Controllers\Dcp->create('9')
 3 SYSTEMPATH\CodeIgniter.php(507): CodeIgniter\CodeIgniter->runController(Object(App\Controllers\Dcp))
 4 SYSTEMPATH\CodeIgniter.php(354): CodeIgniter\CodeIgniter->handleRequest(null, Object(Config\Cache), false)
 5 SYSTEMPATH\Boot.php(334): CodeIgniter\CodeIgniter->run()
 6 SYSTEMPATH\Boot.php(67): CodeIgniter\Boot::runCodeIgniter(Object(CodeIgniter\CodeIgniter))
 7 FCPATH\index.php(56): CodeIgniter\Boot::bootWeb(Object(Config\Paths))
 8 SYSTEMPATH\rewrite.php(44): require_once('D:\\Project Lintang\\PROJEK\\daily_report2\\public\\index.php')
CRITICAL - 2025-03-09 02:02:03 --> Error: Cannot use object of type App\Models\PpsDiesModel as array
[Method: GET, Route: dcp/create/10]
in APPPATH\Controllers\Dcp.php on line 79.
 1 SYSTEMPATH\CodeIgniter.php(933): App\Controllers\Dcp->create('10')
 2 SYSTEMPATH\CodeIgniter.php(507): CodeIgniter\CodeIgniter->runController(Object(App\Controllers\Dcp))
 3 SYSTEMPATH\CodeIgniter.php(354): CodeIgniter\CodeIgniter->handleRequest(null, Object(Config\Cache), false)
 4 SYSTEMPATH\Boot.php(334): CodeIgniter\CodeIgniter->run()
 5 SYSTEMPATH\Boot.php(67): CodeIgniter\Boot::runCodeIgniter(Object(CodeIgniter\CodeIgniter))
 6 FCPATH\index.php(56): CodeIgniter\Boot::bootWeb(Object(Config\Paths))
 7 SYSTEMPATH\rewrite.php(44): require_once('D:\\Project Lintang\\PROJEK\\daily_report2\\public\\index.php')
CRITICAL - 2025-03-09 02:02:14 --> Error: Cannot use object of type App\Models\PpsDiesModel as array
[Method: GET, Route: dcp/create/10]
in APPPATH\Controllers\Dcp.php on line 79.
 1 SYSTEMPATH\CodeIgniter.php(933): App\Controllers\Dcp->create('10')
 2 SYSTEMPATH\CodeIgniter.php(507): CodeIgniter\CodeIgniter->runController(Object(App\Controllers\Dcp))
 3 SYSTEMPATH\CodeIgniter.php(354): CodeIgniter\CodeIgniter->handleRequest(null, Object(Config\Cache), false)
 4 SYSTEMPATH\Boot.php(334): CodeIgniter\CodeIgniter->run()
 5 SYSTEMPATH\Boot.php(67): CodeIgniter\Boot::runCodeIgniter(Object(CodeIgniter\CodeIgniter))
 6 FCPATH\index.php(56): CodeIgniter\Boot::bootWeb(Object(Config\Paths))
 7 SYSTEMPATH\rewrite.php(44): require_once('D:\\Project Lintang\\PROJEK\\daily_report2\\public\\index.php')
CRITICAL - 2025-03-09 02:03:12 --> ErrorException: Attempt to read property "pps_id" on array
[Method: GET, Route: dcp/create/10]
in APPPATH\Controllers\Dcp.php on line 82.
 1 APPPATH\Controllers\Dcp.php(82): CodeIgniter\Debug\Exceptions->errorHandler(2, 'Attempt to read property "pps_id" on array', 'D:\\Project Lintang\\PROJEK\\daily_report2\\app\\Controllers\\Dcp.php', 82)
 2 SYSTEMPATH\CodeIgniter.php(933): App\Controllers\Dcp->create('10')
 3 SYSTEMPATH\CodeIgniter.php(507): CodeIgniter\CodeIgniter->runController(Object(App\Controllers\Dcp))
 4 SYSTEMPATH\CodeIgniter.php(354): CodeIgniter\CodeIgniter->handleRequest(null, Object(Config\Cache), false)
 5 SYSTEMPATH\Boot.php(334): CodeIgniter\CodeIgniter->run()
 6 SYSTEMPATH\Boot.php(67): CodeIgniter\Boot::runCodeIgniter(Object(CodeIgniter\CodeIgniter))
 7 FCPATH\index.php(56): CodeIgniter\Boot::bootWeb(Object(Config\Paths))
 8 SYSTEMPATH\rewrite.php(44): require_once('D:\\Project Lintang\\PROJEK\\daily_report2\\public\\index.php')
CRITICAL - 2025-03-09 02:03:15 --> ErrorException: Attempt to read property "pps_id" on array
[Method: GET, Route: dcp/create/10]
in APPPATH\Controllers\Dcp.php on line 82.
 1 APPPATH\Controllers\Dcp.php(82): CodeIgniter\Debug\Exceptions->errorHandler(2, 'Attempt to read property "pps_id" on array', 'D:\\Project Lintang\\PROJEK\\daily_report2\\app\\Controllers\\Dcp.php', 82)
 2 SYSTEMPATH\CodeIgniter.php(933): App\Controllers\Dcp->create('10')
 3 SYSTEMPATH\CodeIgniter.php(507): CodeIgniter\CodeIgniter->runController(Object(App\Controllers\Dcp))
 4 SYSTEMPATH\CodeIgniter.php(354): CodeIgniter\CodeIgniter->handleRequest(null, Object(Config\Cache), false)
 5 SYSTEMPATH\Boot.php(334): CodeIgniter\CodeIgniter->run()
 6 SYSTEMPATH\Boot.php(67): CodeIgniter\Boot::runCodeIgniter(Object(CodeIgniter\CodeIgniter))
 7 FCPATH\index.php(56): CodeIgniter\Boot::bootWeb(Object(Config\Paths))
 8 SYSTEMPATH\rewrite.php(44): require_once('D:\\Project Lintang\\PROJEK\\daily_report2\\public\\index.php')
CRITICAL - 2025-03-09 02:04:40 --> ErrorException: Attempt to read property "pps_id" on array
[Method: GET, Route: dcp/create/10]
in APPPATH\Controllers\Dcp.php on line 82.
 1 APPPATH\Controllers\Dcp.php(82): CodeIgniter\Debug\Exceptions->errorHandler(2, 'Attempt to read property "pps_id" on array', 'D:\\Project Lintang\\PROJEK\\daily_report2\\app\\Controllers\\Dcp.php', 82)
 2 SYSTEMPATH\CodeIgniter.php(933): App\Controllers\Dcp->create('10')
 3 SYSTEMPATH\CodeIgniter.php(507): CodeIgniter\CodeIgniter->runController(Object(App\Controllers\Dcp))
 4 SYSTEMPATH\CodeIgniter.php(354): CodeIgniter\CodeIgniter->handleRequest(null, Object(Config\Cache), false)
 5 SYSTEMPATH\Boot.php(334): CodeIgniter\CodeIgniter->run()
 6 SYSTEMPATH\Boot.php(67): CodeIgniter\Boot::runCodeIgniter(Object(CodeIgniter\CodeIgniter))
 7 FCPATH\index.php(56): CodeIgniter\Boot::bootWeb(Object(Config\Paths))
 8 SYSTEMPATH\rewrite.php(44): require_once('D:\\Project Lintang\\PROJEK\\daily_report2\\public\\index.php')
CRITICAL - 2025-03-09 02:05:19 --> ErrorException: Undefined variable $process
[Method: GET, Route: dcp/create/10]
in APPPATH\Controllers\Dcp.php on line 98.
 1 APPPATH\Controllers\Dcp.php(98): CodeIgniter\Debug\Exceptions->errorHandler(2, 'Undefined variable $process', 'D:\\Project Lintang\\PROJEK\\daily_report2\\app\\Controllers\\Dcp.php', 98)
 2 SYSTEMPATH\CodeIgniter.php(933): App\Controllers\Dcp->create('10')
 3 SYSTEMPATH\CodeIgniter.php(507): CodeIgniter\CodeIgniter->runController(Object(App\Controllers\Dcp))
 4 SYSTEMPATH\CodeIgniter.php(354): CodeIgniter\CodeIgniter->handleRequest(null, Object(Config\Cache), false)
 5 SYSTEMPATH\Boot.php(334): CodeIgniter\CodeIgniter->run()
 6 SYSTEMPATH\Boot.php(67): CodeIgniter\Boot::runCodeIgniter(Object(CodeIgniter\CodeIgniter))
 7 FCPATH\index.php(56): CodeIgniter\Boot::bootWeb(Object(Config\Paths))
 8 SYSTEMPATH\rewrite.php(44): require_once('D:\\Project Lintang\\PROJEK\\daily_report2\\public\\index.php')
CRITICAL - 2025-03-09 02:05:20 --> ErrorException: Undefined variable $process
[Method: GET, Route: dcp/create/10]
in APPPATH\Controllers\Dcp.php on line 98.
 1 APPPATH\Controllers\Dcp.php(98): CodeIgniter\Debug\Exceptions->errorHandler(2, 'Undefined variable $process', 'D:\\Project Lintang\\PROJEK\\daily_report2\\app\\Controllers\\Dcp.php', 98)
 2 SYSTEMPATH\CodeIgniter.php(933): App\Controllers\Dcp->create('10')
 3 SYSTEMPATH\CodeIgniter.php(507): CodeIgniter\CodeIgniter->runController(Object(App\Controllers\Dcp))
 4 SYSTEMPATH\CodeIgniter.php(354): CodeIgniter\CodeIgniter->handleRequest(null, Object(Config\Cache), false)
 5 SYSTEMPATH\Boot.php(334): CodeIgniter\CodeIgniter->run()
 6 SYSTEMPATH\Boot.php(67): CodeIgniter\Boot::runCodeIgniter(Object(CodeIgniter\CodeIgniter))
 7 FCPATH\index.php(56): CodeIgniter\Boot::bootWeb(Object(Config\Paths))
 8 SYSTEMPATH\rewrite.php(44): require_once('D:\\Project Lintang\\PROJEK\\daily_report2\\public\\index.php')
CRITICAL - 2025-03-09 02:05:20 --> ErrorException: Undefined variable $process
[Method: GET, Route: dcp/create/10]
in APPPATH\Controllers\Dcp.php on line 98.
 1 APPPATH\Controllers\Dcp.php(98): CodeIgniter\Debug\Exceptions->errorHandler(2, 'Undefined variable $process', 'D:\\Project Lintang\\PROJEK\\daily_report2\\app\\Controllers\\Dcp.php', 98)
 2 SYSTEMPATH\CodeIgniter.php(933): App\Controllers\Dcp->create('10')
 3 SYSTEMPATH\CodeIgniter.php(507): CodeIgniter\CodeIgniter->runController(Object(App\Controllers\Dcp))
 4 SYSTEMPATH\CodeIgniter.php(354): CodeIgniter\CodeIgniter->handleRequest(null, Object(Config\Cache), false)
 5 SYSTEMPATH\Boot.php(334): CodeIgniter\CodeIgniter->run()
 6 SYSTEMPATH\Boot.php(67): CodeIgniter\Boot::runCodeIgniter(Object(CodeIgniter\CodeIgniter))
 7 FCPATH\index.php(56): CodeIgniter\Boot::bootWeb(Object(Config\Paths))
 8 SYSTEMPATH\rewrite.php(44): require_once('D:\\Project Lintang\\PROJEK\\daily_report2\\public\\index.php')
CRITICAL - 2025-03-09 02:05:21 --> ErrorException: Undefined variable $process
[Method: GET, Route: dcp/create/10]
in APPPATH\Controllers\Dcp.php on line 98.
 1 APPPATH\Controllers\Dcp.php(98): CodeIgniter\Debug\Exceptions->errorHandler(2, 'Undefined variable $process', 'D:\\Project Lintang\\PROJEK\\daily_report2\\app\\Controllers\\Dcp.php', 98)
 2 SYSTEMPATH\CodeIgniter.php(933): App\Controllers\Dcp->create('10')
 3 SYSTEMPATH\CodeIgniter.php(507): CodeIgniter\CodeIgniter->runController(Object(App\Controllers\Dcp))
 4 SYSTEMPATH\CodeIgniter.php(354): CodeIgniter\CodeIgniter->handleRequest(null, Object(Config\Cache), false)
 5 SYSTEMPATH\Boot.php(334): CodeIgniter\CodeIgniter->run()
 6 SYSTEMPATH\Boot.php(67): CodeIgniter\Boot::runCodeIgniter(Object(CodeIgniter\CodeIgniter))
 7 FCPATH\index.php(56): CodeIgniter\Boot::bootWeb(Object(Config\Paths))
 8 SYSTEMPATH\rewrite.php(44): require_once('D:\\Project Lintang\\PROJEK\\daily_report2\\public\\index.php')
CRITICAL - 2025-03-09 02:05:21 --> ErrorException: Undefined variable $process
[Method: GET, Route: dcp/create/10]
in APPPATH\Controllers\Dcp.php on line 98.
 1 APPPATH\Controllers\Dcp.php(98): CodeIgniter\Debug\Exceptions->errorHandler(2, 'Undefined variable $process', 'D:\\Project Lintang\\PROJEK\\daily_report2\\app\\Controllers\\Dcp.php', 98)
 2 SYSTEMPATH\CodeIgniter.php(933): App\Controllers\Dcp->create('10')
 3 SYSTEMPATH\CodeIgniter.php(507): CodeIgniter\CodeIgniter->runController(Object(App\Controllers\Dcp))
 4 SYSTEMPATH\CodeIgniter.php(354): CodeIgniter\CodeIgniter->handleRequest(null, Object(Config\Cache), false)
 5 SYSTEMPATH\Boot.php(334): CodeIgniter\CodeIgniter->run()
 6 SYSTEMPATH\Boot.php(67): CodeIgniter\Boot::runCodeIgniter(Object(CodeIgniter\CodeIgniter))
 7 FCPATH\index.php(56): CodeIgniter\Boot::bootWeb(Object(Config\Paths))
 8 SYSTEMPATH\rewrite.php(44): require_once('D:\\Project Lintang\\PROJEK\\daily_report2\\public\\index.php')
CRITICAL - 2025-03-09 02:05:21 --> ErrorException: Undefined variable $process
[Method: GET, Route: dcp/create/10]
in APPPATH\Controllers\Dcp.php on line 98.
 1 APPPATH\Controllers\Dcp.php(98): CodeIgniter\Debug\Exceptions->errorHandler(2, 'Undefined variable $process', 'D:\\Project Lintang\\PROJEK\\daily_report2\\app\\Controllers\\Dcp.php', 98)
 2 SYSTEMPATH\CodeIgniter.php(933): App\Controllers\Dcp->create('10')
 3 SYSTEMPATH\CodeIgniter.php(507): CodeIgniter\CodeIgniter->runController(Object(App\Controllers\Dcp))
 4 SYSTEMPATH\CodeIgniter.php(354): CodeIgniter\CodeIgniter->handleRequest(null, Object(Config\Cache), false)
 5 SYSTEMPATH\Boot.php(334): CodeIgniter\CodeIgniter->run()
 6 SYSTEMPATH\Boot.php(67): CodeIgniter\Boot::runCodeIgniter(Object(CodeIgniter\CodeIgniter))
 7 FCPATH\index.php(56): CodeIgniter\Boot::bootWeb(Object(Config\Paths))
 8 SYSTEMPATH\rewrite.php(44): require_once('D:\\Project Lintang\\PROJEK\\daily_report2\\public\\index.php')
CRITICAL - 2025-03-09 02:06:28 --> ErrorException: Undefined variable $cutting_tool
[Method: GET, Route: dcp/create/10]
in APPPATH\Controllers\Dcp.php on line 119.
 1 APPPATH\Controllers\Dcp.php(119): CodeIgniter\Debug\Exceptions->errorHandler(2, 'Undefined variable $cutting_tool', 'D:\\Project Lintang\\PROJEK\\daily_report2\\app\\Controllers\\Dcp.php', 119)
 2 SYSTEMPATH\CodeIgniter.php(933): App\Controllers\Dcp->create('10')
 3 SYSTEMPATH\CodeIgniter.php(507): CodeIgniter\CodeIgniter->runController(Object(App\Controllers\Dcp))
 4 SYSTEMPATH\CodeIgniter.php(354): CodeIgniter\CodeIgniter->handleRequest(null, Object(Config\Cache), false)
 5 SYSTEMPATH\Boot.php(334): CodeIgniter\CodeIgniter->run()
 6 SYSTEMPATH\Boot.php(67): CodeIgniter\Boot::runCodeIgniter(Object(CodeIgniter\CodeIgniter))
 7 FCPATH\index.php(56): CodeIgniter\Boot::bootWeb(Object(Config\Paths))
 8 SYSTEMPATH\rewrite.php(44): require_once('D:\\Project Lintang\\PROJEK\\daily_report2\\public\\index.php')
CRITICAL - 2025-03-09 02:06:29 --> ErrorException: Undefined variable $cutting_tool
[Method: GET, Route: dcp/create/10]
in APPPATH\Controllers\Dcp.php on line 119.
 1 APPPATH\Controllers\Dcp.php(119): CodeIgniter\Debug\Exceptions->errorHandler(2, 'Undefined variable $cutting_tool', 'D:\\Project Lintang\\PROJEK\\daily_report2\\app\\Controllers\\Dcp.php', 119)
 2 SYSTEMPATH\CodeIgniter.php(933): App\Controllers\Dcp->create('10')
 3 SYSTEMPATH\CodeIgniter.php(507): CodeIgniter\CodeIgniter->runController(Object(App\Controllers\Dcp))
 4 SYSTEMPATH\CodeIgniter.php(354): CodeIgniter\CodeIgniter->handleRequest(null, Object(Config\Cache), false)
 5 SYSTEMPATH\Boot.php(334): CodeIgniter\CodeIgniter->run()
 6 SYSTEMPATH\Boot.php(67): CodeIgniter\Boot::runCodeIgniter(Object(CodeIgniter\CodeIgniter))
 7 FCPATH\index.php(56): CodeIgniter\Boot::bootWeb(Object(Config\Paths))
 8 SYSTEMPATH\rewrite.php(44): require_once('D:\\Project Lintang\\PROJEK\\daily_report2\\public\\index.php')
CRITICAL - 2025-03-09 02:07:26 --> Error: Cannot use object of type App\Models\PpsDiesModel as array
[Method: GET, Route: dcp/create/10]
in APPPATH\Controllers\Dcp.php on line 79.
 1 SYSTEMPATH\CodeIgniter.php(933): App\Controllers\Dcp->create('10')
 2 SYSTEMPATH\CodeIgniter.php(507): CodeIgniter\CodeIgniter->runController(Object(App\Controllers\Dcp))
 3 SYSTEMPATH\CodeIgniter.php(354): CodeIgniter\CodeIgniter->handleRequest(null, Object(Config\Cache), false)
 4 SYSTEMPATH\Boot.php(334): CodeIgniter\CodeIgniter->run()
 5 SYSTEMPATH\Boot.php(67): CodeIgniter\Boot::runCodeIgniter(Object(CodeIgniter\CodeIgniter))
 6 FCPATH\index.php(56): CodeIgniter\Boot::bootWeb(Object(Config\Paths))
 7 SYSTEMPATH\rewrite.php(44): require_once('D:\\Project Lintang\\PROJEK\\daily_report2\\public\\index.php')
CRITICAL - 2025-03-09 02:07:45 --> ErrorException: Undefined variable $cutting_tool
[Method: GET, Route: dcp/create/10]
in APPPATH\Controllers\Dcp.php on line 104.
 1 APPPATH\Controllers\Dcp.php(104): CodeIgniter\Debug\Exceptions->errorHandler(2, 'Undefined variable $cutting_tool', 'D:\\Project Lintang\\PROJEK\\daily_report2\\app\\Controllers\\Dcp.php', 104)
 2 SYSTEMPATH\CodeIgniter.php(933): App\Controllers\Dcp->create('10')
 3 SYSTEMPATH\CodeIgniter.php(507): CodeIgniter\CodeIgniter->runController(Object(App\Controllers\Dcp))
 4 SYSTEMPATH\CodeIgniter.php(354): CodeIgniter\CodeIgniter->handleRequest(null, Object(Config\Cache), false)
 5 SYSTEMPATH\Boot.php(334): CodeIgniter\CodeIgniter->run()
 6 SYSTEMPATH\Boot.php(67): CodeIgniter\Boot::runCodeIgniter(Object(CodeIgniter\CodeIgniter))
 7 FCPATH\index.php(56): CodeIgniter\Boot::bootWeb(Object(Config\Paths))
 8 SYSTEMPATH\rewrite.php(44): require_once('D:\\Project Lintang\\PROJEK\\daily_report2\\public\\index.php')
CRITICAL - 2025-03-09 02:08:24 --> ErrorException: Undefined variable $class
[Method: GET, Route: dcp/create/10]
in APPPATH\Controllers\Dcp.php on line 91.
 1 APPPATH\Controllers\Dcp.php(91): CodeIgniter\Debug\Exceptions->errorHandler(2, 'Undefined variable $class', 'D:\\Project Lintang\\PROJEK\\daily_report2\\app\\Controllers\\Dcp.php', 91)
 2 SYSTEMPATH\CodeIgniter.php(933): App\Controllers\Dcp->create('10')
 3 SYSTEMPATH\CodeIgniter.php(507): CodeIgniter\CodeIgniter->runController(Object(App\Controllers\Dcp))
 4 SYSTEMPATH\CodeIgniter.php(354): CodeIgniter\CodeIgniter->handleRequest(null, Object(Config\Cache), false)
 5 SYSTEMPATH\Boot.php(334): CodeIgniter\CodeIgniter->run()
 6 SYSTEMPATH\Boot.php(67): CodeIgniter\Boot::runCodeIgniter(Object(CodeIgniter\CodeIgniter))
 7 FCPATH\index.php(56): CodeIgniter\Boot::bootWeb(Object(Config\Paths))
 8 SYSTEMPATH\rewrite.php(44): require_once('D:\\Project Lintang\\PROJEK\\daily_report2\\public\\index.php')
ERROR - 2025-03-09 05:56:56 --> mysqli_sql_exception: Table 'daily_report.dcp_machining_2' doesn't exist in D:\Project Lintang\PROJEK\daily_report2\system\Database\MySQLi\Connection.php:327
Stack trace:
#0 D:\Project Lintang\PROJEK\daily_report2\system\Database\MySQLi\Connection.php(327): mysqli->query('SELECT *\nFROM `...', 0)
#1 D:\Project Lintang\PROJEK\daily_report2\system\Database\BaseConnection.php(738): CodeIgniter\Database\MySQLi\Connection->execute('SELECT *\nFROM `...')
#2 D:\Project Lintang\PROJEK\daily_report2\system\Database\BaseConnection.php(652): CodeIgniter\Database\BaseConnection->simpleQuery('SELECT *\nFROM `...')
#3 D:\Project Lintang\PROJEK\daily_report2\system\Database\BaseBuilder.php(1649): CodeIgniter\Database\BaseConnection->query('SELECT *\nFROM `...', Array, false)
#4 D:\Project Lintang\PROJEK\daily_report2\system\Model.php(286): CodeIgniter\Database\BaseBuilder->get()
#5 D:\Project Lintang\PROJEK\daily_report2\system\BaseModel.php(675): CodeIgniter\Model->doFindAll(0, 0)
#6 D:\Project Lintang\PROJEK\daily_report2\app\Controllers\Dcp.php(365): CodeIgniter\BaseModel->findAll()
#7 D:\Project Lintang\PROJEK\daily_report2\system\CodeIgniter.php(933): App\Controllers\Dcp->edit('98')
#8 D:\Project Lintang\PROJEK\daily_report2\system\CodeIgniter.php(507): CodeIgniter\CodeIgniter->runController(Object(App\Controllers\Dcp))
#9 D:\Project Lintang\PROJEK\daily_report2\system\CodeIgniter.php(354): CodeIgniter\CodeIgniter->handleRequest(NULL, Object(Config\Cache), false)
#10 D:\Project Lintang\PROJEK\daily_report2\system\Boot.php(334): CodeIgniter\CodeIgniter->run()
#11 D:\Project Lintang\PROJEK\daily_report2\system\Boot.php(67): CodeIgniter\Boot::runCodeIgniter(Object(CodeIgniter\CodeIgniter))
#12 D:\Project Lintang\PROJEK\daily_report2\public\index.php(56): CodeIgniter\Boot::bootWeb(Object(Config\Paths))
#13 D:\Project Lintang\PROJEK\daily_report2\system\rewrite.php(44): require_once('D:\\Project Lint...')
#14 {main}
CRITICAL - 2025-03-09 05:56:56 --> CodeIgniter\Database\Exceptions\DatabaseException: Table 'daily_report.dcp_machining_2' doesn't exist
[Method: GET, Route: dcp/edit/98]
in SYSTEMPATH\Database\BaseConnection.php on line 692.
 1 SYSTEMPATH\Database\BaseBuilder.php(1649): CodeIgniter\Database\BaseConnection->query('SELECT *
FROM `dcp_machining_2`
WHERE `overview_id` = :overview_id:', [...], false)
 2 SYSTEMPATH\Model.php(286): CodeIgniter\Database\BaseBuilder->get()
 3 SYSTEMPATH\BaseModel.php(675): CodeIgniter\Model->doFindAll(0, 0)
 4 APPPATH\Controllers\Dcp.php(365): CodeIgniter\BaseModel->findAll()
 5 SYSTEMPATH\CodeIgniter.php(933): App\Controllers\Dcp->edit('98')
 6 SYSTEMPATH\CodeIgniter.php(507): CodeIgniter\CodeIgniter->runController(Object(App\Controllers\Dcp))
 7 SYSTEMPATH\CodeIgniter.php(354): CodeIgniter\CodeIgniter->handleRequest(null, Object(Config\Cache), false)
 8 SYSTEMPATH\Boot.php(334): CodeIgniter\CodeIgniter->run()
 9 SYSTEMPATH\Boot.php(67): CodeIgniter\Boot::runCodeIgniter(Object(CodeIgniter\CodeIgniter))
10 FCPATH\index.php(56): CodeIgniter\Boot::bootWeb(Object(Config\Paths))
11 SYSTEMPATH\rewrite.php(44): require_once('D:\\Project Lintang\\PROJEK\\daily_report2\\public\\index.php')
CRITICAL - 2025-03-09 05:56:56 --> [Caused by] CodeIgniter\Database\Exceptions\DatabaseException: Table 'daily_report.dcp_machining_2' doesn't exist
in SYSTEMPATH\Database\MySQLi\Connection.php on line 332.
 1 SYSTEMPATH\Database\BaseConnection.php(738): CodeIgniter\Database\MySQLi\Connection->execute('SELECT *
FROM `dcp_machining_2`
WHERE `overview_id` = \'98\'')
 2 SYSTEMPATH\Database\BaseConnection.php(652): CodeIgniter\Database\BaseConnection->simpleQuery('SELECT *
FROM `dcp_machining_2`
WHERE `overview_id` = \'98\'')
 3 SYSTEMPATH\Database\BaseBuilder.php(1649): CodeIgniter\Database\BaseConnection->query('SELECT *
FROM `dcp_machining_2`
WHERE `overview_id` = :overview_id:', [...], false)
 4 SYSTEMPATH\Model.php(286): CodeIgniter\Database\BaseBuilder->get()
 5 SYSTEMPATH\BaseModel.php(675): CodeIgniter\Model->doFindAll(0, 0)
 6 APPPATH\Controllers\Dcp.php(365): CodeIgniter\BaseModel->findAll()
 7 SYSTEMPATH\CodeIgniter.php(933): App\Controllers\Dcp->edit('98')
 8 SYSTEMPATH\CodeIgniter.php(507): CodeIgniter\CodeIgniter->runController(Object(App\Controllers\Dcp))
 9 SYSTEMPATH\CodeIgniter.php(354): CodeIgniter\CodeIgniter->handleRequest(null, Object(Config\Cache), false)
10 SYSTEMPATH\Boot.php(334): CodeIgniter\CodeIgniter->run()
11 SYSTEMPATH\Boot.php(67): CodeIgniter\Boot::runCodeIgniter(Object(CodeIgniter\CodeIgniter))
12 FCPATH\index.php(56): CodeIgniter\Boot::bootWeb(Object(Config\Paths))
13 SYSTEMPATH\rewrite.php(44): require_once('D:\\Project Lintang\\PROJEK\\daily_report2\\public\\index.php')
CRITICAL - 2025-03-09 05:56:56 --> [Caused by] mysqli_sql_exception: Table 'daily_report.dcp_machining_2' doesn't exist
in SYSTEMPATH\Database\MySQLi\Connection.php on line 327.
 1 SYSTEMPATH\Database\MySQLi\Connection.php(327): mysqli->query('SELECT *
FROM `dcp_machining_2`
WHERE `overview_id` = \'98\'', 0)
 2 SYSTEMPATH\Database\BaseConnection.php(738): CodeIgniter\Database\MySQLi\Connection->execute('SELECT *
FROM `dcp_machining_2`
WHERE `overview_id` = \'98\'')
 3 SYSTEMPATH\Database\BaseConnection.php(652): CodeIgniter\Database\BaseConnection->simpleQuery('SELECT *
FROM `dcp_machining_2`
WHERE `overview_id` = \'98\'')
 4 SYSTEMPATH\Database\BaseBuilder.php(1649): CodeIgniter\Database\BaseConnection->query('SELECT *
FROM `dcp_machining_2`
WHERE `overview_id` = :overview_id:', [...], false)
 5 SYSTEMPATH\Model.php(286): CodeIgniter\Database\BaseBuilder->get()
 6 SYSTEMPATH\BaseModel.php(675): CodeIgniter\Model->doFindAll(0, 0)
 7 APPPATH\Controllers\Dcp.php(365): CodeIgniter\BaseModel->findAll()
 8 SYSTEMPATH\CodeIgniter.php(933): App\Controllers\Dcp->edit('98')
 9 SYSTEMPATH\CodeIgniter.php(507): CodeIgniter\CodeIgniter->runController(Object(App\Controllers\Dcp))
10 SYSTEMPATH\CodeIgniter.php(354): CodeIgniter\CodeIgniter->handleRequest(null, Object(Config\Cache), false)
11 SYSTEMPATH\Boot.php(334): CodeIgniter\CodeIgniter->run()
12 SYSTEMPATH\Boot.php(67): CodeIgniter\Boot::runCodeIgniter(Object(CodeIgniter\CodeIgniter))
13 FCPATH\index.php(56): CodeIgniter\Boot::bootWeb(Object(Config\Paths))
14 SYSTEMPATH\rewrite.php(44): require_once('D:\\Project Lintang\\PROJEK\\daily_report2\\public\\index.php')
