CRITICAL - 2025-05-19 02:47:10 --> ErrorException: Undefined array key 1
[Method: GET, Route: pps/generate/191]
in APPPATH\Controllers\Pps.php on line 2798.
 1 APPPATH\Controllers\Pps.php(2798): CodeIgniter\Debug\Exceptions->errorHandler(2, 'Undefined array key 1', 'D:\\Project Lintang\\PROJEK\\daily_report2\\app\\Controllers\\Pps.php', 2798)
 2 SYSTEMPATH\CodeIgniter.php(933): App\Controllers\Pps->generateExcel('191')
 3 SYSTEMPATH\CodeIgniter.php(507): CodeIgniter\CodeIgniter->runController(Object(App\Controllers\Pps))
 4 SYSTEMPATH\CodeIgniter.php(354): CodeIgniter\CodeIgniter->handleRequest(null, Object(Config\Cache), false)
 5 SYSTEMPATH\Boot.php(334): CodeIgniter\CodeIgniter->run()
 6 SYSTEMPATH\Boot.php(67): CodeIgniter\Boot::runCodeIgniter(Object(CodeIgniter\CodeIgniter))
 7 FCPATH\index.php(56): CodeIgniter\Boot::bootWeb(Object(Config\Paths))
 8 SYSTEMPATH\rewrite.php(44): require_once('D:\\Project Lintang\\PROJEK\\daily_report2\\public\\index.php')
CRITICAL - 2025-05-19 02:47:11 --> ErrorException: Undefined array key 1
[Method: GET, Route: pps/generate/191]
in APPPATH\Controllers\Pps.php on line 2798.
 1 APPPATH\Controllers\Pps.php(2798): CodeIgniter\Debug\Exceptions->errorHandler(2, 'Undefined array key 1', 'D:\\Project Lintang\\PROJEK\\daily_report2\\app\\Controllers\\Pps.php', 2798)
 2 SYSTEMPATH\CodeIgniter.php(933): App\Controllers\Pps->generateExcel('191')
 3 SYSTEMPATH\CodeIgniter.php(507): CodeIgniter\CodeIgniter->runController(Object(App\Controllers\Pps))
 4 SYSTEMPATH\CodeIgniter.php(354): CodeIgniter\CodeIgniter->handleRequest(null, Object(Config\Cache), false)
 5 SYSTEMPATH\Boot.php(334): CodeIgniter\CodeIgniter->run()
 6 SYSTEMPATH\Boot.php(67): CodeIgniter\Boot::runCodeIgniter(Object(CodeIgniter\CodeIgniter))
 7 FCPATH\index.php(56): CodeIgniter\Boot::bootWeb(Object(Config\Paths))
 8 SYSTEMPATH\rewrite.php(44): require_once('D:\\Project Lintang\\PROJEK\\daily_report2\\public\\index.php')
CRITICAL - 2025-05-19 02:47:12 --> ErrorException: Undefined array key 1
[Method: GET, Route: pps/generate/191]
in APPPATH\Controllers\Pps.php on line 2798.
 1 APPPATH\Controllers\Pps.php(2798): CodeIgniter\Debug\Exceptions->errorHandler(2, 'Undefined array key 1', 'D:\\Project Lintang\\PROJEK\\daily_report2\\app\\Controllers\\Pps.php', 2798)
 2 SYSTEMPATH\CodeIgniter.php(933): App\Controllers\Pps->generateExcel('191')
 3 SYSTEMPATH\CodeIgniter.php(507): CodeIgniter\CodeIgniter->runController(Object(App\Controllers\Pps))
 4 SYSTEMPATH\CodeIgniter.php(354): CodeIgniter\CodeIgniter->handleRequest(null, Object(Config\Cache), false)
 5 SYSTEMPATH\Boot.php(334): CodeIgniter\CodeIgniter->run()
 6 SYSTEMPATH\Boot.php(67): CodeIgniter\Boot::runCodeIgniter(Object(CodeIgniter\CodeIgniter))
 7 FCPATH\index.php(56): CodeIgniter\Boot::bootWeb(Object(Config\Paths))
 8 SYSTEMPATH\rewrite.php(44): require_once('D:\\Project Lintang\\PROJEK\\daily_report2\\public\\index.php')
CRITICAL - 2025-05-19 02:47:13 --> ErrorException: Undefined array key 1
[Method: GET, Route: pps/generate/191]
in APPPATH\Controllers\Pps.php on line 2798.
 1 APPPATH\Controllers\Pps.php(2798): CodeIgniter\Debug\Exceptions->errorHandler(2, 'Undefined array key 1', 'D:\\Project Lintang\\PROJEK\\daily_report2\\app\\Controllers\\Pps.php', 2798)
 2 SYSTEMPATH\CodeIgniter.php(933): App\Controllers\Pps->generateExcel('191')
 3 SYSTEMPATH\CodeIgniter.php(507): CodeIgniter\CodeIgniter->runController(Object(App\Controllers\Pps))
 4 SYSTEMPATH\CodeIgniter.php(354): CodeIgniter\CodeIgniter->handleRequest(null, Object(Config\Cache), false)
 5 SYSTEMPATH\Boot.php(334): CodeIgniter\CodeIgniter->run()
 6 SYSTEMPATH\Boot.php(67): CodeIgniter\Boot::runCodeIgniter(Object(CodeIgniter\CodeIgniter))
 7 FCPATH\index.php(56): CodeIgniter\Boot::bootWeb(Object(Config\Paths))
 8 SYSTEMPATH\rewrite.php(44): require_once('D:\\Project Lintang\\PROJEK\\daily_report2\\public\\index.php')
CRITICAL - 2025-05-19 02:47:15 --> ErrorException: Undefined array key 1
[Method: GET, Route: pps/generate/191]
in APPPATH\Controllers\Pps.php on line 2798.
 1 APPPATH\Controllers\Pps.php(2798): CodeIgniter\Debug\Exceptions->errorHandler(2, 'Undefined array key 1', 'D:\\Project Lintang\\PROJEK\\daily_report2\\app\\Controllers\\Pps.php', 2798)
 2 SYSTEMPATH\CodeIgniter.php(933): App\Controllers\Pps->generateExcel('191')
 3 SYSTEMPATH\CodeIgniter.php(507): CodeIgniter\CodeIgniter->runController(Object(App\Controllers\Pps))
 4 SYSTEMPATH\CodeIgniter.php(354): CodeIgniter\CodeIgniter->handleRequest(null, Object(Config\Cache), false)
 5 SYSTEMPATH\Boot.php(334): CodeIgniter\CodeIgniter->run()
 6 SYSTEMPATH\Boot.php(67): CodeIgniter\Boot::runCodeIgniter(Object(CodeIgniter\CodeIgniter))
 7 FCPATH\index.php(56): CodeIgniter\Boot::bootWeb(Object(Config\Paths))
 8 SYSTEMPATH\rewrite.php(44): require_once('D:\\Project Lintang\\PROJEK\\daily_report2\\public\\index.php')
CRITICAL - 2025-05-19 02:47:32 --> ErrorException: Undefined array key 1
[Method: GET, Route: pps/generate/191]
in APPPATH\Controllers\Pps.php on line 2798.
 1 APPPATH\Controllers\Pps.php(2798): CodeIgniter\Debug\Exceptions->errorHandler(2, 'Undefined array key 1', 'D:\\Project Lintang\\PROJEK\\daily_report2\\app\\Controllers\\Pps.php', 2798)
 2 SYSTEMPATH\CodeIgniter.php(933): App\Controllers\Pps->generateExcel('191')
 3 SYSTEMPATH\CodeIgniter.php(507): CodeIgniter\CodeIgniter->runController(Object(App\Controllers\Pps))
 4 SYSTEMPATH\CodeIgniter.php(354): CodeIgniter\CodeIgniter->handleRequest(null, Object(Config\Cache), false)
 5 SYSTEMPATH\Boot.php(334): CodeIgniter\CodeIgniter->run()
 6 SYSTEMPATH\Boot.php(67): CodeIgniter\Boot::runCodeIgniter(Object(CodeIgniter\CodeIgniter))
 7 FCPATH\index.php(56): CodeIgniter\Boot::bootWeb(Object(Config\Paths))
 8 SYSTEMPATH\rewrite.php(44): require_once('D:\\Project Lintang\\PROJEK\\daily_report2\\public\\index.php')
CRITICAL - 2025-05-19 02:47:36 --> ErrorException: Undefined array key 1
[Method: GET, Route: pps/generate/191]
in APPPATH\Controllers\Pps.php on line 2798.
 1 APPPATH\Controllers\Pps.php(2798): CodeIgniter\Debug\Exceptions->errorHandler(2, 'Undefined array key 1', 'D:\\Project Lintang\\PROJEK\\daily_report2\\app\\Controllers\\Pps.php', 2798)
 2 SYSTEMPATH\CodeIgniter.php(933): App\Controllers\Pps->generateExcel('191')
 3 SYSTEMPATH\CodeIgniter.php(507): CodeIgniter\CodeIgniter->runController(Object(App\Controllers\Pps))
 4 SYSTEMPATH\CodeIgniter.php(354): CodeIgniter\CodeIgniter->handleRequest(null, Object(Config\Cache), false)
 5 SYSTEMPATH\Boot.php(334): CodeIgniter\CodeIgniter->run()
 6 SYSTEMPATH\Boot.php(67): CodeIgniter\Boot::runCodeIgniter(Object(CodeIgniter\CodeIgniter))
 7 FCPATH\index.php(56): CodeIgniter\Boot::bootWeb(Object(Config\Paths))
 8 SYSTEMPATH\rewrite.php(44): require_once('D:\\Project Lintang\\PROJEK\\daily_report2\\public\\index.php')
CRITICAL - 2025-05-19 02:47:56 --> ErrorException: Undefined array key 1
[Method: GET, Route: pps/generate/191]
in APPPATH\Controllers\Pps.php on line 2798.
 1 APPPATH\Controllers\Pps.php(2798): CodeIgniter\Debug\Exceptions->errorHandler(2, 'Undefined array key 1', 'D:\\Project Lintang\\PROJEK\\daily_report2\\app\\Controllers\\Pps.php', 2798)
 2 SYSTEMPATH\CodeIgniter.php(933): App\Controllers\Pps->generateExcel('191')
 3 SYSTEMPATH\CodeIgniter.php(507): CodeIgniter\CodeIgniter->runController(Object(App\Controllers\Pps))
 4 SYSTEMPATH\CodeIgniter.php(354): CodeIgniter\CodeIgniter->handleRequest(null, Object(Config\Cache), false)
 5 SYSTEMPATH\Boot.php(334): CodeIgniter\CodeIgniter->run()
 6 SYSTEMPATH\Boot.php(67): CodeIgniter\Boot::runCodeIgniter(Object(CodeIgniter\CodeIgniter))
 7 FCPATH\index.php(56): CodeIgniter\Boot::bootWeb(Object(Config\Paths))
 8 SYSTEMPATH\rewrite.php(44): require_once('D:\\Project Lintang\\PROJEK\\daily_report2\\public\\index.php')
CRITICAL - 2025-05-19 02:48:00 --> ErrorException: Undefined array key 1
[Method: GET, Route: pps/generate/211]
in APPPATH\Controllers\Pps.php on line 2798.
 1 APPPATH\Controllers\Pps.php(2798): CodeIgniter\Debug\Exceptions->errorHandler(2, 'Undefined array key 1', 'D:\\Project Lintang\\PROJEK\\daily_report2\\app\\Controllers\\Pps.php', 2798)
 2 SYSTEMPATH\CodeIgniter.php(933): App\Controllers\Pps->generateExcel('211')
 3 SYSTEMPATH\CodeIgniter.php(507): CodeIgniter\CodeIgniter->runController(Object(App\Controllers\Pps))
 4 SYSTEMPATH\CodeIgniter.php(354): CodeIgniter\CodeIgniter->handleRequest(null, Object(Config\Cache), false)
 5 SYSTEMPATH\Boot.php(334): CodeIgniter\CodeIgniter->run()
 6 SYSTEMPATH\Boot.php(67): CodeIgniter\Boot::runCodeIgniter(Object(CodeIgniter\CodeIgniter))
 7 FCPATH\index.php(56): CodeIgniter\Boot::bootWeb(Object(Config\Paths))
 8 SYSTEMPATH\rewrite.php(44): require_once('D:\\Project Lintang\\PROJEK\\daily_report2\\public\\index.php')
CRITICAL - 2025-05-19 02:48:28 --> ErrorException: Undefined array key 1
[Method: GET, Route: pps/generate/211]
in APPPATH\Controllers\Pps.php on line 2798.
 1 APPPATH\Controllers\Pps.php(2798): CodeIgniter\Debug\Exceptions->errorHandler(2, 'Undefined array key 1', 'D:\\Project Lintang\\PROJEK\\daily_report2\\app\\Controllers\\Pps.php', 2798)
 2 SYSTEMPATH\CodeIgniter.php(933): App\Controllers\Pps->generateExcel('211')
 3 SYSTEMPATH\CodeIgniter.php(507): CodeIgniter\CodeIgniter->runController(Object(App\Controllers\Pps))
 4 SYSTEMPATH\CodeIgniter.php(354): CodeIgniter\CodeIgniter->handleRequest(null, Object(Config\Cache), false)
 5 SYSTEMPATH\Boot.php(334): CodeIgniter\CodeIgniter->run()
 6 SYSTEMPATH\Boot.php(67): CodeIgniter\Boot::runCodeIgniter(Object(CodeIgniter\CodeIgniter))
 7 FCPATH\index.php(56): CodeIgniter\Boot::bootWeb(Object(Config\Paths))
 8 SYSTEMPATH\rewrite.php(44): require_once('D:\\Project Lintang\\PROJEK\\daily_report2\\public\\index.php')
CRITICAL - 2025-05-19 02:48:39 --> ErrorException: Undefined array key 1
[Method: GET, Route: pps/generate/211]
in APPPATH\Controllers\Pps.php on line 2799.
 1 APPPATH\Controllers\Pps.php(2799): CodeIgniter\Debug\Exceptions->errorHandler(2, 'Undefined array key 1', 'D:\\Project Lintang\\PROJEK\\daily_report2\\app\\Controllers\\Pps.php', 2799)
 2 SYSTEMPATH\CodeIgniter.php(933): App\Controllers\Pps->generateExcel('211')
 3 SYSTEMPATH\CodeIgniter.php(507): CodeIgniter\CodeIgniter->runController(Object(App\Controllers\Pps))
 4 SYSTEMPATH\CodeIgniter.php(354): CodeIgniter\CodeIgniter->handleRequest(null, Object(Config\Cache), false)
 5 SYSTEMPATH\Boot.php(334): CodeIgniter\CodeIgniter->run()
 6 SYSTEMPATH\Boot.php(67): CodeIgniter\Boot::runCodeIgniter(Object(CodeIgniter\CodeIgniter))
 7 FCPATH\index.php(56): CodeIgniter\Boot::bootWeb(Object(Config\Paths))
 8 SYSTEMPATH\rewrite.php(44): require_once('D:\\Project Lintang\\PROJEK\\daily_report2\\public\\index.php')
CRITICAL - 2025-05-19 03:37:13 --> ErrorException: Undefined array key 6
[Method: GET, Route: pps/generate/212]
in APPPATH\Controllers\Pps.php on line 2859.
 1 APPPATH\Controllers\Pps.php(2859): CodeIgniter\Debug\Exceptions->errorHandler(2, 'Undefined array key 6', 'D:\\Project Lintang\\PROJEK\\daily_report2\\app\\Controllers\\Pps.php', 2859)
 2 SYSTEMPATH\CodeIgniter.php(933): App\Controllers\Pps->generateExcel('212')
 3 SYSTEMPATH\CodeIgniter.php(507): CodeIgniter\CodeIgniter->runController(Object(App\Controllers\Pps))
 4 SYSTEMPATH\CodeIgniter.php(354): CodeIgniter\CodeIgniter->handleRequest(null, Object(Config\Cache), false)
 5 SYSTEMPATH\Boot.php(334): CodeIgniter\CodeIgniter->run()
 6 SYSTEMPATH\Boot.php(67): CodeIgniter\Boot::runCodeIgniter(Object(CodeIgniter\CodeIgniter))
 7 FCPATH\index.php(56): CodeIgniter\Boot::bootWeb(Object(Config\Paths))
 8 SYSTEMPATH\rewrite.php(44): require_once('D:\\Project Lintang\\PROJEK\\daily_report2\\public\\index.php')
CRITICAL - 2025-05-19 03:38:13 --> ErrorException: Undefined array key 6
[Method: GET, Route: pps/generate/212]
in APPPATH\Controllers\Pps.php on line 2859.
 1 APPPATH\Controllers\Pps.php(2859): CodeIgniter\Debug\Exceptions->errorHandler(2, 'Undefined array key 6', 'D:\\Project Lintang\\PROJEK\\daily_report2\\app\\Controllers\\Pps.php', 2859)
 2 SYSTEMPATH\CodeIgniter.php(933): App\Controllers\Pps->generateExcel('212')
 3 SYSTEMPATH\CodeIgniter.php(507): CodeIgniter\CodeIgniter->runController(Object(App\Controllers\Pps))
 4 SYSTEMPATH\CodeIgniter.php(354): CodeIgniter\CodeIgniter->handleRequest(null, Object(Config\Cache), false)
 5 SYSTEMPATH\Boot.php(334): CodeIgniter\CodeIgniter->run()
 6 SYSTEMPATH\Boot.php(67): CodeIgniter\Boot::runCodeIgniter(Object(CodeIgniter\CodeIgniter))
 7 FCPATH\index.php(56): CodeIgniter\Boot::bootWeb(Object(Config\Paths))
 8 SYSTEMPATH\rewrite.php(44): require_once('D:\\Project Lintang\\PROJEK\\daily_report2\\public\\index.php')
CRITICAL - 2025-05-19 03:39:25 --> ParseError: syntax error, unexpected integer "7", expecting variable or "{" or "$"
[Method: GET, Route: pps/generate/212]
in APPPATH\Controllers\Pps.php on line 2849.
 1 SYSTEMPATH\Autoloader\Autoloader.php(295): CodeIgniter\Autoloader\Autoloader->includeFile('D:\\Project Lintang\\PROJEK\\daily_report2\\app\\Controllers\\Pps.php')
 2 SYSTEMPATH\Autoloader\Autoloader.php(271): CodeIgniter\Autoloader\Autoloader->loadInNamespace('App\\Controllers\\Pps')
 3 [internal function]: CodeIgniter\Autoloader\Autoloader->loadClass('App\\Controllers\\Pps')
 4 SYSTEMPATH\CodeIgniter.php(885): class_exists('\\App\\Controllers\\Pps', true)
 5 SYSTEMPATH\CodeIgniter.php(494): CodeIgniter\CodeIgniter->startController()
 6 SYSTEMPATH\CodeIgniter.php(354): CodeIgniter\CodeIgniter->handleRequest(null, Object(Config\Cache), false)
 7 SYSTEMPATH\Boot.php(334): CodeIgniter\CodeIgniter->run()
 8 SYSTEMPATH\Boot.php(67): CodeIgniter\Boot::runCodeIgniter(Object(CodeIgniter\CodeIgniter))
 9 FCPATH\index.php(56): CodeIgniter\Boot::bootWeb(Object(Config\Paths))
10 SYSTEMPATH\rewrite.php(44): require_once('D:\\Project Lintang\\PROJEK\\daily_report2\\public\\index.php')
CRITICAL - 2025-05-19 03:39:26 --> ParseError: syntax error, unexpected integer "7", expecting variable or "{" or "$"
[Method: GET, Route: pps/generate/212]
in APPPATH\Controllers\Pps.php on line 2849.
 1 SYSTEMPATH\Autoloader\Autoloader.php(295): CodeIgniter\Autoloader\Autoloader->includeFile('D:\\Project Lintang\\PROJEK\\daily_report2\\app\\Controllers\\Pps.php')
 2 SYSTEMPATH\Autoloader\Autoloader.php(271): CodeIgniter\Autoloader\Autoloader->loadInNamespace('App\\Controllers\\Pps')
 3 [internal function]: CodeIgniter\Autoloader\Autoloader->loadClass('App\\Controllers\\Pps')
 4 SYSTEMPATH\CodeIgniter.php(885): class_exists('\\App\\Controllers\\Pps', true)
 5 SYSTEMPATH\CodeIgniter.php(494): CodeIgniter\CodeIgniter->startController()
 6 SYSTEMPATH\CodeIgniter.php(354): CodeIgniter\CodeIgniter->handleRequest(null, Object(Config\Cache), false)
 7 SYSTEMPATH\Boot.php(334): CodeIgniter\CodeIgniter->run()
 8 SYSTEMPATH\Boot.php(67): CodeIgniter\Boot::runCodeIgniter(Object(CodeIgniter\CodeIgniter))
 9 FCPATH\index.php(56): CodeIgniter\Boot::bootWeb(Object(Config\Paths))
10 SYSTEMPATH\rewrite.php(44): require_once('D:\\Project Lintang\\PROJEK\\daily_report2\\public\\index.php')
CRITICAL - 2025-05-19 03:40:04 --> ErrorException: Undefined array key 6
[Method: GET, Route: pps/generate/212]
in APPPATH\Controllers\Pps.php on line 2859.
 1 APPPATH\Controllers\Pps.php(2859): CodeIgniter\Debug\Exceptions->errorHandler(2, 'Undefined array key 6', 'D:\\Project Lintang\\PROJEK\\daily_report2\\app\\Controllers\\Pps.php', 2859)
 2 SYSTEMPATH\CodeIgniter.php(933): App\Controllers\Pps->generateExcel('212')
 3 SYSTEMPATH\CodeIgniter.php(507): CodeIgniter\CodeIgniter->runController(Object(App\Controllers\Pps))
 4 SYSTEMPATH\CodeIgniter.php(354): CodeIgniter\CodeIgniter->handleRequest(null, Object(Config\Cache), false)
 5 SYSTEMPATH\Boot.php(334): CodeIgniter\CodeIgniter->run()
 6 SYSTEMPATH\Boot.php(67): CodeIgniter\Boot::runCodeIgniter(Object(CodeIgniter\CodeIgniter))
 7 FCPATH\index.php(56): CodeIgniter\Boot::bootWeb(Object(Config\Paths))
 8 SYSTEMPATH\rewrite.php(44): require_once('D:\\Project Lintang\\PROJEK\\daily_report2\\public\\index.php')
CRITICAL - 2025-05-19 03:40:21 --> ErrorException: Undefined array key 6
[Method: GET, Route: pps/generate/212]
in APPPATH\Controllers\Pps.php on line 2859.
 1 APPPATH\Controllers\Pps.php(2859): CodeIgniter\Debug\Exceptions->errorHandler(2, 'Undefined array key 6', 'D:\\Project Lintang\\PROJEK\\daily_report2\\app\\Controllers\\Pps.php', 2859)
 2 SYSTEMPATH\CodeIgniter.php(933): App\Controllers\Pps->generateExcel('212')
 3 SYSTEMPATH\CodeIgniter.php(507): CodeIgniter\CodeIgniter->runController(Object(App\Controllers\Pps))
 4 SYSTEMPATH\CodeIgniter.php(354): CodeIgniter\CodeIgniter->handleRequest(null, Object(Config\Cache), false)
 5 SYSTEMPATH\Boot.php(334): CodeIgniter\CodeIgniter->run()
 6 SYSTEMPATH\Boot.php(67): CodeIgniter\Boot::runCodeIgniter(Object(CodeIgniter\CodeIgniter))
 7 FCPATH\index.php(56): CodeIgniter\Boot::bootWeb(Object(Config\Paths))
 8 SYSTEMPATH\rewrite.php(44): require_once('D:\\Project Lintang\\PROJEK\\daily_report2\\public\\index.php')
CRITICAL - 2025-05-19 03:48:10 --> ErrorException: Undefined array key 6
[Method: GET, Route: pps/generate/212]
in APPPATH\Controllers\Pps.php on line 2859.
 1 APPPATH\Controllers\Pps.php(2859): CodeIgniter\Debug\Exceptions->errorHandler(2, 'Undefined array key 6', 'D:\\Project Lintang\\PROJEK\\daily_report2\\app\\Controllers\\Pps.php', 2859)
 2 SYSTEMPATH\CodeIgniter.php(933): App\Controllers\Pps->generateExcel('212')
 3 SYSTEMPATH\CodeIgniter.php(507): CodeIgniter\CodeIgniter->runController(Object(App\Controllers\Pps))
 4 SYSTEMPATH\CodeIgniter.php(354): CodeIgniter\CodeIgniter->handleRequest(null, Object(Config\Cache), false)
 5 SYSTEMPATH\Boot.php(334): CodeIgniter\CodeIgniter->run()
 6 SYSTEMPATH\Boot.php(67): CodeIgniter\Boot::runCodeIgniter(Object(CodeIgniter\CodeIgniter))
 7 FCPATH\index.php(56): CodeIgniter\Boot::bootWeb(Object(Config\Paths))
 8 SYSTEMPATH\rewrite.php(44): require_once('D:\\Project Lintang\\PROJEK\\daily_report2\\public\\index.php')
CRITICAL - 2025-05-19 03:51:28 --> ErrorException: Undefined array key 6
[Method: GET, Route: pps/generate/212]
in APPPATH\Controllers\Pps.php on line 2861.
 1 APPPATH\Controllers\Pps.php(2861): CodeIgniter\Debug\Exceptions->errorHandler(2, 'Undefined array key 6', 'D:\\Project Lintang\\PROJEK\\daily_report2\\app\\Controllers\\Pps.php', 2861)
 2 SYSTEMPATH\CodeIgniter.php(933): App\Controllers\Pps->generateExcel('212')
 3 SYSTEMPATH\CodeIgniter.php(507): CodeIgniter\CodeIgniter->runController(Object(App\Controllers\Pps))
 4 SYSTEMPATH\CodeIgniter.php(354): CodeIgniter\CodeIgniter->handleRequest(null, Object(Config\Cache), false)
 5 SYSTEMPATH\Boot.php(334): CodeIgniter\CodeIgniter->run()
 6 SYSTEMPATH\Boot.php(67): CodeIgniter\Boot::runCodeIgniter(Object(CodeIgniter\CodeIgniter))
 7 FCPATH\index.php(56): CodeIgniter\Boot::bootWeb(Object(Config\Paths))
 8 SYSTEMPATH\rewrite.php(44): require_once('D:\\Project Lintang\\PROJEK\\daily_report2\\public\\index.php')
CRITICAL - 2025-05-19 03:51:30 --> ErrorException: Undefined array key 6
[Method: GET, Route: pps/generate/212]
in APPPATH\Controllers\Pps.php on line 2861.
 1 APPPATH\Controllers\Pps.php(2861): CodeIgniter\Debug\Exceptions->errorHandler(2, 'Undefined array key 6', 'D:\\Project Lintang\\PROJEK\\daily_report2\\app\\Controllers\\Pps.php', 2861)
 2 SYSTEMPATH\CodeIgniter.php(933): App\Controllers\Pps->generateExcel('212')
 3 SYSTEMPATH\CodeIgniter.php(507): CodeIgniter\CodeIgniter->runController(Object(App\Controllers\Pps))
 4 SYSTEMPATH\CodeIgniter.php(354): CodeIgniter\CodeIgniter->handleRequest(null, Object(Config\Cache), false)
 5 SYSTEMPATH\Boot.php(334): CodeIgniter\CodeIgniter->run()
 6 SYSTEMPATH\Boot.php(67): CodeIgniter\Boot::runCodeIgniter(Object(CodeIgniter\CodeIgniter))
 7 FCPATH\index.php(56): CodeIgniter\Boot::bootWeb(Object(Config\Paths))
 8 SYSTEMPATH\rewrite.php(44): require_once('D:\\Project Lintang\\PROJEK\\daily_report2\\public\\index.php')
CRITICAL - 2025-05-19 03:53:11 --> ErrorException: Undefined array key 6
[Method: GET, Route: pps/generate/212]
in APPPATH\Controllers\Pps.php on line 2861.
 1 APPPATH\Controllers\Pps.php(2861): CodeIgniter\Debug\Exceptions->errorHandler(2, 'Undefined array key 6', 'D:\\Project Lintang\\PROJEK\\daily_report2\\app\\Controllers\\Pps.php', 2861)
 2 SYSTEMPATH\CodeIgniter.php(933): App\Controllers\Pps->generateExcel('212')
 3 SYSTEMPATH\CodeIgniter.php(507): CodeIgniter\CodeIgniter->runController(Object(App\Controllers\Pps))
 4 SYSTEMPATH\CodeIgniter.php(354): CodeIgniter\CodeIgniter->handleRequest(null, Object(Config\Cache), false)
 5 SYSTEMPATH\Boot.php(334): CodeIgniter\CodeIgniter->run()
 6 SYSTEMPATH\Boot.php(67): CodeIgniter\Boot::runCodeIgniter(Object(CodeIgniter\CodeIgniter))
 7 FCPATH\index.php(56): CodeIgniter\Boot::bootWeb(Object(Config\Paths))
 8 SYSTEMPATH\rewrite.php(44): require_once('D:\\Project Lintang\\PROJEK\\daily_report2\\public\\index.php')
CRITICAL - 2025-05-19 03:53:13 --> ErrorException: Undefined array key 6
[Method: GET, Route: pps/generate/212]
in APPPATH\Controllers\Pps.php on line 2861.
 1 APPPATH\Controllers\Pps.php(2861): CodeIgniter\Debug\Exceptions->errorHandler(2, 'Undefined array key 6', 'D:\\Project Lintang\\PROJEK\\daily_report2\\app\\Controllers\\Pps.php', 2861)
 2 SYSTEMPATH\CodeIgniter.php(933): App\Controllers\Pps->generateExcel('212')
 3 SYSTEMPATH\CodeIgniter.php(507): CodeIgniter\CodeIgniter->runController(Object(App\Controllers\Pps))
 4 SYSTEMPATH\CodeIgniter.php(354): CodeIgniter\CodeIgniter->handleRequest(null, Object(Config\Cache), false)
 5 SYSTEMPATH\Boot.php(334): CodeIgniter\CodeIgniter->run()
 6 SYSTEMPATH\Boot.php(67): CodeIgniter\Boot::runCodeIgniter(Object(CodeIgniter\CodeIgniter))
 7 FCPATH\index.php(56): CodeIgniter\Boot::bootWeb(Object(Config\Paths))
 8 SYSTEMPATH\rewrite.php(44): require_once('D:\\Project Lintang\\PROJEK\\daily_report2\\public\\index.php')
CRITICAL - 2025-05-19 03:53:18 --> ErrorException: Undefined array key 6
[Method: GET, Route: pps/generate/212]
in APPPATH\Controllers\Pps.php on line 2861.
 1 APPPATH\Controllers\Pps.php(2861): CodeIgniter\Debug\Exceptions->errorHandler(2, 'Undefined array key 6', 'D:\\Project Lintang\\PROJEK\\daily_report2\\app\\Controllers\\Pps.php', 2861)
 2 SYSTEMPATH\CodeIgniter.php(933): App\Controllers\Pps->generateExcel('212')
 3 SYSTEMPATH\CodeIgniter.php(507): CodeIgniter\CodeIgniter->runController(Object(App\Controllers\Pps))
 4 SYSTEMPATH\CodeIgniter.php(354): CodeIgniter\CodeIgniter->handleRequest(null, Object(Config\Cache), false)
 5 SYSTEMPATH\Boot.php(334): CodeIgniter\CodeIgniter->run()
 6 SYSTEMPATH\Boot.php(67): CodeIgniter\Boot::runCodeIgniter(Object(CodeIgniter\CodeIgniter))
 7 FCPATH\index.php(56): CodeIgniter\Boot::bootWeb(Object(Config\Paths))
 8 SYSTEMPATH\rewrite.php(44): require_once('D:\\Project Lintang\\PROJEK\\daily_report2\\public\\index.php')
CRITICAL - 2025-05-19 03:55:05 --> ErrorException: Undefined array key 6
[Method: GET, Route: pps/generate/212]
in APPPATH\Controllers\Pps.php on line 3197.
 1 APPPATH\Controllers\Pps.php(3197): CodeIgniter\Debug\Exceptions->errorHandler(2, 'Undefined array key 6', 'D:\\Project Lintang\\PROJEK\\daily_report2\\app\\Controllers\\Pps.php', 3197)
 2 SYSTEMPATH\CodeIgniter.php(933): App\Controllers\Pps->generateExcel('212')
 3 SYSTEMPATH\CodeIgniter.php(507): CodeIgniter\CodeIgniter->runController(Object(App\Controllers\Pps))
 4 SYSTEMPATH\CodeIgniter.php(354): CodeIgniter\CodeIgniter->handleRequest(null, Object(Config\Cache), false)
 5 SYSTEMPATH\Boot.php(334): CodeIgniter\CodeIgniter->run()
 6 SYSTEMPATH\Boot.php(67): CodeIgniter\Boot::runCodeIgniter(Object(CodeIgniter\CodeIgniter))
 7 FCPATH\index.php(56): CodeIgniter\Boot::bootWeb(Object(Config\Paths))
 8 SYSTEMPATH\rewrite.php(44): require_once('D:\\Project Lintang\\PROJEK\\daily_report2\\public\\index.php')
CRITICAL - 2025-05-19 03:55:07 --> ErrorException: Undefined array key 6
[Method: GET, Route: pps/generate/212]
in APPPATH\Controllers\Pps.php on line 3197.
 1 APPPATH\Controllers\Pps.php(3197): CodeIgniter\Debug\Exceptions->errorHandler(2, 'Undefined array key 6', 'D:\\Project Lintang\\PROJEK\\daily_report2\\app\\Controllers\\Pps.php', 3197)
 2 SYSTEMPATH\CodeIgniter.php(933): App\Controllers\Pps->generateExcel('212')
 3 SYSTEMPATH\CodeIgniter.php(507): CodeIgniter\CodeIgniter->runController(Object(App\Controllers\Pps))
 4 SYSTEMPATH\CodeIgniter.php(354): CodeIgniter\CodeIgniter->handleRequest(null, Object(Config\Cache), false)
 5 SYSTEMPATH\Boot.php(334): CodeIgniter\CodeIgniter->run()
 6 SYSTEMPATH\Boot.php(67): CodeIgniter\Boot::runCodeIgniter(Object(CodeIgniter\CodeIgniter))
 7 FCPATH\index.php(56): CodeIgniter\Boot::bootWeb(Object(Config\Paths))
 8 SYSTEMPATH\rewrite.php(44): require_once('D:\\Project Lintang\\PROJEK\\daily_report2\\public\\index.php')
CRITICAL - 2025-05-19 03:56:14 --> ErrorException: Undefined array key 6
[Method: GET, Route: pps/generate/212]
in APPPATH\Controllers\Pps.php on line 3197.
 1 APPPATH\Controllers\Pps.php(3197): CodeIgniter\Debug\Exceptions->errorHandler(2, 'Undefined array key 6', 'D:\\Project Lintang\\PROJEK\\daily_report2\\app\\Controllers\\Pps.php', 3197)
 2 SYSTEMPATH\CodeIgniter.php(933): App\Controllers\Pps->generateExcel('212')
 3 SYSTEMPATH\CodeIgniter.php(507): CodeIgniter\CodeIgniter->runController(Object(App\Controllers\Pps))
 4 SYSTEMPATH\CodeIgniter.php(354): CodeIgniter\CodeIgniter->handleRequest(null, Object(Config\Cache), false)
 5 SYSTEMPATH\Boot.php(334): CodeIgniter\CodeIgniter->run()
 6 SYSTEMPATH\Boot.php(67): CodeIgniter\Boot::runCodeIgniter(Object(CodeIgniter\CodeIgniter))
 7 FCPATH\index.php(56): CodeIgniter\Boot::bootWeb(Object(Config\Paths))
 8 SYSTEMPATH\rewrite.php(44): require_once('D:\\Project Lintang\\PROJEK\\daily_report2\\public\\index.php')
CRITICAL - 2025-05-19 03:56:16 --> ErrorException: Undefined array key 6
[Method: GET, Route: pps/generate/212]
in APPPATH\Controllers\Pps.php on line 3197.
 1 APPPATH\Controllers\Pps.php(3197): CodeIgniter\Debug\Exceptions->errorHandler(2, 'Undefined array key 6', 'D:\\Project Lintang\\PROJEK\\daily_report2\\app\\Controllers\\Pps.php', 3197)
 2 SYSTEMPATH\CodeIgniter.php(933): App\Controllers\Pps->generateExcel('212')
 3 SYSTEMPATH\CodeIgniter.php(507): CodeIgniter\CodeIgniter->runController(Object(App\Controllers\Pps))
 4 SYSTEMPATH\CodeIgniter.php(354): CodeIgniter\CodeIgniter->handleRequest(null, Object(Config\Cache), false)
 5 SYSTEMPATH\Boot.php(334): CodeIgniter\CodeIgniter->run()
 6 SYSTEMPATH\Boot.php(67): CodeIgniter\Boot::runCodeIgniter(Object(CodeIgniter\CodeIgniter))
 7 FCPATH\index.php(56): CodeIgniter\Boot::bootWeb(Object(Config\Paths))
 8 SYSTEMPATH\rewrite.php(44): require_once('D:\\Project Lintang\\PROJEK\\daily_report2\\public\\index.php')
CRITICAL - 2025-05-19 03:56:53 --> ErrorException: Undefined array key 6
[Method: GET, Route: pps/generate/212]
in APPPATH\Controllers\Pps.php on line 3197.
 1 APPPATH\Controllers\Pps.php(3197): CodeIgniter\Debug\Exceptions->errorHandler(2, 'Undefined array key 6', 'D:\\Project Lintang\\PROJEK\\daily_report2\\app\\Controllers\\Pps.php', 3197)
 2 SYSTEMPATH\CodeIgniter.php(933): App\Controllers\Pps->generateExcel('212')
 3 SYSTEMPATH\CodeIgniter.php(507): CodeIgniter\CodeIgniter->runController(Object(App\Controllers\Pps))
 4 SYSTEMPATH\CodeIgniter.php(354): CodeIgniter\CodeIgniter->handleRequest(null, Object(Config\Cache), false)
 5 SYSTEMPATH\Boot.php(334): CodeIgniter\CodeIgniter->run()
 6 SYSTEMPATH\Boot.php(67): CodeIgniter\Boot::runCodeIgniter(Object(CodeIgniter\CodeIgniter))
 7 FCPATH\index.php(56): CodeIgniter\Boot::bootWeb(Object(Config\Paths))
 8 SYSTEMPATH\rewrite.php(44): require_once('D:\\Project Lintang\\PROJEK\\daily_report2\\public\\index.php')
CRITICAL - 2025-05-19 03:57:05 --> ErrorException: Undefined array key 6
[Method: GET, Route: pps/generate/212]
in APPPATH\Controllers\Pps.php on line 3197.
 1 APPPATH\Controllers\Pps.php(3197): CodeIgniter\Debug\Exceptions->errorHandler(2, 'Undefined array key 6', 'D:\\Project Lintang\\PROJEK\\daily_report2\\app\\Controllers\\Pps.php', 3197)
 2 SYSTEMPATH\CodeIgniter.php(933): App\Controllers\Pps->generateExcel('212')
 3 SYSTEMPATH\CodeIgniter.php(507): CodeIgniter\CodeIgniter->runController(Object(App\Controllers\Pps))
 4 SYSTEMPATH\CodeIgniter.php(354): CodeIgniter\CodeIgniter->handleRequest(null, Object(Config\Cache), false)
 5 SYSTEMPATH\Boot.php(334): CodeIgniter\CodeIgniter->run()
 6 SYSTEMPATH\Boot.php(67): CodeIgniter\Boot::runCodeIgniter(Object(CodeIgniter\CodeIgniter))
 7 FCPATH\index.php(56): CodeIgniter\Boot::bootWeb(Object(Config\Paths))
 8 SYSTEMPATH\rewrite.php(44): require_once('D:\\Project Lintang\\PROJEK\\daily_report2\\public\\index.php')
CRITICAL - 2025-05-19 03:57:39 --> ErrorException: Undefined array key 6
[Method: GET, Route: pps/generate/212]
in APPPATH\Controllers\Pps.php on line 3197.
 1 APPPATH\Controllers\Pps.php(3197): CodeIgniter\Debug\Exceptions->errorHandler(2, 'Undefined array key 6', 'D:\\Project Lintang\\PROJEK\\daily_report2\\app\\Controllers\\Pps.php', 3197)
 2 SYSTEMPATH\CodeIgniter.php(933): App\Controllers\Pps->generateExcel('212')
 3 SYSTEMPATH\CodeIgniter.php(507): CodeIgniter\CodeIgniter->runController(Object(App\Controllers\Pps))
 4 SYSTEMPATH\CodeIgniter.php(354): CodeIgniter\CodeIgniter->handleRequest(null, Object(Config\Cache), false)
 5 SYSTEMPATH\Boot.php(334): CodeIgniter\CodeIgniter->run()
 6 SYSTEMPATH\Boot.php(67): CodeIgniter\Boot::runCodeIgniter(Object(CodeIgniter\CodeIgniter))
 7 FCPATH\index.php(56): CodeIgniter\Boot::bootWeb(Object(Config\Paths))
 8 SYSTEMPATH\rewrite.php(44): require_once('D:\\Project Lintang\\PROJEK\\daily_report2\\public\\index.php')
CRITICAL - 2025-05-19 04:31:54 --> ErrorException: Undefined array key 6
[Method: GET, Route: pps/generate/212]
in APPPATH\Controllers\Pps.php on line 3222.
 1 APPPATH\Controllers\Pps.php(3222): CodeIgniter\Debug\Exceptions->errorHandler(2, 'Undefined array key 6', 'D:\\Project Lintang\\PROJEK\\daily_report2\\app\\Controllers\\Pps.php', 3222)
 2 SYSTEMPATH\CodeIgniter.php(933): App\Controllers\Pps->generateExcel('212')
 3 SYSTEMPATH\CodeIgniter.php(507): CodeIgniter\CodeIgniter->runController(Object(App\Controllers\Pps))
 4 SYSTEMPATH\CodeIgniter.php(354): CodeIgniter\CodeIgniter->handleRequest(null, Object(Config\Cache), false)
 5 SYSTEMPATH\Boot.php(334): CodeIgniter\CodeIgniter->run()
 6 SYSTEMPATH\Boot.php(67): CodeIgniter\Boot::runCodeIgniter(Object(CodeIgniter\CodeIgniter))
 7 FCPATH\index.php(56): CodeIgniter\Boot::bootWeb(Object(Config\Paths))
 8 SYSTEMPATH\rewrite.php(44): require_once('D:\\Project Lintang\\PROJEK\\daily_report2\\public\\index.php')
CRITICAL - 2025-05-19 04:33:38 --> PhpOffice\PhpSpreadsheet\Exception: Invalid cell coordinate X
[Method: GET, Route: pps/generate/212]
in VENDORPATH\phpoffice\phpspreadsheet\src\PhpSpreadsheet\Cell\Coordinate.php on line 44.
 1 VENDORPATH\phpoffice\phpspreadsheet\src\PhpSpreadsheet\Cell\Coordinate.php(56): PhpOffice\PhpSpreadsheet\Cell\Coordinate::coordinateFromString('X')
 2 VENDORPATH\phpoffice\phpspreadsheet\src\PhpSpreadsheet\Worksheet\Worksheet.php(1267): PhpOffice\PhpSpreadsheet\Cell\Coordinate::indexesFromString('X')
 3 VENDORPATH\phpoffice\phpspreadsheet\src\PhpSpreadsheet\Worksheet\Worksheet.php(1181): PhpOffice\PhpSpreadsheet\Worksheet\Worksheet->createNewCell('X')
 4 VENDORPATH\phpoffice\phpspreadsheet\src\PhpSpreadsheet\Worksheet\Worksheet.php(1122): PhpOffice\PhpSpreadsheet\Worksheet\Worksheet->getCell('X')
 5 APPPATH\Controllers\Pps.php(3198): PhpOffice\PhpSpreadsheet\Worksheet\Worksheet->setCellValue('X', '60')
 6 SYSTEMPATH\CodeIgniter.php(933): App\Controllers\Pps->generateExcel('212')
 7 SYSTEMPATH\CodeIgniter.php(507): CodeIgniter\CodeIgniter->runController(Object(App\Controllers\Pps))
 8 SYSTEMPATH\CodeIgniter.php(354): CodeIgniter\CodeIgniter->handleRequest(null, Object(Config\Cache), false)
 9 SYSTEMPATH\Boot.php(334): CodeIgniter\CodeIgniter->run()
10 SYSTEMPATH\Boot.php(67): CodeIgniter\Boot::runCodeIgniter(Object(CodeIgniter\CodeIgniter))
11 FCPATH\index.php(56): CodeIgniter\Boot::bootWeb(Object(Config\Paths))
12 SYSTEMPATH\rewrite.php(44): require_once('D:\\Project Lintang\\PROJEK\\daily_report2\\public\\index.php')
CRITICAL - 2025-05-19 04:42:05 --> ErrorException: Undefined array key 6
[Method: GET, Route: pps/generate/212]
in APPPATH\Controllers\Pps.php on line 3263.
 1 APPPATH\Controllers\Pps.php(3263): CodeIgniter\Debug\Exceptions->errorHandler(2, 'Undefined array key 6', 'D:\\Project Lintang\\PROJEK\\daily_report2\\app\\Controllers\\Pps.php', 3263)
 2 SYSTEMPATH\CodeIgniter.php(933): App\Controllers\Pps->generateExcel('212')
 3 SYSTEMPATH\CodeIgniter.php(507): CodeIgniter\CodeIgniter->runController(Object(App\Controllers\Pps))
 4 SYSTEMPATH\CodeIgniter.php(354): CodeIgniter\CodeIgniter->handleRequest(null, Object(Config\Cache), false)
 5 SYSTEMPATH\Boot.php(334): CodeIgniter\CodeIgniter->run()
 6 SYSTEMPATH\Boot.php(67): CodeIgniter\Boot::runCodeIgniter(Object(CodeIgniter\CodeIgniter))
 7 FCPATH\index.php(56): CodeIgniter\Boot::bootWeb(Object(Config\Paths))
 8 SYSTEMPATH\rewrite.php(44): require_once('D:\\Project Lintang\\PROJEK\\daily_report2\\public\\index.php')
CRITICAL - 2025-05-19 06:26:04 --> ErrorException: Undefined array key "panjangProses"
[Method: GET, Route: pps/edit/191]
in APPPATH\Views\pps\edit.php on line 532.
 1 APPPATH\Views\pps\edit.php(532): CodeIgniter\Debug\Exceptions->errorHandler(2, 'Undefined array key "panjangProses"', 'D:\\Project Lintang\\PROJEK\\daily_report2\\app\\Views\\pps\\edit.php', 532)
 2 SYSTEMPATH\View\View.php(224): include('D:\\Project Lintang\\PROJEK\\daily_report2\\app\\Views\\pps\\edit.php')
 3 SYSTEMPATH\View\View.php(227): CodeIgniter\View\View->CodeIgniter\View\{closure}()
 4 SYSTEMPATH\Common.php(1173): CodeIgniter\View\View->render('pps/edit', [], true)
 5 APPPATH\Controllers\Pps.php(1534): view('pps/edit', [...])
 6 SYSTEMPATH\CodeIgniter.php(933): App\Controllers\Pps->edit('191')
 7 SYSTEMPATH\CodeIgniter.php(507): CodeIgniter\CodeIgniter->runController(Object(App\Controllers\Pps))
 8 SYSTEMPATH\CodeIgniter.php(354): CodeIgniter\CodeIgniter->handleRequest(null, Object(Config\Cache), false)
 9 SYSTEMPATH\Boot.php(334): CodeIgniter\CodeIgniter->run()
10 SYSTEMPATH\Boot.php(67): CodeIgniter\Boot::runCodeIgniter(Object(CodeIgniter\CodeIgniter))
11 FCPATH\index.php(56): CodeIgniter\Boot::bootWeb(Object(Config\Paths))
12 SYSTEMPATH\rewrite.php(44): require_once('D:\\Project Lintang\\PROJEK\\daily_report2\\public\\index.php')
CRITICAL - 2025-05-19 06:27:20 --> ErrorException: Undefined array key "diameter"
[Method: GET, Route: pps/edit/191]
in APPPATH\Views\pps\edit.php on line 543.
 1 APPPATH\Views\pps\edit.php(543): CodeIgniter\Debug\Exceptions->errorHandler(2, 'Undefined array key "diameter"', 'D:\\Project Lintang\\PROJEK\\daily_report2\\app\\Views\\pps\\edit.php', 543)
 2 SYSTEMPATH\View\View.php(224): include('D:\\Project Lintang\\PROJEK\\daily_report2\\app\\Views\\pps\\edit.php')
 3 SYSTEMPATH\View\View.php(227): CodeIgniter\View\View->CodeIgniter\View\{closure}()
 4 SYSTEMPATH\Common.php(1173): CodeIgniter\View\View->render('pps/edit', [], true)
 5 APPPATH\Controllers\Pps.php(1534): view('pps/edit', [...])
 6 SYSTEMPATH\CodeIgniter.php(933): App\Controllers\Pps->edit('191')
 7 SYSTEMPATH\CodeIgniter.php(507): CodeIgniter\CodeIgniter->runController(Object(App\Controllers\Pps))
 8 SYSTEMPATH\CodeIgniter.php(354): CodeIgniter\CodeIgniter->handleRequest(null, Object(Config\Cache), false)
 9 SYSTEMPATH\Boot.php(334): CodeIgniter\CodeIgniter->run()
10 SYSTEMPATH\Boot.php(67): CodeIgniter\Boot::runCodeIgniter(Object(CodeIgniter\CodeIgniter))
11 FCPATH\index.php(56): CodeIgniter\Boot::bootWeb(Object(Config\Paths))
12 SYSTEMPATH\rewrite.php(44): require_once('D:\\Project Lintang\\PROJEK\\daily_report2\\public\\index.php')
CRITICAL - 2025-05-19 06:27:21 --> ErrorException: Undefined array key "diameter"
[Method: GET, Route: pps/edit/191]
in APPPATH\Views\pps\edit.php on line 543.
 1 APPPATH\Views\pps\edit.php(543): CodeIgniter\Debug\Exceptions->errorHandler(2, 'Undefined array key "diameter"', 'D:\\Project Lintang\\PROJEK\\daily_report2\\app\\Views\\pps\\edit.php', 543)
 2 SYSTEMPATH\View\View.php(224): include('D:\\Project Lintang\\PROJEK\\daily_report2\\app\\Views\\pps\\edit.php')
 3 SYSTEMPATH\View\View.php(227): CodeIgniter\View\View->CodeIgniter\View\{closure}()
 4 SYSTEMPATH\Common.php(1173): CodeIgniter\View\View->render('pps/edit', [], true)
 5 APPPATH\Controllers\Pps.php(1534): view('pps/edit', [...])
 6 SYSTEMPATH\CodeIgniter.php(933): App\Controllers\Pps->edit('191')
 7 SYSTEMPATH\CodeIgniter.php(507): CodeIgniter\CodeIgniter->runController(Object(App\Controllers\Pps))
 8 SYSTEMPATH\CodeIgniter.php(354): CodeIgniter\CodeIgniter->handleRequest(null, Object(Config\Cache), false)
 9 SYSTEMPATH\Boot.php(334): CodeIgniter\CodeIgniter->run()
10 SYSTEMPATH\Boot.php(67): CodeIgniter\Boot::runCodeIgniter(Object(CodeIgniter\CodeIgniter))
11 FCPATH\index.php(56): CodeIgniter\Boot::bootWeb(Object(Config\Paths))
12 SYSTEMPATH\rewrite.php(44): require_once('D:\\Project Lintang\\PROJEK\\daily_report2\\public\\index.php')
