CRITICAL - 2025-04-12 04:02:13 --> ErrorException: Undefined array key "process1"
[Method: GET, Route: pps/edit/64]
in APPPATH\Views\pps\edit.php on line 345.
 1 APPPATH\Views\pps\edit.php(345): CodeIgniter\Debug\Exceptions->errorHandler(2, 'Undefined array key "process1"', 'D:\\Project Lintang\\PROJEK\\daily_report2\\app\\Views\\pps\\edit.php', 345)
 2 SYSTEMPATH\View\View.php(224): include('D:\\Project Lintang\\PROJEK\\daily_report2\\app\\Views\\pps\\edit.php')
 3 SYSTEMPATH\View\View.php(227): CodeIgniter\View\View->CodeIgniter\View\{closure}()
 4 SYSTEMPATH\Common.php(1173): CodeIgniter\View\View->render('pps/edit', [], true)
 5 APPPATH\Controllers\Pps.php(1337): view('pps/edit', [...])
 6 SYSTEMPATH\CodeIgniter.php(933): App\Controllers\Pps->edit('64')
 7 SYSTEMPATH\CodeIgniter.php(507): CodeIgniter\CodeIgniter->runController(Object(App\Controllers\Pps))
 8 SYSTEMPATH\CodeIgniter.php(354): CodeIgniter\CodeIgniter->handleRequest(null, Object(Config\Cache), false)
 9 SYSTEMPATH\Boot.php(334): CodeIgniter\CodeIgniter->run()
10 SYSTEMPATH\Boot.php(67): CodeIgniter\Boot::runCodeIgniter(Object(CodeIgniter\CodeIgniter))
11 FCPATH\index.php(56): CodeIgniter\Boot::bootWeb(Object(Config\Paths))
12 SYSTEMPATH\rewrite.php(44): require_once('D:\\Project Lintang\\PROJEK\\daily_report2\\public\\index.php')
CRITICAL - 2025-04-12 04:03:18 --> ErrorException: Undefined array key "process_join1"
[Method: GET, Route: pps/edit/64]
in APPPATH\Views\pps\edit.php on line 374.
 1 APPPATH\Views\pps\edit.php(374): CodeIgniter\Debug\Exceptions->errorHandler(2, 'Undefined array key "process_join1"', 'D:\\Project Lintang\\PROJEK\\daily_report2\\app\\Views\\pps\\edit.php', 374)
 2 SYSTEMPATH\View\View.php(224): include('D:\\Project Lintang\\PROJEK\\daily_report2\\app\\Views\\pps\\edit.php')
 3 SYSTEMPATH\View\View.php(227): CodeIgniter\View\View->CodeIgniter\View\{closure}()
 4 SYSTEMPATH\Common.php(1173): CodeIgniter\View\View->render('pps/edit', [], true)
 5 APPPATH\Controllers\Pps.php(1337): view('pps/edit', [...])
 6 SYSTEMPATH\CodeIgniter.php(933): App\Controllers\Pps->edit('64')
 7 SYSTEMPATH\CodeIgniter.php(507): CodeIgniter\CodeIgniter->runController(Object(App\Controllers\Pps))
 8 SYSTEMPATH\CodeIgniter.php(354): CodeIgniter\CodeIgniter->handleRequest(null, Object(Config\Cache), false)
 9 SYSTEMPATH\Boot.php(334): CodeIgniter\CodeIgniter->run()
10 SYSTEMPATH\Boot.php(67): CodeIgniter\Boot::runCodeIgniter(Object(CodeIgniter\CodeIgniter))
11 FCPATH\index.php(56): CodeIgniter\Boot::bootWeb(Object(Config\Paths))
12 SYSTEMPATH\rewrite.php(44): require_once('D:\\Project Lintang\\PROJEK\\daily_report2\\public\\index.php')
CRITICAL - 2025-04-12 04:08:45 --> ErrorException: Undefined array key "process_join1"
[Method: GET, Route: pps/edit/64]
in APPPATH\Views\pps\edit.php on line 376.
 1 APPPATH\Views\pps\edit.php(376): CodeIgniter\Debug\Exceptions->errorHandler(2, 'Undefined array key "process_join1"', 'D:\\Project Lintang\\PROJEK\\daily_report2\\app\\Views\\pps\\edit.php', 376)
 2 SYSTEMPATH\View\View.php(224): include('D:\\Project Lintang\\PROJEK\\daily_report2\\app\\Views\\pps\\edit.php')
 3 SYSTEMPATH\View\View.php(227): CodeIgniter\View\View->CodeIgniter\View\{closure}()
 4 SYSTEMPATH\Common.php(1173): CodeIgniter\View\View->render('pps/edit', [], true)
 5 APPPATH\Controllers\Pps.php(1337): view('pps/edit', [...])
 6 SYSTEMPATH\CodeIgniter.php(933): App\Controllers\Pps->edit('64')
 7 SYSTEMPATH\CodeIgniter.php(507): CodeIgniter\CodeIgniter->runController(Object(App\Controllers\Pps))
 8 SYSTEMPATH\CodeIgniter.php(354): CodeIgniter\CodeIgniter->handleRequest(null, Object(Config\Cache), false)
 9 SYSTEMPATH\Boot.php(334): CodeIgniter\CodeIgniter->run()
10 SYSTEMPATH\Boot.php(67): CodeIgniter\Boot::runCodeIgniter(Object(CodeIgniter\CodeIgniter))
11 FCPATH\index.php(56): CodeIgniter\Boot::bootWeb(Object(Config\Paths))
12 SYSTEMPATH\rewrite.php(44): require_once('D:\\Project Lintang\\PROJEK\\daily_report2\\public\\index.php')
CRITICAL - 2025-04-12 04:08:47 --> ErrorException: Undefined array key "process_join1"
[Method: GET, Route: pps/edit/64]
in APPPATH\Views\pps\edit.php on line 376.
 1 APPPATH\Views\pps\edit.php(376): CodeIgniter\Debug\Exceptions->errorHandler(2, 'Undefined array key "process_join1"', 'D:\\Project Lintang\\PROJEK\\daily_report2\\app\\Views\\pps\\edit.php', 376)
 2 SYSTEMPATH\View\View.php(224): include('D:\\Project Lintang\\PROJEK\\daily_report2\\app\\Views\\pps\\edit.php')
 3 SYSTEMPATH\View\View.php(227): CodeIgniter\View\View->CodeIgniter\View\{closure}()
 4 SYSTEMPATH\Common.php(1173): CodeIgniter\View\View->render('pps/edit', [], true)
 5 APPPATH\Controllers\Pps.php(1337): view('pps/edit', [...])
 6 SYSTEMPATH\CodeIgniter.php(933): App\Controllers\Pps->edit('64')
 7 SYSTEMPATH\CodeIgniter.php(507): CodeIgniter\CodeIgniter->runController(Object(App\Controllers\Pps))
 8 SYSTEMPATH\CodeIgniter.php(354): CodeIgniter\CodeIgniter->handleRequest(null, Object(Config\Cache), false)
 9 SYSTEMPATH\Boot.php(334): CodeIgniter\CodeIgniter->run()
10 SYSTEMPATH\Boot.php(67): CodeIgniter\Boot::runCodeIgniter(Object(CodeIgniter\CodeIgniter))
11 FCPATH\index.php(56): CodeIgniter\Boot::bootWeb(Object(Config\Paths))
12 SYSTEMPATH\rewrite.php(44): require_once('D:\\Project Lintang\\PROJEK\\daily_report2\\public\\index.php')
CRITICAL - 2025-04-12 04:11:05 --> ErrorException: Undefined array key "process_join1"
[Method: GET, Route: pps/edit/64]
in APPPATH\Views\pps\edit.php on line 377.
 1 APPPATH\Views\pps\edit.php(377): CodeIgniter\Debug\Exceptions->errorHandler(2, 'Undefined array key "process_join1"', 'D:\\Project Lintang\\PROJEK\\daily_report2\\app\\Views\\pps\\edit.php', 377)
 2 SYSTEMPATH\View\View.php(224): include('D:\\Project Lintang\\PROJEK\\daily_report2\\app\\Views\\pps\\edit.php')
 3 SYSTEMPATH\View\View.php(227): CodeIgniter\View\View->CodeIgniter\View\{closure}()
 4 SYSTEMPATH\Common.php(1173): CodeIgniter\View\View->render('pps/edit', [], true)
 5 APPPATH\Controllers\Pps.php(1337): view('pps/edit', [...])
 6 SYSTEMPATH\CodeIgniter.php(933): App\Controllers\Pps->edit('64')
 7 SYSTEMPATH\CodeIgniter.php(507): CodeIgniter\CodeIgniter->runController(Object(App\Controllers\Pps))
 8 SYSTEMPATH\CodeIgniter.php(354): CodeIgniter\CodeIgniter->handleRequest(null, Object(Config\Cache), false)
 9 SYSTEMPATH\Boot.php(334): CodeIgniter\CodeIgniter->run()
10 SYSTEMPATH\Boot.php(67): CodeIgniter\Boot::runCodeIgniter(Object(CodeIgniter\CodeIgniter))
11 FCPATH\index.php(56): CodeIgniter\Boot::bootWeb(Object(Config\Paths))
12 SYSTEMPATH\rewrite.php(44): require_once('D:\\Project Lintang\\PROJEK\\daily_report2\\public\\index.php')
CRITICAL - 2025-04-12 04:11:06 --> ErrorException: Undefined array key "process_join1"
[Method: GET, Route: pps/edit/64]
in APPPATH\Views\pps\edit.php on line 377.
 1 APPPATH\Views\pps\edit.php(377): CodeIgniter\Debug\Exceptions->errorHandler(2, 'Undefined array key "process_join1"', 'D:\\Project Lintang\\PROJEK\\daily_report2\\app\\Views\\pps\\edit.php', 377)
 2 SYSTEMPATH\View\View.php(224): include('D:\\Project Lintang\\PROJEK\\daily_report2\\app\\Views\\pps\\edit.php')
 3 SYSTEMPATH\View\View.php(227): CodeIgniter\View\View->CodeIgniter\View\{closure}()
 4 SYSTEMPATH\Common.php(1173): CodeIgniter\View\View->render('pps/edit', [], true)
 5 APPPATH\Controllers\Pps.php(1337): view('pps/edit', [...])
 6 SYSTEMPATH\CodeIgniter.php(933): App\Controllers\Pps->edit('64')
 7 SYSTEMPATH\CodeIgniter.php(507): CodeIgniter\CodeIgniter->runController(Object(App\Controllers\Pps))
 8 SYSTEMPATH\CodeIgniter.php(354): CodeIgniter\CodeIgniter->handleRequest(null, Object(Config\Cache), false)
 9 SYSTEMPATH\Boot.php(334): CodeIgniter\CodeIgniter->run()
10 SYSTEMPATH\Boot.php(67): CodeIgniter\Boot::runCodeIgniter(Object(CodeIgniter\CodeIgniter))
11 FCPATH\index.php(56): CodeIgniter\Boot::bootWeb(Object(Config\Paths))
12 SYSTEMPATH\rewrite.php(44): require_once('D:\\Project Lintang\\PROJEK\\daily_report2\\public\\index.php')
CRITICAL - 2025-04-12 04:11:06 --> ErrorException: Undefined array key "process_join1"
[Method: GET, Route: pps/edit/64]
in APPPATH\Views\pps\edit.php on line 377.
 1 APPPATH\Views\pps\edit.php(377): CodeIgniter\Debug\Exceptions->errorHandler(2, 'Undefined array key "process_join1"', 'D:\\Project Lintang\\PROJEK\\daily_report2\\app\\Views\\pps\\edit.php', 377)
 2 SYSTEMPATH\View\View.php(224): include('D:\\Project Lintang\\PROJEK\\daily_report2\\app\\Views\\pps\\edit.php')
 3 SYSTEMPATH\View\View.php(227): CodeIgniter\View\View->CodeIgniter\View\{closure}()
 4 SYSTEMPATH\Common.php(1173): CodeIgniter\View\View->render('pps/edit', [], true)
 5 APPPATH\Controllers\Pps.php(1337): view('pps/edit', [...])
 6 SYSTEMPATH\CodeIgniter.php(933): App\Controllers\Pps->edit('64')
 7 SYSTEMPATH\CodeIgniter.php(507): CodeIgniter\CodeIgniter->runController(Object(App\Controllers\Pps))
 8 SYSTEMPATH\CodeIgniter.php(354): CodeIgniter\CodeIgniter->handleRequest(null, Object(Config\Cache), false)
 9 SYSTEMPATH\Boot.php(334): CodeIgniter\CodeIgniter->run()
10 SYSTEMPATH\Boot.php(67): CodeIgniter\Boot::runCodeIgniter(Object(CodeIgniter\CodeIgniter))
11 FCPATH\index.php(56): CodeIgniter\Boot::bootWeb(Object(Config\Paths))
12 SYSTEMPATH\rewrite.php(44): require_once('D:\\Project Lintang\\PROJEK\\daily_report2\\public\\index.php')
CRITICAL - 2025-04-12 04:11:06 --> ErrorException: Undefined array key "process_join1"
[Method: GET, Route: pps/edit/64]
in APPPATH\Views\pps\edit.php on line 377.
 1 APPPATH\Views\pps\edit.php(377): CodeIgniter\Debug\Exceptions->errorHandler(2, 'Undefined array key "process_join1"', 'D:\\Project Lintang\\PROJEK\\daily_report2\\app\\Views\\pps\\edit.php', 377)
 2 SYSTEMPATH\View\View.php(224): include('D:\\Project Lintang\\PROJEK\\daily_report2\\app\\Views\\pps\\edit.php')
 3 SYSTEMPATH\View\View.php(227): CodeIgniter\View\View->CodeIgniter\View\{closure}()
 4 SYSTEMPATH\Common.php(1173): CodeIgniter\View\View->render('pps/edit', [], true)
 5 APPPATH\Controllers\Pps.php(1337): view('pps/edit', [...])
 6 SYSTEMPATH\CodeIgniter.php(933): App\Controllers\Pps->edit('64')
 7 SYSTEMPATH\CodeIgniter.php(507): CodeIgniter\CodeIgniter->runController(Object(App\Controllers\Pps))
 8 SYSTEMPATH\CodeIgniter.php(354): CodeIgniter\CodeIgniter->handleRequest(null, Object(Config\Cache), false)
 9 SYSTEMPATH\Boot.php(334): CodeIgniter\CodeIgniter->run()
10 SYSTEMPATH\Boot.php(67): CodeIgniter\Boot::runCodeIgniter(Object(CodeIgniter\CodeIgniter))
11 FCPATH\index.php(56): CodeIgniter\Boot::bootWeb(Object(Config\Paths))
12 SYSTEMPATH\rewrite.php(44): require_once('D:\\Project Lintang\\PROJEK\\daily_report2\\public\\index.php')
CRITICAL - 2025-04-12 04:11:56 --> ErrorException: Undefined array key "process_join1"
[Method: GET, Route: pps/edit/64]
in APPPATH\Views\pps\edit.php on line 377.
 1 APPPATH\Views\pps\edit.php(377): CodeIgniter\Debug\Exceptions->errorHandler(2, 'Undefined array key "process_join1"', 'D:\\Project Lintang\\PROJEK\\daily_report2\\app\\Views\\pps\\edit.php', 377)
 2 SYSTEMPATH\View\View.php(224): include('D:\\Project Lintang\\PROJEK\\daily_report2\\app\\Views\\pps\\edit.php')
 3 SYSTEMPATH\View\View.php(227): CodeIgniter\View\View->CodeIgniter\View\{closure}()
 4 SYSTEMPATH\Common.php(1173): CodeIgniter\View\View->render('pps/edit', [], true)
 5 APPPATH\Controllers\Pps.php(1337): view('pps/edit', [...])
 6 SYSTEMPATH\CodeIgniter.php(933): App\Controllers\Pps->edit('64')
 7 SYSTEMPATH\CodeIgniter.php(507): CodeIgniter\CodeIgniter->runController(Object(App\Controllers\Pps))
 8 SYSTEMPATH\CodeIgniter.php(354): CodeIgniter\CodeIgniter->handleRequest(null, Object(Config\Cache), false)
 9 SYSTEMPATH\Boot.php(334): CodeIgniter\CodeIgniter->run()
10 SYSTEMPATH\Boot.php(67): CodeIgniter\Boot::runCodeIgniter(Object(CodeIgniter\CodeIgniter))
11 FCPATH\index.php(56): CodeIgniter\Boot::bootWeb(Object(Config\Paths))
12 SYSTEMPATH\rewrite.php(44): require_once('D:\\Project Lintang\\PROJEK\\daily_report2\\public\\index.php')
CRITICAL - 2025-04-12 04:12:24 --> ErrorException: Undefined array key "process_join1"
[Method: GET, Route: pps/edit/64]
in APPPATH\Views\pps\edit.php on line 377.
 1 APPPATH\Views\pps\edit.php(377): CodeIgniter\Debug\Exceptions->errorHandler(2, 'Undefined array key "process_join1"', 'D:\\Project Lintang\\PROJEK\\daily_report2\\app\\Views\\pps\\edit.php', 377)
 2 SYSTEMPATH\View\View.php(224): include('D:\\Project Lintang\\PROJEK\\daily_report2\\app\\Views\\pps\\edit.php')
 3 SYSTEMPATH\View\View.php(227): CodeIgniter\View\View->CodeIgniter\View\{closure}()
 4 SYSTEMPATH\Common.php(1173): CodeIgniter\View\View->render('pps/edit', [], true)
 5 APPPATH\Controllers\Pps.php(1337): view('pps/edit', [...])
 6 SYSTEMPATH\CodeIgniter.php(933): App\Controllers\Pps->edit('64')
 7 SYSTEMPATH\CodeIgniter.php(507): CodeIgniter\CodeIgniter->runController(Object(App\Controllers\Pps))
 8 SYSTEMPATH\CodeIgniter.php(354): CodeIgniter\CodeIgniter->handleRequest(null, Object(Config\Cache), false)
 9 SYSTEMPATH\Boot.php(334): CodeIgniter\CodeIgniter->run()
10 SYSTEMPATH\Boot.php(67): CodeIgniter\Boot::runCodeIgniter(Object(CodeIgniter\CodeIgniter))
11 FCPATH\index.php(56): CodeIgniter\Boot::bootWeb(Object(Config\Paths))
12 SYSTEMPATH\rewrite.php(44): require_once('D:\\Project Lintang\\PROJEK\\daily_report2\\public\\index.php')
