CRITICAL - 2025-03-03 00:53:30 --> ErrorException: Undefined variable $start_date
[Method: GET, Route: pps]
in APPPATH\Views\pps\index.php on line 20.
 1 APPPATH\Views\pps\index.php(20): CodeIgniter\Debug\Exceptions->errorHandler(2, 'Undefined variable $start_date', 'D:\\Project Lintang\\PROJEK\\daily_report2\\app\\Views\\pps\\index.php', 20)
 2 SYSTEMPATH\View\View.php(224): include('D:\\Project Lintang\\PROJEK\\daily_report2\\app\\Views\\pps\\index.php')
 3 SYSTEMPATH\View\View.php(227): CodeIgniter\View\View->CodeIgniter\View\{closure}()
 4 SYSTEMPATH\Common.php(1173): CodeIgniter\View\View->render('pps/index', [], true)
 5 APPPATH\Controllers\Pps.php(32): view('pps/index', [...])
 6 SYSTEMPATH\CodeIgniter.php(933): App\Controllers\Pps->index()
 7 SYSTEMPATH\CodeIgniter.php(507): CodeIgniter\CodeIgniter->runController(Object(App\Controllers\Pps))
 8 SYSTEMPATH\CodeIgniter.php(354): CodeIgniter\CodeIgniter->handleRequest(null, Object(Config\Cache), false)
 9 SYSTEMPATH\Boot.php(334): CodeIgniter\CodeIgniter->run()
10 SYSTEMPATH\Boot.php(67): CodeIgniter\Boot::runCodeIgniter(Object(CodeIgniter\CodeIgniter))
11 FCPATH\index.php(56): CodeIgniter\Boot::bootWeb(Object(Config\Paths))
12 SYSTEMPATH\rewrite.php(44): require_once('D:\\Project Lintang\\PROJEK\\daily_report2\\public\\index.php')
CRITICAL - 2025-03-03 00:53:32 --> ErrorException: Undefined variable $start_date
[Method: GET, Route: pps]
in APPPATH\Views\pps\index.php on line 20.
 1 APPPATH\Views\pps\index.php(20): CodeIgniter\Debug\Exceptions->errorHandler(2, 'Undefined variable $start_date', 'D:\\Project Lintang\\PROJEK\\daily_report2\\app\\Views\\pps\\index.php', 20)
 2 SYSTEMPATH\View\View.php(224): include('D:\\Project Lintang\\PROJEK\\daily_report2\\app\\Views\\pps\\index.php')
 3 SYSTEMPATH\View\View.php(227): CodeIgniter\View\View->CodeIgniter\View\{closure}()
 4 SYSTEMPATH\Common.php(1173): CodeIgniter\View\View->render('pps/index', [], true)
 5 APPPATH\Controllers\Pps.php(32): view('pps/index', [...])
 6 SYSTEMPATH\CodeIgniter.php(933): App\Controllers\Pps->index()
 7 SYSTEMPATH\CodeIgniter.php(507): CodeIgniter\CodeIgniter->runController(Object(App\Controllers\Pps))
 8 SYSTEMPATH\CodeIgniter.php(354): CodeIgniter\CodeIgniter->handleRequest(null, Object(Config\Cache), false)
 9 SYSTEMPATH\Boot.php(334): CodeIgniter\CodeIgniter->run()
10 SYSTEMPATH\Boot.php(67): CodeIgniter\Boot::runCodeIgniter(Object(CodeIgniter\CodeIgniter))
11 FCPATH\index.php(56): CodeIgniter\Boot::bootWeb(Object(Config\Paths))
12 SYSTEMPATH\rewrite.php(44): require_once('D:\\Project Lintang\\PROJEK\\daily_report2\\public\\index.php')
CRITICAL - 2025-03-03 01:17:03 --> ErrorException: Undefined array key 2
[Method: POST, Route: pps/submit]
in APPPATH\Controllers\Pps.php on line 437.
 1 APPPATH\Controllers\Pps.php(437): CodeIgniter\Debug\Exceptions->errorHandler(2, 'Undefined array key 2', 'D:\\Project Lintang\\PROJEK\\daily_report2\\app\\Controllers\\Pps.php', 437)
 2 SYSTEMPATH\CodeIgniter.php(933): App\Controllers\Pps->submitPrint()
 3 SYSTEMPATH\CodeIgniter.php(507): CodeIgniter\CodeIgniter->runController(Object(App\Controllers\Pps))
 4 SYSTEMPATH\CodeIgniter.php(354): CodeIgniter\CodeIgniter->handleRequest(null, Object(Config\Cache), false)
 5 SYSTEMPATH\Boot.php(334): CodeIgniter\CodeIgniter->run()
 6 SYSTEMPATH\Boot.php(67): CodeIgniter\Boot::runCodeIgniter(Object(CodeIgniter\CodeIgniter))
 7 FCPATH\index.php(56): CodeIgniter\Boot::bootWeb(Object(Config\Paths))
 8 SYSTEMPATH\rewrite.php(44): require_once('D:\\Project Lintang\\PROJEK\\daily_report2\\public\\index.php')
CRITICAL - 2025-03-03 01:19:22 --> ErrorException: Undefined array key 2
[Method: POST, Route: pps/submit]
in APPPATH\Controllers\Pps.php on line 437.
 1 APPPATH\Controllers\Pps.php(437): CodeIgniter\Debug\Exceptions->errorHandler(2, 'Undefined array key 2', 'D:\\Project Lintang\\PROJEK\\daily_report2\\app\\Controllers\\Pps.php', 437)
 2 SYSTEMPATH\CodeIgniter.php(933): App\Controllers\Pps->submitPrint()
 3 SYSTEMPATH\CodeIgniter.php(507): CodeIgniter\CodeIgniter->runController(Object(App\Controllers\Pps))
 4 SYSTEMPATH\CodeIgniter.php(354): CodeIgniter\CodeIgniter->handleRequest(null, Object(Config\Cache), false)
 5 SYSTEMPATH\Boot.php(334): CodeIgniter\CodeIgniter->run()
 6 SYSTEMPATH\Boot.php(67): CodeIgniter\Boot::runCodeIgniter(Object(CodeIgniter\CodeIgniter))
 7 FCPATH\index.php(56): CodeIgniter\Boot::bootWeb(Object(Config\Paths))
 8 SYSTEMPATH\rewrite.php(44): require_once('D:\\Project Lintang\\PROJEK\\daily_report2\\public\\index.php')
CRITICAL - 2025-03-03 01:19:35 --> ErrorException: Undefined array key 2
[Method: POST, Route: pps/submit]
in APPPATH\Controllers\Pps.php on line 437.
 1 APPPATH\Controllers\Pps.php(437): CodeIgniter\Debug\Exceptions->errorHandler(2, 'Undefined array key 2', 'D:\\Project Lintang\\PROJEK\\daily_report2\\app\\Controllers\\Pps.php', 437)
 2 SYSTEMPATH\CodeIgniter.php(933): App\Controllers\Pps->submitPrint()
 3 SYSTEMPATH\CodeIgniter.php(507): CodeIgniter\CodeIgniter->runController(Object(App\Controllers\Pps))
 4 SYSTEMPATH\CodeIgniter.php(354): CodeIgniter\CodeIgniter->handleRequest(null, Object(Config\Cache), false)
 5 SYSTEMPATH\Boot.php(334): CodeIgniter\CodeIgniter->run()
 6 SYSTEMPATH\Boot.php(67): CodeIgniter\Boot::runCodeIgniter(Object(CodeIgniter\CodeIgniter))
 7 FCPATH\index.php(56): CodeIgniter\Boot::bootWeb(Object(Config\Paths))
 8 SYSTEMPATH\rewrite.php(44): require_once('D:\\Project Lintang\\PROJEK\\daily_report2\\public\\index.php')
CRITICAL - 2025-03-03 01:19:54 --> ErrorException: Undefined array key 2
[Method: POST, Route: pps/submit]
in APPPATH\Controllers\Pps.php on line 437.
 1 APPPATH\Controllers\Pps.php(437): CodeIgniter\Debug\Exceptions->errorHandler(2, 'Undefined array key 2', 'D:\\Project Lintang\\PROJEK\\daily_report2\\app\\Controllers\\Pps.php', 437)
 2 SYSTEMPATH\CodeIgniter.php(933): App\Controllers\Pps->submitPrint()
 3 SYSTEMPATH\CodeIgniter.php(507): CodeIgniter\CodeIgniter->runController(Object(App\Controllers\Pps))
 4 SYSTEMPATH\CodeIgniter.php(354): CodeIgniter\CodeIgniter->handleRequest(null, Object(Config\Cache), false)
 5 SYSTEMPATH\Boot.php(334): CodeIgniter\CodeIgniter->run()
 6 SYSTEMPATH\Boot.php(67): CodeIgniter\Boot::runCodeIgniter(Object(CodeIgniter\CodeIgniter))
 7 FCPATH\index.php(56): CodeIgniter\Boot::bootWeb(Object(Config\Paths))
 8 SYSTEMPATH\rewrite.php(44): require_once('D:\\Project Lintang\\PROJEK\\daily_report2\\public\\index.php')
CRITICAL - 2025-03-03 01:20:40 --> ErrorException: Undefined array key 2
[Method: POST, Route: pps/submit]
in APPPATH\Controllers\Pps.php on line 437.
 1 APPPATH\Controllers\Pps.php(437): CodeIgniter\Debug\Exceptions->errorHandler(2, 'Undefined array key 2', 'D:\\Project Lintang\\PROJEK\\daily_report2\\app\\Controllers\\Pps.php', 437)
 2 SYSTEMPATH\CodeIgniter.php(933): App\Controllers\Pps->submitPrint()
 3 SYSTEMPATH\CodeIgniter.php(507): CodeIgniter\CodeIgniter->runController(Object(App\Controllers\Pps))
 4 SYSTEMPATH\CodeIgniter.php(354): CodeIgniter\CodeIgniter->handleRequest(null, Object(Config\Cache), false)
 5 SYSTEMPATH\Boot.php(334): CodeIgniter\CodeIgniter->run()
 6 SYSTEMPATH\Boot.php(67): CodeIgniter\Boot::runCodeIgniter(Object(CodeIgniter\CodeIgniter))
 7 FCPATH\index.php(56): CodeIgniter\Boot::bootWeb(Object(Config\Paths))
 8 SYSTEMPATH\rewrite.php(44): require_once('D:\\Project Lintang\\PROJEK\\daily_report2\\public\\index.php')
CRITICAL - 2025-03-03 01:21:06 --> ErrorException: Undefined array key 2
[Method: POST, Route: pps/submit]
in APPPATH\Controllers\Pps.php on line 437.
 1 APPPATH\Controllers\Pps.php(437): CodeIgniter\Debug\Exceptions->errorHandler(2, 'Undefined array key 2', 'D:\\Project Lintang\\PROJEK\\daily_report2\\app\\Controllers\\Pps.php', 437)
 2 SYSTEMPATH\CodeIgniter.php(933): App\Controllers\Pps->submitPrint()
 3 SYSTEMPATH\CodeIgniter.php(507): CodeIgniter\CodeIgniter->runController(Object(App\Controllers\Pps))
 4 SYSTEMPATH\CodeIgniter.php(354): CodeIgniter\CodeIgniter->handleRequest(null, Object(Config\Cache), false)
 5 SYSTEMPATH\Boot.php(334): CodeIgniter\CodeIgniter->run()
 6 SYSTEMPATH\Boot.php(67): CodeIgniter\Boot::runCodeIgniter(Object(CodeIgniter\CodeIgniter))
 7 FCPATH\index.php(56): CodeIgniter\Boot::bootWeb(Object(Config\Paths))
 8 SYSTEMPATH\rewrite.php(44): require_once('D:\\Project Lintang\\PROJEK\\daily_report2\\public\\index.php')
CRITICAL - 2025-03-03 01:23:28 --> ErrorException: Undefined variable $mcSpecCells
[Method: POST, Route: pps/submit]
in APPPATH\Controllers\Pps.php on line 528.
 1 APPPATH\Controllers\Pps.php(528): CodeIgniter\Debug\Exceptions->errorHandler(2, 'Undefined variable $mcSpecCells', 'D:\\Project Lintang\\PROJEK\\daily_report2\\app\\Controllers\\Pps.php', 528)
 2 SYSTEMPATH\CodeIgniter.php(933): App\Controllers\Pps->submitPrint()
 3 SYSTEMPATH\CodeIgniter.php(507): CodeIgniter\CodeIgniter->runController(Object(App\Controllers\Pps))
 4 SYSTEMPATH\CodeIgniter.php(354): CodeIgniter\CodeIgniter->handleRequest(null, Object(Config\Cache), false)
 5 SYSTEMPATH\Boot.php(334): CodeIgniter\CodeIgniter->run()
 6 SYSTEMPATH\Boot.php(67): CodeIgniter\Boot::runCodeIgniter(Object(CodeIgniter\CodeIgniter))
 7 FCPATH\index.php(56): CodeIgniter\Boot::bootWeb(Object(Config\Paths))
 8 SYSTEMPATH\rewrite.php(44): require_once('D:\\Project Lintang\\PROJEK\\daily_report2\\public\\index.php')
CRITICAL - 2025-03-03 04:40:49 --> Error: Call to undefined function App\Controllers\eixt()
[Method: POST, Route: pps/submit]
in APPPATH\Controllers\Pps.php on line 695.
 1 SYSTEMPATH\CodeIgniter.php(933): App\Controllers\Pps->submitPrint()
 2 SYSTEMPATH\CodeIgniter.php(507): CodeIgniter\CodeIgniter->runController(Object(App\Controllers\Pps))
 3 SYSTEMPATH\CodeIgniter.php(354): CodeIgniter\CodeIgniter->handleRequest(null, Object(Config\Cache), false)
 4 SYSTEMPATH\Boot.php(334): CodeIgniter\CodeIgniter->run()
 5 SYSTEMPATH\Boot.php(67): CodeIgniter\Boot::runCodeIgniter(Object(CodeIgniter\CodeIgniter))
 6 FCPATH\index.php(56): CodeIgniter\Boot::bootWeb(Object(Config\Paths))
 7 SYSTEMPATH\rewrite.php(44): require_once('D:\\Project Lintang\\PROJEK\\daily_report2\\public\\index.php')
CRITICAL - 2025-03-03 04:41:04 --> Error: Call to undefined function App\Controllers\eixt()
[Method: POST, Route: pps/submit]
in APPPATH\Controllers\Pps.php on line 695.
 1 SYSTEMPATH\CodeIgniter.php(933): App\Controllers\Pps->submitPrint()
 2 SYSTEMPATH\CodeIgniter.php(507): CodeIgniter\CodeIgniter->runController(Object(App\Controllers\Pps))
 3 SYSTEMPATH\CodeIgniter.php(354): CodeIgniter\CodeIgniter->handleRequest(null, Object(Config\Cache), false)
 4 SYSTEMPATH\Boot.php(334): CodeIgniter\CodeIgniter->run()
 5 SYSTEMPATH\Boot.php(67): CodeIgniter\Boot::runCodeIgniter(Object(CodeIgniter\CodeIgniter))
 6 FCPATH\index.php(56): CodeIgniter\Boot::bootWeb(Object(Config\Paths))
 7 SYSTEMPATH\rewrite.php(44): require_once('D:\\Project Lintang\\PROJEK\\daily_report2\\public\\index.php')
CRITICAL - 2025-03-03 04:41:23 --> Error: Call to undefined function App\Controllers\eixt()
[Method: POST, Route: pps/submit]
in APPPATH\Controllers\Pps.php on line 695.
 1 SYSTEMPATH\CodeIgniter.php(933): App\Controllers\Pps->submitPrint()
 2 SYSTEMPATH\CodeIgniter.php(507): CodeIgniter\CodeIgniter->runController(Object(App\Controllers\Pps))
 3 SYSTEMPATH\CodeIgniter.php(354): CodeIgniter\CodeIgniter->handleRequest(null, Object(Config\Cache), false)
 4 SYSTEMPATH\Boot.php(334): CodeIgniter\CodeIgniter->run()
 5 SYSTEMPATH\Boot.php(67): CodeIgniter\Boot::runCodeIgniter(Object(CodeIgniter\CodeIgniter))
 6 FCPATH\index.php(56): CodeIgniter\Boot::bootWeb(Object(Config\Paths))
 7 SYSTEMPATH\rewrite.php(44): require_once('D:\\Project Lintang\\PROJEK\\daily_report2\\public\\index.php')
CRITICAL - 2025-03-03 04:41:36 --> Error: Call to undefined function App\Controllers\eixt()
[Method: POST, Route: pps/submit]
in APPPATH\Controllers\Pps.php on line 695.
 1 SYSTEMPATH\CodeIgniter.php(933): App\Controllers\Pps->submitPrint()
 2 SYSTEMPATH\CodeIgniter.php(507): CodeIgniter\CodeIgniter->runController(Object(App\Controllers\Pps))
 3 SYSTEMPATH\CodeIgniter.php(354): CodeIgniter\CodeIgniter->handleRequest(null, Object(Config\Cache), false)
 4 SYSTEMPATH\Boot.php(334): CodeIgniter\CodeIgniter->run()
 5 SYSTEMPATH\Boot.php(67): CodeIgniter\Boot::runCodeIgniter(Object(CodeIgniter\CodeIgniter))
 6 FCPATH\index.php(56): CodeIgniter\Boot::bootWeb(Object(Config\Paths))
 7 SYSTEMPATH\rewrite.php(44): require_once('D:\\Project Lintang\\PROJEK\\daily_report2\\public\\index.php')
CRITICAL - 2025-03-03 04:42:21 --> ErrorException: Undefined variable $row
[Method: POST, Route: pps/submit]
in APPPATH\Controllers\Pps.php on line 694.
 1 APPPATH\Controllers\Pps.php(694): CodeIgniter\Debug\Exceptions->errorHandler(2, 'Undefined variable $row', 'D:\\Project Lintang\\PROJEK\\daily_report2\\app\\Controllers\\Pps.php', 694)
 2 SYSTEMPATH\CodeIgniter.php(933): App\Controllers\Pps->submitPrint()
 3 SYSTEMPATH\CodeIgniter.php(507): CodeIgniter\CodeIgniter->runController(Object(App\Controllers\Pps))
 4 SYSTEMPATH\CodeIgniter.php(354): CodeIgniter\CodeIgniter->handleRequest(null, Object(Config\Cache), false)
 5 SYSTEMPATH\Boot.php(334): CodeIgniter\CodeIgniter->run()
 6 SYSTEMPATH\Boot.php(67): CodeIgniter\Boot::runCodeIgniter(Object(CodeIgniter\CodeIgniter))
 7 FCPATH\index.php(56): CodeIgniter\Boot::bootWeb(Object(Config\Paths))
 8 SYSTEMPATH\rewrite.php(44): require_once('D:\\Project Lintang\\PROJEK\\daily_report2\\public\\index.php')
CRITICAL - 2025-03-03 04:52:11 --> PhpOffice\PhpSpreadsheet\Exception: File D:\Project Lintang\PROJEK\daily_report2\public\uploads/images/blank_layout_1740977531.xlsx not found!
[Method: POST, Route: pps/submit]
in VENDORPATH\phpoffice\phpspreadsheet\src\PhpSpreadsheet\Worksheet\Drawing.php on line 161.
 1 APPPATH\Controllers\Pps.php(285): PhpOffice\PhpSpreadsheet\Worksheet\Drawing->setPath('D:\\Project Lintang\\PROJEK\\daily_report2\\public\\uploads/images/blank_layout_1740977531.xlsx')
 2 SYSTEMPATH\CodeIgniter.php(933): App\Controllers\Pps->submitPrint()
 3 SYSTEMPATH\CodeIgniter.php(507): CodeIgniter\CodeIgniter->runController(Object(App\Controllers\Pps))
 4 SYSTEMPATH\CodeIgniter.php(354): CodeIgniter\CodeIgniter->handleRequest(null, Object(Config\Cache), false)
 5 SYSTEMPATH\Boot.php(334): CodeIgniter\CodeIgniter->run()
 6 SYSTEMPATH\Boot.php(67): CodeIgniter\Boot::runCodeIgniter(Object(CodeIgniter\CodeIgniter))
 7 FCPATH\index.php(56): CodeIgniter\Boot::bootWeb(Object(Config\Paths))
 8 SYSTEMPATH\rewrite.php(44): require_once('D:\\Project Lintang\\PROJEK\\daily_report2\\public\\index.php')
CRITICAL - 2025-03-03 04:52:43 --> PhpOffice\PhpSpreadsheet\Exception: File D:\Project Lintang\PROJEK\daily_report2\public\uploads/images/blank_layout_1740977563.xlsx not found!
[Method: POST, Route: pps/submit]
in VENDORPATH\phpoffice\phpspreadsheet\src\PhpSpreadsheet\Worksheet\Drawing.php on line 161.
 1 APPPATH\Controllers\Pps.php(285): PhpOffice\PhpSpreadsheet\Worksheet\Drawing->setPath('D:\\Project Lintang\\PROJEK\\daily_report2\\public\\uploads/images/blank_layout_1740977563.xlsx')
 2 SYSTEMPATH\CodeIgniter.php(933): App\Controllers\Pps->submitPrint()
 3 SYSTEMPATH\CodeIgniter.php(507): CodeIgniter\CodeIgniter->runController(Object(App\Controllers\Pps))
 4 SYSTEMPATH\CodeIgniter.php(354): CodeIgniter\CodeIgniter->handleRequest(null, Object(Config\Cache), false)
 5 SYSTEMPATH\Boot.php(334): CodeIgniter\CodeIgniter->run()
 6 SYSTEMPATH\Boot.php(67): CodeIgniter\Boot::runCodeIgniter(Object(CodeIgniter\CodeIgniter))
 7 FCPATH\index.php(56): CodeIgniter\Boot::bootWeb(Object(Config\Paths))
 8 SYSTEMPATH\rewrite.php(44): require_once('D:\\Project Lintang\\PROJEK\\daily_report2\\public\\index.php')
CRITICAL - 2025-03-03 04:53:02 --> ErrorException: Undefined array key 0
[Method: POST, Route: pps/submit]
in APPPATH\Controllers\Pps.php on line 528.
 1 APPPATH\Controllers\Pps.php(528): CodeIgniter\Debug\Exceptions->errorHandler(2, 'Undefined array key 0', 'D:\\Project Lintang\\PROJEK\\daily_report2\\app\\Controllers\\Pps.php', 528)
 2 SYSTEMPATH\CodeIgniter.php(933): App\Controllers\Pps->submitPrint()
 3 SYSTEMPATH\CodeIgniter.php(507): CodeIgniter\CodeIgniter->runController(Object(App\Controllers\Pps))
 4 SYSTEMPATH\CodeIgniter.php(354): CodeIgniter\CodeIgniter->handleRequest(null, Object(Config\Cache), false)
 5 SYSTEMPATH\Boot.php(334): CodeIgniter\CodeIgniter->run()
 6 SYSTEMPATH\Boot.php(67): CodeIgniter\Boot::runCodeIgniter(Object(CodeIgniter\CodeIgniter))
 7 FCPATH\index.php(56): CodeIgniter\Boot::bootWeb(Object(Config\Paths))
 8 SYSTEMPATH\rewrite.php(44): require_once('D:\\Project Lintang\\PROJEK\\daily_report2\\public\\index.php')
CRITICAL - 2025-03-03 09:35:38 --> ErrorException: Undefined variable $category
[Method: POST, Route: pps/fetchMachine]
in APPPATH\Controllers\Pps.php on line 228.
 1 APPPATH\Controllers\Pps.php(228): CodeIgniter\Debug\Exceptions->errorHandler(2, 'Undefined variable $category', 'D:\\Project Lintang\\PROJEK\\daily_report2\\app\\Controllers\\Pps.php', 228)
 2 SYSTEMPATH\CodeIgniter.php(933): App\Controllers\Pps->fetchMachine()
 3 SYSTEMPATH\CodeIgniter.php(507): CodeIgniter\CodeIgniter->runController(Object(App\Controllers\Pps))
 4 SYSTEMPATH\CodeIgniter.php(354): CodeIgniter\CodeIgniter->handleRequest(null, Object(Config\Cache), false)
 5 SYSTEMPATH\Boot.php(334): CodeIgniter\CodeIgniter->run()
 6 SYSTEMPATH\Boot.php(67): CodeIgniter\Boot::runCodeIgniter(Object(CodeIgniter\CodeIgniter))
 7 FCPATH\index.php(56): CodeIgniter\Boot::bootWeb(Object(Config\Paths))
 8 SYSTEMPATH\rewrite.php(44): require_once('D:\\Project Lintang\\PROJEK\\daily_report2\\public\\index.php')
CRITICAL - 2025-03-03 09:42:28 --> ErrorException: Undefined variable $
[Method: POST, Route: pps/fetchMachine]
in APPPATH\Controllers\Pps.php on line 231.
 1 APPPATH\Controllers\Pps.php(231): CodeIgniter\Debug\Exceptions->errorHandler(2, 'Undefined variable $', 'D:\\Project Lintang\\PROJEK\\daily_report2\\app\\Controllers\\Pps.php', 231)
 2 SYSTEMPATH\CodeIgniter.php(933): App\Controllers\Pps->fetchMachine()
 3 SYSTEMPATH\CodeIgniter.php(507): CodeIgniter\CodeIgniter->runController(Object(App\Controllers\Pps))
 4 SYSTEMPATH\CodeIgniter.php(354): CodeIgniter\CodeIgniter->handleRequest(null, Object(Config\Cache), false)
 5 SYSTEMPATH\Boot.php(334): CodeIgniter\CodeIgniter->run()
 6 SYSTEMPATH\Boot.php(67): CodeIgniter\Boot::runCodeIgniter(Object(CodeIgniter\CodeIgniter))
 7 FCPATH\index.php(56): CodeIgniter\Boot::bootWeb(Object(Config\Paths))
 8 SYSTEMPATH\rewrite.php(44): require_once('D:\\Project Lintang\\PROJEK\\daily_report2\\public\\index.php')
CRITICAL - 2025-03-03 09:42:30 --> ErrorException: Undefined variable $
[Method: POST, Route: pps/fetchMachine]
in APPPATH\Controllers\Pps.php on line 231.
 1 APPPATH\Controllers\Pps.php(231): CodeIgniter\Debug\Exceptions->errorHandler(2, 'Undefined variable $', 'D:\\Project Lintang\\PROJEK\\daily_report2\\app\\Controllers\\Pps.php', 231)
 2 SYSTEMPATH\CodeIgniter.php(933): App\Controllers\Pps->fetchMachine()
 3 SYSTEMPATH\CodeIgniter.php(507): CodeIgniter\CodeIgniter->runController(Object(App\Controllers\Pps))
 4 SYSTEMPATH\CodeIgniter.php(354): CodeIgniter\CodeIgniter->handleRequest(null, Object(Config\Cache), false)
 5 SYSTEMPATH\Boot.php(334): CodeIgniter\CodeIgniter->run()
 6 SYSTEMPATH\Boot.php(67): CodeIgniter\Boot::runCodeIgniter(Object(CodeIgniter\CodeIgniter))
 7 FCPATH\index.php(56): CodeIgniter\Boot::bootWeb(Object(Config\Paths))
 8 SYSTEMPATH\rewrite.php(44): require_once('D:\\Project Lintang\\PROJEK\\daily_report2\\public\\index.php')
CRITICAL - 2025-03-03 09:42:30 --> ErrorException: Undefined variable $
[Method: POST, Route: pps/fetchMachine]
in APPPATH\Controllers\Pps.php on line 231.
 1 APPPATH\Controllers\Pps.php(231): CodeIgniter\Debug\Exceptions->errorHandler(2, 'Undefined variable $', 'D:\\Project Lintang\\PROJEK\\daily_report2\\app\\Controllers\\Pps.php', 231)
 2 SYSTEMPATH\CodeIgniter.php(933): App\Controllers\Pps->fetchMachine()
 3 SYSTEMPATH\CodeIgniter.php(507): CodeIgniter\CodeIgniter->runController(Object(App\Controllers\Pps))
 4 SYSTEMPATH\CodeIgniter.php(354): CodeIgniter\CodeIgniter->handleRequest(null, Object(Config\Cache), false)
 5 SYSTEMPATH\Boot.php(334): CodeIgniter\CodeIgniter->run()
 6 SYSTEMPATH\Boot.php(67): CodeIgniter\Boot::runCodeIgniter(Object(CodeIgniter\CodeIgniter))
 7 FCPATH\index.php(56): CodeIgniter\Boot::bootWeb(Object(Config\Paths))
 8 SYSTEMPATH\rewrite.php(44): require_once('D:\\Project Lintang\\PROJEK\\daily_report2\\public\\index.php')
CRITICAL - 2025-03-03 09:42:30 --> ErrorException: Undefined variable $
[Method: POST, Route: pps/fetchMachine]
in APPPATH\Controllers\Pps.php on line 231.
 1 APPPATH\Controllers\Pps.php(231): CodeIgniter\Debug\Exceptions->errorHandler(2, 'Undefined variable $', 'D:\\Project Lintang\\PROJEK\\daily_report2\\app\\Controllers\\Pps.php', 231)
 2 SYSTEMPATH\CodeIgniter.php(933): App\Controllers\Pps->fetchMachine()
 3 SYSTEMPATH\CodeIgniter.php(507): CodeIgniter\CodeIgniter->runController(Object(App\Controllers\Pps))
 4 SYSTEMPATH\CodeIgniter.php(354): CodeIgniter\CodeIgniter->handleRequest(null, Object(Config\Cache), false)
 5 SYSTEMPATH\Boot.php(334): CodeIgniter\CodeIgniter->run()
 6 SYSTEMPATH\Boot.php(67): CodeIgniter\Boot::runCodeIgniter(Object(CodeIgniter\CodeIgniter))
 7 FCPATH\index.php(56): CodeIgniter\Boot::bootWeb(Object(Config\Paths))
 8 SYSTEMPATH\rewrite.php(44): require_once('D:\\Project Lintang\\PROJEK\\daily_report2\\public\\index.php')
CRITICAL - 2025-03-03 09:42:33 --> ErrorException: Undefined variable $
[Method: POST, Route: pps/fetchMachine]
in APPPATH\Controllers\Pps.php on line 231.
 1 APPPATH\Controllers\Pps.php(231): CodeIgniter\Debug\Exceptions->errorHandler(2, 'Undefined variable $', 'D:\\Project Lintang\\PROJEK\\daily_report2\\app\\Controllers\\Pps.php', 231)
 2 SYSTEMPATH\CodeIgniter.php(933): App\Controllers\Pps->fetchMachine()
 3 SYSTEMPATH\CodeIgniter.php(507): CodeIgniter\CodeIgniter->runController(Object(App\Controllers\Pps))
 4 SYSTEMPATH\CodeIgniter.php(354): CodeIgniter\CodeIgniter->handleRequest(null, Object(Config\Cache), false)
 5 SYSTEMPATH\Boot.php(334): CodeIgniter\CodeIgniter->run()
 6 SYSTEMPATH\Boot.php(67): CodeIgniter\Boot::runCodeIgniter(Object(CodeIgniter\CodeIgniter))
 7 FCPATH\index.php(56): CodeIgniter\Boot::bootWeb(Object(Config\Paths))
 8 SYSTEMPATH\rewrite.php(44): require_once('D:\\Project Lintang\\PROJEK\\daily_report2\\public\\index.php')
CRITICAL - 2025-03-03 09:44:41 --> ErrorException: Undefined variable $
[Method: POST, Route: pps/fetchMachine]
in APPPATH\Controllers\Pps.php on line 231.
 1 APPPATH\Controllers\Pps.php(231): CodeIgniter\Debug\Exceptions->errorHandler(2, 'Undefined variable $', 'D:\\Project Lintang\\PROJEK\\daily_report2\\app\\Controllers\\Pps.php', 231)
 2 SYSTEMPATH\CodeIgniter.php(933): App\Controllers\Pps->fetchMachine()
 3 SYSTEMPATH\CodeIgniter.php(507): CodeIgniter\CodeIgniter->runController(Object(App\Controllers\Pps))
 4 SYSTEMPATH\CodeIgniter.php(354): CodeIgniter\CodeIgniter->handleRequest(null, Object(Config\Cache), false)
 5 SYSTEMPATH\Boot.php(334): CodeIgniter\CodeIgniter->run()
 6 SYSTEMPATH\Boot.php(67): CodeIgniter\Boot::runCodeIgniter(Object(CodeIgniter\CodeIgniter))
 7 FCPATH\index.php(56): CodeIgniter\Boot::bootWeb(Object(Config\Paths))
 8 SYSTEMPATH\rewrite.php(44): require_once('D:\\Project Lintang\\PROJEK\\daily_report2\\public\\index.php')
CRITICAL - 2025-03-03 09:44:44 --> ErrorException: Undefined variable $
[Method: POST, Route: pps/fetchMachine]
in APPPATH\Controllers\Pps.php on line 231.
 1 APPPATH\Controllers\Pps.php(231): CodeIgniter\Debug\Exceptions->errorHandler(2, 'Undefined variable $', 'D:\\Project Lintang\\PROJEK\\daily_report2\\app\\Controllers\\Pps.php', 231)
 2 SYSTEMPATH\CodeIgniter.php(933): App\Controllers\Pps->fetchMachine()
 3 SYSTEMPATH\CodeIgniter.php(507): CodeIgniter\CodeIgniter->runController(Object(App\Controllers\Pps))
 4 SYSTEMPATH\CodeIgniter.php(354): CodeIgniter\CodeIgniter->handleRequest(null, Object(Config\Cache), false)
 5 SYSTEMPATH\Boot.php(334): CodeIgniter\CodeIgniter->run()
 6 SYSTEMPATH\Boot.php(67): CodeIgniter\Boot::runCodeIgniter(Object(CodeIgniter\CodeIgniter))
 7 FCPATH\index.php(56): CodeIgniter\Boot::bootWeb(Object(Config\Paths))
 8 SYSTEMPATH\rewrite.php(44): require_once('D:\\Project Lintang\\PROJEK\\daily_report2\\public\\index.php')
CRITICAL - 2025-03-03 09:45:08 --> ErrorException: Undefined variable $
[Method: POST, Route: pps/fetchMachine]
in APPPATH\Controllers\Pps.php on line 231.
 1 APPPATH\Controllers\Pps.php(231): CodeIgniter\Debug\Exceptions->errorHandler(2, 'Undefined variable $', 'D:\\Project Lintang\\PROJEK\\daily_report2\\app\\Controllers\\Pps.php', 231)
 2 SYSTEMPATH\CodeIgniter.php(933): App\Controllers\Pps->fetchMachine()
 3 SYSTEMPATH\CodeIgniter.php(507): CodeIgniter\CodeIgniter->runController(Object(App\Controllers\Pps))
 4 SYSTEMPATH\CodeIgniter.php(354): CodeIgniter\CodeIgniter->handleRequest(null, Object(Config\Cache), false)
 5 SYSTEMPATH\Boot.php(334): CodeIgniter\CodeIgniter->run()
 6 SYSTEMPATH\Boot.php(67): CodeIgniter\Boot::runCodeIgniter(Object(CodeIgniter\CodeIgniter))
 7 FCPATH\index.php(56): CodeIgniter\Boot::bootWeb(Object(Config\Paths))
 8 SYSTEMPATH\rewrite.php(44): require_once('D:\\Project Lintang\\PROJEK\\daily_report2\\public\\index.php')
CRITICAL - 2025-03-03 09:45:32 --> ErrorException: Undefined variable $
[Method: POST, Route: pps/fetchMachine]
in APPPATH\Controllers\Pps.php on line 231.
 1 APPPATH\Controllers\Pps.php(231): CodeIgniter\Debug\Exceptions->errorHandler(2, 'Undefined variable $', 'D:\\Project Lintang\\PROJEK\\daily_report2\\app\\Controllers\\Pps.php', 231)
 2 SYSTEMPATH\CodeIgniter.php(933): App\Controllers\Pps->fetchMachine()
 3 SYSTEMPATH\CodeIgniter.php(507): CodeIgniter\CodeIgniter->runController(Object(App\Controllers\Pps))
 4 SYSTEMPATH\CodeIgniter.php(354): CodeIgniter\CodeIgniter->handleRequest(null, Object(Config\Cache), false)
 5 SYSTEMPATH\Boot.php(334): CodeIgniter\CodeIgniter->run()
 6 SYSTEMPATH\Boot.php(67): CodeIgniter\Boot::runCodeIgniter(Object(CodeIgniter\CodeIgniter))
 7 FCPATH\index.php(56): CodeIgniter\Boot::bootWeb(Object(Config\Paths))
 8 SYSTEMPATH\rewrite.php(44): require_once('D:\\Project Lintang\\PROJEK\\daily_report2\\public\\index.php')
