CRITICAL - 2025-04-23 01:35:10 --> CodeIgniter\View\Exceptions\ViewException: Invalid file: "mc_spec/create.php"
[Method: GET, Route: mc-spec/create]
in SYSTEMPATH\Exceptions\FrameworkException.php on line 39.
 1 SYSTEMPATH\View\View.php(212): CodeIgniter\Exceptions\FrameworkException::forInvalidFile('mc_spec/create.php')
 2 SYSTEMPATH\Common.php(1173): CodeIgniter\View\View->render('mc_spec/create', [], true)
 3 APPPATH\Controllers\MasterPps.php(33): view('mc_spec/create')
 4 SYSTEMPATH\CodeIgniter.php(933): App\Controllers\MasterPps->create()
 5 SYSTEMPATH\CodeIgniter.php(507): CodeIgniter\CodeIgniter->runController(Object(App\Controllers\MasterPps))
 6 SYSTEMPATH\CodeIgniter.php(354): CodeIgniter\CodeIgniter->handleRequest(null, Object(Config\Cache), false)
 7 SYSTEMPATH\Boot.php(334): CodeIgniter\CodeIgniter->run()
 8 SYSTEMPATH\Boot.php(67): CodeIgniter\Boot::runCodeIgniter(Object(CodeIgniter\CodeIgniter))
 9 FCPATH\index.php(56): CodeIgniter\Boot::bootWeb(Object(Config\Paths))
10 SYSTEMPATH\rewrite.php(44): require_once('D:\\Project Lintang\\PROJEK\\daily_report2\\public\\index.php')
CRITICAL - 2025-04-23 01:35:26 --> CodeIgniter\View\Exceptions\ViewException: Invalid file: "master_pps/create.php"
[Method: GET, Route: mc-spec/create]
in SYSTEMPATH\Exceptions\FrameworkException.php on line 39.
 1 SYSTEMPATH\View\View.php(212): CodeIgniter\Exceptions\FrameworkException::forInvalidFile('master_pps/create.php')
 2 SYSTEMPATH\Common.php(1173): CodeIgniter\View\View->render('master_pps/create', [], true)
 3 APPPATH\Controllers\MasterPps.php(33): view('master_pps/create')
 4 SYSTEMPATH\CodeIgniter.php(933): App\Controllers\MasterPps->create()
 5 SYSTEMPATH\CodeIgniter.php(507): CodeIgniter\CodeIgniter->runController(Object(App\Controllers\MasterPps))
 6 SYSTEMPATH\CodeIgniter.php(354): CodeIgniter\CodeIgniter->handleRequest(null, Object(Config\Cache), false)
 7 SYSTEMPATH\Boot.php(334): CodeIgniter\CodeIgniter->run()
 8 SYSTEMPATH\Boot.php(67): CodeIgniter\Boot::runCodeIgniter(Object(CodeIgniter\CodeIgniter))
 9 FCPATH\index.php(56): CodeIgniter\Boot::bootWeb(Object(Config\Paths))
10 SYSTEMPATH\rewrite.php(44): require_once('D:\\Project Lintang\\PROJEK\\daily_report2\\public\\index.php')
ERROR - 2025-04-23 01:35:52 --> mysqli_sql_exception: Unknown column 'created_at' in 'field list' in D:\Project Lintang\PROJEK\daily_report2\system\Database\MySQLi\Connection.php:327
Stack trace:
#0 D:\Project Lintang\PROJEK\daily_report2\system\Database\MySQLi\Connection.php(327): mysqli->query('INSERT INTO `mc...', 0)
#1 D:\Project Lintang\PROJEK\daily_report2\system\Database\BaseConnection.php(738): CodeIgniter\Database\MySQLi\Connection->execute('INSERT INTO `mc...')
#2 D:\Project Lintang\PROJEK\daily_report2\system\Database\BaseConnection.php(652): CodeIgniter\Database\BaseConnection->simpleQuery('INSERT INTO `mc...')
#3 D:\Project Lintang\PROJEK\daily_report2\system\Database\BaseBuilder.php(2345): CodeIgniter\Database\BaseConnection->query('INSERT INTO `mc...', Array, false)
#4 D:\Project Lintang\PROJEK\daily_report2\system\Model.php(394): CodeIgniter\Database\BaseBuilder->insert()
#5 D:\Project Lintang\PROJEK\daily_report2\system\BaseModel.php(839): CodeIgniter\Model->doInsert(Array)
#6 D:\Project Lintang\PROJEK\daily_report2\system\Model.php(800): CodeIgniter\BaseModel->insert(Array, false)
#7 D:\Project Lintang\PROJEK\daily_report2\system\BaseModel.php(750): CodeIgniter\Model->insert(Array, false)
#8 D:\Project Lintang\PROJEK\daily_report2\app\Controllers\MasterPps.php(38): CodeIgniter\BaseModel->save(Array)
#9 D:\Project Lintang\PROJEK\daily_report2\system\CodeIgniter.php(933): App\Controllers\MasterPps->store()
#10 D:\Project Lintang\PROJEK\daily_report2\system\CodeIgniter.php(507): CodeIgniter\CodeIgniter->runController(Object(App\Controllers\MasterPps))
#11 D:\Project Lintang\PROJEK\daily_report2\system\CodeIgniter.php(354): CodeIgniter\CodeIgniter->handleRequest(NULL, Object(Config\Cache), false)
#12 D:\Project Lintang\PROJEK\daily_report2\system\Boot.php(334): CodeIgniter\CodeIgniter->run()
#13 D:\Project Lintang\PROJEK\daily_report2\system\Boot.php(67): CodeIgniter\Boot::runCodeIgniter(Object(CodeIgniter\CodeIgniter))
#14 D:\Project Lintang\PROJEK\daily_report2\public\index.php(56): CodeIgniter\Boot::bootWeb(Object(Config\Paths))
#15 D:\Project Lintang\PROJEK\daily_report2\system\rewrite.php(44): require_once('D:\\Project Lint...')
#16 {main}
ERROR - 2025-04-23 01:39:22 --> mysqli_sql_exception: Unknown column 'created_at' in 'field list' in D:\Project Lintang\PROJEK\daily_report2\system\Database\MySQLi\Connection.php:327
Stack trace:
#0 D:\Project Lintang\PROJEK\daily_report2\system\Database\MySQLi\Connection.php(327): mysqli->query('INSERT INTO `mc...', 0)
#1 D:\Project Lintang\PROJEK\daily_report2\system\Database\BaseConnection.php(738): CodeIgniter\Database\MySQLi\Connection->execute('INSERT INTO `mc...')
#2 D:\Project Lintang\PROJEK\daily_report2\system\Database\BaseConnection.php(652): CodeIgniter\Database\BaseConnection->simpleQuery('INSERT INTO `mc...')
#3 D:\Project Lintang\PROJEK\daily_report2\system\Database\BaseBuilder.php(2345): CodeIgniter\Database\BaseConnection->query('INSERT INTO `mc...', Array, false)
#4 D:\Project Lintang\PROJEK\daily_report2\system\Model.php(394): CodeIgniter\Database\BaseBuilder->insert()
#5 D:\Project Lintang\PROJEK\daily_report2\system\BaseModel.php(839): CodeIgniter\Model->doInsert(Array)
#6 D:\Project Lintang\PROJEK\daily_report2\system\Model.php(800): CodeIgniter\BaseModel->insert(Array, false)
#7 D:\Project Lintang\PROJEK\daily_report2\system\BaseModel.php(750): CodeIgniter\Model->insert(Array, false)
#8 D:\Project Lintang\PROJEK\daily_report2\app\Controllers\MasterPps.php(38): CodeIgniter\BaseModel->save(Array)
#9 D:\Project Lintang\PROJEK\daily_report2\system\CodeIgniter.php(933): App\Controllers\MasterPps->store()
#10 D:\Project Lintang\PROJEK\daily_report2\system\CodeIgniter.php(507): CodeIgniter\CodeIgniter->runController(Object(App\Controllers\MasterPps))
#11 D:\Project Lintang\PROJEK\daily_report2\system\CodeIgniter.php(354): CodeIgniter\CodeIgniter->handleRequest(NULL, Object(Config\Cache), false)
#12 D:\Project Lintang\PROJEK\daily_report2\system\Boot.php(334): CodeIgniter\CodeIgniter->run()
#13 D:\Project Lintang\PROJEK\daily_report2\system\Boot.php(67): CodeIgniter\Boot::runCodeIgniter(Object(CodeIgniter\CodeIgniter))
#14 D:\Project Lintang\PROJEK\daily_report2\public\index.php(56): CodeIgniter\Boot::bootWeb(Object(Config\Paths))
#15 D:\Project Lintang\PROJEK\daily_report2\system\rewrite.php(44): require_once('D:\\Project Lint...')
#16 {main}
CRITICAL - 2025-04-23 01:40:43 --> ErrorException: Undefined array key "master_cushion"
[Method: GET, Route: master-pps]
in APPPATH\Views\master_pps\index.php on line 124.
 1 APPPATH\Views\master_pps\index.php(124): CodeIgniter\Debug\Exceptions->errorHandler(2, 'Undefined array key "master_cushion"', 'D:\\Project Lintang\\PROJEK\\daily_report2\\app\\Views\\master_pps\\index.php', 124)
 2 SYSTEMPATH\View\View.php(224): include('D:\\Project Lintang\\PROJEK\\daily_report2\\app\\Views\\master_pps\\index.php')
 3 SYSTEMPATH\View\View.php(227): CodeIgniter\View\View->CodeIgniter\View\{closure}()
 4 SYSTEMPATH\Common.php(1173): CodeIgniter\View\View->render('master_pps/index', [], true)
 5 APPPATH\Controllers\MasterPps.php(28): view('master_pps/index', [...])
 6 SYSTEMPATH\CodeIgniter.php(933): App\Controllers\MasterPps->index()
 7 SYSTEMPATH\CodeIgniter.php(507): CodeIgniter\CodeIgniter->runController(Object(App\Controllers\MasterPps))
 8 SYSTEMPATH\CodeIgniter.php(354): CodeIgniter\CodeIgniter->handleRequest(null, Object(Config\Cache), false)
 9 SYSTEMPATH\Boot.php(334): CodeIgniter\CodeIgniter->run()
10 SYSTEMPATH\Boot.php(67): CodeIgniter\Boot::runCodeIgniter(Object(CodeIgniter\CodeIgniter))
11 FCPATH\index.php(56): CodeIgniter\Boot::bootWeb(Object(Config\Paths))
12 SYSTEMPATH\rewrite.php(44): require_once('D:\\Project Lintang\\PROJEK\\daily_report2\\public\\index.php')
CRITICAL - 2025-04-23 01:41:20 --> ErrorException: Undefined array key "master_cushion"
[Method: GET, Route: master-pps]
in APPPATH\Views\master_pps\index.php on line 124.
 1 APPPATH\Views\master_pps\index.php(124): CodeIgniter\Debug\Exceptions->errorHandler(2, 'Undefined array key "master_cushion"', 'D:\\Project Lintang\\PROJEK\\daily_report2\\app\\Views\\master_pps\\index.php', 124)
 2 SYSTEMPATH\View\View.php(224): include('D:\\Project Lintang\\PROJEK\\daily_report2\\app\\Views\\master_pps\\index.php')
 3 SYSTEMPATH\View\View.php(227): CodeIgniter\View\View->CodeIgniter\View\{closure}()
 4 SYSTEMPATH\Common.php(1173): CodeIgniter\View\View->render('master_pps/index', [], true)
 5 APPPATH\Controllers\MasterPps.php(28): view('master_pps/index', [...])
 6 SYSTEMPATH\CodeIgniter.php(933): App\Controllers\MasterPps->index()
 7 SYSTEMPATH\CodeIgniter.php(507): CodeIgniter\CodeIgniter->runController(Object(App\Controllers\MasterPps))
 8 SYSTEMPATH\CodeIgniter.php(354): CodeIgniter\CodeIgniter->handleRequest(null, Object(Config\Cache), false)
 9 SYSTEMPATH\Boot.php(334): CodeIgniter\CodeIgniter->run()
10 SYSTEMPATH\Boot.php(67): CodeIgniter\Boot::runCodeIgniter(Object(CodeIgniter\CodeIgniter))
11 FCPATH\index.php(56): CodeIgniter\Boot::bootWeb(Object(Config\Paths))
12 SYSTEMPATH\rewrite.php(44): require_once('D:\\Project Lintang\\PROJEK\\daily_report2\\public\\index.php')
CRITICAL - 2025-04-23 01:41:38 --> ErrorException: Undefined array key "master_cushion"
[Method: GET, Route: master-pps]
in APPPATH\Views\master_pps\index.php on line 124.
 1 APPPATH\Views\master_pps\index.php(124): CodeIgniter\Debug\Exceptions->errorHandler(2, 'Undefined array key "master_cushion"', 'D:\\Project Lintang\\PROJEK\\daily_report2\\app\\Views\\master_pps\\index.php', 124)
 2 SYSTEMPATH\View\View.php(224): include('D:\\Project Lintang\\PROJEK\\daily_report2\\app\\Views\\master_pps\\index.php')
 3 SYSTEMPATH\View\View.php(227): CodeIgniter\View\View->CodeIgniter\View\{closure}()
 4 SYSTEMPATH\Common.php(1173): CodeIgniter\View\View->render('master_pps/index', [], true)
 5 APPPATH\Controllers\MasterPps.php(28): view('master_pps/index', [...])
 6 SYSTEMPATH\CodeIgniter.php(933): App\Controllers\MasterPps->index()
 7 SYSTEMPATH\CodeIgniter.php(507): CodeIgniter\CodeIgniter->runController(Object(App\Controllers\MasterPps))
 8 SYSTEMPATH\CodeIgniter.php(354): CodeIgniter\CodeIgniter->handleRequest(null, Object(Config\Cache), false)
 9 SYSTEMPATH\Boot.php(334): CodeIgniter\CodeIgniter->run()
10 SYSTEMPATH\Boot.php(67): CodeIgniter\Boot::runCodeIgniter(Object(CodeIgniter\CodeIgniter))
11 FCPATH\index.php(56): CodeIgniter\Boot::bootWeb(Object(Config\Paths))
12 SYSTEMPATH\rewrite.php(44): require_once('D:\\Project Lintang\\PROJEK\\daily_report2\\public\\index.php')
CRITICAL - 2025-04-23 01:41:39 --> ErrorException: Undefined array key "master_cushion"
[Method: GET, Route: master-pps]
in APPPATH\Views\master_pps\index.php on line 124.
 1 APPPATH\Views\master_pps\index.php(124): CodeIgniter\Debug\Exceptions->errorHandler(2, 'Undefined array key "master_cushion"', 'D:\\Project Lintang\\PROJEK\\daily_report2\\app\\Views\\master_pps\\index.php', 124)
 2 SYSTEMPATH\View\View.php(224): include('D:\\Project Lintang\\PROJEK\\daily_report2\\app\\Views\\master_pps\\index.php')
 3 SYSTEMPATH\View\View.php(227): CodeIgniter\View\View->CodeIgniter\View\{closure}()
 4 SYSTEMPATH\Common.php(1173): CodeIgniter\View\View->render('master_pps/index', [], true)
 5 APPPATH\Controllers\MasterPps.php(28): view('master_pps/index', [...])
 6 SYSTEMPATH\CodeIgniter.php(933): App\Controllers\MasterPps->index()
 7 SYSTEMPATH\CodeIgniter.php(507): CodeIgniter\CodeIgniter->runController(Object(App\Controllers\MasterPps))
 8 SYSTEMPATH\CodeIgniter.php(354): CodeIgniter\CodeIgniter->handleRequest(null, Object(Config\Cache), false)
 9 SYSTEMPATH\Boot.php(334): CodeIgniter\CodeIgniter->run()
10 SYSTEMPATH\Boot.php(67): CodeIgniter\Boot::runCodeIgniter(Object(CodeIgniter\CodeIgniter))
11 FCPATH\index.php(56): CodeIgniter\Boot::bootWeb(Object(Config\Paths))
12 SYSTEMPATH\rewrite.php(44): require_once('D:\\Project Lintang\\PROJEK\\daily_report2\\public\\index.php')
ERROR - 2025-04-23 01:41:53 --> mysqli_sql_exception: Unknown column 'created_at' in 'field list' in D:\Project Lintang\PROJEK\daily_report2\system\Database\MySQLi\Connection.php:327
Stack trace:
#0 D:\Project Lintang\PROJEK\daily_report2\system\Database\MySQLi\Connection.php(327): mysqli->query('INSERT INTO `mc...', 0)
#1 D:\Project Lintang\PROJEK\daily_report2\system\Database\BaseConnection.php(738): CodeIgniter\Database\MySQLi\Connection->execute('INSERT INTO `mc...')
#2 D:\Project Lintang\PROJEK\daily_report2\system\Database\BaseConnection.php(652): CodeIgniter\Database\BaseConnection->simpleQuery('INSERT INTO `mc...')
#3 D:\Project Lintang\PROJEK\daily_report2\system\Database\BaseBuilder.php(2345): CodeIgniter\Database\BaseConnection->query('INSERT INTO `mc...', Array, false)
#4 D:\Project Lintang\PROJEK\daily_report2\system\Model.php(394): CodeIgniter\Database\BaseBuilder->insert()
#5 D:\Project Lintang\PROJEK\daily_report2\system\BaseModel.php(839): CodeIgniter\Model->doInsert(Array)
#6 D:\Project Lintang\PROJEK\daily_report2\system\Model.php(800): CodeIgniter\BaseModel->insert(Array, false)
#7 D:\Project Lintang\PROJEK\daily_report2\system\BaseModel.php(750): CodeIgniter\Model->insert(Array, false)
#8 D:\Project Lintang\PROJEK\daily_report2\app\Controllers\MasterPps.php(38): CodeIgniter\BaseModel->save(Array)
#9 D:\Project Lintang\PROJEK\daily_report2\system\CodeIgniter.php(933): App\Controllers\MasterPps->store()
#10 D:\Project Lintang\PROJEK\daily_report2\system\CodeIgniter.php(507): CodeIgniter\CodeIgniter->runController(Object(App\Controllers\MasterPps))
#11 D:\Project Lintang\PROJEK\daily_report2\system\CodeIgniter.php(354): CodeIgniter\CodeIgniter->handleRequest(NULL, Object(Config\Cache), false)
#12 D:\Project Lintang\PROJEK\daily_report2\system\Boot.php(334): CodeIgniter\CodeIgniter->run()
#13 D:\Project Lintang\PROJEK\daily_report2\system\Boot.php(67): CodeIgniter\Boot::runCodeIgniter(Object(CodeIgniter\CodeIgniter))
#14 D:\Project Lintang\PROJEK\daily_report2\public\index.php(56): CodeIgniter\Boot::bootWeb(Object(Config\Paths))
#15 D:\Project Lintang\PROJEK\daily_report2\system\rewrite.php(44): require_once('D:\\Project Lint...')
#16 {main}
ERROR - 2025-04-23 02:10:35 --> mysqli_sql_exception: Unknown column 'created_at' in 'field list' in D:\Project Lintang\PROJEK\daily_report2\system\Database\MySQLi\Connection.php:327
Stack trace:
#0 D:\Project Lintang\PROJEK\daily_report2\system\Database\MySQLi\Connection.php(327): mysqli->query('INSERT INTO `mc...', 0)
#1 D:\Project Lintang\PROJEK\daily_report2\system\Database\BaseConnection.php(738): CodeIgniter\Database\MySQLi\Connection->execute('INSERT INTO `mc...')
#2 D:\Project Lintang\PROJEK\daily_report2\system\Database\BaseConnection.php(652): CodeIgniter\Database\BaseConnection->simpleQuery('INSERT INTO `mc...')
#3 D:\Project Lintang\PROJEK\daily_report2\system\Database\BaseBuilder.php(2345): CodeIgniter\Database\BaseConnection->query('INSERT INTO `mc...', Array, false)
#4 D:\Project Lintang\PROJEK\daily_report2\system\Model.php(394): CodeIgniter\Database\BaseBuilder->insert()
#5 D:\Project Lintang\PROJEK\daily_report2\system\BaseModel.php(839): CodeIgniter\Model->doInsert(Array)
#6 D:\Project Lintang\PROJEK\daily_report2\system\Model.php(800): CodeIgniter\BaseModel->insert(Array, false)
#7 D:\Project Lintang\PROJEK\daily_report2\system\BaseModel.php(750): CodeIgniter\Model->insert(Array, false)
#8 D:\Project Lintang\PROJEK\daily_report2\app\Controllers\MasterPps.php(42): CodeIgniter\BaseModel->save(Array)
#9 D:\Project Lintang\PROJEK\daily_report2\system\CodeIgniter.php(933): App\Controllers\MasterPps->store()
#10 D:\Project Lintang\PROJEK\daily_report2\system\CodeIgniter.php(507): CodeIgniter\CodeIgniter->runController(Object(App\Controllers\MasterPps))
#11 D:\Project Lintang\PROJEK\daily_report2\system\CodeIgniter.php(354): CodeIgniter\CodeIgniter->handleRequest(NULL, Object(Config\Cache), false)
#12 D:\Project Lintang\PROJEK\daily_report2\system\Boot.php(334): CodeIgniter\CodeIgniter->run()
#13 D:\Project Lintang\PROJEK\daily_report2\system\Boot.php(67): CodeIgniter\Boot::runCodeIgniter(Object(CodeIgniter\CodeIgniter))
#14 D:\Project Lintang\PROJEK\daily_report2\public\index.php(56): CodeIgniter\Boot::bootWeb(Object(Config\Paths))
#15 D:\Project Lintang\PROJEK\daily_report2\system\rewrite.php(44): require_once('D:\\Project Lint...')
#16 {main}
ERROR - 2025-04-23 02:11:23 --> mysqli_sql_exception: Unknown column 'updated_at' in 'field list' in D:\Project Lintang\PROJEK\daily_report2\system\Database\MySQLi\Connection.php:327
Stack trace:
#0 D:\Project Lintang\PROJEK\daily_report2\system\Database\MySQLi\Connection.php(327): mysqli->query('UPDATE `mc_spec...', 0)
#1 D:\Project Lintang\PROJEK\daily_report2\system\Database\BaseConnection.php(738): CodeIgniter\Database\MySQLi\Connection->execute('UPDATE `mc_spec...')
#2 D:\Project Lintang\PROJEK\daily_report2\system\Database\BaseConnection.php(652): CodeIgniter\Database\BaseConnection->simpleQuery('UPDATE `mc_spec...')
#3 D:\Project Lintang\PROJEK\daily_report2\system\Database\BaseBuilder.php(2521): CodeIgniter\Database\BaseConnection->query('UPDATE `mc_spec...', Array, false)
#4 D:\Project Lintang\PROJEK\daily_report2\system\Model.php(461): CodeIgniter\Database\BaseBuilder->update()
#5 D:\Project Lintang\PROJEK\daily_report2\system\BaseModel.php(1027): CodeIgniter\Model->doUpdate(Array, Array)
#6 D:\Project Lintang\PROJEK\daily_report2\system\Model.php(863): CodeIgniter\BaseModel->update(Array, Array)
#7 D:\Project Lintang\PROJEK\daily_report2\app\Controllers\MasterPps.php(89): CodeIgniter\Model->update('1', Array)
#8 D:\Project Lintang\PROJEK\daily_report2\system\CodeIgniter.php(933): App\Controllers\MasterPps->update('1')
#9 D:\Project Lintang\PROJEK\daily_report2\system\CodeIgniter.php(507): CodeIgniter\CodeIgniter->runController(Object(App\Controllers\MasterPps))
#10 D:\Project Lintang\PROJEK\daily_report2\system\CodeIgniter.php(354): CodeIgniter\CodeIgniter->handleRequest(NULL, Object(Config\Cache), false)
#11 D:\Project Lintang\PROJEK\daily_report2\system\Boot.php(334): CodeIgniter\CodeIgniter->run()
#12 D:\Project Lintang\PROJEK\daily_report2\system\Boot.php(67): CodeIgniter\Boot::runCodeIgniter(Object(CodeIgniter\CodeIgniter))
#13 D:\Project Lintang\PROJEK\daily_report2\public\index.php(56): CodeIgniter\Boot::bootWeb(Object(Config\Paths))
#14 D:\Project Lintang\PROJEK\daily_report2\system\rewrite.php(44): require_once('D:\\Project Lint...')
#15 {main}
ERROR - 2025-04-23 02:12:00 --> mysqli_sql_exception: Unknown column 'created_at' in 'field list' in D:\Project Lintang\PROJEK\daily_report2\system\Database\MySQLi\Connection.php:327
Stack trace:
#0 D:\Project Lintang\PROJEK\daily_report2\system\Database\MySQLi\Connection.php(327): mysqli->query('INSERT INTO `mc...', 0)
#1 D:\Project Lintang\PROJEK\daily_report2\system\Database\BaseConnection.php(738): CodeIgniter\Database\MySQLi\Connection->execute('INSERT INTO `mc...')
#2 D:\Project Lintang\PROJEK\daily_report2\system\Database\BaseConnection.php(652): CodeIgniter\Database\BaseConnection->simpleQuery('INSERT INTO `mc...')
#3 D:\Project Lintang\PROJEK\daily_report2\system\Database\BaseBuilder.php(2345): CodeIgniter\Database\BaseConnection->query('INSERT INTO `mc...', Array, false)
#4 D:\Project Lintang\PROJEK\daily_report2\system\Model.php(394): CodeIgniter\Database\BaseBuilder->insert()
#5 D:\Project Lintang\PROJEK\daily_report2\system\BaseModel.php(839): CodeIgniter\Model->doInsert(Array)
#6 D:\Project Lintang\PROJEK\daily_report2\system\Model.php(800): CodeIgniter\BaseModel->insert(Array, false)
#7 D:\Project Lintang\PROJEK\daily_report2\system\BaseModel.php(750): CodeIgniter\Model->insert(Array, false)
#8 D:\Project Lintang\PROJEK\daily_report2\app\Controllers\MasterPps.php(42): CodeIgniter\BaseModel->save(Array)
#9 D:\Project Lintang\PROJEK\daily_report2\system\CodeIgniter.php(933): App\Controllers\MasterPps->store()
#10 D:\Project Lintang\PROJEK\daily_report2\system\CodeIgniter.php(507): CodeIgniter\CodeIgniter->runController(Object(App\Controllers\MasterPps))
#11 D:\Project Lintang\PROJEK\daily_report2\system\CodeIgniter.php(354): CodeIgniter\CodeIgniter->handleRequest(NULL, Object(Config\Cache), false)
#12 D:\Project Lintang\PROJEK\daily_report2\system\Boot.php(334): CodeIgniter\CodeIgniter->run()
#13 D:\Project Lintang\PROJEK\daily_report2\system\Boot.php(67): CodeIgniter\Boot::runCodeIgniter(Object(CodeIgniter\CodeIgniter))
#14 D:\Project Lintang\PROJEK\daily_report2\public\index.php(56): CodeIgniter\Boot::bootWeb(Object(Config\Paths))
#15 D:\Project Lintang\PROJEK\daily_report2\system\rewrite.php(44): require_once('D:\\Project Lint...')
#16 {main}
ERROR - 2025-04-23 02:12:39 --> mysqli_sql_exception: Unknown column 'created_at' in 'field list' in D:\Project Lintang\PROJEK\daily_report2\system\Database\MySQLi\Connection.php:327
Stack trace:
#0 D:\Project Lintang\PROJEK\daily_report2\system\Database\MySQLi\Connection.php(327): mysqli->query('INSERT INTO `mc...', 0)
#1 D:\Project Lintang\PROJEK\daily_report2\system\Database\BaseConnection.php(738): CodeIgniter\Database\MySQLi\Connection->execute('INSERT INTO `mc...')
#2 D:\Project Lintang\PROJEK\daily_report2\system\Database\BaseConnection.php(652): CodeIgniter\Database\BaseConnection->simpleQuery('INSERT INTO `mc...')
#3 D:\Project Lintang\PROJEK\daily_report2\system\Database\BaseBuilder.php(2345): CodeIgniter\Database\BaseConnection->query('INSERT INTO `mc...', Array, false)
#4 D:\Project Lintang\PROJEK\daily_report2\system\Model.php(394): CodeIgniter\Database\BaseBuilder->insert()
#5 D:\Project Lintang\PROJEK\daily_report2\system\BaseModel.php(839): CodeIgniter\Model->doInsert(Array)
#6 D:\Project Lintang\PROJEK\daily_report2\system\Model.php(800): CodeIgniter\BaseModel->insert(Array, false)
#7 D:\Project Lintang\PROJEK\daily_report2\system\BaseModel.php(750): CodeIgniter\Model->insert(Array, false)
#8 D:\Project Lintang\PROJEK\daily_report2\app\Controllers\MasterPps.php(42): CodeIgniter\BaseModel->save(Array)
#9 D:\Project Lintang\PROJEK\daily_report2\system\CodeIgniter.php(933): App\Controllers\MasterPps->store()
#10 D:\Project Lintang\PROJEK\daily_report2\system\CodeIgniter.php(507): CodeIgniter\CodeIgniter->runController(Object(App\Controllers\MasterPps))
#11 D:\Project Lintang\PROJEK\daily_report2\system\CodeIgniter.php(354): CodeIgniter\CodeIgniter->handleRequest(NULL, Object(Config\Cache), false)
#12 D:\Project Lintang\PROJEK\daily_report2\system\Boot.php(334): CodeIgniter\CodeIgniter->run()
#13 D:\Project Lintang\PROJEK\daily_report2\system\Boot.php(67): CodeIgniter\Boot::runCodeIgniter(Object(CodeIgniter\CodeIgniter))
#14 D:\Project Lintang\PROJEK\daily_report2\public\index.php(56): CodeIgniter\Boot::bootWeb(Object(Config\Paths))
#15 D:\Project Lintang\PROJEK\daily_report2\system\rewrite.php(44): require_once('D:\\Project Lint...')
#16 {main}
ERROR - 2025-04-23 02:13:25 --> mysqli_sql_exception: Unknown column 'created_at' in 'field list' in D:\Project Lintang\PROJEK\daily_report2\system\Database\MySQLi\Connection.php:327
Stack trace:
#0 D:\Project Lintang\PROJEK\daily_report2\system\Database\MySQLi\Connection.php(327): mysqli->query('INSERT INTO `mc...', 0)
#1 D:\Project Lintang\PROJEK\daily_report2\system\Database\BaseConnection.php(738): CodeIgniter\Database\MySQLi\Connection->execute('INSERT INTO `mc...')
#2 D:\Project Lintang\PROJEK\daily_report2\system\Database\BaseConnection.php(652): CodeIgniter\Database\BaseConnection->simpleQuery('INSERT INTO `mc...')
#3 D:\Project Lintang\PROJEK\daily_report2\system\Database\BaseBuilder.php(2345): CodeIgniter\Database\BaseConnection->query('INSERT INTO `mc...', Array, false)
#4 D:\Project Lintang\PROJEK\daily_report2\system\Model.php(394): CodeIgniter\Database\BaseBuilder->insert()
#5 D:\Project Lintang\PROJEK\daily_report2\system\BaseModel.php(839): CodeIgniter\Model->doInsert(Array)
#6 D:\Project Lintang\PROJEK\daily_report2\system\Model.php(800): CodeIgniter\BaseModel->insert(Array, false)
#7 D:\Project Lintang\PROJEK\daily_report2\system\BaseModel.php(750): CodeIgniter\Model->insert(Array, false)
#8 D:\Project Lintang\PROJEK\daily_report2\app\Controllers\MasterPps.php(42): CodeIgniter\BaseModel->save(Array)
#9 D:\Project Lintang\PROJEK\daily_report2\system\CodeIgniter.php(933): App\Controllers\MasterPps->store()
#10 D:\Project Lintang\PROJEK\daily_report2\system\CodeIgniter.php(507): CodeIgniter\CodeIgniter->runController(Object(App\Controllers\MasterPps))
#11 D:\Project Lintang\PROJEK\daily_report2\system\CodeIgniter.php(354): CodeIgniter\CodeIgniter->handleRequest(NULL, Object(Config\Cache), false)
#12 D:\Project Lintang\PROJEK\daily_report2\system\Boot.php(334): CodeIgniter\CodeIgniter->run()
#13 D:\Project Lintang\PROJEK\daily_report2\system\Boot.php(67): CodeIgniter\Boot::runCodeIgniter(Object(CodeIgniter\CodeIgniter))
#14 D:\Project Lintang\PROJEK\daily_report2\public\index.php(56): CodeIgniter\Boot::bootWeb(Object(Config\Paths))
#15 D:\Project Lintang\PROJEK\daily_report2\system\rewrite.php(44): require_once('D:\\Project Lint...')
#16 {main}
ERROR - 2025-04-23 02:13:41 --> mysqli_sql_exception: Unknown column 'created_at' in 'field list' in D:\Project Lintang\PROJEK\daily_report2\system\Database\MySQLi\Connection.php:327
Stack trace:
#0 D:\Project Lintang\PROJEK\daily_report2\system\Database\MySQLi\Connection.php(327): mysqli->query('INSERT INTO `mc...', 0)
#1 D:\Project Lintang\PROJEK\daily_report2\system\Database\BaseConnection.php(738): CodeIgniter\Database\MySQLi\Connection->execute('INSERT INTO `mc...')
#2 D:\Project Lintang\PROJEK\daily_report2\system\Database\BaseConnection.php(652): CodeIgniter\Database\BaseConnection->simpleQuery('INSERT INTO `mc...')
#3 D:\Project Lintang\PROJEK\daily_report2\system\Database\BaseBuilder.php(2345): CodeIgniter\Database\BaseConnection->query('INSERT INTO `mc...', Array, false)
#4 D:\Project Lintang\PROJEK\daily_report2\system\Model.php(394): CodeIgniter\Database\BaseBuilder->insert()
#5 D:\Project Lintang\PROJEK\daily_report2\system\BaseModel.php(839): CodeIgniter\Model->doInsert(Array)
#6 D:\Project Lintang\PROJEK\daily_report2\system\Model.php(800): CodeIgniter\BaseModel->insert(Array, false)
#7 D:\Project Lintang\PROJEK\daily_report2\system\BaseModel.php(750): CodeIgniter\Model->insert(Array, false)
#8 D:\Project Lintang\PROJEK\daily_report2\app\Controllers\MasterPps.php(42): CodeIgniter\BaseModel->save(Array)
#9 D:\Project Lintang\PROJEK\daily_report2\system\CodeIgniter.php(933): App\Controllers\MasterPps->store()
#10 D:\Project Lintang\PROJEK\daily_report2\system\CodeIgniter.php(507): CodeIgniter\CodeIgniter->runController(Object(App\Controllers\MasterPps))
#11 D:\Project Lintang\PROJEK\daily_report2\system\CodeIgniter.php(354): CodeIgniter\CodeIgniter->handleRequest(NULL, Object(Config\Cache), false)
#12 D:\Project Lintang\PROJEK\daily_report2\system\Boot.php(334): CodeIgniter\CodeIgniter->run()
#13 D:\Project Lintang\PROJEK\daily_report2\system\Boot.php(67): CodeIgniter\Boot::runCodeIgniter(Object(CodeIgniter\CodeIgniter))
#14 D:\Project Lintang\PROJEK\daily_report2\public\index.php(56): CodeIgniter\Boot::bootWeb(Object(Config\Paths))
#15 D:\Project Lintang\PROJEK\daily_report2\system\rewrite.php(44): require_once('D:\\Project Lint...')
#16 {main}
ERROR - 2025-04-23 02:13:52 --> mysqli_sql_exception: Unknown column 'created_at' in 'field list' in D:\Project Lintang\PROJEK\daily_report2\system\Database\MySQLi\Connection.php:327
Stack trace:
#0 D:\Project Lintang\PROJEK\daily_report2\system\Database\MySQLi\Connection.php(327): mysqli->query('INSERT INTO `mc...', 0)
#1 D:\Project Lintang\PROJEK\daily_report2\system\Database\BaseConnection.php(738): CodeIgniter\Database\MySQLi\Connection->execute('INSERT INTO `mc...')
#2 D:\Project Lintang\PROJEK\daily_report2\system\Database\BaseConnection.php(652): CodeIgniter\Database\BaseConnection->simpleQuery('INSERT INTO `mc...')
#3 D:\Project Lintang\PROJEK\daily_report2\system\Database\BaseBuilder.php(2345): CodeIgniter\Database\BaseConnection->query('INSERT INTO `mc...', Array, false)
#4 D:\Project Lintang\PROJEK\daily_report2\system\Model.php(394): CodeIgniter\Database\BaseBuilder->insert()
#5 D:\Project Lintang\PROJEK\daily_report2\system\BaseModel.php(839): CodeIgniter\Model->doInsert(Array)
#6 D:\Project Lintang\PROJEK\daily_report2\system\Model.php(800): CodeIgniter\BaseModel->insert(Array, false)
#7 D:\Project Lintang\PROJEK\daily_report2\system\BaseModel.php(750): CodeIgniter\Model->insert(Array, false)
#8 D:\Project Lintang\PROJEK\daily_report2\app\Controllers\MasterPps.php(42): CodeIgniter\BaseModel->save(Array)
#9 D:\Project Lintang\PROJEK\daily_report2\system\CodeIgniter.php(933): App\Controllers\MasterPps->store()
#10 D:\Project Lintang\PROJEK\daily_report2\system\CodeIgniter.php(507): CodeIgniter\CodeIgniter->runController(Object(App\Controllers\MasterPps))
#11 D:\Project Lintang\PROJEK\daily_report2\system\CodeIgniter.php(354): CodeIgniter\CodeIgniter->handleRequest(NULL, Object(Config\Cache), false)
#12 D:\Project Lintang\PROJEK\daily_report2\system\Boot.php(334): CodeIgniter\CodeIgniter->run()
#13 D:\Project Lintang\PROJEK\daily_report2\system\Boot.php(67): CodeIgniter\Boot::runCodeIgniter(Object(CodeIgniter\CodeIgniter))
#14 D:\Project Lintang\PROJEK\daily_report2\public\index.php(56): CodeIgniter\Boot::bootWeb(Object(Config\Paths))
#15 D:\Project Lintang\PROJEK\daily_report2\system\rewrite.php(44): require_once('D:\\Project Lint...')
#16 {main}
ERROR - 2025-04-23 02:14:15 --> mysqli_sql_exception: Unknown column 'created_at' in 'field list' in D:\Project Lintang\PROJEK\daily_report2\system\Database\MySQLi\Connection.php:327
Stack trace:
#0 D:\Project Lintang\PROJEK\daily_report2\system\Database\MySQLi\Connection.php(327): mysqli->query('INSERT INTO `mc...', 0)
#1 D:\Project Lintang\PROJEK\daily_report2\system\Database\BaseConnection.php(738): CodeIgniter\Database\MySQLi\Connection->execute('INSERT INTO `mc...')
#2 D:\Project Lintang\PROJEK\daily_report2\system\Database\BaseConnection.php(652): CodeIgniter\Database\BaseConnection->simpleQuery('INSERT INTO `mc...')
#3 D:\Project Lintang\PROJEK\daily_report2\system\Database\BaseBuilder.php(2345): CodeIgniter\Database\BaseConnection->query('INSERT INTO `mc...', Array, false)
#4 D:\Project Lintang\PROJEK\daily_report2\system\Model.php(394): CodeIgniter\Database\BaseBuilder->insert()
#5 D:\Project Lintang\PROJEK\daily_report2\system\BaseModel.php(839): CodeIgniter\Model->doInsert(Array)
#6 D:\Project Lintang\PROJEK\daily_report2\system\Model.php(800): CodeIgniter\BaseModel->insert(Array, false)
#7 D:\Project Lintang\PROJEK\daily_report2\system\BaseModel.php(750): CodeIgniter\Model->insert(Array, false)
#8 D:\Project Lintang\PROJEK\daily_report2\app\Controllers\MasterPps.php(42): CodeIgniter\BaseModel->save(Array)
#9 D:\Project Lintang\PROJEK\daily_report2\system\CodeIgniter.php(933): App\Controllers\MasterPps->store()
#10 D:\Project Lintang\PROJEK\daily_report2\system\CodeIgniter.php(507): CodeIgniter\CodeIgniter->runController(Object(App\Controllers\MasterPps))
#11 D:\Project Lintang\PROJEK\daily_report2\system\CodeIgniter.php(354): CodeIgniter\CodeIgniter->handleRequest(NULL, Object(Config\Cache), false)
#12 D:\Project Lintang\PROJEK\daily_report2\system\Boot.php(334): CodeIgniter\CodeIgniter->run()
#13 D:\Project Lintang\PROJEK\daily_report2\system\Boot.php(67): CodeIgniter\Boot::runCodeIgniter(Object(CodeIgniter\CodeIgniter))
#14 D:\Project Lintang\PROJEK\daily_report2\public\index.php(56): CodeIgniter\Boot::bootWeb(Object(Config\Paths))
#15 D:\Project Lintang\PROJEK\daily_report2\system\rewrite.php(44): require_once('D:\\Project Lint...')
#16 {main}
CRITICAL - 2025-04-23 02:49:18 --> ErrorException: Undefined variable $materials
[Method: GET, Route: pps/edit/69]
in APPPATH\Views\pps\edit.php on line 187.
 1 APPPATH\Views\pps\edit.php(187): CodeIgniter\Debug\Exceptions->errorHandler(2, 'Undefined variable $materials', 'D:\\Project Lintang\\PROJEK\\daily_report2\\app\\Views\\pps\\edit.php', 187)
 2 SYSTEMPATH\View\View.php(224): include('D:\\Project Lintang\\PROJEK\\daily_report2\\app\\Views\\pps\\edit.php')
 3 SYSTEMPATH\View\View.php(227): CodeIgniter\View\View->CodeIgniter\View\{closure}()
 4 SYSTEMPATH\Common.php(1173): CodeIgniter\View\View->render('pps/edit', [], true)
 5 APPPATH\Controllers\Pps.php(1449): view('pps/edit', [...])
 6 SYSTEMPATH\CodeIgniter.php(933): App\Controllers\Pps->edit('69')
 7 SYSTEMPATH\CodeIgniter.php(507): CodeIgniter\CodeIgniter->runController(Object(App\Controllers\Pps))
 8 SYSTEMPATH\CodeIgniter.php(354): CodeIgniter\CodeIgniter->handleRequest(null, Object(Config\Cache), false)
 9 SYSTEMPATH\Boot.php(334): CodeIgniter\CodeIgniter->run()
10 SYSTEMPATH\Boot.php(67): CodeIgniter\Boot::runCodeIgniter(Object(CodeIgniter\CodeIgniter))
11 FCPATH\index.php(56): CodeIgniter\Boot::bootWeb(Object(Config\Paths))
12 SYSTEMPATH\rewrite.php(44): require_once('D:\\Project Lintang\\PROJEK\\daily_report2\\public\\index.php')
CRITICAL - 2025-04-23 04:45:37 --> Error: Undefined constant "App\Controllers\die_construction_img"
[Method: POST, Route: pps/submit]
in APPPATH\Controllers\Pps.php on line 1865.
 1 SYSTEMPATH\CodeIgniter.php(933): App\Controllers\Pps->submitAndDownload()
 2 SYSTEMPATH\CodeIgniter.php(507): CodeIgniter\CodeIgniter->runController(Object(App\Controllers\Pps))
 3 SYSTEMPATH\CodeIgniter.php(354): CodeIgniter\CodeIgniter->handleRequest(null, Object(Config\Cache), false)
 4 SYSTEMPATH\Boot.php(334): CodeIgniter\CodeIgniter->run()
 5 SYSTEMPATH\Boot.php(67): CodeIgniter\Boot::runCodeIgniter(Object(CodeIgniter\CodeIgniter))
 6 FCPATH\index.php(56): CodeIgniter\Boot::bootWeb(Object(Config\Paths))
 7 SYSTEMPATH\rewrite.php(44): require_once('D:\\Project Lintang\\PROJEK\\daily_report2\\public\\index.php')
CRITICAL - 2025-04-23 04:46:01 --> ErrorException: Undefined array key "die_construction_img"
[Method: POST, Route: pps/submit]
in APPPATH\Controllers\Pps.php on line 1865.
 1 APPPATH\Controllers\Pps.php(1865): CodeIgniter\Debug\Exceptions->errorHandler(2, 'Undefined array key "die_construction_img"', 'D:\\Project Lintang\\PROJEK\\daily_report2\\app\\Controllers\\Pps.php', 1865)
 2 SYSTEMPATH\CodeIgniter.php(933): App\Controllers\Pps->submitAndDownload()
 3 SYSTEMPATH\CodeIgniter.php(507): CodeIgniter\CodeIgniter->runController(Object(App\Controllers\Pps))
 4 SYSTEMPATH\CodeIgniter.php(354): CodeIgniter\CodeIgniter->handleRequest(null, Object(Config\Cache), false)
 5 SYSTEMPATH\Boot.php(334): CodeIgniter\CodeIgniter->run()
 6 SYSTEMPATH\Boot.php(67): CodeIgniter\Boot::runCodeIgniter(Object(CodeIgniter\CodeIgniter))
 7 FCPATH\index.php(56): CodeIgniter\Boot::bootWeb(Object(Config\Paths))
 8 SYSTEMPATH\rewrite.php(44): require_once('D:\\Project Lintang\\PROJEK\\daily_report2\\public\\index.php')
CRITICAL - 2025-04-23 04:46:38 --> ErrorException: Undefined array key "die_construction_img"
[Method: POST, Route: pps/submit]
in APPPATH\Controllers\Pps.php on line 1864.
 1 APPPATH\Controllers\Pps.php(1864): CodeIgniter\Debug\Exceptions->errorHandler(2, 'Undefined array key "die_construction_img"', 'D:\\Project Lintang\\PROJEK\\daily_report2\\app\\Controllers\\Pps.php', 1864)
 2 SYSTEMPATH\CodeIgniter.php(933): App\Controllers\Pps->submitAndDownload()
 3 SYSTEMPATH\CodeIgniter.php(507): CodeIgniter\CodeIgniter->runController(Object(App\Controllers\Pps))
 4 SYSTEMPATH\CodeIgniter.php(354): CodeIgniter\CodeIgniter->handleRequest(null, Object(Config\Cache), false)
 5 SYSTEMPATH\Boot.php(334): CodeIgniter\CodeIgniter->run()
 6 SYSTEMPATH\Boot.php(67): CodeIgniter\Boot::runCodeIgniter(Object(CodeIgniter\CodeIgniter))
 7 FCPATH\index.php(56): CodeIgniter\Boot::bootWeb(Object(Config\Paths))
 8 SYSTEMPATH\rewrite.php(44): require_once('D:\\Project Lintang\\PROJEK\\daily_report2\\public\\index.php')
CRITICAL - 2025-04-23 04:49:45 --> ErrorException: copy(D:\Project Lintang\PROJEK\daily_report2\public\uploads/process_layout/Screenshot%202025-04-12%20154102.png): Failed to open stream: No such file or directory
[Method: POST, Route: pps/submit]
in APPPATH\Controllers\Pps.php on line 1806.
 1 [internal function]: CodeIgniter\Debug\Exceptions->errorHandler(2, 'copy(D:\\Project Lintang\\PROJEK\\daily_report2\\public\\uploads/process_layout/Screenshot%202025-04-12%20154102.png): Failed to open stream: No such file or directory', 'D:\\Project Lintang\\PROJEK\\daily_report2\\app\\Controllers\\Pps.php', 1806)
 2 APPPATH\Controllers\Pps.php(1806): copy('D:\\Project Lintang\\PROJEK\\daily_report2\\public\\uploads/process_layout/Screenshot%202025-04-12%20154102.png', 'D:\\Project Lintang\\PROJEK\\daily_report2\\public\\uploads/pps/die_constr_1745383785_0.png')
 3 SYSTEMPATH\CodeIgniter.php(933): App\Controllers\Pps->submitAndDownload()
 4 SYSTEMPATH\CodeIgniter.php(507): CodeIgniter\CodeIgniter->runController(Object(App\Controllers\Pps))
 5 SYSTEMPATH\CodeIgniter.php(354): CodeIgniter\CodeIgniter->handleRequest(null, Object(Config\Cache), false)
 6 SYSTEMPATH\Boot.php(334): CodeIgniter\CodeIgniter->run()
 7 SYSTEMPATH\Boot.php(67): CodeIgniter\Boot::runCodeIgniter(Object(CodeIgniter\CodeIgniter))
 8 FCPATH\index.php(56): CodeIgniter\Boot::bootWeb(Object(Config\Paths))
 9 SYSTEMPATH\rewrite.php(44): require_once('D:\\Project Lintang\\PROJEK\\daily_report2\\public\\index.php')
