CRITICAL - 2025-06-03 04:28:36 --> ErrorException: include_once(D:\Project Lintang\PROJEK\daily_report2\system\Helpers\kint_helper.php): Failed to open stream: No such file or directory
[Method: GET, Route: /]
in SYSTEMPATH\Common.php on line 643.
 1 SYSTEMPATH\Common.php(643): CodeIgniter\Debug\Exceptions->errorHandler(2, 'include_once(D:\\Project Lintang\\PROJEK\\daily_report2\\system\\Helpers\\kint_helper.php): Failed to open stream: No such file or directory', 'C:\\xampp\\htdocs\\daily_report2\\system\\Common.php', 643)
 2 SYSTEMPATH\Common.php(643): include_once()
 3 SYSTEMPATH\Autoloader\Autoloader.php(505): helper([...])
 4 SYSTEMPATH\Boot.php(302): CodeIgniter\Autoloader\Autoloader->initializeKint(false)
 5 SYSTEMPATH\Boot.php(98): CodeIgniter\Boot::initializeKint()
 6 ROOTPATH\spark(84): CodeIgniter\Boot::bootSpark(Object(Config\Paths))
CRITICAL - 2025-06-03 04:28:36 --> ErrorException: Uncaught Error: Class "Locale" not found in C:\xampp\htdocs\daily_report2\system\I18n\TimeTrait.php:76
Stack trace:
#0 C:\xampp\htdocs\daily_report2\system\I18n\TimeTrait.php(117): CodeIgniter\I18n\Time->__construct(NULL, NULL, NULL)
#1 C:\xampp\htdocs\daily_report2\system\HTTP\ResponseTrait.php(398): CodeIgniter\I18n\Time::now()
#2 C:\xampp\htdocs\daily_report2\system\HTTP\ResponseTrait.php(376): CodeIgniter\HTTP\Response->sendHeaders()
#3 C:\xampp\htdocs\daily_report2\system\Debug\ExceptionHandler.php(85): CodeIgniter\HTTP\Response->send()
#4 C:\xampp\htdocs\daily_report2\system\Debug\Exceptions.php(162): CodeIgniter\Debug\ExceptionHandler->handle(Object(ErrorException), Object(CodeIgniter\HTTP\IncomingRequest), Object(CodeIgniter\HTTP\Response), 500, 1)
#5 [internal function]: CodeIgniter\Debug\Exceptions->exceptionHandler(Object(ErrorException))
#6 {main}
  thrown
【Previous Exception】
ErrorException
include_once(D:\Project Lintang\PROJEK\daily_report2\system\Helpers\kint_helper.php): Failed to open stream: No such file or directory
#0 C:\xampp\htdocs\daily_report2\system\Common.php(643): CodeIgniter\Debug\Exceptions->errorHandler(2, 'include_once(D:...', 'C:\\xampp\\htdocs...', 643)
#1 C:\xampp\htdocs\daily_report2\system\Common.php(643): include_once()
#2 C:\xampp\htdocs\daily_report2\system\Autoloader\Autoloader.php(505): helper(Array)
#3 C:\xampp\htdocs\daily_report2\system\Boot.php(302): CodeIgniter\Autoloader\Autoloader->initializeKint(false)
#4 C:\xampp\htdocs\daily_report2\system\Boot.php(98): CodeIgniter\Boot::initializeKint()
#5 C:\xampp\htdocs\daily_report2\spark(84): CodeIgniter\Boot::bootSpark(Object(Config\Paths))
#6 {main}
[Method: GET, Route: /]
in SYSTEMPATH\I18n\TimeTrait.php on line 76.
 1 [internal function]: CodeIgniter\Debug\Exceptions->shutdownHandler()
CRITICAL - 2025-06-03 04:38:10 --> Error: Class "Locale" not found
[Method: GET, Route: /]
in SYSTEMPATH\CodeIgniter.php on line 189.
 1 SYSTEMPATH\Boot.php(321): CodeIgniter\CodeIgniter->initialize()
 2 SYSTEMPATH\Boot.php(101): CodeIgniter\Boot::initializeCodeIgniter()
 3 ROOTPATH\spark(84): CodeIgniter\Boot::bootSpark(Object(Config\Paths))
CRITICAL - 2025-06-03 04:38:10 --> ErrorException: Uncaught Error: Class "Locale" not found in C:\xampp\htdocs\daily_report2\system\I18n\TimeTrait.php:76
Stack trace:
#0 C:\xampp\htdocs\daily_report2\system\I18n\TimeTrait.php(117): CodeIgniter\I18n\Time->__construct(NULL, NULL, NULL)
#1 C:\xampp\htdocs\daily_report2\system\HTTP\ResponseTrait.php(398): CodeIgniter\I18n\Time::now()
#2 C:\xampp\htdocs\daily_report2\system\HTTP\ResponseTrait.php(376): CodeIgniter\HTTP\Response->sendHeaders()
#3 C:\xampp\htdocs\daily_report2\system\Debug\ExceptionHandler.php(85): CodeIgniter\HTTP\Response->send()
#4 C:\xampp\htdocs\daily_report2\system\Debug\Exceptions.php(162): CodeIgniter\Debug\ExceptionHandler->handle(Object(Error), Object(CodeIgniter\HTTP\IncomingRequest), Object(CodeIgniter\HTTP\Response), 500, 1)
#5 [internal function]: CodeIgniter\Debug\Exceptions->exceptionHandler(Object(Error))
#6 {main}
  thrown
【Previous Exception】
Error
Class "Locale" not found
#0 C:\xampp\htdocs\daily_report2\system\Boot.php(321): CodeIgniter\CodeIgniter->initialize()
#1 C:\xampp\htdocs\daily_report2\system\Boot.php(101): CodeIgniter\Boot::initializeCodeIgniter()
#2 C:\xampp\htdocs\daily_report2\spark(84): CodeIgniter\Boot::bootSpark(Object(Config\Paths))
#3 {main}
[Method: GET, Route: /]
in SYSTEMPATH\I18n\TimeTrait.php on line 76.
 1 [internal function]: CodeIgniter\Debug\Exceptions->shutdownHandler()
