CRITICAL - 2025-04-09 01:16:06 --> ErrorException: Undefined variable $overviewId
[Method: GET, Route: dcp/create/206]
in APPPATH\Controllers\Dcp.php on line 294.
 1 APPPATH\Controllers\Dcp.php(294): CodeIgniter\Debug\Exceptions->errorHandler(2, 'Undefined variable $overviewId', 'D:\\Project Lintang\\PROJEK\\daily_report2\\app\\Controllers\\Dcp.php', 294)
 2 SYSTEMPATH\CodeIgniter.php(933): App\Controllers\Dcp->create('206')
 3 SYSTEMPATH\CodeIgniter.php(507): CodeIgniter\CodeIgniter->runController(Object(App\Controllers\Dcp))
 4 SYSTEMPATH\CodeIgniter.php(354): CodeIgniter\CodeIgniter->handleRequest(null, Object(Config\Cache), false)
 5 SYSTEMPATH\Boot.php(334): CodeIgniter\CodeIgniter->run()
 6 SYSTEMPATH\Boot.php(67): CodeIgniter\Boot::runCodeIgniter(Object(CodeIgniter\CodeIgniter))
 7 FCPATH\index.php(56): CodeIgniter\Boot::bootWeb(Object(Config\Paths))
 8 SYSTEMPATH\rewrite.php(44): require_once('D:\\Project Lintang\\PROJEK\\daily_report2\\public\\index.php')
ERROR - 2025-04-09 01:20:06 --> mysqli_sql_exception: Unknown column 'status' in 'where clause' in D:\Project Lintang\PROJEK\daily_report2\system\Database\MySQLi\Connection.php:327
Stack trace:
#0 D:\Project Lintang\PROJEK\daily_report2\system\Database\MySQLi\Connection.php(327): mysqli->query('SELECT *\nFROM `...', 0)
#1 D:\Project Lintang\PROJEK\daily_report2\system\Database\BaseConnection.php(738): CodeIgniter\Database\MySQLi\Connection->execute('SELECT *\nFROM `...')
#2 D:\Project Lintang\PROJEK\daily_report2\system\Database\BaseConnection.php(652): CodeIgniter\Database\BaseConnection->simpleQuery('SELECT *\nFROM `...')
#3 D:\Project Lintang\PROJEK\daily_report2\system\Database\BaseBuilder.php(1649): CodeIgniter\Database\BaseConnection->query('SELECT *\nFROM `...', Array, false)
#4 D:\Project Lintang\PROJEK\daily_report2\system\Model.php(286): CodeIgniter\Database\BaseBuilder->get()
#5 D:\Project Lintang\PROJEK\daily_report2\system\BaseModel.php(675): CodeIgniter\Model->doFindAll(0, 0)
#6 D:\Project Lintang\PROJEK\daily_report2\app\Controllers\Dcp.php(293): CodeIgniter\BaseModel->findAll()
#7 D:\Project Lintang\PROJEK\daily_report2\system\CodeIgniter.php(933): App\Controllers\Dcp->create('206')
#8 D:\Project Lintang\PROJEK\daily_report2\system\CodeIgniter.php(507): CodeIgniter\CodeIgniter->runController(Object(App\Controllers\Dcp))
#9 D:\Project Lintang\PROJEK\daily_report2\system\CodeIgniter.php(354): CodeIgniter\CodeIgniter->handleRequest(NULL, Object(Config\Cache), false)
#10 D:\Project Lintang\PROJEK\daily_report2\system\Boot.php(334): CodeIgniter\CodeIgniter->run()
#11 D:\Project Lintang\PROJEK\daily_report2\system\Boot.php(67): CodeIgniter\Boot::runCodeIgniter(Object(CodeIgniter\CodeIgniter))
#12 D:\Project Lintang\PROJEK\daily_report2\public\index.php(56): CodeIgniter\Boot::bootWeb(Object(Config\Paths))
#13 D:\Project Lintang\PROJEK\daily_report2\system\rewrite.php(44): require_once('D:\\Project Lint...')
#14 {main}
CRITICAL - 2025-04-09 01:20:06 --> CodeIgniter\Database\Exceptions\DatabaseException: Unknown column 'status' in 'where clause'
[Method: GET, Route: dcp/create/206]
in SYSTEMPATH\Database\BaseConnection.php on line 692.
 1 SYSTEMPATH\Database\BaseBuilder.php(1649): CodeIgniter\Database\BaseConnection->query('SELECT *
FROM `dcp_main_material`
WHERE `status` = :status:', [...], false)
 2 SYSTEMPATH\Model.php(286): CodeIgniter\Database\BaseBuilder->get()
 3 SYSTEMPATH\BaseModel.php(675): CodeIgniter\Model->doFindAll(0, 0)
 4 APPPATH\Controllers\Dcp.php(293): CodeIgniter\BaseModel->findAll()
 5 SYSTEMPATH\CodeIgniter.php(933): App\Controllers\Dcp->create('206')
 6 SYSTEMPATH\CodeIgniter.php(507): CodeIgniter\CodeIgniter->runController(Object(App\Controllers\Dcp))
 7 SYSTEMPATH\CodeIgniter.php(354): CodeIgniter\CodeIgniter->handleRequest(null, Object(Config\Cache), false)
 8 SYSTEMPATH\Boot.php(334): CodeIgniter\CodeIgniter->run()
 9 SYSTEMPATH\Boot.php(67): CodeIgniter\Boot::runCodeIgniter(Object(CodeIgniter\CodeIgniter))
10 FCPATH\index.php(56): CodeIgniter\Boot::bootWeb(Object(Config\Paths))
11 SYSTEMPATH\rewrite.php(44): require_once('D:\\Project Lintang\\PROJEK\\daily_report2\\public\\index.php')
CRITICAL - 2025-04-09 01:20:06 --> [Caused by] CodeIgniter\Database\Exceptions\DatabaseException: Unknown column 'status' in 'where clause'
in SYSTEMPATH\Database\MySQLi\Connection.php on line 332.
 1 SYSTEMPATH\Database\BaseConnection.php(738): CodeIgniter\Database\MySQLi\Connection->execute('SELECT *
FROM `dcp_main_material`
WHERE `status` = 1')
 2 SYSTEMPATH\Database\BaseConnection.php(652): CodeIgniter\Database\BaseConnection->simpleQuery('SELECT *
FROM `dcp_main_material`
WHERE `status` = 1')
 3 SYSTEMPATH\Database\BaseBuilder.php(1649): CodeIgniter\Database\BaseConnection->query('SELECT *
FROM `dcp_main_material`
WHERE `status` = :status:', [...], false)
 4 SYSTEMPATH\Model.php(286): CodeIgniter\Database\BaseBuilder->get()
 5 SYSTEMPATH\BaseModel.php(675): CodeIgniter\Model->doFindAll(0, 0)
 6 APPPATH\Controllers\Dcp.php(293): CodeIgniter\BaseModel->findAll()
 7 SYSTEMPATH\CodeIgniter.php(933): App\Controllers\Dcp->create('206')
 8 SYSTEMPATH\CodeIgniter.php(507): CodeIgniter\CodeIgniter->runController(Object(App\Controllers\Dcp))
 9 SYSTEMPATH\CodeIgniter.php(354): CodeIgniter\CodeIgniter->handleRequest(null, Object(Config\Cache), false)
10 SYSTEMPATH\Boot.php(334): CodeIgniter\CodeIgniter->run()
11 SYSTEMPATH\Boot.php(67): CodeIgniter\Boot::runCodeIgniter(Object(CodeIgniter\CodeIgniter))
12 FCPATH\index.php(56): CodeIgniter\Boot::bootWeb(Object(Config\Paths))
13 SYSTEMPATH\rewrite.php(44): require_once('D:\\Project Lintang\\PROJEK\\daily_report2\\public\\index.php')
CRITICAL - 2025-04-09 01:20:06 --> [Caused by] mysqli_sql_exception: Unknown column 'status' in 'where clause'
in SYSTEMPATH\Database\MySQLi\Connection.php on line 327.
 1 SYSTEMPATH\Database\MySQLi\Connection.php(327): mysqli->query('SELECT *
FROM `dcp_main_material`
WHERE `status` = 1', 0)
 2 SYSTEMPATH\Database\BaseConnection.php(738): CodeIgniter\Database\MySQLi\Connection->execute('SELECT *
FROM `dcp_main_material`
WHERE `status` = 1')
 3 SYSTEMPATH\Database\BaseConnection.php(652): CodeIgniter\Database\BaseConnection->simpleQuery('SELECT *
FROM `dcp_main_material`
WHERE `status` = 1')
 4 SYSTEMPATH\Database\BaseBuilder.php(1649): CodeIgniter\Database\BaseConnection->query('SELECT *
FROM `dcp_main_material`
WHERE `status` = :status:', [...], false)
 5 SYSTEMPATH\Model.php(286): CodeIgniter\Database\BaseBuilder->get()
 6 SYSTEMPATH\BaseModel.php(675): CodeIgniter\Model->doFindAll(0, 0)
 7 APPPATH\Controllers\Dcp.php(293): CodeIgniter\BaseModel->findAll()
 8 SYSTEMPATH\CodeIgniter.php(933): App\Controllers\Dcp->create('206')
 9 SYSTEMPATH\CodeIgniter.php(507): CodeIgniter\CodeIgniter->runController(Object(App\Controllers\Dcp))
10 SYSTEMPATH\CodeIgniter.php(354): CodeIgniter\CodeIgniter->handleRequest(null, Object(Config\Cache), false)
11 SYSTEMPATH\Boot.php(334): CodeIgniter\CodeIgniter->run()
12 SYSTEMPATH\Boot.php(67): CodeIgniter\Boot::runCodeIgniter(Object(CodeIgniter\CodeIgniter))
13 FCPATH\index.php(56): CodeIgniter\Boot::bootWeb(Object(Config\Paths))
14 SYSTEMPATH\rewrite.php(44): require_once('D:\\Project Lintang\\PROJEK\\daily_report2\\public\\index.php')
CRITICAL - 2025-04-09 01:20:21 --> ErrorException: Undefined variable $mainMaterial
[Method: GET, Route: dcp/create/206]
in APPPATH\Views\dcp\create.php on line 1150.
 1 APPPATH\Views\dcp\create.php(1150): CodeIgniter\Debug\Exceptions->errorHandler(2, 'Undefined variable $mainMaterial', 'D:\\Project Lintang\\PROJEK\\daily_report2\\app\\Views\\dcp\\create.php', 1150)
 2 SYSTEMPATH\View\View.php(224): include('D:\\Project Lintang\\PROJEK\\daily_report2\\app\\Views\\dcp\\create.php')
 3 SYSTEMPATH\View\View.php(227): CodeIgniter\View\View->CodeIgniter\View\{closure}()
 4 SYSTEMPATH\Common.php(1173): CodeIgniter\View\View->render('dcp/create', [], true)
 5 APPPATH\Controllers\Dcp.php(322): view('dcp/create', [...])
 6 SYSTEMPATH\CodeIgniter.php(933): App\Controllers\Dcp->create('206')
 7 SYSTEMPATH\CodeIgniter.php(507): CodeIgniter\CodeIgniter->runController(Object(App\Controllers\Dcp))
 8 SYSTEMPATH\CodeIgniter.php(354): CodeIgniter\CodeIgniter->handleRequest(null, Object(Config\Cache), false)
 9 SYSTEMPATH\Boot.php(334): CodeIgniter\CodeIgniter->run()
10 SYSTEMPATH\Boot.php(67): CodeIgniter\Boot::runCodeIgniter(Object(CodeIgniter\CodeIgniter))
11 FCPATH\index.php(56): CodeIgniter\Boot::bootWeb(Object(Config\Paths))
12 SYSTEMPATH\rewrite.php(44): require_once('D:\\Project Lintang\\PROJEK\\daily_report2\\public\\index.php')
CRITICAL - 2025-04-09 01:34:33 --> ErrorException: Undefined variable $mainMaterial
[Method: GET, Route: dcp/create/206]
in APPPATH\Views\dcp\create.php on line 1027.
 1 APPPATH\Views\dcp\create.php(1027): CodeIgniter\Debug\Exceptions->errorHandler(2, 'Undefined variable $mainMaterial', 'D:\\Project Lintang\\PROJEK\\daily_report2\\app\\Views\\dcp\\create.php', 1027)
 2 SYSTEMPATH\View\View.php(224): include('D:\\Project Lintang\\PROJEK\\daily_report2\\app\\Views\\dcp\\create.php')
 3 SYSTEMPATH\View\View.php(227): CodeIgniter\View\View->CodeIgniter\View\{closure}()
 4 SYSTEMPATH\Common.php(1173): CodeIgniter\View\View->render('dcp/create', [], true)
 5 APPPATH\Controllers\Dcp.php(322): view('dcp/create', [...])
 6 SYSTEMPATH\CodeIgniter.php(933): App\Controllers\Dcp->create('206')
 7 SYSTEMPATH\CodeIgniter.php(507): CodeIgniter\CodeIgniter->runController(Object(App\Controllers\Dcp))
 8 SYSTEMPATH\CodeIgniter.php(354): CodeIgniter\CodeIgniter->handleRequest(null, Object(Config\Cache), false)
 9 SYSTEMPATH\Boot.php(334): CodeIgniter\CodeIgniter->run()
10 SYSTEMPATH\Boot.php(67): CodeIgniter\Boot::runCodeIgniter(Object(CodeIgniter\CodeIgniter))
11 FCPATH\index.php(56): CodeIgniter\Boot::bootWeb(Object(Config\Paths))
12 SYSTEMPATH\rewrite.php(44): require_once('D:\\Project Lintang\\PROJEK\\daily_report2\\public\\index.php')
CRITICAL - 2025-04-09 01:35:01 --> ErrorException: Undefined variable $mainMaterial
[Method: GET, Route: dcp/create/206]
in APPPATH\Views\dcp\create.php on line 1027.
 1 APPPATH\Views\dcp\create.php(1027): CodeIgniter\Debug\Exceptions->errorHandler(2, 'Undefined variable $mainMaterial', 'D:\\Project Lintang\\PROJEK\\daily_report2\\app\\Views\\dcp\\create.php', 1027)
 2 SYSTEMPATH\View\View.php(224): include('D:\\Project Lintang\\PROJEK\\daily_report2\\app\\Views\\dcp\\create.php')
 3 SYSTEMPATH\View\View.php(227): CodeIgniter\View\View->CodeIgniter\View\{closure}()
 4 SYSTEMPATH\Common.php(1173): CodeIgniter\View\View->render('dcp/create', [], true)
 5 APPPATH\Controllers\Dcp.php(317): view('dcp/create', [...])
 6 SYSTEMPATH\CodeIgniter.php(933): App\Controllers\Dcp->create('206')
 7 SYSTEMPATH\CodeIgniter.php(507): CodeIgniter\CodeIgniter->runController(Object(App\Controllers\Dcp))
 8 SYSTEMPATH\CodeIgniter.php(354): CodeIgniter\CodeIgniter->handleRequest(null, Object(Config\Cache), false)
 9 SYSTEMPATH\Boot.php(334): CodeIgniter\CodeIgniter->run()
10 SYSTEMPATH\Boot.php(67): CodeIgniter\Boot::runCodeIgniter(Object(CodeIgniter\CodeIgniter))
11 FCPATH\index.php(56): CodeIgniter\Boot::bootWeb(Object(Config\Paths))
12 SYSTEMPATH\rewrite.php(44): require_once('D:\\Project Lintang\\PROJEK\\daily_report2\\public\\index.php')
CRITICAL - 2025-04-09 01:35:02 --> ErrorException: Undefined variable $mainMaterial
[Method: GET, Route: dcp/create/206]
in APPPATH\Views\dcp\create.php on line 1027.
 1 APPPATH\Views\dcp\create.php(1027): CodeIgniter\Debug\Exceptions->errorHandler(2, 'Undefined variable $mainMaterial', 'D:\\Project Lintang\\PROJEK\\daily_report2\\app\\Views\\dcp\\create.php', 1027)
 2 SYSTEMPATH\View\View.php(224): include('D:\\Project Lintang\\PROJEK\\daily_report2\\app\\Views\\dcp\\create.php')
 3 SYSTEMPATH\View\View.php(227): CodeIgniter\View\View->CodeIgniter\View\{closure}()
 4 SYSTEMPATH\Common.php(1173): CodeIgniter\View\View->render('dcp/create', [], true)
 5 APPPATH\Controllers\Dcp.php(317): view('dcp/create', [...])
 6 SYSTEMPATH\CodeIgniter.php(933): App\Controllers\Dcp->create('206')
 7 SYSTEMPATH\CodeIgniter.php(507): CodeIgniter\CodeIgniter->runController(Object(App\Controllers\Dcp))
 8 SYSTEMPATH\CodeIgniter.php(354): CodeIgniter\CodeIgniter->handleRequest(null, Object(Config\Cache), false)
 9 SYSTEMPATH\Boot.php(334): CodeIgniter\CodeIgniter->run()
10 SYSTEMPATH\Boot.php(67): CodeIgniter\Boot::runCodeIgniter(Object(CodeIgniter\CodeIgniter))
11 FCPATH\index.php(56): CodeIgniter\Boot::bootWeb(Object(Config\Paths))
12 SYSTEMPATH\rewrite.php(44): require_once('D:\\Project Lintang\\PROJEK\\daily_report2\\public\\index.php')
CRITICAL - 2025-04-09 03:25:06 --> ErrorException: Undefined variable $hoursMachining
[Method: GET, Route: dcp/edit/109]
in APPPATH\Views\dcp\edit.php on line 555.
 1 APPPATH\Views\dcp\edit.php(555): CodeIgniter\Debug\Exceptions->errorHandler(2, 'Undefined variable $hoursMachining', 'D:\\Project Lintang\\PROJEK\\daily_report2\\app\\Views\\dcp\\edit.php', 555)
 2 SYSTEMPATH\View\View.php(224): include('D:\\Project Lintang\\PROJEK\\daily_report2\\app\\Views\\dcp\\edit.php')
 3 SYSTEMPATH\View\View.php(227): CodeIgniter\View\View->CodeIgniter\View\{closure}()
 4 SYSTEMPATH\Common.php(1173): CodeIgniter\View\View->render('dcp/edit', [], true)
 5 APPPATH\Controllers\Dcp.php(695): view('dcp/edit', [...])
 6 SYSTEMPATH\CodeIgniter.php(933): App\Controllers\Dcp->edit('109')
 7 SYSTEMPATH\CodeIgniter.php(507): CodeIgniter\CodeIgniter->runController(Object(App\Controllers\Dcp))
 8 SYSTEMPATH\CodeIgniter.php(354): CodeIgniter\CodeIgniter->handleRequest(null, Object(Config\Cache), false)
 9 SYSTEMPATH\Boot.php(334): CodeIgniter\CodeIgniter->run()
10 SYSTEMPATH\Boot.php(67): CodeIgniter\Boot::runCodeIgniter(Object(CodeIgniter\CodeIgniter))
11 FCPATH\index.php(56): CodeIgniter\Boot::bootWeb(Object(Config\Paths))
12 SYSTEMPATH\rewrite.php(44): require_once('D:\\Project Lintang\\PROJEK\\daily_report2\\public\\index.php')
CRITICAL - 2025-04-09 03:27:23 --> ErrorException: Undefined variable $hoursMachining
[Method: GET, Route: dcp/edit/109]
in APPPATH\Views\dcp\edit.php on line 555.
 1 APPPATH\Views\dcp\edit.php(555): CodeIgniter\Debug\Exceptions->errorHandler(2, 'Undefined variable $hoursMachining', 'D:\\Project Lintang\\PROJEK\\daily_report2\\app\\Views\\dcp\\edit.php', 555)
 2 SYSTEMPATH\View\View.php(224): include('D:\\Project Lintang\\PROJEK\\daily_report2\\app\\Views\\dcp\\edit.php')
 3 SYSTEMPATH\View\View.php(227): CodeIgniter\View\View->CodeIgniter\View\{closure}()
 4 SYSTEMPATH\Common.php(1173): CodeIgniter\View\View->render('dcp/edit', [], true)
 5 APPPATH\Controllers\Dcp.php(695): view('dcp/edit', [...])
 6 SYSTEMPATH\CodeIgniter.php(933): App\Controllers\Dcp->edit('109')
 7 SYSTEMPATH\CodeIgniter.php(507): CodeIgniter\CodeIgniter->runController(Object(App\Controllers\Dcp))
 8 SYSTEMPATH\CodeIgniter.php(354): CodeIgniter\CodeIgniter->handleRequest(null, Object(Config\Cache), false)
 9 SYSTEMPATH\Boot.php(334): CodeIgniter\CodeIgniter->run()
10 SYSTEMPATH\Boot.php(67): CodeIgniter\Boot::runCodeIgniter(Object(CodeIgniter\CodeIgniter))
11 FCPATH\index.php(56): CodeIgniter\Boot::bootWeb(Object(Config\Paths))
12 SYSTEMPATH\rewrite.php(44): require_once('D:\\Project Lintang\\PROJEK\\daily_report2\\public\\index.php')
CRITICAL - 2025-04-09 03:30:33 --> ParseError: syntax error, unexpected token "}"
[Method: GET, Route: dcp/edit/109]
in APPPATH\Controllers\Dcp.php on line 678.
 1 SYSTEMPATH\Autoloader\Autoloader.php(295): CodeIgniter\Autoloader\Autoloader->includeFile('D:\\Project Lintang\\PROJEK\\daily_report2\\app\\Controllers\\Dcp.php')
 2 SYSTEMPATH\Autoloader\Autoloader.php(271): CodeIgniter\Autoloader\Autoloader->loadInNamespace('App\\Controllers\\Dcp')
 3 [internal function]: CodeIgniter\Autoloader\Autoloader->loadClass('App\\Controllers\\Dcp')
 4 SYSTEMPATH\CodeIgniter.php(885): class_exists('\\App\\Controllers\\Dcp', true)
 5 SYSTEMPATH\CodeIgniter.php(494): CodeIgniter\CodeIgniter->startController()
 6 SYSTEMPATH\CodeIgniter.php(354): CodeIgniter\CodeIgniter->handleRequest(null, Object(Config\Cache), false)
 7 SYSTEMPATH\Boot.php(334): CodeIgniter\CodeIgniter->run()
 8 SYSTEMPATH\Boot.php(67): CodeIgniter\Boot::runCodeIgniter(Object(CodeIgniter\CodeIgniter))
 9 FCPATH\index.php(56): CodeIgniter\Boot::bootWeb(Object(Config\Paths))
10 SYSTEMPATH\rewrite.php(44): require_once('D:\\Project Lintang\\PROJEK\\daily_report2\\public\\index.php')
CRITICAL - 2025-04-09 03:30:42 --> ParseError: syntax error, unexpected token "}"
[Method: GET, Route: dcp/edit/109]
in APPPATH\Controllers\Dcp.php on line 678.
 1 SYSTEMPATH\Autoloader\Autoloader.php(295): CodeIgniter\Autoloader\Autoloader->includeFile('D:\\Project Lintang\\PROJEK\\daily_report2\\app\\Controllers\\Dcp.php')
 2 SYSTEMPATH\Autoloader\Autoloader.php(271): CodeIgniter\Autoloader\Autoloader->loadInNamespace('App\\Controllers\\Dcp')
 3 [internal function]: CodeIgniter\Autoloader\Autoloader->loadClass('App\\Controllers\\Dcp')
 4 SYSTEMPATH\CodeIgniter.php(885): class_exists('\\App\\Controllers\\Dcp', true)
 5 SYSTEMPATH\CodeIgniter.php(494): CodeIgniter\CodeIgniter->startController()
 6 SYSTEMPATH\CodeIgniter.php(354): CodeIgniter\CodeIgniter->handleRequest(null, Object(Config\Cache), false)
 7 SYSTEMPATH\Boot.php(334): CodeIgniter\CodeIgniter->run()
 8 SYSTEMPATH\Boot.php(67): CodeIgniter\Boot::runCodeIgniter(Object(CodeIgniter\CodeIgniter))
 9 FCPATH\index.php(56): CodeIgniter\Boot::bootWeb(Object(Config\Paths))
10 SYSTEMPATH\rewrite.php(44): require_once('D:\\Project Lintang\\PROJEK\\daily_report2\\public\\index.php')
CRITICAL - 2025-04-09 03:30:52 --> ErrorException: Undefined variable $machiningRow
[Method: GET, Route: dcp/edit/109]
in APPPATH\Controllers\Dcp.php on line 676.
 1 APPPATH\Controllers\Dcp.php(676): CodeIgniter\Debug\Exceptions->errorHandler(2, 'Undefined variable $machiningRow', 'D:\\Project Lintang\\PROJEK\\daily_report2\\app\\Controllers\\Dcp.php', 676)
 2 SYSTEMPATH\CodeIgniter.php(933): App\Controllers\Dcp->edit('109')
 3 SYSTEMPATH\CodeIgniter.php(507): CodeIgniter\CodeIgniter->runController(Object(App\Controllers\Dcp))
 4 SYSTEMPATH\CodeIgniter.php(354): CodeIgniter\CodeIgniter->handleRequest(null, Object(Config\Cache), false)
 5 SYSTEMPATH\Boot.php(334): CodeIgniter\CodeIgniter->run()
 6 SYSTEMPATH\Boot.php(67): CodeIgniter\Boot::runCodeIgniter(Object(CodeIgniter\CodeIgniter))
 7 FCPATH\index.php(56): CodeIgniter\Boot::bootWeb(Object(Config\Paths))
 8 SYSTEMPATH\rewrite.php(44): require_once('D:\\Project Lintang\\PROJEK\\daily_report2\\public\\index.php')
CRITICAL - 2025-04-09 03:31:55 --> ErrorException: Undefined variable $ppsDiesData
[Method: GET, Route: dcp/edit/109]
in APPPATH\Controllers\Dcp.php on line 675.
 1 APPPATH\Controllers\Dcp.php(675): CodeIgniter\Debug\Exceptions->errorHandler(2, 'Undefined variable $ppsDiesData', 'D:\\Project Lintang\\PROJEK\\daily_report2\\app\\Controllers\\Dcp.php', 675)
 2 SYSTEMPATH\CodeIgniter.php(933): App\Controllers\Dcp->edit('109')
 3 SYSTEMPATH\CodeIgniter.php(507): CodeIgniter\CodeIgniter->runController(Object(App\Controllers\Dcp))
 4 SYSTEMPATH\CodeIgniter.php(354): CodeIgniter\CodeIgniter->handleRequest(null, Object(Config\Cache), false)
 5 SYSTEMPATH\Boot.php(334): CodeIgniter\CodeIgniter->run()
 6 SYSTEMPATH\Boot.php(67): CodeIgniter\Boot::runCodeIgniter(Object(CodeIgniter\CodeIgniter))
 7 FCPATH\index.php(56): CodeIgniter\Boot::bootWeb(Object(Config\Paths))
 8 SYSTEMPATH\rewrite.php(44): require_once('D:\\Project Lintang\\PROJEK\\daily_report2\\public\\index.php')
CRITICAL - 2025-04-09 03:33:26 --> ErrorException: Undefined variable $ppsDiesData
[Method: GET, Route: dcp/edit/109]
in APPPATH\Controllers\Dcp.php on line 675.
 1 APPPATH\Controllers\Dcp.php(675): CodeIgniter\Debug\Exceptions->errorHandler(2, 'Undefined variable $ppsDiesData', 'D:\\Project Lintang\\PROJEK\\daily_report2\\app\\Controllers\\Dcp.php', 675)
 2 SYSTEMPATH\CodeIgniter.php(933): App\Controllers\Dcp->edit('109')
 3 SYSTEMPATH\CodeIgniter.php(507): CodeIgniter\CodeIgniter->runController(Object(App\Controllers\Dcp))
 4 SYSTEMPATH\CodeIgniter.php(354): CodeIgniter\CodeIgniter->handleRequest(null, Object(Config\Cache), false)
 5 SYSTEMPATH\Boot.php(334): CodeIgniter\CodeIgniter->run()
 6 SYSTEMPATH\Boot.php(67): CodeIgniter\Boot::runCodeIgniter(Object(CodeIgniter\CodeIgniter))
 7 FCPATH\index.php(56): CodeIgniter\Boot::bootWeb(Object(Config\Paths))
 8 SYSTEMPATH\rewrite.php(44): require_once('D:\\Project Lintang\\PROJEK\\daily_report2\\public\\index.php')
CRITICAL - 2025-04-09 03:33:36 --> ErrorException: Undefined array key "pps_dies.proses"
[Method: GET, Route: dcp/edit/109]
in APPPATH\Controllers\Dcp.php on line 675.
 1 APPPATH\Controllers\Dcp.php(675): CodeIgniter\Debug\Exceptions->errorHandler(2, 'Undefined array key "pps_dies.proses"', 'D:\\Project Lintang\\PROJEK\\daily_report2\\app\\Controllers\\Dcp.php', 675)
 2 SYSTEMPATH\CodeIgniter.php(933): App\Controllers\Dcp->edit('109')
 3 SYSTEMPATH\CodeIgniter.php(507): CodeIgniter\CodeIgniter->runController(Object(App\Controllers\Dcp))
 4 SYSTEMPATH\CodeIgniter.php(354): CodeIgniter\CodeIgniter->handleRequest(null, Object(Config\Cache), false)
 5 SYSTEMPATH\Boot.php(334): CodeIgniter\CodeIgniter->run()
 6 SYSTEMPATH\Boot.php(67): CodeIgniter\Boot::runCodeIgniter(Object(CodeIgniter\CodeIgniter))
 7 FCPATH\index.php(56): CodeIgniter\Boot::bootWeb(Object(Config\Paths))
 8 SYSTEMPATH\rewrite.php(44): require_once('D:\\Project Lintang\\PROJEK\\daily_report2\\public\\index.php')
CRITICAL - 2025-04-09 03:34:43 --> ErrorException: Undefined array key "pps_dies.proses"
[Method: GET, Route: dcp/edit/109]
in APPPATH\Controllers\Dcp.php on line 690.
 1 APPPATH\Controllers\Dcp.php(690): CodeIgniter\Debug\Exceptions->errorHandler(2, 'Undefined array key "pps_dies.proses"', 'D:\\Project Lintang\\PROJEK\\daily_report2\\app\\Controllers\\Dcp.php', 690)
 2 SYSTEMPATH\CodeIgniter.php(933): App\Controllers\Dcp->edit('109')
 3 SYSTEMPATH\CodeIgniter.php(507): CodeIgniter\CodeIgniter->runController(Object(App\Controllers\Dcp))
 4 SYSTEMPATH\CodeIgniter.php(354): CodeIgniter\CodeIgniter->handleRequest(null, Object(Config\Cache), false)
 5 SYSTEMPATH\Boot.php(334): CodeIgniter\CodeIgniter->run()
 6 SYSTEMPATH\Boot.php(67): CodeIgniter\Boot::runCodeIgniter(Object(CodeIgniter\CodeIgniter))
 7 FCPATH\index.php(56): CodeIgniter\Boot::bootWeb(Object(Config\Paths))
 8 SYSTEMPATH\rewrite.php(44): require_once('D:\\Project Lintang\\PROJEK\\daily_report2\\public\\index.php')
CRITICAL - 2025-04-09 03:34:44 --> ErrorException: Undefined array key "pps_dies.proses"
[Method: GET, Route: dcp/edit/109]
in APPPATH\Controllers\Dcp.php on line 690.
 1 APPPATH\Controllers\Dcp.php(690): CodeIgniter\Debug\Exceptions->errorHandler(2, 'Undefined array key "pps_dies.proses"', 'D:\\Project Lintang\\PROJEK\\daily_report2\\app\\Controllers\\Dcp.php', 690)
 2 SYSTEMPATH\CodeIgniter.php(933): App\Controllers\Dcp->edit('109')
 3 SYSTEMPATH\CodeIgniter.php(507): CodeIgniter\CodeIgniter->runController(Object(App\Controllers\Dcp))
 4 SYSTEMPATH\CodeIgniter.php(354): CodeIgniter\CodeIgniter->handleRequest(null, Object(Config\Cache), false)
 5 SYSTEMPATH\Boot.php(334): CodeIgniter\CodeIgniter->run()
 6 SYSTEMPATH\Boot.php(67): CodeIgniter\Boot::runCodeIgniter(Object(CodeIgniter\CodeIgniter))
 7 FCPATH\index.php(56): CodeIgniter\Boot::bootWeb(Object(Config\Paths))
 8 SYSTEMPATH\rewrite.php(44): require_once('D:\\Project Lintang\\PROJEK\\daily_report2\\public\\index.php')
CRITICAL - 2025-04-09 03:35:43 --> ErrorException: Undefined array key "pps_dies.proses"
[Method: GET, Route: dcp/edit/109]
in APPPATH\Controllers\Dcp.php on line 690.
 1 APPPATH\Controllers\Dcp.php(690): CodeIgniter\Debug\Exceptions->errorHandler(2, 'Undefined array key "pps_dies.proses"', 'D:\\Project Lintang\\PROJEK\\daily_report2\\app\\Controllers\\Dcp.php', 690)
 2 SYSTEMPATH\CodeIgniter.php(933): App\Controllers\Dcp->edit('109')
 3 SYSTEMPATH\CodeIgniter.php(507): CodeIgniter\CodeIgniter->runController(Object(App\Controllers\Dcp))
 4 SYSTEMPATH\CodeIgniter.php(354): CodeIgniter\CodeIgniter->handleRequest(null, Object(Config\Cache), false)
 5 SYSTEMPATH\Boot.php(334): CodeIgniter\CodeIgniter->run()
 6 SYSTEMPATH\Boot.php(67): CodeIgniter\Boot::runCodeIgniter(Object(CodeIgniter\CodeIgniter))
 7 FCPATH\index.php(56): CodeIgniter\Boot::bootWeb(Object(Config\Paths))
 8 SYSTEMPATH\rewrite.php(44): require_once('D:\\Project Lintang\\PROJEK\\daily_report2\\public\\index.php')
CRITICAL - 2025-04-09 03:53:01 --> ErrorException: Undefined variable $aksesorisPartList
[Method: GET, Route: dcp/create/206]
in APPPATH\Views\dcp\create.php on line 1057.
 1 APPPATH\Views\dcp\create.php(1057): CodeIgniter\Debug\Exceptions->errorHandler(2, 'Undefined variable $aksesorisPartList', 'D:\\Project Lintang\\PROJEK\\daily_report2\\app\\Views\\dcp\\create.php', 1057)
 2 SYSTEMPATH\View\View.php(224): include('D:\\Project Lintang\\PROJEK\\daily_report2\\app\\Views\\dcp\\create.php')
 3 SYSTEMPATH\View\View.php(227): CodeIgniter\View\View->CodeIgniter\View\{closure}()
 4 SYSTEMPATH\Common.php(1173): CodeIgniter\View\View->render('dcp/create', [], true)
 5 APPPATH\Controllers\Dcp.php(323): view('dcp/create', [...])
 6 SYSTEMPATH\CodeIgniter.php(933): App\Controllers\Dcp->create('206')
 7 SYSTEMPATH\CodeIgniter.php(507): CodeIgniter\CodeIgniter->runController(Object(App\Controllers\Dcp))
 8 SYSTEMPATH\CodeIgniter.php(354): CodeIgniter\CodeIgniter->handleRequest(null, Object(Config\Cache), false)
 9 SYSTEMPATH\Boot.php(334): CodeIgniter\CodeIgniter->run()
10 SYSTEMPATH\Boot.php(67): CodeIgniter\Boot::runCodeIgniter(Object(CodeIgniter\CodeIgniter))
11 FCPATH\index.php(56): CodeIgniter\Boot::bootWeb(Object(Config\Paths))
12 SYSTEMPATH\rewrite.php(44): require_once('D:\\Project Lintang\\PROJEK\\daily_report2\\public\\index.php')
CRITICAL - 2025-04-09 04:03:52 --> ErrorException: Undefined variable $aksesorisPartList
[Method: GET, Route: dcp/edit/109]
in APPPATH\Views\dcp\edit.php on line 1079.
 1 APPPATH\Views\dcp\edit.php(1079): CodeIgniter\Debug\Exceptions->errorHandler(2, 'Undefined variable $aksesorisPartList', 'D:\\Project Lintang\\PROJEK\\daily_report2\\app\\Views\\dcp\\edit.php', 1079)
 2 SYSTEMPATH\View\View.php(224): include('D:\\Project Lintang\\PROJEK\\daily_report2\\app\\Views\\dcp\\edit.php')
 3 SYSTEMPATH\View\View.php(227): CodeIgniter\View\View->CodeIgniter\View\{closure}()
 4 SYSTEMPATH\Common.php(1173): CodeIgniter\View\View->render('dcp/edit', [], true)
 5 APPPATH\Controllers\Dcp.php(737): view('dcp/edit', [...])
 6 SYSTEMPATH\CodeIgniter.php(933): App\Controllers\Dcp->edit('109')
 7 SYSTEMPATH\CodeIgniter.php(507): CodeIgniter\CodeIgniter->runController(Object(App\Controllers\Dcp))
 8 SYSTEMPATH\CodeIgniter.php(354): CodeIgniter\CodeIgniter->handleRequest(null, Object(Config\Cache), false)
 9 SYSTEMPATH\Boot.php(334): CodeIgniter\CodeIgniter->run()
10 SYSTEMPATH\Boot.php(67): CodeIgniter\Boot::runCodeIgniter(Object(CodeIgniter\CodeIgniter))
11 FCPATH\index.php(56): CodeIgniter\Boot::bootWeb(Object(Config\Paths))
12 SYSTEMPATH\rewrite.php(44): require_once('D:\\Project Lintang\\PROJEK\\daily_report2\\public\\index.php')
CRITICAL - 2025-04-09 04:05:08 --> ErrorException: Undefined variable $aksesorisPartList
[Method: GET, Route: dcp/edit/109]
in APPPATH\Views\dcp\edit.php on line 1079.
 1 APPPATH\Views\dcp\edit.php(1079): CodeIgniter\Debug\Exceptions->errorHandler(2, 'Undefined variable $aksesorisPartList', 'D:\\Project Lintang\\PROJEK\\daily_report2\\app\\Views\\dcp\\edit.php', 1079)
 2 SYSTEMPATH\View\View.php(224): include('D:\\Project Lintang\\PROJEK\\daily_report2\\app\\Views\\dcp\\edit.php')
 3 SYSTEMPATH\View\View.php(227): CodeIgniter\View\View->CodeIgniter\View\{closure}()
 4 SYSTEMPATH\Common.php(1173): CodeIgniter\View\View->render('dcp/edit', [], true)
 5 APPPATH\Controllers\Dcp.php(737): view('dcp/edit', [...])
 6 SYSTEMPATH\CodeIgniter.php(933): App\Controllers\Dcp->edit('109')
 7 SYSTEMPATH\CodeIgniter.php(507): CodeIgniter\CodeIgniter->runController(Object(App\Controllers\Dcp))
 8 SYSTEMPATH\CodeIgniter.php(354): CodeIgniter\CodeIgniter->handleRequest(null, Object(Config\Cache), false)
 9 SYSTEMPATH\Boot.php(334): CodeIgniter\CodeIgniter->run()
10 SYSTEMPATH\Boot.php(67): CodeIgniter\Boot::runCodeIgniter(Object(CodeIgniter\CodeIgniter))
11 FCPATH\index.php(56): CodeIgniter\Boot::bootWeb(Object(Config\Paths))
12 SYSTEMPATH\rewrite.php(44): require_once('D:\\Project Lintang\\PROJEK\\daily_report2\\public\\index.php')
CRITICAL - 2025-04-09 04:05:48 --> ErrorException: Undefined variable $aksesorisPartList
[Method: GET, Route: dcp/edit/109]
in APPPATH\Views\dcp\edit.php on line 1079.
 1 APPPATH\Views\dcp\edit.php(1079): CodeIgniter\Debug\Exceptions->errorHandler(2, 'Undefined variable $aksesorisPartList', 'D:\\Project Lintang\\PROJEK\\daily_report2\\app\\Views\\dcp\\edit.php', 1079)
 2 SYSTEMPATH\View\View.php(224): include('D:\\Project Lintang\\PROJEK\\daily_report2\\app\\Views\\dcp\\edit.php')
 3 SYSTEMPATH\View\View.php(227): CodeIgniter\View\View->CodeIgniter\View\{closure}()
 4 SYSTEMPATH\Common.php(1173): CodeIgniter\View\View->render('dcp/edit', [], true)
 5 APPPATH\Controllers\Dcp.php(737): view('dcp/edit', [...])
 6 SYSTEMPATH\CodeIgniter.php(933): App\Controllers\Dcp->edit('109')
 7 SYSTEMPATH\CodeIgniter.php(507): CodeIgniter\CodeIgniter->runController(Object(App\Controllers\Dcp))
 8 SYSTEMPATH\CodeIgniter.php(354): CodeIgniter\CodeIgniter->handleRequest(null, Object(Config\Cache), false)
 9 SYSTEMPATH\Boot.php(334): CodeIgniter\CodeIgniter->run()
10 SYSTEMPATH\Boot.php(67): CodeIgniter\Boot::runCodeIgniter(Object(CodeIgniter\CodeIgniter))
11 FCPATH\index.php(56): CodeIgniter\Boot::bootWeb(Object(Config\Paths))
12 SYSTEMPATH\rewrite.php(44): require_once('D:\\Project Lintang\\PROJEK\\daily_report2\\public\\index.php')
CRITICAL - 2025-04-09 04:06:35 --> ErrorException: Undefined variable $aksesorisPartList
[Method: GET, Route: dcp/edit/109]
in APPPATH\Views\dcp\edit.php on line 1079.
 1 APPPATH\Views\dcp\edit.php(1079): CodeIgniter\Debug\Exceptions->errorHandler(2, 'Undefined variable $aksesorisPartList', 'D:\\Project Lintang\\PROJEK\\daily_report2\\app\\Views\\dcp\\edit.php', 1079)
 2 SYSTEMPATH\View\View.php(224): include('D:\\Project Lintang\\PROJEK\\daily_report2\\app\\Views\\dcp\\edit.php')
 3 SYSTEMPATH\View\View.php(227): CodeIgniter\View\View->CodeIgniter\View\{closure}()
 4 SYSTEMPATH\Common.php(1173): CodeIgniter\View\View->render('dcp/edit', [], true)
 5 APPPATH\Controllers\Dcp.php(737): view('dcp/edit', [...])
 6 SYSTEMPATH\CodeIgniter.php(933): App\Controllers\Dcp->edit('109')
 7 SYSTEMPATH\CodeIgniter.php(507): CodeIgniter\CodeIgniter->runController(Object(App\Controllers\Dcp))
 8 SYSTEMPATH\CodeIgniter.php(354): CodeIgniter\CodeIgniter->handleRequest(null, Object(Config\Cache), false)
 9 SYSTEMPATH\Boot.php(334): CodeIgniter\CodeIgniter->run()
10 SYSTEMPATH\Boot.php(67): CodeIgniter\Boot::runCodeIgniter(Object(CodeIgniter\CodeIgniter))
11 FCPATH\index.php(56): CodeIgniter\Boot::bootWeb(Object(Config\Paths))
12 SYSTEMPATH\rewrite.php(44): require_once('D:\\Project Lintang\\PROJEK\\daily_report2\\public\\index.php')
CRITICAL - 2025-04-09 04:07:09 --> ErrorException: Undefined variable $aksesorisPartList
[Method: GET, Route: dcp/edit/109]
in APPPATH\Views\dcp\edit.php on line 1079.
 1 APPPATH\Views\dcp\edit.php(1079): CodeIgniter\Debug\Exceptions->errorHandler(2, 'Undefined variable $aksesorisPartList', 'D:\\Project Lintang\\PROJEK\\daily_report2\\app\\Views\\dcp\\edit.php', 1079)
 2 SYSTEMPATH\View\View.php(224): include('D:\\Project Lintang\\PROJEK\\daily_report2\\app\\Views\\dcp\\edit.php')
 3 SYSTEMPATH\View\View.php(227): CodeIgniter\View\View->CodeIgniter\View\{closure}()
 4 SYSTEMPATH\Common.php(1173): CodeIgniter\View\View->render('dcp/edit', [], true)
 5 APPPATH\Controllers\Dcp.php(737): view('dcp/edit', [...])
 6 SYSTEMPATH\CodeIgniter.php(933): App\Controllers\Dcp->edit('109')
 7 SYSTEMPATH\CodeIgniter.php(507): CodeIgniter\CodeIgniter->runController(Object(App\Controllers\Dcp))
 8 SYSTEMPATH\CodeIgniter.php(354): CodeIgniter\CodeIgniter->handleRequest(null, Object(Config\Cache), false)
 9 SYSTEMPATH\Boot.php(334): CodeIgniter\CodeIgniter->run()
10 SYSTEMPATH\Boot.php(67): CodeIgniter\Boot::runCodeIgniter(Object(CodeIgniter\CodeIgniter))
11 FCPATH\index.php(56): CodeIgniter\Boot::bootWeb(Object(Config\Paths))
12 SYSTEMPATH\rewrite.php(44): require_once('D:\\Project Lintang\\PROJEK\\daily_report2\\public\\index.php')
CRITICAL - 2025-04-09 04:08:24 --> ErrorException: Undefined variable $aksesorisPartList
[Method: GET, Route: dcp/edit/109]
in APPPATH\Views\dcp\edit.php on line 1079.
 1 APPPATH\Views\dcp\edit.php(1079): CodeIgniter\Debug\Exceptions->errorHandler(2, 'Undefined variable $aksesorisPartList', 'D:\\Project Lintang\\PROJEK\\daily_report2\\app\\Views\\dcp\\edit.php', 1079)
 2 SYSTEMPATH\View\View.php(224): include('D:\\Project Lintang\\PROJEK\\daily_report2\\app\\Views\\dcp\\edit.php')
 3 SYSTEMPATH\View\View.php(227): CodeIgniter\View\View->CodeIgniter\View\{closure}()
 4 SYSTEMPATH\Common.php(1173): CodeIgniter\View\View->render('dcp/edit', [], true)
 5 APPPATH\Controllers\Dcp.php(737): view('dcp/edit', [...])
 6 SYSTEMPATH\CodeIgniter.php(933): App\Controllers\Dcp->edit('109')
 7 SYSTEMPATH\CodeIgniter.php(507): CodeIgniter\CodeIgniter->runController(Object(App\Controllers\Dcp))
 8 SYSTEMPATH\CodeIgniter.php(354): CodeIgniter\CodeIgniter->handleRequest(null, Object(Config\Cache), false)
 9 SYSTEMPATH\Boot.php(334): CodeIgniter\CodeIgniter->run()
10 SYSTEMPATH\Boot.php(67): CodeIgniter\Boot::runCodeIgniter(Object(CodeIgniter\CodeIgniter))
11 FCPATH\index.php(56): CodeIgniter\Boot::bootWeb(Object(Config\Paths))
12 SYSTEMPATH\rewrite.php(44): require_once('D:\\Project Lintang\\PROJEK\\daily_report2\\public\\index.php')
CRITICAL - 2025-04-09 04:09:07 --> Error: Call to undefined function rray_values()
[Method: GET, Route: dcp/edit/109]
in APPPATH\Views\dcp\edit.php on line 1079.
 1 SYSTEMPATH\View\View.php(224): include()
 2 SYSTEMPATH\View\View.php(227): CodeIgniter\View\View->CodeIgniter\View\{closure}()
 3 SYSTEMPATH\Common.php(1173): CodeIgniter\View\View->render('dcp/edit', [], true)
 4 APPPATH\Controllers\Dcp.php(737): view('dcp/edit', [...])
 5 SYSTEMPATH\CodeIgniter.php(933): App\Controllers\Dcp->edit('109')
 6 SYSTEMPATH\CodeIgniter.php(507): CodeIgniter\CodeIgniter->runController(Object(App\Controllers\Dcp))
 7 SYSTEMPATH\CodeIgniter.php(354): CodeIgniter\CodeIgniter->handleRequest(null, Object(Config\Cache), false)
 8 SYSTEMPATH\Boot.php(334): CodeIgniter\CodeIgniter->run()
 9 SYSTEMPATH\Boot.php(67): CodeIgniter\Boot::runCodeIgniter(Object(CodeIgniter\CodeIgniter))
10 FCPATH\index.php(56): CodeIgniter\Boot::bootWeb(Object(Config\Paths))
11 SYSTEMPATH\rewrite.php(44): require_once('D:\\Project Lintang\\PROJEK\\daily_report2\\public\\index.php')
CRITICAL - 2025-04-09 04:09:12 --> ErrorException: Undefined variable $aksesorisPartList
[Method: GET, Route: dcp/edit/109]
in APPPATH\Views\dcp\edit.php on line 1079.
 1 APPPATH\Views\dcp\edit.php(1079): CodeIgniter\Debug\Exceptions->errorHandler(2, 'Undefined variable $aksesorisPartList', 'D:\\Project Lintang\\PROJEK\\daily_report2\\app\\Views\\dcp\\edit.php', 1079)
 2 SYSTEMPATH\View\View.php(224): include('D:\\Project Lintang\\PROJEK\\daily_report2\\app\\Views\\dcp\\edit.php')
 3 SYSTEMPATH\View\View.php(227): CodeIgniter\View\View->CodeIgniter\View\{closure}()
 4 SYSTEMPATH\Common.php(1173): CodeIgniter\View\View->render('dcp/edit', [], true)
 5 APPPATH\Controllers\Dcp.php(737): view('dcp/edit', [...])
 6 SYSTEMPATH\CodeIgniter.php(933): App\Controllers\Dcp->edit('109')
 7 SYSTEMPATH\CodeIgniter.php(507): CodeIgniter\CodeIgniter->runController(Object(App\Controllers\Dcp))
 8 SYSTEMPATH\CodeIgniter.php(354): CodeIgniter\CodeIgniter->handleRequest(null, Object(Config\Cache), false)
 9 SYSTEMPATH\Boot.php(334): CodeIgniter\CodeIgniter->run()
10 SYSTEMPATH\Boot.php(67): CodeIgniter\Boot::runCodeIgniter(Object(CodeIgniter\CodeIgniter))
11 FCPATH\index.php(56): CodeIgniter\Boot::bootWeb(Object(Config\Paths))
12 SYSTEMPATH\rewrite.php(44): require_once('D:\\Project Lintang\\PROJEK\\daily_report2\\public\\index.php')
CRITICAL - 2025-04-09 06:25:31 --> ErrorException: Undefined variable $data
[Method: GET, Route: dcp/create/205]
in APPPATH\Controllers\Dcp.php on line 299.
 1 APPPATH\Controllers\Dcp.php(299): CodeIgniter\Debug\Exceptions->errorHandler(2, 'Undefined variable $data', 'D:\\Project Lintang\\PROJEK\\daily_report2\\app\\Controllers\\Dcp.php', 299)
 2 SYSTEMPATH\CodeIgniter.php(933): App\Controllers\Dcp->create('205')
 3 SYSTEMPATH\CodeIgniter.php(507): CodeIgniter\CodeIgniter->runController(Object(App\Controllers\Dcp))
 4 SYSTEMPATH\CodeIgniter.php(354): CodeIgniter\CodeIgniter->handleRequest(null, Object(Config\Cache), false)
 5 SYSTEMPATH\Boot.php(334): CodeIgniter\CodeIgniter->run()
 6 SYSTEMPATH\Boot.php(67): CodeIgniter\Boot::runCodeIgniter(Object(CodeIgniter\CodeIgniter))
 7 FCPATH\index.php(56): CodeIgniter\Boot::bootWeb(Object(Config\Paths))
 8 SYSTEMPATH\rewrite.php(44): require_once('D:\\Project Lintang\\PROJEK\\daily_report2\\public\\index.php')
CRITICAL - 2025-04-09 06:26:17 --> ParseError: syntax error, unexpected single-quoted string "aksesoris_spec", expecting ")"
[Method: GET, Route: dcp/create/205]
in APPPATH\Controllers\Dcp.php on line 300.
 1 SYSTEMPATH\Autoloader\Autoloader.php(295): CodeIgniter\Autoloader\Autoloader->includeFile('D:\\Project Lintang\\PROJEK\\daily_report2\\app\\Controllers\\Dcp.php')
 2 SYSTEMPATH\Autoloader\Autoloader.php(271): CodeIgniter\Autoloader\Autoloader->loadInNamespace('App\\Controllers\\Dcp')
 3 [internal function]: CodeIgniter\Autoloader\Autoloader->loadClass('App\\Controllers\\Dcp')
 4 SYSTEMPATH\CodeIgniter.php(885): class_exists('\\App\\Controllers\\Dcp', true)
 5 SYSTEMPATH\CodeIgniter.php(494): CodeIgniter\CodeIgniter->startController()
 6 SYSTEMPATH\CodeIgniter.php(354): CodeIgniter\CodeIgniter->handleRequest(null, Object(Config\Cache), false)
 7 SYSTEMPATH\Boot.php(334): CodeIgniter\CodeIgniter->run()
 8 SYSTEMPATH\Boot.php(67): CodeIgniter\Boot::runCodeIgniter(Object(CodeIgniter\CodeIgniter))
 9 FCPATH\index.php(56): CodeIgniter\Boot::bootWeb(Object(Config\Paths))
10 SYSTEMPATH\rewrite.php(44): require_once('D:\\Project Lintang\\PROJEK\\daily_report2\\public\\index.php')
CRITICAL - 2025-04-09 06:31:37 --> ErrorException: Undefined array key "mm_size_type_l"
[Method: GET, Route: dcp/edit/109]
in APPPATH\Views\dcp\edit.php on line 338.
 1 APPPATH\Views\dcp\edit.php(338): CodeIgniter\Debug\Exceptions->errorHandler(2, 'Undefined array key "mm_size_type_l"', 'D:\\Project Lintang\\PROJEK\\daily_report2\\app\\Views\\dcp\\edit.php', 338)
 2 SYSTEMPATH\View\View.php(224): include('D:\\Project Lintang\\PROJEK\\daily_report2\\app\\Views\\dcp\\edit.php')
 3 SYSTEMPATH\View\View.php(227): CodeIgniter\View\View->CodeIgniter\View\{closure}()
 4 SYSTEMPATH\Common.php(1173): CodeIgniter\View\View->render('dcp/edit', [], true)
 5 APPPATH\Controllers\Dcp.php(739): view('dcp/edit', [...])
 6 SYSTEMPATH\CodeIgniter.php(933): App\Controllers\Dcp->edit('109')
 7 SYSTEMPATH\CodeIgniter.php(507): CodeIgniter\CodeIgniter->runController(Object(App\Controllers\Dcp))
 8 SYSTEMPATH\CodeIgniter.php(354): CodeIgniter\CodeIgniter->handleRequest(null, Object(Config\Cache), false)
 9 SYSTEMPATH\Boot.php(334): CodeIgniter\CodeIgniter->run()
10 SYSTEMPATH\Boot.php(67): CodeIgniter\Boot::runCodeIgniter(Object(CodeIgniter\CodeIgniter))
11 FCPATH\index.php(56): CodeIgniter\Boot::bootWeb(Object(Config\Paths))
12 SYSTEMPATH\rewrite.php(44): require_once('D:\\Project Lintang\\PROJEK\\daily_report2\\public\\index.php')
CRITICAL - 2025-04-09 07:18:35 --> Error: Call to undefined method PhpOffice\PhpSpreadsheet\Worksheet\Drawing::Width()
[Method: GET, Route: dcp-excel/55]
in APPPATH\Controllers\Dcp.php on line 1169.
 1 SYSTEMPATH\CodeIgniter.php(933): App\Controllers\Dcp->generateExcel('55')
 2 SYSTEMPATH\CodeIgniter.php(507): CodeIgniter\CodeIgniter->runController(Object(App\Controllers\Dcp))
 3 SYSTEMPATH\CodeIgniter.php(354): CodeIgniter\CodeIgniter->handleRequest(null, Object(Config\Cache), false)
 4 SYSTEMPATH\Boot.php(334): CodeIgniter\CodeIgniter->run()
 5 SYSTEMPATH\Boot.php(67): CodeIgniter\Boot::runCodeIgniter(Object(CodeIgniter\CodeIgniter))
 6 FCPATH\index.php(56): CodeIgniter\Boot::bootWeb(Object(Config\Paths))
 7 SYSTEMPATH\rewrite.php(44): require_once('D:\\Project Lintang\\PROJEK\\daily_report2\\public\\index.php')
CRITICAL - 2025-04-09 07:24:55 --> PhpOffice\PhpSpreadsheet\Exception: Invalid cell coordinate EG26}
[Method: GET, Route: dcp-excel/55]
in VENDORPATH\phpoffice\phpspreadsheet\src\PhpSpreadsheet\Cell\Coordinate.php on line 44.
 1 VENDORPATH\phpoffice\phpspreadsheet\src\PhpSpreadsheet\Cell\Coordinate.php(56): PhpOffice\PhpSpreadsheet\Cell\Coordinate::coordinateFromString('EG26}')
 2 VENDORPATH\phpoffice\phpspreadsheet\src\PhpSpreadsheet\Worksheet\Worksheet.php(1267): PhpOffice\PhpSpreadsheet\Cell\Coordinate::indexesFromString('EG26}')
 3 VENDORPATH\phpoffice\phpspreadsheet\src\PhpSpreadsheet\Worksheet\Worksheet.php(1181): PhpOffice\PhpSpreadsheet\Worksheet\Worksheet->createNewCell('EG26}')
 4 VENDORPATH\phpoffice\phpspreadsheet\src\PhpSpreadsheet\Worksheet\Worksheet.php(1122): PhpOffice\PhpSpreadsheet\Worksheet\Worksheet->getCell('EG26}')
 5 APPPATH\Controllers\Dcp.php(1248): PhpOffice\PhpSpreadsheet\Worksheet\Worksheet->setCellValue('EG26}', '234')
 6 SYSTEMPATH\CodeIgniter.php(933): App\Controllers\Dcp->generateExcel('55')
 7 SYSTEMPATH\CodeIgniter.php(507): CodeIgniter\CodeIgniter->runController(Object(App\Controllers\Dcp))
 8 SYSTEMPATH\CodeIgniter.php(354): CodeIgniter\CodeIgniter->handleRequest(null, Object(Config\Cache), false)
 9 SYSTEMPATH\Boot.php(334): CodeIgniter\CodeIgniter->run()
10 SYSTEMPATH\Boot.php(67): CodeIgniter\Boot::runCodeIgniter(Object(CodeIgniter\CodeIgniter))
11 FCPATH\index.php(56): CodeIgniter\Boot::bootWeb(Object(Config\Paths))
12 SYSTEMPATH\rewrite.php(44): require_once('D:\\Project Lintang\\PROJEK\\daily_report2\\public\\index.php')
CRITICAL - 2025-04-09 07:25:10 --> PhpOffice\PhpSpreadsheet\Exception: Invalid cell coordinate G26}
[Method: GET, Route: dcp-excel/55]
in VENDORPATH\phpoffice\phpspreadsheet\src\PhpSpreadsheet\Cell\Coordinate.php on line 44.
 1 VENDORPATH\phpoffice\phpspreadsheet\src\PhpSpreadsheet\Cell\Coordinate.php(56): PhpOffice\PhpSpreadsheet\Cell\Coordinate::coordinateFromString('G26}')
 2 VENDORPATH\phpoffice\phpspreadsheet\src\PhpSpreadsheet\Worksheet\Worksheet.php(1267): PhpOffice\PhpSpreadsheet\Cell\Coordinate::indexesFromString('G26}')
 3 VENDORPATH\phpoffice\phpspreadsheet\src\PhpSpreadsheet\Worksheet\Worksheet.php(1181): PhpOffice\PhpSpreadsheet\Worksheet\Worksheet->createNewCell('G26}')
 4 VENDORPATH\phpoffice\phpspreadsheet\src\PhpSpreadsheet\Worksheet\Worksheet.php(1122): PhpOffice\PhpSpreadsheet\Worksheet\Worksheet->getCell('G26}')
 5 APPPATH\Controllers\Dcp.php(1248): PhpOffice\PhpSpreadsheet\Worksheet\Worksheet->setCellValue('G26}', '234')
 6 SYSTEMPATH\CodeIgniter.php(933): App\Controllers\Dcp->generateExcel('55')
 7 SYSTEMPATH\CodeIgniter.php(507): CodeIgniter\CodeIgniter->runController(Object(App\Controllers\Dcp))
 8 SYSTEMPATH\CodeIgniter.php(354): CodeIgniter\CodeIgniter->handleRequest(null, Object(Config\Cache), false)
 9 SYSTEMPATH\Boot.php(334): CodeIgniter\CodeIgniter->run()
10 SYSTEMPATH\Boot.php(67): CodeIgniter\Boot::runCodeIgniter(Object(CodeIgniter\CodeIgniter))
11 FCPATH\index.php(56): CodeIgniter\Boot::bootWeb(Object(Config\Paths))
12 SYSTEMPATH\rewrite.php(44): require_once('D:\\Project Lintang\\PROJEK\\daily_report2\\public\\index.php')
CRITICAL - 2025-04-09 16:54:45 --> ErrorException: foreach() argument must be of type array|object, null given
[Method: POST, Route: machine-match/checkMatch]
in APPPATH\Controllers\Pps.php on line 2540.
 1 APPPATH\Controllers\Pps.php(2540): CodeIgniter\Debug\Exceptions->errorHandler(2, 'foreach() argument must be of type array|object, null given', 'D:\\Project Lintang\\PROJEK\\daily_report2\\app\\Controllers\\Pps.php', 2540)
 2 SYSTEMPATH\CodeIgniter.php(933): App\Controllers\Pps->checkMatch()
 3 SYSTEMPATH\CodeIgniter.php(507): CodeIgniter\CodeIgniter->runController(Object(App\Controllers\Pps))
 4 SYSTEMPATH\CodeIgniter.php(354): CodeIgniter\CodeIgniter->handleRequest(null, Object(Config\Cache), false)
 5 SYSTEMPATH\Boot.php(334): CodeIgniter\CodeIgniter->run()
 6 SYSTEMPATH\Boot.php(67): CodeIgniter\Boot::runCodeIgniter(Object(CodeIgniter\CodeIgniter))
 7 FCPATH\index.php(56): CodeIgniter\Boot::bootWeb(Object(Config\Paths))
 8 SYSTEMPATH\rewrite.php(44): require_once('D:\\Project Lintang\\PROJEK\\daily_report2\\public\\index.php')
CRITICAL - 2025-04-09 16:56:16 --> ErrorException: foreach() argument must be of type array|object, null given
[Method: POST, Route: machine-match/checkMatch]
in APPPATH\Controllers\Pps.php on line 2540.
 1 APPPATH\Controllers\Pps.php(2540): CodeIgniter\Debug\Exceptions->errorHandler(2, 'foreach() argument must be of type array|object, null given', 'D:\\Project Lintang\\PROJEK\\daily_report2\\app\\Controllers\\Pps.php', 2540)
 2 SYSTEMPATH\CodeIgniter.php(933): App\Controllers\Pps->checkMatch()
 3 SYSTEMPATH\CodeIgniter.php(507): CodeIgniter\CodeIgniter->runController(Object(App\Controllers\Pps))
 4 SYSTEMPATH\CodeIgniter.php(354): CodeIgniter\CodeIgniter->handleRequest(null, Object(Config\Cache), false)
 5 SYSTEMPATH\Boot.php(334): CodeIgniter\CodeIgniter->run()
 6 SYSTEMPATH\Boot.php(67): CodeIgniter\Boot::runCodeIgniter(Object(CodeIgniter\CodeIgniter))
 7 FCPATH\index.php(56): CodeIgniter\Boot::bootWeb(Object(Config\Paths))
 8 SYSTEMPATH\rewrite.php(44): require_once('D:\\Project Lintang\\PROJEK\\daily_report2\\public\\index.php')
CRITICAL - 2025-04-09 16:56:43 --> ErrorException: foreach() argument must be of type array|object, null given
[Method: POST, Route: machine-match/checkMatch]
in APPPATH\Controllers\Pps.php on line 2540.
 1 APPPATH\Controllers\Pps.php(2540): CodeIgniter\Debug\Exceptions->errorHandler(2, 'foreach() argument must be of type array|object, null given', 'D:\\Project Lintang\\PROJEK\\daily_report2\\app\\Controllers\\Pps.php', 2540)
 2 SYSTEMPATH\CodeIgniter.php(933): App\Controllers\Pps->checkMatch()
 3 SYSTEMPATH\CodeIgniter.php(507): CodeIgniter\CodeIgniter->runController(Object(App\Controllers\Pps))
 4 SYSTEMPATH\CodeIgniter.php(354): CodeIgniter\CodeIgniter->handleRequest(null, Object(Config\Cache), false)
 5 SYSTEMPATH\Boot.php(334): CodeIgniter\CodeIgniter->run()
 6 SYSTEMPATH\Boot.php(67): CodeIgniter\Boot::runCodeIgniter(Object(CodeIgniter\CodeIgniter))
 7 FCPATH\index.php(56): CodeIgniter\Boot::bootWeb(Object(Config\Paths))
 8 SYSTEMPATH\rewrite.php(44): require_once('D:\\Project Lintang\\PROJEK\\daily_report2\\public\\index.php')
CRITICAL - 2025-04-09 16:57:44 --> ErrorException: foreach() argument must be of type array|object, null given
[Method: POST, Route: machine-match/checkMatch]
in APPPATH\Controllers\Pps.php on line 2540.
 1 APPPATH\Controllers\Pps.php(2540): CodeIgniter\Debug\Exceptions->errorHandler(2, 'foreach() argument must be of type array|object, null given', 'D:\\Project Lintang\\PROJEK\\daily_report2\\app\\Controllers\\Pps.php', 2540)
 2 SYSTEMPATH\CodeIgniter.php(933): App\Controllers\Pps->checkMatch()
 3 SYSTEMPATH\CodeIgniter.php(507): CodeIgniter\CodeIgniter->runController(Object(App\Controllers\Pps))
 4 SYSTEMPATH\CodeIgniter.php(354): CodeIgniter\CodeIgniter->handleRequest(null, Object(Config\Cache), false)
 5 SYSTEMPATH\Boot.php(334): CodeIgniter\CodeIgniter->run()
 6 SYSTEMPATH\Boot.php(67): CodeIgniter\Boot::runCodeIgniter(Object(CodeIgniter\CodeIgniter))
 7 FCPATH\index.php(56): CodeIgniter\Boot::bootWeb(Object(Config\Paths))
 8 SYSTEMPATH\rewrite.php(44): require_once('D:\\Project Lintang\\PROJEK\\daily_report2\\public\\index.php')
CRITICAL - 2025-04-09 16:57:52 --> ErrorException: foreach() argument must be of type array|object, null given
[Method: POST, Route: machine-match/checkMatch]
in APPPATH\Controllers\Pps.php on line 2540.
 1 APPPATH\Controllers\Pps.php(2540): CodeIgniter\Debug\Exceptions->errorHandler(2, 'foreach() argument must be of type array|object, null given', 'D:\\Project Lintang\\PROJEK\\daily_report2\\app\\Controllers\\Pps.php', 2540)
 2 SYSTEMPATH\CodeIgniter.php(933): App\Controllers\Pps->checkMatch()
 3 SYSTEMPATH\CodeIgniter.php(507): CodeIgniter\CodeIgniter->runController(Object(App\Controllers\Pps))
 4 SYSTEMPATH\CodeIgniter.php(354): CodeIgniter\CodeIgniter->handleRequest(null, Object(Config\Cache), false)
 5 SYSTEMPATH\Boot.php(334): CodeIgniter\CodeIgniter->run()
 6 SYSTEMPATH\Boot.php(67): CodeIgniter\Boot::runCodeIgniter(Object(CodeIgniter\CodeIgniter))
 7 FCPATH\index.php(56): CodeIgniter\Boot::bootWeb(Object(Config\Paths))
 8 SYSTEMPATH\rewrite.php(44): require_once('D:\\Project Lintang\\PROJEK\\daily_report2\\public\\index.php')
CRITICAL - 2025-04-09 16:59:15 --> ErrorException: foreach() argument must be of type array|object, null given
[Method: POST, Route: machine-match/checkMatch]
in APPPATH\Controllers\Pps.php on line 2540.
 1 APPPATH\Controllers\Pps.php(2540): CodeIgniter\Debug\Exceptions->errorHandler(2, 'foreach() argument must be of type array|object, null given', 'D:\\Project Lintang\\PROJEK\\daily_report2\\app\\Controllers\\Pps.php', 2540)
 2 SYSTEMPATH\CodeIgniter.php(933): App\Controllers\Pps->checkMatch()
 3 SYSTEMPATH\CodeIgniter.php(507): CodeIgniter\CodeIgniter->runController(Object(App\Controllers\Pps))
 4 SYSTEMPATH\CodeIgniter.php(354): CodeIgniter\CodeIgniter->handleRequest(null, Object(Config\Cache), false)
 5 SYSTEMPATH\Boot.php(334): CodeIgniter\CodeIgniter->run()
 6 SYSTEMPATH\Boot.php(67): CodeIgniter\Boot::runCodeIgniter(Object(CodeIgniter\CodeIgniter))
 7 FCPATH\index.php(56): CodeIgniter\Boot::bootWeb(Object(Config\Paths))
 8 SYSTEMPATH\rewrite.php(44): require_once('D:\\Project Lintang\\PROJEK\\daily_report2\\public\\index.php')
