ERROR - 2025-04-29 04:05:30 --> mysqli_sql_exception: Unknown column 'master_dies.name' in 'field list' in D:\Project Lintang\PROJEK\daily_report2\system\Database\MySQLi\Connection.php:327
Stack trace:
#0 D:\Project Lintang\PROJEK\daily_report2\system\Database\MySQLi\Connection.php(327): mysqli->query('UPDATE `project...', 0)
#1 D:\Project Lintang\PROJEK\daily_report2\system\Database\BaseConnection.php(738): CodeIgniter\Database\MySQLi\Connection->execute('UPDATE `project...')
#2 D:\Project Lintang\PROJEK\daily_report2\system\Database\BaseConnection.php(652): CodeIgniter\Database\BaseConnection->simpleQuery('UPDATE `project...')
#3 D:\Project Lintang\PROJEK\daily_report2\system\Database\BaseBuilder.php(2521): CodeIgniter\Database\BaseConnection->query('UPDATE `project...', Array, false)
#4 D:\Project Lintang\PROJEK\daily_report2\app\Controllers\Pps.php(97): CodeIgniter\Database\BaseBuilder->update()
#5 D:\Project Lintang\PROJEK\daily_report2\system\CodeIgniter.php(933): App\Controllers\Pps->create()
#6 D:\Project Lintang\PROJEK\daily_report2\system\CodeIgniter.php(507): CodeIgniter\CodeIgniter->runController(Object(App\Controllers\Pps))
#7 D:\Project Lintang\PROJEK\daily_report2\system\CodeIgniter.php(354): CodeIgniter\CodeIgniter->handleRequest(NULL, Object(Config\Cache), false)
#8 D:\Project Lintang\PROJEK\daily_report2\system\Boot.php(334): CodeIgniter\CodeIgniter->run()
#9 D:\Project Lintang\PROJEK\daily_report2\system\Boot.php(67): CodeIgniter\Boot::runCodeIgniter(Object(CodeIgniter\CodeIgniter))
#10 D:\Project Lintang\PROJEK\daily_report2\public\index.php(56): CodeIgniter\Boot::bootWeb(Object(Config\Paths))
#11 D:\Project Lintang\PROJEK\daily_report2\system\rewrite.php(44): require_once('D:\\Project Lint...')
#12 {main}
ERROR - 2025-04-29 04:15:48 --> mysqli_sql_exception: Unknown column 'master_dies.name' in 'field list' in D:\Project Lintang\PROJEK\daily_report2\system\Database\MySQLi\Connection.php:327
Stack trace:
#0 D:\Project Lintang\PROJEK\daily_report2\system\Database\MySQLi\Connection.php(327): mysqli->query('UPDATE `project...', 0)
#1 D:\Project Lintang\PROJEK\daily_report2\system\Database\BaseConnection.php(738): CodeIgniter\Database\MySQLi\Connection->execute('UPDATE `project...')
#2 D:\Project Lintang\PROJEK\daily_report2\system\Database\BaseConnection.php(652): CodeIgniter\Database\BaseConnection->simpleQuery('UPDATE `project...')
#3 D:\Project Lintang\PROJEK\daily_report2\system\Database\BaseBuilder.php(2521): CodeIgniter\Database\BaseConnection->query('UPDATE `project...', Array, false)
#4 D:\Project Lintang\PROJEK\daily_report2\app\Controllers\Pps.php(97): CodeIgniter\Database\BaseBuilder->update()
#5 D:\Project Lintang\PROJEK\daily_report2\system\CodeIgniter.php(933): App\Controllers\Pps->create()
#6 D:\Project Lintang\PROJEK\daily_report2\system\CodeIgniter.php(507): CodeIgniter\CodeIgniter->runController(Object(App\Controllers\Pps))
#7 D:\Project Lintang\PROJEK\daily_report2\system\CodeIgniter.php(354): CodeIgniter\CodeIgniter->handleRequest(NULL, Object(Config\Cache), false)
#8 D:\Project Lintang\PROJEK\daily_report2\system\Boot.php(334): CodeIgniter\CodeIgniter->run()
#9 D:\Project Lintang\PROJEK\daily_report2\system\Boot.php(67): CodeIgniter\Boot::runCodeIgniter(Object(CodeIgniter\CodeIgniter))
#10 D:\Project Lintang\PROJEK\daily_report2\public\index.php(56): CodeIgniter\Boot::bootWeb(Object(Config\Paths))
#11 D:\Project Lintang\PROJEK\daily_report2\system\rewrite.php(44): require_once('D:\\Project Lint...')
#12 {main}
ERROR - 2025-04-29 04:23:38 --> mysqli_sql_exception: Unknown column 'master_dies.name' in 'field list' in D:\Project Lintang\PROJEK\daily_report2\system\Database\MySQLi\Connection.php:327
Stack trace:
#0 D:\Project Lintang\PROJEK\daily_report2\system\Database\MySQLi\Connection.php(327): mysqli->query('UPDATE `project...', 0)
#1 D:\Project Lintang\PROJEK\daily_report2\system\Database\BaseConnection.php(738): CodeIgniter\Database\MySQLi\Connection->execute('UPDATE `project...')
#2 D:\Project Lintang\PROJEK\daily_report2\system\Database\BaseConnection.php(652): CodeIgniter\Database\BaseConnection->simpleQuery('UPDATE `project...')
#3 D:\Project Lintang\PROJEK\daily_report2\system\Database\BaseBuilder.php(2521): CodeIgniter\Database\BaseConnection->query('UPDATE `project...', Array, false)
#4 D:\Project Lintang\PROJEK\daily_report2\app\Controllers\Pps.php(97): CodeIgniter\Database\BaseBuilder->update()
#5 D:\Project Lintang\PROJEK\daily_report2\system\CodeIgniter.php(933): App\Controllers\Pps->create()
#6 D:\Project Lintang\PROJEK\daily_report2\system\CodeIgniter.php(507): CodeIgniter\CodeIgniter->runController(Object(App\Controllers\Pps))
#7 D:\Project Lintang\PROJEK\daily_report2\system\CodeIgniter.php(354): CodeIgniter\CodeIgniter->handleRequest(NULL, Object(Config\Cache), false)
#8 D:\Project Lintang\PROJEK\daily_report2\system\Boot.php(334): CodeIgniter\CodeIgniter->run()
#9 D:\Project Lintang\PROJEK\daily_report2\system\Boot.php(67): CodeIgniter\Boot::runCodeIgniter(Object(CodeIgniter\CodeIgniter))
#10 D:\Project Lintang\PROJEK\daily_report2\public\index.php(56): CodeIgniter\Boot::bootWeb(Object(Config\Paths))
#11 D:\Project Lintang\PROJEK\daily_report2\system\rewrite.php(44): require_once('D:\\Project Lint...')
#12 {main}
ERROR - 2025-04-29 04:29:29 --> mysqli_sql_exception: Unknown column 'master_dies.name' in 'field list' in D:\Project Lintang\PROJEK\daily_report2\system\Database\MySQLi\Connection.php:327
Stack trace:
#0 D:\Project Lintang\PROJEK\daily_report2\system\Database\MySQLi\Connection.php(327): mysqli->query('UPDATE `project...', 0)
#1 D:\Project Lintang\PROJEK\daily_report2\system\Database\BaseConnection.php(738): CodeIgniter\Database\MySQLi\Connection->execute('UPDATE `project...')
#2 D:\Project Lintang\PROJEK\daily_report2\system\Database\BaseConnection.php(652): CodeIgniter\Database\BaseConnection->simpleQuery('UPDATE `project...')
#3 D:\Project Lintang\PROJEK\daily_report2\system\Database\BaseBuilder.php(2521): CodeIgniter\Database\BaseConnection->query('UPDATE `project...', Array, false)
#4 D:\Project Lintang\PROJEK\daily_report2\app\Controllers\Pps.php(97): CodeIgniter\Database\BaseBuilder->update()
#5 D:\Project Lintang\PROJEK\daily_report2\system\CodeIgniter.php(933): App\Controllers\Pps->create()
#6 D:\Project Lintang\PROJEK\daily_report2\system\CodeIgniter.php(507): CodeIgniter\CodeIgniter->runController(Object(App\Controllers\Pps))
#7 D:\Project Lintang\PROJEK\daily_report2\system\CodeIgniter.php(354): CodeIgniter\CodeIgniter->handleRequest(NULL, Object(Config\Cache), false)
#8 D:\Project Lintang\PROJEK\daily_report2\system\Boot.php(334): CodeIgniter\CodeIgniter->run()
#9 D:\Project Lintang\PROJEK\daily_report2\system\Boot.php(67): CodeIgniter\Boot::runCodeIgniter(Object(CodeIgniter\CodeIgniter))
#10 D:\Project Lintang\PROJEK\daily_report2\public\index.php(56): CodeIgniter\Boot::bootWeb(Object(Config\Paths))
#11 D:\Project Lintang\PROJEK\daily_report2\system\rewrite.php(44): require_once('D:\\Project Lint...')
#12 {main}
ERROR - 2025-04-29 07:22:50 --> mysqli_sql_exception: Unknown column 'master_dies.name' in 'field list' in D:\Project Lintang\PROJEK\daily_report2\system\Database\MySQLi\Connection.php:327
Stack trace:
#0 D:\Project Lintang\PROJEK\daily_report2\system\Database\MySQLi\Connection.php(327): mysqli->query('UPDATE `project...', 0)
#1 D:\Project Lintang\PROJEK\daily_report2\system\Database\BaseConnection.php(738): CodeIgniter\Database\MySQLi\Connection->execute('UPDATE `project...')
#2 D:\Project Lintang\PROJEK\daily_report2\system\Database\BaseConnection.php(652): CodeIgniter\Database\BaseConnection->simpleQuery('UPDATE `project...')
#3 D:\Project Lintang\PROJEK\daily_report2\system\Database\BaseBuilder.php(2521): CodeIgniter\Database\BaseConnection->query('UPDATE `project...', Array, false)
#4 D:\Project Lintang\PROJEK\daily_report2\app\Controllers\Pps.php(97): CodeIgniter\Database\BaseBuilder->update()
#5 D:\Project Lintang\PROJEK\daily_report2\system\CodeIgniter.php(933): App\Controllers\Pps->create()
#6 D:\Project Lintang\PROJEK\daily_report2\system\CodeIgniter.php(507): CodeIgniter\CodeIgniter->runController(Object(App\Controllers\Pps))
#7 D:\Project Lintang\PROJEK\daily_report2\system\CodeIgniter.php(354): CodeIgniter\CodeIgniter->handleRequest(NULL, Object(Config\Cache), false)
#8 D:\Project Lintang\PROJEK\daily_report2\system\Boot.php(334): CodeIgniter\CodeIgniter->run()
#9 D:\Project Lintang\PROJEK\daily_report2\system\Boot.php(67): CodeIgniter\Boot::runCodeIgniter(Object(CodeIgniter\CodeIgniter))
#10 D:\Project Lintang\PROJEK\daily_report2\public\index.php(56): CodeIgniter\Boot::bootWeb(Object(Config\Paths))
#11 D:\Project Lintang\PROJEK\daily_report2\system\rewrite.php(44): require_once('D:\\Project Lint...')
#12 {main}
ERROR - 2025-04-29 07:23:10 --> mysqli_sql_exception: Unknown column 'master_dies.name' in 'field list' in D:\Project Lintang\PROJEK\daily_report2\system\Database\MySQLi\Connection.php:327
Stack trace:
#0 D:\Project Lintang\PROJEK\daily_report2\system\Database\MySQLi\Connection.php(327): mysqli->query('UPDATE `project...', 0)
#1 D:\Project Lintang\PROJEK\daily_report2\system\Database\BaseConnection.php(738): CodeIgniter\Database\MySQLi\Connection->execute('UPDATE `project...')
#2 D:\Project Lintang\PROJEK\daily_report2\system\Database\BaseConnection.php(652): CodeIgniter\Database\BaseConnection->simpleQuery('UPDATE `project...')
#3 D:\Project Lintang\PROJEK\daily_report2\system\Database\BaseBuilder.php(2521): CodeIgniter\Database\BaseConnection->query('UPDATE `project...', Array, false)
#4 D:\Project Lintang\PROJEK\daily_report2\app\Controllers\Pps.php(97): CodeIgniter\Database\BaseBuilder->update()
#5 D:\Project Lintang\PROJEK\daily_report2\system\CodeIgniter.php(933): App\Controllers\Pps->create()
#6 D:\Project Lintang\PROJEK\daily_report2\system\CodeIgniter.php(507): CodeIgniter\CodeIgniter->runController(Object(App\Controllers\Pps))
#7 D:\Project Lintang\PROJEK\daily_report2\system\CodeIgniter.php(354): CodeIgniter\CodeIgniter->handleRequest(NULL, Object(Config\Cache), false)
#8 D:\Project Lintang\PROJEK\daily_report2\system\Boot.php(334): CodeIgniter\CodeIgniter->run()
#9 D:\Project Lintang\PROJEK\daily_report2\system\Boot.php(67): CodeIgniter\Boot::runCodeIgniter(Object(CodeIgniter\CodeIgniter))
#10 D:\Project Lintang\PROJEK\daily_report2\public\index.php(56): CodeIgniter\Boot::bootWeb(Object(Config\Paths))
#11 D:\Project Lintang\PROJEK\daily_report2\system\rewrite.php(44): require_once('D:\\Project Lint...')
#12 {main}
ERROR - 2025-04-29 07:24:46 --> mysqli_sql_exception: Unknown column 'master_dies.name' in 'field list' in D:\Project Lintang\PROJEK\daily_report2\system\Database\MySQLi\Connection.php:327
Stack trace:
#0 D:\Project Lintang\PROJEK\daily_report2\system\Database\MySQLi\Connection.php(327): mysqli->query('UPDATE `project...', 0)
#1 D:\Project Lintang\PROJEK\daily_report2\system\Database\BaseConnection.php(738): CodeIgniter\Database\MySQLi\Connection->execute('UPDATE `project...')
#2 D:\Project Lintang\PROJEK\daily_report2\system\Database\BaseConnection.php(652): CodeIgniter\Database\BaseConnection->simpleQuery('UPDATE `project...')
#3 D:\Project Lintang\PROJEK\daily_report2\system\Database\BaseBuilder.php(2521): CodeIgniter\Database\BaseConnection->query('UPDATE `project...', Array, false)
#4 D:\Project Lintang\PROJEK\daily_report2\app\Controllers\Pps.php(97): CodeIgniter\Database\BaseBuilder->update()
#5 D:\Project Lintang\PROJEK\daily_report2\system\CodeIgniter.php(933): App\Controllers\Pps->create()
#6 D:\Project Lintang\PROJEK\daily_report2\system\CodeIgniter.php(507): CodeIgniter\CodeIgniter->runController(Object(App\Controllers\Pps))
#7 D:\Project Lintang\PROJEK\daily_report2\system\CodeIgniter.php(354): CodeIgniter\CodeIgniter->handleRequest(NULL, Object(Config\Cache), false)
#8 D:\Project Lintang\PROJEK\daily_report2\system\Boot.php(334): CodeIgniter\CodeIgniter->run()
#9 D:\Project Lintang\PROJEK\daily_report2\system\Boot.php(67): CodeIgniter\Boot::runCodeIgniter(Object(CodeIgniter\CodeIgniter))
#10 D:\Project Lintang\PROJEK\daily_report2\public\index.php(56): CodeIgniter\Boot::bootWeb(Object(Config\Paths))
#11 D:\Project Lintang\PROJEK\daily_report2\system\rewrite.php(44): require_once('D:\\Project Lint...')
#12 {main}
ERROR - 2025-04-29 07:25:32 --> mysqli_sql_exception: Unknown column 'master_dies.name' in 'field list' in D:\Project Lintang\PROJEK\daily_report2\system\Database\MySQLi\Connection.php:327
Stack trace:
#0 D:\Project Lintang\PROJEK\daily_report2\system\Database\MySQLi\Connection.php(327): mysqli->query('UPDATE `project...', 0)
#1 D:\Project Lintang\PROJEK\daily_report2\system\Database\BaseConnection.php(738): CodeIgniter\Database\MySQLi\Connection->execute('UPDATE `project...')
#2 D:\Project Lintang\PROJEK\daily_report2\system\Database\BaseConnection.php(652): CodeIgniter\Database\BaseConnection->simpleQuery('UPDATE `project...')
#3 D:\Project Lintang\PROJEK\daily_report2\system\Database\BaseBuilder.php(2521): CodeIgniter\Database\BaseConnection->query('UPDATE `project...', Array, false)
#4 D:\Project Lintang\PROJEK\daily_report2\app\Controllers\Pps.php(97): CodeIgniter\Database\BaseBuilder->update()
#5 D:\Project Lintang\PROJEK\daily_report2\system\CodeIgniter.php(933): App\Controllers\Pps->create()
#6 D:\Project Lintang\PROJEK\daily_report2\system\CodeIgniter.php(507): CodeIgniter\CodeIgniter->runController(Object(App\Controllers\Pps))
#7 D:\Project Lintang\PROJEK\daily_report2\system\CodeIgniter.php(354): CodeIgniter\CodeIgniter->handleRequest(NULL, Object(Config\Cache), false)
#8 D:\Project Lintang\PROJEK\daily_report2\system\Boot.php(334): CodeIgniter\CodeIgniter->run()
#9 D:\Project Lintang\PROJEK\daily_report2\system\Boot.php(67): CodeIgniter\Boot::runCodeIgniter(Object(CodeIgniter\CodeIgniter))
#10 D:\Project Lintang\PROJEK\daily_report2\public\index.php(56): CodeIgniter\Boot::bootWeb(Object(Config\Paths))
#11 D:\Project Lintang\PROJEK\daily_report2\system\rewrite.php(44): require_once('D:\\Project Lint...')
#12 {main}
ERROR - 2025-04-29 07:42:54 --> mysqli_sql_exception: Unknown column 'master_dies.name' in 'field list' in D:\Project Lintang\PROJEK\daily_report2\system\Database\MySQLi\Connection.php:327
Stack trace:
#0 D:\Project Lintang\PROJEK\daily_report2\system\Database\MySQLi\Connection.php(327): mysqli->query('UPDATE `project...', 0)
#1 D:\Project Lintang\PROJEK\daily_report2\system\Database\BaseConnection.php(738): CodeIgniter\Database\MySQLi\Connection->execute('UPDATE `project...')
#2 D:\Project Lintang\PROJEK\daily_report2\system\Database\BaseConnection.php(652): CodeIgniter\Database\BaseConnection->simpleQuery('UPDATE `project...')
#3 D:\Project Lintang\PROJEK\daily_report2\system\Database\BaseBuilder.php(2521): CodeIgniter\Database\BaseConnection->query('UPDATE `project...', Array, false)
#4 D:\Project Lintang\PROJEK\daily_report2\app\Controllers\Pps.php(97): CodeIgniter\Database\BaseBuilder->update()
#5 D:\Project Lintang\PROJEK\daily_report2\system\CodeIgniter.php(933): App\Controllers\Pps->create()
#6 D:\Project Lintang\PROJEK\daily_report2\system\CodeIgniter.php(507): CodeIgniter\CodeIgniter->runController(Object(App\Controllers\Pps))
#7 D:\Project Lintang\PROJEK\daily_report2\system\CodeIgniter.php(354): CodeIgniter\CodeIgniter->handleRequest(NULL, Object(Config\Cache), false)
#8 D:\Project Lintang\PROJEK\daily_report2\system\Boot.php(334): CodeIgniter\CodeIgniter->run()
#9 D:\Project Lintang\PROJEK\daily_report2\system\Boot.php(67): CodeIgniter\Boot::runCodeIgniter(Object(CodeIgniter\CodeIgniter))
#10 D:\Project Lintang\PROJEK\daily_report2\public\index.php(56): CodeIgniter\Boot::bootWeb(Object(Config\Paths))
#11 D:\Project Lintang\PROJEK\daily_report2\system\rewrite.php(44): require_once('D:\\Project Lint...')
#12 {main}
ERROR - 2025-04-29 07:47:11 --> mysqli_sql_exception: Unknown column 'master_dies.name' in 'field list' in D:\Project Lintang\PROJEK\daily_report2\system\Database\MySQLi\Connection.php:327
Stack trace:
#0 D:\Project Lintang\PROJEK\daily_report2\system\Database\MySQLi\Connection.php(327): mysqli->query('UPDATE `project...', 0)
#1 D:\Project Lintang\PROJEK\daily_report2\system\Database\BaseConnection.php(738): CodeIgniter\Database\MySQLi\Connection->execute('UPDATE `project...')
#2 D:\Project Lintang\PROJEK\daily_report2\system\Database\BaseConnection.php(652): CodeIgniter\Database\BaseConnection->simpleQuery('UPDATE `project...')
#3 D:\Project Lintang\PROJEK\daily_report2\system\Database\BaseBuilder.php(2521): CodeIgniter\Database\BaseConnection->query('UPDATE `project...', Array, false)
#4 D:\Project Lintang\PROJEK\daily_report2\app\Controllers\Pps.php(97): CodeIgniter\Database\BaseBuilder->update()
#5 D:\Project Lintang\PROJEK\daily_report2\system\CodeIgniter.php(933): App\Controllers\Pps->create()
#6 D:\Project Lintang\PROJEK\daily_report2\system\CodeIgniter.php(507): CodeIgniter\CodeIgniter->runController(Object(App\Controllers\Pps))
#7 D:\Project Lintang\PROJEK\daily_report2\system\CodeIgniter.php(354): CodeIgniter\CodeIgniter->handleRequest(NULL, Object(Config\Cache), false)
#8 D:\Project Lintang\PROJEK\daily_report2\system\Boot.php(334): CodeIgniter\CodeIgniter->run()
#9 D:\Project Lintang\PROJEK\daily_report2\system\Boot.php(67): CodeIgniter\Boot::runCodeIgniter(Object(CodeIgniter\CodeIgniter))
#10 D:\Project Lintang\PROJEK\daily_report2\public\index.php(56): CodeIgniter\Boot::bootWeb(Object(Config\Paths))
#11 D:\Project Lintang\PROJEK\daily_report2\system\rewrite.php(44): require_once('D:\\Project Lint...')
#12 {main}
ERROR - 2025-04-29 07:48:53 --> mysqli_sql_exception: Unknown column 'master_dies.name' in 'field list' in D:\Project Lintang\PROJEK\daily_report2\system\Database\MySQLi\Connection.php:327
Stack trace:
#0 D:\Project Lintang\PROJEK\daily_report2\system\Database\MySQLi\Connection.php(327): mysqli->query('UPDATE `project...', 0)
#1 D:\Project Lintang\PROJEK\daily_report2\system\Database\BaseConnection.php(738): CodeIgniter\Database\MySQLi\Connection->execute('UPDATE `project...')
#2 D:\Project Lintang\PROJEK\daily_report2\system\Database\BaseConnection.php(652): CodeIgniter\Database\BaseConnection->simpleQuery('UPDATE `project...')
#3 D:\Project Lintang\PROJEK\daily_report2\system\Database\BaseBuilder.php(2521): CodeIgniter\Database\BaseConnection->query('UPDATE `project...', Array, false)
#4 D:\Project Lintang\PROJEK\daily_report2\app\Controllers\Pps.php(97): CodeIgniter\Database\BaseBuilder->update()
#5 D:\Project Lintang\PROJEK\daily_report2\system\CodeIgniter.php(933): App\Controllers\Pps->create()
#6 D:\Project Lintang\PROJEK\daily_report2\system\CodeIgniter.php(507): CodeIgniter\CodeIgniter->runController(Object(App\Controllers\Pps))
#7 D:\Project Lintang\PROJEK\daily_report2\system\CodeIgniter.php(354): CodeIgniter\CodeIgniter->handleRequest(NULL, Object(Config\Cache), false)
#8 D:\Project Lintang\PROJEK\daily_report2\system\Boot.php(334): CodeIgniter\CodeIgniter->run()
#9 D:\Project Lintang\PROJEK\daily_report2\system\Boot.php(67): CodeIgniter\Boot::runCodeIgniter(Object(CodeIgniter\CodeIgniter))
#10 D:\Project Lintang\PROJEK\daily_report2\public\index.php(56): CodeIgniter\Boot::bootWeb(Object(Config\Paths))
#11 D:\Project Lintang\PROJEK\daily_report2\system\rewrite.php(44): require_once('D:\\Project Lint...')
#12 {main}
ERROR - 2025-04-29 07:49:18 --> mysqli_sql_exception: Unknown column 'master_dies.name' in 'field list' in D:\Project Lintang\PROJEK\daily_report2\system\Database\MySQLi\Connection.php:327
Stack trace:
#0 D:\Project Lintang\PROJEK\daily_report2\system\Database\MySQLi\Connection.php(327): mysqli->query('UPDATE `project...', 0)
#1 D:\Project Lintang\PROJEK\daily_report2\system\Database\BaseConnection.php(738): CodeIgniter\Database\MySQLi\Connection->execute('UPDATE `project...')
#2 D:\Project Lintang\PROJEK\daily_report2\system\Database\BaseConnection.php(652): CodeIgniter\Database\BaseConnection->simpleQuery('UPDATE `project...')
#3 D:\Project Lintang\PROJEK\daily_report2\system\Database\BaseBuilder.php(2521): CodeIgniter\Database\BaseConnection->query('UPDATE `project...', Array, false)
#4 D:\Project Lintang\PROJEK\daily_report2\app\Controllers\Pps.php(97): CodeIgniter\Database\BaseBuilder->update()
#5 D:\Project Lintang\PROJEK\daily_report2\system\CodeIgniter.php(933): App\Controllers\Pps->create()
#6 D:\Project Lintang\PROJEK\daily_report2\system\CodeIgniter.php(507): CodeIgniter\CodeIgniter->runController(Object(App\Controllers\Pps))
#7 D:\Project Lintang\PROJEK\daily_report2\system\CodeIgniter.php(354): CodeIgniter\CodeIgniter->handleRequest(NULL, Object(Config\Cache), false)
#8 D:\Project Lintang\PROJEK\daily_report2\system\Boot.php(334): CodeIgniter\CodeIgniter->run()
#9 D:\Project Lintang\PROJEK\daily_report2\system\Boot.php(67): CodeIgniter\Boot::runCodeIgniter(Object(CodeIgniter\CodeIgniter))
#10 D:\Project Lintang\PROJEK\daily_report2\public\index.php(56): CodeIgniter\Boot::bootWeb(Object(Config\Paths))
#11 D:\Project Lintang\PROJEK\daily_report2\system\rewrite.php(44): require_once('D:\\Project Lint...')
#12 {main}
ERROR - 2025-04-29 07:55:49 --> mysqli_sql_exception: Unknown column 'master_dies.name' in 'field list' in D:\Project Lintang\PROJEK\daily_report2\system\Database\MySQLi\Connection.php:327
Stack trace:
#0 D:\Project Lintang\PROJEK\daily_report2\system\Database\MySQLi\Connection.php(327): mysqli->query('UPDATE `project...', 0)
#1 D:\Project Lintang\PROJEK\daily_report2\system\Database\BaseConnection.php(738): CodeIgniter\Database\MySQLi\Connection->execute('UPDATE `project...')
#2 D:\Project Lintang\PROJEK\daily_report2\system\Database\BaseConnection.php(652): CodeIgniter\Database\BaseConnection->simpleQuery('UPDATE `project...')
#3 D:\Project Lintang\PROJEK\daily_report2\system\Database\BaseBuilder.php(2521): CodeIgniter\Database\BaseConnection->query('UPDATE `project...', Array, false)
#4 D:\Project Lintang\PROJEK\daily_report2\app\Controllers\Pps.php(97): CodeIgniter\Database\BaseBuilder->update()
#5 D:\Project Lintang\PROJEK\daily_report2\system\CodeIgniter.php(933): App\Controllers\Pps->create()
#6 D:\Project Lintang\PROJEK\daily_report2\system\CodeIgniter.php(507): CodeIgniter\CodeIgniter->runController(Object(App\Controllers\Pps))
#7 D:\Project Lintang\PROJEK\daily_report2\system\CodeIgniter.php(354): CodeIgniter\CodeIgniter->handleRequest(NULL, Object(Config\Cache), false)
#8 D:\Project Lintang\PROJEK\daily_report2\system\Boot.php(334): CodeIgniter\CodeIgniter->run()
#9 D:\Project Lintang\PROJEK\daily_report2\system\Boot.php(67): CodeIgniter\Boot::runCodeIgniter(Object(CodeIgniter\CodeIgniter))
#10 D:\Project Lintang\PROJEK\daily_report2\public\index.php(56): CodeIgniter\Boot::bootWeb(Object(Config\Paths))
#11 D:\Project Lintang\PROJEK\daily_report2\system\rewrite.php(44): require_once('D:\\Project Lint...')
#12 {main}
ERROR - 2025-04-29 08:07:28 --> mysqli_sql_exception: Unknown column 'master_dies.name' in 'field list' in D:\Project Lintang\PROJEK\daily_report2\system\Database\MySQLi\Connection.php:327
Stack trace:
#0 D:\Project Lintang\PROJEK\daily_report2\system\Database\MySQLi\Connection.php(327): mysqli->query('UPDATE `project...', 0)
#1 D:\Project Lintang\PROJEK\daily_report2\system\Database\BaseConnection.php(738): CodeIgniter\Database\MySQLi\Connection->execute('UPDATE `project...')
#2 D:\Project Lintang\PROJEK\daily_report2\system\Database\BaseConnection.php(652): CodeIgniter\Database\BaseConnection->simpleQuery('UPDATE `project...')
#3 D:\Project Lintang\PROJEK\daily_report2\system\Database\BaseBuilder.php(2521): CodeIgniter\Database\BaseConnection->query('UPDATE `project...', Array, false)
#4 D:\Project Lintang\PROJEK\daily_report2\app\Controllers\Pps.php(97): CodeIgniter\Database\BaseBuilder->update()
#5 D:\Project Lintang\PROJEK\daily_report2\system\CodeIgniter.php(933): App\Controllers\Pps->create()
#6 D:\Project Lintang\PROJEK\daily_report2\system\CodeIgniter.php(507): CodeIgniter\CodeIgniter->runController(Object(App\Controllers\Pps))
#7 D:\Project Lintang\PROJEK\daily_report2\system\CodeIgniter.php(354): CodeIgniter\CodeIgniter->handleRequest(NULL, Object(Config\Cache), false)
#8 D:\Project Lintang\PROJEK\daily_report2\system\Boot.php(334): CodeIgniter\CodeIgniter->run()
#9 D:\Project Lintang\PROJEK\daily_report2\system\Boot.php(67): CodeIgniter\Boot::runCodeIgniter(Object(CodeIgniter\CodeIgniter))
#10 D:\Project Lintang\PROJEK\daily_report2\public\index.php(56): CodeIgniter\Boot::bootWeb(Object(Config\Paths))
#11 D:\Project Lintang\PROJEK\daily_report2\system\rewrite.php(44): require_once('D:\\Project Lint...')
#12 {main}
ERROR - 2025-04-29 08:12:23 --> mysqli_sql_exception: Unknown column 'master_dies.name' in 'field list' in D:\Project Lintang\PROJEK\daily_report2\system\Database\MySQLi\Connection.php:327
Stack trace:
#0 D:\Project Lintang\PROJEK\daily_report2\system\Database\MySQLi\Connection.php(327): mysqli->query('UPDATE `project...', 0)
#1 D:\Project Lintang\PROJEK\daily_report2\system\Database\BaseConnection.php(738): CodeIgniter\Database\MySQLi\Connection->execute('UPDATE `project...')
#2 D:\Project Lintang\PROJEK\daily_report2\system\Database\BaseConnection.php(652): CodeIgniter\Database\BaseConnection->simpleQuery('UPDATE `project...')
#3 D:\Project Lintang\PROJEK\daily_report2\system\Database\BaseBuilder.php(2521): CodeIgniter\Database\BaseConnection->query('UPDATE `project...', Array, false)
#4 D:\Project Lintang\PROJEK\daily_report2\app\Controllers\Pps.php(97): CodeIgniter\Database\BaseBuilder->update()
#5 D:\Project Lintang\PROJEK\daily_report2\system\CodeIgniter.php(933): App\Controllers\Pps->create()
#6 D:\Project Lintang\PROJEK\daily_report2\system\CodeIgniter.php(507): CodeIgniter\CodeIgniter->runController(Object(App\Controllers\Pps))
#7 D:\Project Lintang\PROJEK\daily_report2\system\CodeIgniter.php(354): CodeIgniter\CodeIgniter->handleRequest(NULL, Object(Config\Cache), false)
#8 D:\Project Lintang\PROJEK\daily_report2\system\Boot.php(334): CodeIgniter\CodeIgniter->run()
#9 D:\Project Lintang\PROJEK\daily_report2\system\Boot.php(67): CodeIgniter\Boot::runCodeIgniter(Object(CodeIgniter\CodeIgniter))
#10 D:\Project Lintang\PROJEK\daily_report2\public\index.php(56): CodeIgniter\Boot::bootWeb(Object(Config\Paths))
#11 D:\Project Lintang\PROJEK\daily_report2\system\rewrite.php(44): require_once('D:\\Project Lint...')
#12 {main}
ERROR - 2025-04-29 08:12:47 --> mysqli_sql_exception: Unknown column 'master_dies.name' in 'field list' in D:\Project Lintang\PROJEK\daily_report2\system\Database\MySQLi\Connection.php:327
Stack trace:
#0 D:\Project Lintang\PROJEK\daily_report2\system\Database\MySQLi\Connection.php(327): mysqli->query('UPDATE `project...', 0)
#1 D:\Project Lintang\PROJEK\daily_report2\system\Database\BaseConnection.php(738): CodeIgniter\Database\MySQLi\Connection->execute('UPDATE `project...')
#2 D:\Project Lintang\PROJEK\daily_report2\system\Database\BaseConnection.php(652): CodeIgniter\Database\BaseConnection->simpleQuery('UPDATE `project...')
#3 D:\Project Lintang\PROJEK\daily_report2\system\Database\BaseBuilder.php(2521): CodeIgniter\Database\BaseConnection->query('UPDATE `project...', Array, false)
#4 D:\Project Lintang\PROJEK\daily_report2\app\Controllers\Pps.php(97): CodeIgniter\Database\BaseBuilder->update()
#5 D:\Project Lintang\PROJEK\daily_report2\system\CodeIgniter.php(933): App\Controllers\Pps->create()
#6 D:\Project Lintang\PROJEK\daily_report2\system\CodeIgniter.php(507): CodeIgniter\CodeIgniter->runController(Object(App\Controllers\Pps))
#7 D:\Project Lintang\PROJEK\daily_report2\system\CodeIgniter.php(354): CodeIgniter\CodeIgniter->handleRequest(NULL, Object(Config\Cache), false)
#8 D:\Project Lintang\PROJEK\daily_report2\system\Boot.php(334): CodeIgniter\CodeIgniter->run()
#9 D:\Project Lintang\PROJEK\daily_report2\system\Boot.php(67): CodeIgniter\Boot::runCodeIgniter(Object(CodeIgniter\CodeIgniter))
#10 D:\Project Lintang\PROJEK\daily_report2\public\index.php(56): CodeIgniter\Boot::bootWeb(Object(Config\Paths))
#11 D:\Project Lintang\PROJEK\daily_report2\system\rewrite.php(44): require_once('D:\\Project Lint...')
#12 {main}
ERROR - 2025-04-29 08:13:17 --> mysqli_sql_exception: Unknown column 'master_dies.name' in 'field list' in D:\Project Lintang\PROJEK\daily_report2\system\Database\MySQLi\Connection.php:327
Stack trace:
#0 D:\Project Lintang\PROJEK\daily_report2\system\Database\MySQLi\Connection.php(327): mysqli->query('UPDATE `project...', 0)
#1 D:\Project Lintang\PROJEK\daily_report2\system\Database\BaseConnection.php(738): CodeIgniter\Database\MySQLi\Connection->execute('UPDATE `project...')
#2 D:\Project Lintang\PROJEK\daily_report2\system\Database\BaseConnection.php(652): CodeIgniter\Database\BaseConnection->simpleQuery('UPDATE `project...')
#3 D:\Project Lintang\PROJEK\daily_report2\system\Database\BaseBuilder.php(2521): CodeIgniter\Database\BaseConnection->query('UPDATE `project...', Array, false)
#4 D:\Project Lintang\PROJEK\daily_report2\app\Controllers\Pps.php(97): CodeIgniter\Database\BaseBuilder->update()
#5 D:\Project Lintang\PROJEK\daily_report2\system\CodeIgniter.php(933): App\Controllers\Pps->create()
#6 D:\Project Lintang\PROJEK\daily_report2\system\CodeIgniter.php(507): CodeIgniter\CodeIgniter->runController(Object(App\Controllers\Pps))
#7 D:\Project Lintang\PROJEK\daily_report2\system\CodeIgniter.php(354): CodeIgniter\CodeIgniter->handleRequest(NULL, Object(Config\Cache), false)
#8 D:\Project Lintang\PROJEK\daily_report2\system\Boot.php(334): CodeIgniter\CodeIgniter->run()
#9 D:\Project Lintang\PROJEK\daily_report2\system\Boot.php(67): CodeIgniter\Boot::runCodeIgniter(Object(CodeIgniter\CodeIgniter))
#10 D:\Project Lintang\PROJEK\daily_report2\public\index.php(56): CodeIgniter\Boot::bootWeb(Object(Config\Paths))
#11 D:\Project Lintang\PROJEK\daily_report2\system\rewrite.php(44): require_once('D:\\Project Lint...')
#12 {main}
ERROR - 2025-04-29 08:13:44 --> mysqli_sql_exception: Unknown column 'master_dies.name' in 'field list' in D:\Project Lintang\PROJEK\daily_report2\system\Database\MySQLi\Connection.php:327
Stack trace:
#0 D:\Project Lintang\PROJEK\daily_report2\system\Database\MySQLi\Connection.php(327): mysqli->query('UPDATE `project...', 0)
#1 D:\Project Lintang\PROJEK\daily_report2\system\Database\BaseConnection.php(738): CodeIgniter\Database\MySQLi\Connection->execute('UPDATE `project...')
#2 D:\Project Lintang\PROJEK\daily_report2\system\Database\BaseConnection.php(652): CodeIgniter\Database\BaseConnection->simpleQuery('UPDATE `project...')
#3 D:\Project Lintang\PROJEK\daily_report2\system\Database\BaseBuilder.php(2521): CodeIgniter\Database\BaseConnection->query('UPDATE `project...', Array, false)
#4 D:\Project Lintang\PROJEK\daily_report2\app\Controllers\Pps.php(97): CodeIgniter\Database\BaseBuilder->update()
#5 D:\Project Lintang\PROJEK\daily_report2\system\CodeIgniter.php(933): App\Controllers\Pps->create()
#6 D:\Project Lintang\PROJEK\daily_report2\system\CodeIgniter.php(507): CodeIgniter\CodeIgniter->runController(Object(App\Controllers\Pps))
#7 D:\Project Lintang\PROJEK\daily_report2\system\CodeIgniter.php(354): CodeIgniter\CodeIgniter->handleRequest(NULL, Object(Config\Cache), false)
#8 D:\Project Lintang\PROJEK\daily_report2\system\Boot.php(334): CodeIgniter\CodeIgniter->run()
#9 D:\Project Lintang\PROJEK\daily_report2\system\Boot.php(67): CodeIgniter\Boot::runCodeIgniter(Object(CodeIgniter\CodeIgniter))
#10 D:\Project Lintang\PROJEK\daily_report2\public\index.php(56): CodeIgniter\Boot::bootWeb(Object(Config\Paths))
#11 D:\Project Lintang\PROJEK\daily_report2\system\rewrite.php(44): require_once('D:\\Project Lint...')
#12 {main}
ERROR - 2025-04-29 08:14:07 --> mysqli_sql_exception: Unknown column 'master_dies.name' in 'field list' in D:\Project Lintang\PROJEK\daily_report2\system\Database\MySQLi\Connection.php:327
Stack trace:
#0 D:\Project Lintang\PROJEK\daily_report2\system\Database\MySQLi\Connection.php(327): mysqli->query('UPDATE `project...', 0)
#1 D:\Project Lintang\PROJEK\daily_report2\system\Database\BaseConnection.php(738): CodeIgniter\Database\MySQLi\Connection->execute('UPDATE `project...')
#2 D:\Project Lintang\PROJEK\daily_report2\system\Database\BaseConnection.php(652): CodeIgniter\Database\BaseConnection->simpleQuery('UPDATE `project...')
#3 D:\Project Lintang\PROJEK\daily_report2\system\Database\BaseBuilder.php(2521): CodeIgniter\Database\BaseConnection->query('UPDATE `project...', Array, false)
#4 D:\Project Lintang\PROJEK\daily_report2\app\Controllers\Pps.php(97): CodeIgniter\Database\BaseBuilder->update()
#5 D:\Project Lintang\PROJEK\daily_report2\system\CodeIgniter.php(933): App\Controllers\Pps->create()
#6 D:\Project Lintang\PROJEK\daily_report2\system\CodeIgniter.php(507): CodeIgniter\CodeIgniter->runController(Object(App\Controllers\Pps))
#7 D:\Project Lintang\PROJEK\daily_report2\system\CodeIgniter.php(354): CodeIgniter\CodeIgniter->handleRequest(NULL, Object(Config\Cache), false)
#8 D:\Project Lintang\PROJEK\daily_report2\system\Boot.php(334): CodeIgniter\CodeIgniter->run()
#9 D:\Project Lintang\PROJEK\daily_report2\system\Boot.php(67): CodeIgniter\Boot::runCodeIgniter(Object(CodeIgniter\CodeIgniter))
#10 D:\Project Lintang\PROJEK\daily_report2\public\index.php(56): CodeIgniter\Boot::bootWeb(Object(Config\Paths))
#11 D:\Project Lintang\PROJEK\daily_report2\system\rewrite.php(44): require_once('D:\\Project Lint...')
#12 {main}
ERROR - 2025-04-29 08:14:39 --> mysqli_sql_exception: Unknown column 'master_dies.name' in 'field list' in D:\Project Lintang\PROJEK\daily_report2\system\Database\MySQLi\Connection.php:327
Stack trace:
#0 D:\Project Lintang\PROJEK\daily_report2\system\Database\MySQLi\Connection.php(327): mysqli->query('UPDATE `project...', 0)
#1 D:\Project Lintang\PROJEK\daily_report2\system\Database\BaseConnection.php(738): CodeIgniter\Database\MySQLi\Connection->execute('UPDATE `project...')
#2 D:\Project Lintang\PROJEK\daily_report2\system\Database\BaseConnection.php(652): CodeIgniter\Database\BaseConnection->simpleQuery('UPDATE `project...')
#3 D:\Project Lintang\PROJEK\daily_report2\system\Database\BaseBuilder.php(2521): CodeIgniter\Database\BaseConnection->query('UPDATE `project...', Array, false)
#4 D:\Project Lintang\PROJEK\daily_report2\app\Controllers\Pps.php(97): CodeIgniter\Database\BaseBuilder->update()
#5 D:\Project Lintang\PROJEK\daily_report2\system\CodeIgniter.php(933): App\Controllers\Pps->create()
#6 D:\Project Lintang\PROJEK\daily_report2\system\CodeIgniter.php(507): CodeIgniter\CodeIgniter->runController(Object(App\Controllers\Pps))
#7 D:\Project Lintang\PROJEK\daily_report2\system\CodeIgniter.php(354): CodeIgniter\CodeIgniter->handleRequest(NULL, Object(Config\Cache), false)
#8 D:\Project Lintang\PROJEK\daily_report2\system\Boot.php(334): CodeIgniter\CodeIgniter->run()
#9 D:\Project Lintang\PROJEK\daily_report2\system\Boot.php(67): CodeIgniter\Boot::runCodeIgniter(Object(CodeIgniter\CodeIgniter))
#10 D:\Project Lintang\PROJEK\daily_report2\public\index.php(56): CodeIgniter\Boot::bootWeb(Object(Config\Paths))
#11 D:\Project Lintang\PROJEK\daily_report2\system\rewrite.php(44): require_once('D:\\Project Lint...')
#12 {main}
ERROR - 2025-04-29 08:39:07 --> mysqli_sql_exception: Unknown column 'master_dies.name' in 'field list' in D:\Project Lintang\PROJEK\daily_report2\system\Database\MySQLi\Connection.php:327
Stack trace:
#0 D:\Project Lintang\PROJEK\daily_report2\system\Database\MySQLi\Connection.php(327): mysqli->query('UPDATE `project...', 0)
#1 D:\Project Lintang\PROJEK\daily_report2\system\Database\BaseConnection.php(738): CodeIgniter\Database\MySQLi\Connection->execute('UPDATE `project...')
#2 D:\Project Lintang\PROJEK\daily_report2\system\Database\BaseConnection.php(652): CodeIgniter\Database\BaseConnection->simpleQuery('UPDATE `project...')
#3 D:\Project Lintang\PROJEK\daily_report2\system\Database\BaseBuilder.php(2521): CodeIgniter\Database\BaseConnection->query('UPDATE `project...', Array, false)
#4 D:\Project Lintang\PROJEK\daily_report2\app\Controllers\Pps.php(97): CodeIgniter\Database\BaseBuilder->update()
#5 D:\Project Lintang\PROJEK\daily_report2\system\CodeIgniter.php(933): App\Controllers\Pps->create()
#6 D:\Project Lintang\PROJEK\daily_report2\system\CodeIgniter.php(507): CodeIgniter\CodeIgniter->runController(Object(App\Controllers\Pps))
#7 D:\Project Lintang\PROJEK\daily_report2\system\CodeIgniter.php(354): CodeIgniter\CodeIgniter->handleRequest(NULL, Object(Config\Cache), false)
#8 D:\Project Lintang\PROJEK\daily_report2\system\Boot.php(334): CodeIgniter\CodeIgniter->run()
#9 D:\Project Lintang\PROJEK\daily_report2\system\Boot.php(67): CodeIgniter\Boot::runCodeIgniter(Object(CodeIgniter\CodeIgniter))
#10 D:\Project Lintang\PROJEK\daily_report2\public\index.php(56): CodeIgniter\Boot::bootWeb(Object(Config\Paths))
#11 D:\Project Lintang\PROJEK\daily_report2\system\rewrite.php(44): require_once('D:\\Project Lint...')
#12 {main}
ERROR - 2025-04-29 08:51:52 --> mysqli_sql_exception: Unknown column 'master_dies.name' in 'field list' in D:\Project Lintang\PROJEK\daily_report2\system\Database\MySQLi\Connection.php:327
Stack trace:
#0 D:\Project Lintang\PROJEK\daily_report2\system\Database\MySQLi\Connection.php(327): mysqli->query('UPDATE `project...', 0)
#1 D:\Project Lintang\PROJEK\daily_report2\system\Database\BaseConnection.php(738): CodeIgniter\Database\MySQLi\Connection->execute('UPDATE `project...')
#2 D:\Project Lintang\PROJEK\daily_report2\system\Database\BaseConnection.php(652): CodeIgniter\Database\BaseConnection->simpleQuery('UPDATE `project...')
#3 D:\Project Lintang\PROJEK\daily_report2\system\Database\BaseBuilder.php(2521): CodeIgniter\Database\BaseConnection->query('UPDATE `project...', Array, false)
#4 D:\Project Lintang\PROJEK\daily_report2\app\Controllers\Pps.php(97): CodeIgniter\Database\BaseBuilder->update()
#5 D:\Project Lintang\PROJEK\daily_report2\system\CodeIgniter.php(933): App\Controllers\Pps->create()
#6 D:\Project Lintang\PROJEK\daily_report2\system\CodeIgniter.php(507): CodeIgniter\CodeIgniter->runController(Object(App\Controllers\Pps))
#7 D:\Project Lintang\PROJEK\daily_report2\system\CodeIgniter.php(354): CodeIgniter\CodeIgniter->handleRequest(NULL, Object(Config\Cache), false)
#8 D:\Project Lintang\PROJEK\daily_report2\system\Boot.php(334): CodeIgniter\CodeIgniter->run()
#9 D:\Project Lintang\PROJEK\daily_report2\system\Boot.php(67): CodeIgniter\Boot::runCodeIgniter(Object(CodeIgniter\CodeIgniter))
#10 D:\Project Lintang\PROJEK\daily_report2\public\index.php(56): CodeIgniter\Boot::bootWeb(Object(Config\Paths))
#11 D:\Project Lintang\PROJEK\daily_report2\system\rewrite.php(44): require_once('D:\\Project Lint...')
#12 {main}
ERROR - 2025-04-29 08:56:25 --> mysqli_sql_exception: Unknown column 'master_dies.name' in 'field list' in D:\Project Lintang\PROJEK\daily_report2\system\Database\MySQLi\Connection.php:327
Stack trace:
#0 D:\Project Lintang\PROJEK\daily_report2\system\Database\MySQLi\Connection.php(327): mysqli->query('UPDATE `project...', 0)
#1 D:\Project Lintang\PROJEK\daily_report2\system\Database\BaseConnection.php(738): CodeIgniter\Database\MySQLi\Connection->execute('UPDATE `project...')
#2 D:\Project Lintang\PROJEK\daily_report2\system\Database\BaseConnection.php(652): CodeIgniter\Database\BaseConnection->simpleQuery('UPDATE `project...')
#3 D:\Project Lintang\PROJEK\daily_report2\system\Database\BaseBuilder.php(2521): CodeIgniter\Database\BaseConnection->query('UPDATE `project...', Array, false)
#4 D:\Project Lintang\PROJEK\daily_report2\app\Controllers\Pps.php(97): CodeIgniter\Database\BaseBuilder->update()
#5 D:\Project Lintang\PROJEK\daily_report2\system\CodeIgniter.php(933): App\Controllers\Pps->create()
#6 D:\Project Lintang\PROJEK\daily_report2\system\CodeIgniter.php(507): CodeIgniter\CodeIgniter->runController(Object(App\Controllers\Pps))
#7 D:\Project Lintang\PROJEK\daily_report2\system\CodeIgniter.php(354): CodeIgniter\CodeIgniter->handleRequest(NULL, Object(Config\Cache), false)
#8 D:\Project Lintang\PROJEK\daily_report2\system\Boot.php(334): CodeIgniter\CodeIgniter->run()
#9 D:\Project Lintang\PROJEK\daily_report2\system\Boot.php(67): CodeIgniter\Boot::runCodeIgniter(Object(CodeIgniter\CodeIgniter))
#10 D:\Project Lintang\PROJEK\daily_report2\public\index.php(56): CodeIgniter\Boot::bootWeb(Object(Config\Paths))
#11 D:\Project Lintang\PROJEK\daily_report2\system\rewrite.php(44): require_once('D:\\Project Lint...')
#12 {main}
ERROR - 2025-04-29 12:06:01 --> mysqli_sql_exception: Unknown column 'master_dies.name' in 'field list' in D:\Project Lintang\PROJEK\daily_report2\system\Database\MySQLi\Connection.php:327
Stack trace:
#0 D:\Project Lintang\PROJEK\daily_report2\system\Database\MySQLi\Connection.php(327): mysqli->query('UPDATE `project...', 0)
#1 D:\Project Lintang\PROJEK\daily_report2\system\Database\BaseConnection.php(738): CodeIgniter\Database\MySQLi\Connection->execute('UPDATE `project...')
#2 D:\Project Lintang\PROJEK\daily_report2\system\Database\BaseConnection.php(652): CodeIgniter\Database\BaseConnection->simpleQuery('UPDATE `project...')
#3 D:\Project Lintang\PROJEK\daily_report2\system\Database\BaseBuilder.php(2521): CodeIgniter\Database\BaseConnection->query('UPDATE `project...', Array, false)
#4 D:\Project Lintang\PROJEK\daily_report2\app\Controllers\Pps.php(97): CodeIgniter\Database\BaseBuilder->update()
#5 D:\Project Lintang\PROJEK\daily_report2\system\CodeIgniter.php(933): App\Controllers\Pps->create()
#6 D:\Project Lintang\PROJEK\daily_report2\system\CodeIgniter.php(507): CodeIgniter\CodeIgniter->runController(Object(App\Controllers\Pps))
#7 D:\Project Lintang\PROJEK\daily_report2\system\CodeIgniter.php(354): CodeIgniter\CodeIgniter->handleRequest(NULL, Object(Config\Cache), false)
#8 D:\Project Lintang\PROJEK\daily_report2\system\Boot.php(334): CodeIgniter\CodeIgniter->run()
#9 D:\Project Lintang\PROJEK\daily_report2\system\Boot.php(67): CodeIgniter\Boot::runCodeIgniter(Object(CodeIgniter\CodeIgniter))
#10 D:\Project Lintang\PROJEK\daily_report2\public\index.php(56): CodeIgniter\Boot::bootWeb(Object(Config\Paths))
#11 D:\Project Lintang\PROJEK\daily_report2\system\rewrite.php(44): require_once('D:\\Project Lint...')
#12 {main}
ERROR - 2025-04-29 12:06:01 --> mysqli_sql_exception: Unknown column 'master_dies.name' in 'field list' in D:\Project Lintang\PROJEK\daily_report2\system\Database\MySQLi\Connection.php:327
Stack trace:
#0 D:\Project Lintang\PROJEK\daily_report2\system\Database\MySQLi\Connection.php(327): mysqli->query('UPDATE `project...', 0)
#1 D:\Project Lintang\PROJEK\daily_report2\system\Database\BaseConnection.php(738): CodeIgniter\Database\MySQLi\Connection->execute('UPDATE `project...')
#2 D:\Project Lintang\PROJEK\daily_report2\system\Database\BaseConnection.php(652): CodeIgniter\Database\BaseConnection->simpleQuery('UPDATE `project...')
#3 D:\Project Lintang\PROJEK\daily_report2\system\Database\BaseBuilder.php(2521): CodeIgniter\Database\BaseConnection->query('UPDATE `project...', Array, false)
#4 D:\Project Lintang\PROJEK\daily_report2\app\Controllers\Pps.php(97): CodeIgniter\Database\BaseBuilder->update()
#5 D:\Project Lintang\PROJEK\daily_report2\system\CodeIgniter.php(933): App\Controllers\Pps->create()
#6 D:\Project Lintang\PROJEK\daily_report2\system\CodeIgniter.php(507): CodeIgniter\CodeIgniter->runController(Object(App\Controllers\Pps))
#7 D:\Project Lintang\PROJEK\daily_report2\system\CodeIgniter.php(354): CodeIgniter\CodeIgniter->handleRequest(NULL, Object(Config\Cache), false)
#8 D:\Project Lintang\PROJEK\daily_report2\system\Boot.php(334): CodeIgniter\CodeIgniter->run()
#9 D:\Project Lintang\PROJEK\daily_report2\system\Boot.php(67): CodeIgniter\Boot::runCodeIgniter(Object(CodeIgniter\CodeIgniter))
#10 D:\Project Lintang\PROJEK\daily_report2\public\index.php(56): CodeIgniter\Boot::bootWeb(Object(Config\Paths))
#11 D:\Project Lintang\PROJEK\daily_report2\system\rewrite.php(44): require_once('D:\\Project Lint...')
#12 {main}
ERROR - 2025-04-29 22:52:05 --> mysqli_sql_exception: Unknown column 'master_dies.name' in 'field list' in D:\Project Lintang\PROJEK\daily_report2\system\Database\MySQLi\Connection.php:327
Stack trace:
#0 D:\Project Lintang\PROJEK\daily_report2\system\Database\MySQLi\Connection.php(327): mysqli->query('UPDATE `project...', 0)
#1 D:\Project Lintang\PROJEK\daily_report2\system\Database\BaseConnection.php(738): CodeIgniter\Database\MySQLi\Connection->execute('UPDATE `project...')
#2 D:\Project Lintang\PROJEK\daily_report2\system\Database\BaseConnection.php(652): CodeIgniter\Database\BaseConnection->simpleQuery('UPDATE `project...')
#3 D:\Project Lintang\PROJEK\daily_report2\system\Database\BaseBuilder.php(2521): CodeIgniter\Database\BaseConnection->query('UPDATE `project...', Array, false)
#4 D:\Project Lintang\PROJEK\daily_report2\app\Controllers\Pps.php(97): CodeIgniter\Database\BaseBuilder->update()
#5 D:\Project Lintang\PROJEK\daily_report2\system\CodeIgniter.php(933): App\Controllers\Pps->create()
#6 D:\Project Lintang\PROJEK\daily_report2\system\CodeIgniter.php(507): CodeIgniter\CodeIgniter->runController(Object(App\Controllers\Pps))
#7 D:\Project Lintang\PROJEK\daily_report2\system\CodeIgniter.php(354): CodeIgniter\CodeIgniter->handleRequest(NULL, Object(Config\Cache), false)
#8 D:\Project Lintang\PROJEK\daily_report2\system\Boot.php(334): CodeIgniter\CodeIgniter->run()
#9 D:\Project Lintang\PROJEK\daily_report2\system\Boot.php(67): CodeIgniter\Boot::runCodeIgniter(Object(CodeIgniter\CodeIgniter))
#10 D:\Project Lintang\PROJEK\daily_report2\public\index.php(56): CodeIgniter\Boot::bootWeb(Object(Config\Paths))
#11 D:\Project Lintang\PROJEK\daily_report2\system\rewrite.php(44): require_once('D:\\Project Lint...')
#12 {main}
