CRITICAL - 2025-04-21 01:18:41 --> PhpOffice\PhpSpreadsheet\Exception: Invalid cell coordinate H-3
[Method: GET, Route: pps/generate/72]
in VENDORPATH\phpoffice\phpspreadsheet\src\PhpSpreadsheet\Cell\Coordinate.php on line 44.
 1 VENDORPATH\phpoffice\phpspreadsheet\src\PhpSpreadsheet\Cell\Coordinate.php(56): PhpOffice\PhpSpreadsheet\Cell\Coordinate::coordinateFromString('H-3')
 2 VENDORPATH\phpoffice\phpspreadsheet\src\PhpSpreadsheet\Worksheet\Worksheet.php(1267): PhpOffice\PhpSpreadsheet\Cell\Coordinate::indexesFromString('H-3')
 3 VENDORPATH\phpoffice\phpspreadsheet\src\PhpSpreadsheet\Worksheet\Worksheet.php(1181): PhpOffice\PhpSpreadsheet\Worksheet\Worksheet->createNewCell('H-3')
 4 VENDORPATH\phpoffice\phpspreadsheet\src\PhpSpreadsheet\Worksheet\BaseDrawing.php(204): PhpOffice\PhpSpreadsheet\Worksheet\Worksheet->getCell('H-3')
 5 APPPATH\Controllers\Pps.php(2684): PhpOffice\PhpSpreadsheet\Worksheet\BaseDrawing->setWorksheet(Object(PhpOffice\PhpSpreadsheet\Worksheet\Worksheet))
 6 SYSTEMPATH\CodeIgniter.php(933): App\Controllers\Pps->generateExcel('72')
 7 SYSTEMPATH\CodeIgniter.php(507): CodeIgniter\CodeIgniter->runController(Object(App\Controllers\Pps))
 8 SYSTEMPATH\CodeIgniter.php(354): CodeIgniter\CodeIgniter->handleRequest(null, Object(Config\Cache), false)
 9 SYSTEMPATH\Boot.php(334): CodeIgniter\CodeIgniter->run()
10 SYSTEMPATH\Boot.php(67): CodeIgniter\Boot::runCodeIgniter(Object(CodeIgniter\CodeIgniter))
11 FCPATH\index.php(56): CodeIgniter\Boot::bootWeb(Object(Config\Paths))
12 SYSTEMPATH\rewrite.php(44): require_once('D:\\Project Lintang\\PROJEK\\daily_report2\\public\\index.php')
CRITICAL - 2025-04-21 01:23:17 --> PhpOffice\PhpSpreadsheet\Exception: Invalid cell coordinate H-3
[Method: GET, Route: pps/generate/72]
in VENDORPATH\phpoffice\phpspreadsheet\src\PhpSpreadsheet\Cell\Coordinate.php on line 44.
 1 VENDORPATH\phpoffice\phpspreadsheet\src\PhpSpreadsheet\Cell\Coordinate.php(56): PhpOffice\PhpSpreadsheet\Cell\Coordinate::coordinateFromString('H-3')
 2 VENDORPATH\phpoffice\phpspreadsheet\src\PhpSpreadsheet\Worksheet\Worksheet.php(1267): PhpOffice\PhpSpreadsheet\Cell\Coordinate::indexesFromString('H-3')
 3 VENDORPATH\phpoffice\phpspreadsheet\src\PhpSpreadsheet\Worksheet\Worksheet.php(1181): PhpOffice\PhpSpreadsheet\Worksheet\Worksheet->createNewCell('H-3')
 4 VENDORPATH\phpoffice\phpspreadsheet\src\PhpSpreadsheet\Worksheet\BaseDrawing.php(204): PhpOffice\PhpSpreadsheet\Worksheet\Worksheet->getCell('H-3')
 5 APPPATH\Controllers\Pps.php(2684): PhpOffice\PhpSpreadsheet\Worksheet\BaseDrawing->setWorksheet(Object(PhpOffice\PhpSpreadsheet\Worksheet\Worksheet))
 6 SYSTEMPATH\CodeIgniter.php(933): App\Controllers\Pps->generateExcel('72')
 7 SYSTEMPATH\CodeIgniter.php(507): CodeIgniter\CodeIgniter->runController(Object(App\Controllers\Pps))
 8 SYSTEMPATH\CodeIgniter.php(354): CodeIgniter\CodeIgniter->handleRequest(null, Object(Config\Cache), false)
 9 SYSTEMPATH\Boot.php(334): CodeIgniter\CodeIgniter->run()
10 SYSTEMPATH\Boot.php(67): CodeIgniter\Boot::runCodeIgniter(Object(CodeIgniter\CodeIgniter))
11 FCPATH\index.php(56): CodeIgniter\Boot::bootWeb(Object(Config\Paths))
12 SYSTEMPATH\rewrite.php(44): require_once('D:\\Project Lintang\\PROJEK\\daily_report2\\public\\index.php')
CRITICAL - 2025-04-21 01:38:05 --> ErrorException: Undefined array key 0
[Method: GET, Route: dcp/create/304]
in APPPATH\Views\dcp\create.php on line 727.
 1 APPPATH\Views\dcp\create.php(727): CodeIgniter\Debug\Exceptions->errorHandler(2, 'Undefined array key 0', 'D:\\Project Lintang\\PROJEK\\daily_report2\\app\\Views\\dcp\\create.php', 727)
 2 SYSTEMPATH\View\View.php(224): include('D:\\Project Lintang\\PROJEK\\daily_report2\\app\\Views\\dcp\\create.php')
 3 SYSTEMPATH\View\View.php(227): CodeIgniter\View\View->CodeIgniter\View\{closure}()
 4 SYSTEMPATH\Common.php(1173): CodeIgniter\View\View->render('dcp/create', [], true)
 5 APPPATH\Controllers\Dcp.php(361): view('dcp/create', [...])
 6 SYSTEMPATH\CodeIgniter.php(933): App\Controllers\Dcp->create('304')
 7 SYSTEMPATH\CodeIgniter.php(507): CodeIgniter\CodeIgniter->runController(Object(App\Controllers\Dcp))
 8 SYSTEMPATH\CodeIgniter.php(354): CodeIgniter\CodeIgniter->handleRequest(null, Object(Config\Cache), false)
 9 SYSTEMPATH\Boot.php(334): CodeIgniter\CodeIgniter->run()
10 SYSTEMPATH\Boot.php(67): CodeIgniter\Boot::runCodeIgniter(Object(CodeIgniter\CodeIgniter))
11 FCPATH\index.php(56): CodeIgniter\Boot::bootWeb(Object(Config\Paths))
12 SYSTEMPATH\rewrite.php(44): require_once('D:\\Project Lintang\\PROJEK\\daily_report2\\public\\index.php')
CRITICAL - 2025-04-21 01:38:22 --> ErrorException: Undefined array key 0
[Method: GET, Route: dcp/create/304]
in APPPATH\Views\dcp\create.php on line 727.
 1 APPPATH\Views\dcp\create.php(727): CodeIgniter\Debug\Exceptions->errorHandler(2, 'Undefined array key 0', 'D:\\Project Lintang\\PROJEK\\daily_report2\\app\\Views\\dcp\\create.php', 727)
 2 SYSTEMPATH\View\View.php(224): include('D:\\Project Lintang\\PROJEK\\daily_report2\\app\\Views\\dcp\\create.php')
 3 SYSTEMPATH\View\View.php(227): CodeIgniter\View\View->CodeIgniter\View\{closure}()
 4 SYSTEMPATH\Common.php(1173): CodeIgniter\View\View->render('dcp/create', [], true)
 5 APPPATH\Controllers\Dcp.php(361): view('dcp/create', [...])
 6 SYSTEMPATH\CodeIgniter.php(933): App\Controllers\Dcp->create('304')
 7 SYSTEMPATH\CodeIgniter.php(507): CodeIgniter\CodeIgniter->runController(Object(App\Controllers\Dcp))
 8 SYSTEMPATH\CodeIgniter.php(354): CodeIgniter\CodeIgniter->handleRequest(null, Object(Config\Cache), false)
 9 SYSTEMPATH\Boot.php(334): CodeIgniter\CodeIgniter->run()
10 SYSTEMPATH\Boot.php(67): CodeIgniter\Boot::runCodeIgniter(Object(CodeIgniter\CodeIgniter))
11 FCPATH\index.php(56): CodeIgniter\Boot::bootWeb(Object(Config\Paths))
12 SYSTEMPATH\rewrite.php(44): require_once('D:\\Project Lintang\\PROJEK\\daily_report2\\public\\index.php')
CRITICAL - 2025-04-21 01:38:33 --> ErrorException: Undefined array key 0
[Method: GET, Route: dcp/create/304]
in APPPATH\Views\dcp\create.php on line 727.
 1 APPPATH\Views\dcp\create.php(727): CodeIgniter\Debug\Exceptions->errorHandler(2, 'Undefined array key 0', 'D:\\Project Lintang\\PROJEK\\daily_report2\\app\\Views\\dcp\\create.php', 727)
 2 SYSTEMPATH\View\View.php(224): include('D:\\Project Lintang\\PROJEK\\daily_report2\\app\\Views\\dcp\\create.php')
 3 SYSTEMPATH\View\View.php(227): CodeIgniter\View\View->CodeIgniter\View\{closure}()
 4 SYSTEMPATH\Common.php(1173): CodeIgniter\View\View->render('dcp/create', [], true)
 5 APPPATH\Controllers\Dcp.php(361): view('dcp/create', [...])
 6 SYSTEMPATH\CodeIgniter.php(933): App\Controllers\Dcp->create('304')
 7 SYSTEMPATH\CodeIgniter.php(507): CodeIgniter\CodeIgniter->runController(Object(App\Controllers\Dcp))
 8 SYSTEMPATH\CodeIgniter.php(354): CodeIgniter\CodeIgniter->handleRequest(null, Object(Config\Cache), false)
 9 SYSTEMPATH\Boot.php(334): CodeIgniter\CodeIgniter->run()
10 SYSTEMPATH\Boot.php(67): CodeIgniter\Boot::runCodeIgniter(Object(CodeIgniter\CodeIgniter))
11 FCPATH\index.php(56): CodeIgniter\Boot::bootWeb(Object(Config\Paths))
12 SYSTEMPATH\rewrite.php(44): require_once('D:\\Project Lintang\\PROJEK\\daily_report2\\public\\index.php')
CRITICAL - 2025-04-21 01:39:30 --> ErrorException: Undefined array key 1
[Method: GET, Route: dcp/create/304]
in APPPATH\Views\dcp\create.php on line 748.
 1 APPPATH\Views\dcp\create.php(748): CodeIgniter\Debug\Exceptions->errorHandler(2, 'Undefined array key 1', 'D:\\Project Lintang\\PROJEK\\daily_report2\\app\\Views\\dcp\\create.php', 748)
 2 SYSTEMPATH\View\View.php(224): include('D:\\Project Lintang\\PROJEK\\daily_report2\\app\\Views\\dcp\\create.php')
 3 SYSTEMPATH\View\View.php(227): CodeIgniter\View\View->CodeIgniter\View\{closure}()
 4 SYSTEMPATH\Common.php(1173): CodeIgniter\View\View->render('dcp/create', [], true)
 5 APPPATH\Controllers\Dcp.php(361): view('dcp/create', [...])
 6 SYSTEMPATH\CodeIgniter.php(933): App\Controllers\Dcp->create('304')
 7 SYSTEMPATH\CodeIgniter.php(507): CodeIgniter\CodeIgniter->runController(Object(App\Controllers\Dcp))
 8 SYSTEMPATH\CodeIgniter.php(354): CodeIgniter\CodeIgniter->handleRequest(null, Object(Config\Cache), false)
 9 SYSTEMPATH\Boot.php(334): CodeIgniter\CodeIgniter->run()
10 SYSTEMPATH\Boot.php(67): CodeIgniter\Boot::runCodeIgniter(Object(CodeIgniter\CodeIgniter))
11 FCPATH\index.php(56): CodeIgniter\Boot::bootWeb(Object(Config\Paths))
12 SYSTEMPATH\rewrite.php(44): require_once('D:\\Project Lintang\\PROJEK\\daily_report2\\public\\index.php')
CRITICAL - 2025-04-21 01:41:21 --> ErrorException: Undefined array key 2
[Method: GET, Route: dcp/create/304]
in APPPATH\Views\dcp\create.php on line 950.
 1 APPPATH\Views\dcp\create.php(950): CodeIgniter\Debug\Exceptions->errorHandler(2, 'Undefined array key 2', 'D:\\Project Lintang\\PROJEK\\daily_report2\\app\\Views\\dcp\\create.php', 950)
 2 SYSTEMPATH\View\View.php(224): include('D:\\Project Lintang\\PROJEK\\daily_report2\\app\\Views\\dcp\\create.php')
 3 SYSTEMPATH\View\View.php(227): CodeIgniter\View\View->CodeIgniter\View\{closure}()
 4 SYSTEMPATH\Common.php(1173): CodeIgniter\View\View->render('dcp/create', [], true)
 5 APPPATH\Controllers\Dcp.php(361): view('dcp/create', [...])
 6 SYSTEMPATH\CodeIgniter.php(933): App\Controllers\Dcp->create('304')
 7 SYSTEMPATH\CodeIgniter.php(507): CodeIgniter\CodeIgniter->runController(Object(App\Controllers\Dcp))
 8 SYSTEMPATH\CodeIgniter.php(354): CodeIgniter\CodeIgniter->handleRequest(null, Object(Config\Cache), false)
 9 SYSTEMPATH\Boot.php(334): CodeIgniter\CodeIgniter->run()
10 SYSTEMPATH\Boot.php(67): CodeIgniter\Boot::runCodeIgniter(Object(CodeIgniter\CodeIgniter))
11 FCPATH\index.php(56): CodeIgniter\Boot::bootWeb(Object(Config\Paths))
12 SYSTEMPATH\rewrite.php(44): require_once('D:\\Project Lintang\\PROJEK\\daily_report2\\public\\index.php')
CRITICAL - 2025-04-21 06:11:34 --> ErrorException: Undefined array key "id"
[Method: POST, Route: pps/update]
in APPPATH\Controllers\Pps.php on line 1552.
 1 APPPATH\Controllers\Pps.php(1552): CodeIgniter\Debug\Exceptions->errorHandler(2, 'Undefined array key "id"', 'D:\\Project Lintang\\PROJEK\\daily_report2\\app\\Controllers\\Pps.php', 1552)
 2 SYSTEMPATH\CodeIgniter.php(933): App\Controllers\Pps->update('')
 3 SYSTEMPATH\CodeIgniter.php(507): CodeIgniter\CodeIgniter->runController(Object(App\Controllers\Pps))
 4 SYSTEMPATH\CodeIgniter.php(354): CodeIgniter\CodeIgniter->handleRequest(null, Object(Config\Cache), false)
 5 SYSTEMPATH\Boot.php(334): CodeIgniter\CodeIgniter->run()
 6 SYSTEMPATH\Boot.php(67): CodeIgniter\Boot::runCodeIgniter(Object(CodeIgniter\CodeIgniter))
 7 FCPATH\index.php(56): CodeIgniter\Boot::bootWeb(Object(Config\Paths))
 8 SYSTEMPATH\rewrite.php(44): require_once('D:\\Project Lintang\\PROJEK\\daily_report2\\public\\index.php')
