CRITICAL - 2025-05-13 02:45:22 --> ErrorException: Undefined variable $ccf
[Method: GET, Route: jcp/edit/26]
in APPPATH\Views\jcp\edit.php on line 158.
 1 APPPATH\Views\jcp\edit.php(158): CodeIgniter\Debug\Exceptions->errorHandler(2, 'Undefined variable $ccf', 'D:\\Project Lintang\\PROJEK\\daily_report2\\app\\Views\\jcp\\edit.php', 158)
 2 SYSTEMPATH\View\View.php(224): include('D:\\Project Lintang\\PROJEK\\daily_report2\\app\\Views\\jcp\\edit.php')
 3 SYSTEMPATH\View\View.php(227): CodeIgniter\View\View->CodeIgniter\View\{closure}()
 4 SYSTEMPATH\Common.php(1173): CodeIgniter\View\View->render('jcp/edit', [], true)
 5 APPPATH\Controllers\Jcp.php(466): view('jcp/edit', [...])
 6 SYSTEMPATH\CodeIgniter.php(933): App\Controllers\Jcp->edit('26')
 7 SYSTEMPATH\CodeIgniter.php(507): CodeIgniter\CodeIgniter->runController(Object(App\Controllers\Jcp))
 8 SYSTEMPATH\CodeIgniter.php(354): CodeIgniter\CodeIgniter->handleRequest(null, Object(Config\Cache), false)
 9 SYSTEMPATH\Boot.php(334): CodeIgniter\CodeIgniter->run()
10 SYSTEMPATH\Boot.php(67): CodeIgniter\Boot::runCodeIgniter(Object(CodeIgniter\CodeIgniter))
11 FCPATH\index.php(56): CodeIgniter\Boot::bootWeb(Object(Config\Paths))
12 SYSTEMPATH\rewrite.php(44): require_once('D:\\Project Lintang\\PROJEK\\daily_report2\\public\\index.php')
ERROR - 2025-05-13 03:14:59 --> mysqli_sql_exception: Table 'daily_report.ccf_die_spot2' doesn't exist in D:\Project Lintang\PROJEK\daily_report2\system\Database\MySQLi\Connection.php:327
Stack trace:
#0 D:\Project Lintang\PROJEK\daily_report2\system\Database\MySQLi\Connection.php(327): mysqli->query('SELECT *\nFROM `...', 0)
#1 D:\Project Lintang\PROJEK\daily_report2\system\Database\BaseConnection.php(738): CodeIgniter\Database\MySQLi\Connection->execute('SELECT *\nFROM `...')
#2 D:\Project Lintang\PROJEK\daily_report2\system\Database\BaseConnection.php(652): CodeIgniter\Database\BaseConnection->simpleQuery('SELECT *\nFROM `...')
#3 D:\Project Lintang\PROJEK\daily_report2\system\Database\BaseBuilder.php(1649): CodeIgniter\Database\BaseConnection->query('SELECT *\nFROM `...', Array, false)
#4 D:\Project Lintang\PROJEK\daily_report2\system\Model.php(286): CodeIgniter\Database\BaseBuilder->get()
#5 D:\Project Lintang\PROJEK\daily_report2\system\BaseModel.php(675): CodeIgniter\Model->doFindAll(0, 0)
#6 D:\Project Lintang\PROJEK\daily_report2\app\Controllers\Jcp.php(929): CodeIgniter\BaseModel->findAll()
#7 D:\Project Lintang\PROJEK\daily_report2\system\CodeIgniter.php(933): App\Controllers\Jcp->generateExcel('26')
#8 D:\Project Lintang\PROJEK\daily_report2\system\CodeIgniter.php(507): CodeIgniter\CodeIgniter->runController(Object(App\Controllers\Jcp))
#9 D:\Project Lintang\PROJEK\daily_report2\system\CodeIgniter.php(354): CodeIgniter\CodeIgniter->handleRequest(NULL, Object(Config\Cache), false)
#10 D:\Project Lintang\PROJEK\daily_report2\system\Boot.php(334): CodeIgniter\CodeIgniter->run()
#11 D:\Project Lintang\PROJEK\daily_report2\system\Boot.php(67): CodeIgniter\Boot::runCodeIgniter(Object(CodeIgniter\CodeIgniter))
#12 D:\Project Lintang\PROJEK\daily_report2\public\index.php(56): CodeIgniter\Boot::bootWeb(Object(Config\Paths))
#13 D:\Project Lintang\PROJEK\daily_report2\system\rewrite.php(44): require_once('D:\\Project Lint...')
#14 {main}
CRITICAL - 2025-05-13 03:14:59 --> Error: Call to a member function getResult() on bool
[Method: GET, Route: jcp/export/26]
in SYSTEMPATH\Model.php on line 287.
 1 SYSTEMPATH\BaseModel.php(675): CodeIgniter\Model->doFindAll(0, 0)
 2 APPPATH\Controllers\Jcp.php(929): CodeIgniter\BaseModel->findAll()
 3 SYSTEMPATH\CodeIgniter.php(933): App\Controllers\Jcp->generateExcel('26')
 4 SYSTEMPATH\CodeIgniter.php(507): CodeIgniter\CodeIgniter->runController(Object(App\Controllers\Jcp))
 5 SYSTEMPATH\CodeIgniter.php(354): CodeIgniter\CodeIgniter->handleRequest(null, Object(Config\Cache), false)
 6 SYSTEMPATH\Boot.php(334): CodeIgniter\CodeIgniter->run()
 7 SYSTEMPATH\Boot.php(67): CodeIgniter\Boot::runCodeIgniter(Object(CodeIgniter\CodeIgniter))
 8 FCPATH\index.php(56): CodeIgniter\Boot::bootWeb(Object(Config\Paths))
 9 SYSTEMPATH\rewrite.php(44): require_once('D:\\Project Lintang\\PROJEK\\daily_report2\\public\\index.php')
ERROR - 2025-05-13 03:16:54 --> mysqli_sql_exception: Table 'daily_report.ccf_die_spot2' doesn't exist in D:\Project Lintang\PROJEK\daily_report2\system\Database\MySQLi\Connection.php:327
Stack trace:
#0 D:\Project Lintang\PROJEK\daily_report2\system\Database\MySQLi\Connection.php(327): mysqli->query('SELECT *\nFROM `...', 0)
#1 D:\Project Lintang\PROJEK\daily_report2\system\Database\BaseConnection.php(738): CodeIgniter\Database\MySQLi\Connection->execute('SELECT *\nFROM `...')
#2 D:\Project Lintang\PROJEK\daily_report2\system\Database\BaseConnection.php(652): CodeIgniter\Database\BaseConnection->simpleQuery('SELECT *\nFROM `...')
#3 D:\Project Lintang\PROJEK\daily_report2\system\Database\BaseBuilder.php(1649): CodeIgniter\Database\BaseConnection->query('SELECT *\nFROM `...', Array, false)
#4 D:\Project Lintang\PROJEK\daily_report2\system\Model.php(286): CodeIgniter\Database\BaseBuilder->get()
#5 D:\Project Lintang\PROJEK\daily_report2\system\BaseModel.php(675): CodeIgniter\Model->doFindAll(0, 0)
#6 D:\Project Lintang\PROJEK\daily_report2\app\Controllers\Jcp.php(929): CodeIgniter\BaseModel->findAll()
#7 D:\Project Lintang\PROJEK\daily_report2\system\CodeIgniter.php(933): App\Controllers\Jcp->generateExcel('26')
#8 D:\Project Lintang\PROJEK\daily_report2\system\CodeIgniter.php(507): CodeIgniter\CodeIgniter->runController(Object(App\Controllers\Jcp))
#9 D:\Project Lintang\PROJEK\daily_report2\system\CodeIgniter.php(354): CodeIgniter\CodeIgniter->handleRequest(NULL, Object(Config\Cache), false)
#10 D:\Project Lintang\PROJEK\daily_report2\system\Boot.php(334): CodeIgniter\CodeIgniter->run()
#11 D:\Project Lintang\PROJEK\daily_report2\system\Boot.php(67): CodeIgniter\Boot::runCodeIgniter(Object(CodeIgniter\CodeIgniter))
#12 D:\Project Lintang\PROJEK\daily_report2\public\index.php(56): CodeIgniter\Boot::bootWeb(Object(Config\Paths))
#13 D:\Project Lintang\PROJEK\daily_report2\system\rewrite.php(44): require_once('D:\\Project Lint...')
#14 {main}
CRITICAL - 2025-05-13 03:16:54 --> Error: Call to a member function getResult() on bool
[Method: GET, Route: jcp/export/26]
in SYSTEMPATH\Model.php on line 287.
 1 SYSTEMPATH\BaseModel.php(675): CodeIgniter\Model->doFindAll(0, 0)
 2 APPPATH\Controllers\Jcp.php(929): CodeIgniter\BaseModel->findAll()
 3 SYSTEMPATH\CodeIgniter.php(933): App\Controllers\Jcp->generateExcel('26')
 4 SYSTEMPATH\CodeIgniter.php(507): CodeIgniter\CodeIgniter->runController(Object(App\Controllers\Jcp))
 5 SYSTEMPATH\CodeIgniter.php(354): CodeIgniter\CodeIgniter->handleRequest(null, Object(Config\Cache), false)
 6 SYSTEMPATH\Boot.php(334): CodeIgniter\CodeIgniter->run()
 7 SYSTEMPATH\Boot.php(67): CodeIgniter\Boot::runCodeIgniter(Object(CodeIgniter\CodeIgniter))
 8 FCPATH\index.php(56): CodeIgniter\Boot::bootWeb(Object(Config\Paths))
 9 SYSTEMPATH\rewrite.php(44): require_once('D:\\Project Lintang\\PROJEK\\daily_report2\\public\\index.php')
ERROR - 2025-05-13 03:16:57 --> mysqli_sql_exception: Table 'daily_report.ccf_die_spot2' doesn't exist in D:\Project Lintang\PROJEK\daily_report2\system\Database\MySQLi\Connection.php:327
Stack trace:
#0 D:\Project Lintang\PROJEK\daily_report2\system\Database\MySQLi\Connection.php(327): mysqli->query('SELECT *\nFROM `...', 0)
#1 D:\Project Lintang\PROJEK\daily_report2\system\Database\BaseConnection.php(738): CodeIgniter\Database\MySQLi\Connection->execute('SELECT *\nFROM `...')
#2 D:\Project Lintang\PROJEK\daily_report2\system\Database\BaseConnection.php(652): CodeIgniter\Database\BaseConnection->simpleQuery('SELECT *\nFROM `...')
#3 D:\Project Lintang\PROJEK\daily_report2\system\Database\BaseBuilder.php(1649): CodeIgniter\Database\BaseConnection->query('SELECT *\nFROM `...', Array, false)
#4 D:\Project Lintang\PROJEK\daily_report2\system\Model.php(286): CodeIgniter\Database\BaseBuilder->get()
#5 D:\Project Lintang\PROJEK\daily_report2\system\BaseModel.php(675): CodeIgniter\Model->doFindAll(0, 0)
#6 D:\Project Lintang\PROJEK\daily_report2\app\Controllers\Jcp.php(929): CodeIgniter\BaseModel->findAll()
#7 D:\Project Lintang\PROJEK\daily_report2\system\CodeIgniter.php(933): App\Controllers\Jcp->generateExcel('27')
#8 D:\Project Lintang\PROJEK\daily_report2\system\CodeIgniter.php(507): CodeIgniter\CodeIgniter->runController(Object(App\Controllers\Jcp))
#9 D:\Project Lintang\PROJEK\daily_report2\system\CodeIgniter.php(354): CodeIgniter\CodeIgniter->handleRequest(NULL, Object(Config\Cache), false)
#10 D:\Project Lintang\PROJEK\daily_report2\system\Boot.php(334): CodeIgniter\CodeIgniter->run()
#11 D:\Project Lintang\PROJEK\daily_report2\system\Boot.php(67): CodeIgniter\Boot::runCodeIgniter(Object(CodeIgniter\CodeIgniter))
#12 D:\Project Lintang\PROJEK\daily_report2\public\index.php(56): CodeIgniter\Boot::bootWeb(Object(Config\Paths))
#13 D:\Project Lintang\PROJEK\daily_report2\system\rewrite.php(44): require_once('D:\\Project Lint...')
#14 {main}
CRITICAL - 2025-05-13 03:16:57 --> Error: Call to a member function getResult() on bool
[Method: GET, Route: jcp/export/27]
in SYSTEMPATH\Model.php on line 287.
 1 SYSTEMPATH\BaseModel.php(675): CodeIgniter\Model->doFindAll(0, 0)
 2 APPPATH\Controllers\Jcp.php(929): CodeIgniter\BaseModel->findAll()
 3 SYSTEMPATH\CodeIgniter.php(933): App\Controllers\Jcp->generateExcel('27')
 4 SYSTEMPATH\CodeIgniter.php(507): CodeIgniter\CodeIgniter->runController(Object(App\Controllers\Jcp))
 5 SYSTEMPATH\CodeIgniter.php(354): CodeIgniter\CodeIgniter->handleRequest(null, Object(Config\Cache), false)
 6 SYSTEMPATH\Boot.php(334): CodeIgniter\CodeIgniter->run()
 7 SYSTEMPATH\Boot.php(67): CodeIgniter\Boot::runCodeIgniter(Object(CodeIgniter\CodeIgniter))
 8 FCPATH\index.php(56): CodeIgniter\Boot::bootWeb(Object(Config\Paths))
 9 SYSTEMPATH\rewrite.php(44): require_once('D:\\Project Lintang\\PROJEK\\daily_report2\\public\\index.php')
ERROR - 2025-05-13 03:21:01 --> mysqli_sql_exception: Table 'daily_report.ccf_die_spot2' doesn't exist in D:\Project Lintang\PROJEK\daily_report2\system\Database\MySQLi\Connection.php:327
Stack trace:
#0 D:\Project Lintang\PROJEK\daily_report2\system\Database\MySQLi\Connection.php(327): mysqli->query('INSERT INTO `cc...', 0)
#1 D:\Project Lintang\PROJEK\daily_report2\system\Database\BaseConnection.php(738): CodeIgniter\Database\MySQLi\Connection->execute('INSERT INTO `cc...')
#2 D:\Project Lintang\PROJEK\daily_report2\system\Database\BaseConnection.php(652): CodeIgniter\Database\BaseConnection->simpleQuery('INSERT INTO `cc...')
#3 D:\Project Lintang\PROJEK\daily_report2\system\Database\BaseBuilder.php(2345): CodeIgniter\Database\BaseConnection->query('INSERT INTO `cc...', Array, false)
#4 D:\Project Lintang\PROJEK\daily_report2\system\Model.php(394): CodeIgniter\Database\BaseBuilder->insert()
#5 D:\Project Lintang\PROJEK\daily_report2\system\BaseModel.php(839): CodeIgniter\Model->doInsert(Array)
#6 D:\Project Lintang\PROJEK\daily_report2\system\Model.php(800): CodeIgniter\BaseModel->insert(Array, true)
#7 D:\Project Lintang\PROJEK\daily_report2\app\Controllers\Jcp.php(396): CodeIgniter\Model->insert(Array)
#8 D:\Project Lintang\PROJEK\daily_report2\system\CodeIgniter.php(933): App\Controllers\Jcp->store()
#9 D:\Project Lintang\PROJEK\daily_report2\system\CodeIgniter.php(507): CodeIgniter\CodeIgniter->runController(Object(App\Controllers\Jcp))
#10 D:\Project Lintang\PROJEK\daily_report2\system\CodeIgniter.php(354): CodeIgniter\CodeIgniter->handleRequest(NULL, Object(Config\Cache), false)
#11 D:\Project Lintang\PROJEK\daily_report2\system\Boot.php(334): CodeIgniter\CodeIgniter->run()
#12 D:\Project Lintang\PROJEK\daily_report2\system\Boot.php(67): CodeIgniter\Boot::runCodeIgniter(Object(CodeIgniter\CodeIgniter))
#13 D:\Project Lintang\PROJEK\daily_report2\public\index.php(56): CodeIgniter\Boot::bootWeb(Object(Config\Paths))
#14 D:\Project Lintang\PROJEK\daily_report2\system\rewrite.php(44): require_once('D:\\Project Lint...')
#15 {main}
ERROR - 2025-05-13 03:21:01 --> mysqli_sql_exception: Table 'daily_report.ccf_die_spot2' doesn't exist in D:\Project Lintang\PROJEK\daily_report2\system\Database\MySQLi\Connection.php:327
Stack trace:
#0 D:\Project Lintang\PROJEK\daily_report2\system\Database\MySQLi\Connection.php(327): mysqli->query('INSERT INTO `cc...', 0)
#1 D:\Project Lintang\PROJEK\daily_report2\system\Database\BaseConnection.php(738): CodeIgniter\Database\MySQLi\Connection->execute('INSERT INTO `cc...')
#2 D:\Project Lintang\PROJEK\daily_report2\system\Database\BaseConnection.php(652): CodeIgniter\Database\BaseConnection->simpleQuery('INSERT INTO `cc...')
#3 D:\Project Lintang\PROJEK\daily_report2\system\Database\BaseBuilder.php(2345): CodeIgniter\Database\BaseConnection->query('INSERT INTO `cc...', Array, false)
#4 D:\Project Lintang\PROJEK\daily_report2\system\Model.php(394): CodeIgniter\Database\BaseBuilder->insert()
#5 D:\Project Lintang\PROJEK\daily_report2\system\BaseModel.php(839): CodeIgniter\Model->doInsert(Array)
#6 D:\Project Lintang\PROJEK\daily_report2\system\Model.php(800): CodeIgniter\BaseModel->insert(Array, true)
#7 D:\Project Lintang\PROJEK\daily_report2\app\Controllers\Jcp.php(396): CodeIgniter\Model->insert(Array)
#8 D:\Project Lintang\PROJEK\daily_report2\system\CodeIgniter.php(933): App\Controllers\Jcp->store()
#9 D:\Project Lintang\PROJEK\daily_report2\system\CodeIgniter.php(507): CodeIgniter\CodeIgniter->runController(Object(App\Controllers\Jcp))
#10 D:\Project Lintang\PROJEK\daily_report2\system\CodeIgniter.php(354): CodeIgniter\CodeIgniter->handleRequest(NULL, Object(Config\Cache), false)
#11 D:\Project Lintang\PROJEK\daily_report2\system\Boot.php(334): CodeIgniter\CodeIgniter->run()
#12 D:\Project Lintang\PROJEK\daily_report2\system\Boot.php(67): CodeIgniter\Boot::runCodeIgniter(Object(CodeIgniter\CodeIgniter))
#13 D:\Project Lintang\PROJEK\daily_report2\public\index.php(56): CodeIgniter\Boot::bootWeb(Object(Config\Paths))
#14 D:\Project Lintang\PROJEK\daily_report2\system\rewrite.php(44): require_once('D:\\Project Lint...')
#15 {main}
ERROR - 2025-05-13 03:21:01 --> mysqli_sql_exception: Table 'daily_report.ccf_die_spot2' doesn't exist in D:\Project Lintang\PROJEK\daily_report2\system\Database\MySQLi\Connection.php:327
Stack trace:
#0 D:\Project Lintang\PROJEK\daily_report2\system\Database\MySQLi\Connection.php(327): mysqli->query('INSERT INTO `cc...', 0)
#1 D:\Project Lintang\PROJEK\daily_report2\system\Database\BaseConnection.php(738): CodeIgniter\Database\MySQLi\Connection->execute('INSERT INTO `cc...')
#2 D:\Project Lintang\PROJEK\daily_report2\system\Database\BaseConnection.php(652): CodeIgniter\Database\BaseConnection->simpleQuery('INSERT INTO `cc...')
#3 D:\Project Lintang\PROJEK\daily_report2\system\Database\BaseBuilder.php(2345): CodeIgniter\Database\BaseConnection->query('INSERT INTO `cc...', Array, false)
#4 D:\Project Lintang\PROJEK\daily_report2\system\Model.php(394): CodeIgniter\Database\BaseBuilder->insert()
#5 D:\Project Lintang\PROJEK\daily_report2\system\BaseModel.php(839): CodeIgniter\Model->doInsert(Array)
#6 D:\Project Lintang\PROJEK\daily_report2\system\Model.php(800): CodeIgniter\BaseModel->insert(Array, true)
#7 D:\Project Lintang\PROJEK\daily_report2\app\Controllers\Jcp.php(396): CodeIgniter\Model->insert(Array)
#8 D:\Project Lintang\PROJEK\daily_report2\system\CodeIgniter.php(933): App\Controllers\Jcp->store()
#9 D:\Project Lintang\PROJEK\daily_report2\system\CodeIgniter.php(507): CodeIgniter\CodeIgniter->runController(Object(App\Controllers\Jcp))
#10 D:\Project Lintang\PROJEK\daily_report2\system\CodeIgniter.php(354): CodeIgniter\CodeIgniter->handleRequest(NULL, Object(Config\Cache), false)
#11 D:\Project Lintang\PROJEK\daily_report2\system\Boot.php(334): CodeIgniter\CodeIgniter->run()
#12 D:\Project Lintang\PROJEK\daily_report2\system\Boot.php(67): CodeIgniter\Boot::runCodeIgniter(Object(CodeIgniter\CodeIgniter))
#13 D:\Project Lintang\PROJEK\daily_report2\public\index.php(56): CodeIgniter\Boot::bootWeb(Object(Config\Paths))
#14 D:\Project Lintang\PROJEK\daily_report2\system\rewrite.php(44): require_once('D:\\Project Lint...')
#15 {main}
ERROR - 2025-05-13 03:21:01 --> mysqli_sql_exception: Table 'daily_report.ccf_die_spot2' doesn't exist in D:\Project Lintang\PROJEK\daily_report2\system\Database\MySQLi\Connection.php:327
Stack trace:
#0 D:\Project Lintang\PROJEK\daily_report2\system\Database\MySQLi\Connection.php(327): mysqli->query('INSERT INTO `cc...', 0)
#1 D:\Project Lintang\PROJEK\daily_report2\system\Database\BaseConnection.php(738): CodeIgniter\Database\MySQLi\Connection->execute('INSERT INTO `cc...')
#2 D:\Project Lintang\PROJEK\daily_report2\system\Database\BaseConnection.php(652): CodeIgniter\Database\BaseConnection->simpleQuery('INSERT INTO `cc...')
#3 D:\Project Lintang\PROJEK\daily_report2\system\Database\BaseBuilder.php(2345): CodeIgniter\Database\BaseConnection->query('INSERT INTO `cc...', Array, false)
#4 D:\Project Lintang\PROJEK\daily_report2\system\Model.php(394): CodeIgniter\Database\BaseBuilder->insert()
#5 D:\Project Lintang\PROJEK\daily_report2\system\BaseModel.php(839): CodeIgniter\Model->doInsert(Array)
#6 D:\Project Lintang\PROJEK\daily_report2\system\Model.php(800): CodeIgniter\BaseModel->insert(Array, true)
#7 D:\Project Lintang\PROJEK\daily_report2\app\Controllers\Jcp.php(396): CodeIgniter\Model->insert(Array)
#8 D:\Project Lintang\PROJEK\daily_report2\system\CodeIgniter.php(933): App\Controllers\Jcp->store()
#9 D:\Project Lintang\PROJEK\daily_report2\system\CodeIgniter.php(507): CodeIgniter\CodeIgniter->runController(Object(App\Controllers\Jcp))
#10 D:\Project Lintang\PROJEK\daily_report2\system\CodeIgniter.php(354): CodeIgniter\CodeIgniter->handleRequest(NULL, Object(Config\Cache), false)
#11 D:\Project Lintang\PROJEK\daily_report2\system\Boot.php(334): CodeIgniter\CodeIgniter->run()
#12 D:\Project Lintang\PROJEK\daily_report2\system\Boot.php(67): CodeIgniter\Boot::runCodeIgniter(Object(CodeIgniter\CodeIgniter))
#13 D:\Project Lintang\PROJEK\daily_report2\public\index.php(56): CodeIgniter\Boot::bootWeb(Object(Config\Paths))
#14 D:\Project Lintang\PROJEK\daily_report2\system\rewrite.php(44): require_once('D:\\Project Lint...')
#15 {main}
ERROR - 2025-05-13 03:21:01 --> mysqli_sql_exception: Table 'daily_report.ccf_die_spot2' doesn't exist in D:\Project Lintang\PROJEK\daily_report2\system\Database\MySQLi\Connection.php:327
Stack trace:
#0 D:\Project Lintang\PROJEK\daily_report2\system\Database\MySQLi\Connection.php(327): mysqli->query('INSERT INTO `cc...', 0)
#1 D:\Project Lintang\PROJEK\daily_report2\system\Database\BaseConnection.php(738): CodeIgniter\Database\MySQLi\Connection->execute('INSERT INTO `cc...')
#2 D:\Project Lintang\PROJEK\daily_report2\system\Database\BaseConnection.php(652): CodeIgniter\Database\BaseConnection->simpleQuery('INSERT INTO `cc...')
#3 D:\Project Lintang\PROJEK\daily_report2\system\Database\BaseBuilder.php(2345): CodeIgniter\Database\BaseConnection->query('INSERT INTO `cc...', Array, false)
#4 D:\Project Lintang\PROJEK\daily_report2\system\Model.php(394): CodeIgniter\Database\BaseBuilder->insert()
#5 D:\Project Lintang\PROJEK\daily_report2\system\BaseModel.php(839): CodeIgniter\Model->doInsert(Array)
#6 D:\Project Lintang\PROJEK\daily_report2\system\Model.php(800): CodeIgniter\BaseModel->insert(Array, true)
#7 D:\Project Lintang\PROJEK\daily_report2\app\Controllers\Jcp.php(396): CodeIgniter\Model->insert(Array)
#8 D:\Project Lintang\PROJEK\daily_report2\system\CodeIgniter.php(933): App\Controllers\Jcp->store()
#9 D:\Project Lintang\PROJEK\daily_report2\system\CodeIgniter.php(507): CodeIgniter\CodeIgniter->runController(Object(App\Controllers\Jcp))
#10 D:\Project Lintang\PROJEK\daily_report2\system\CodeIgniter.php(354): CodeIgniter\CodeIgniter->handleRequest(NULL, Object(Config\Cache), false)
#11 D:\Project Lintang\PROJEK\daily_report2\system\Boot.php(334): CodeIgniter\CodeIgniter->run()
#12 D:\Project Lintang\PROJEK\daily_report2\system\Boot.php(67): CodeIgniter\Boot::runCodeIgniter(Object(CodeIgniter\CodeIgniter))
#13 D:\Project Lintang\PROJEK\daily_report2\public\index.php(56): CodeIgniter\Boot::bootWeb(Object(Config\Paths))
#14 D:\Project Lintang\PROJEK\daily_report2\system\rewrite.php(44): require_once('D:\\Project Lint...')
#15 {main}
ERROR - 2025-05-13 03:21:01 --> mysqli_sql_exception: Table 'daily_report.ccf_die_spot3' doesn't exist in D:\Project Lintang\PROJEK\daily_report2\system\Database\MySQLi\Connection.php:327
Stack trace:
#0 D:\Project Lintang\PROJEK\daily_report2\system\Database\MySQLi\Connection.php(327): mysqli->query('INSERT INTO `cc...', 0)
#1 D:\Project Lintang\PROJEK\daily_report2\system\Database\BaseConnection.php(738): CodeIgniter\Database\MySQLi\Connection->execute('INSERT INTO `cc...')
#2 D:\Project Lintang\PROJEK\daily_report2\system\Database\BaseConnection.php(652): CodeIgniter\Database\BaseConnection->simpleQuery('INSERT INTO `cc...')
#3 D:\Project Lintang\PROJEK\daily_report2\system\Database\BaseBuilder.php(2345): CodeIgniter\Database\BaseConnection->query('INSERT INTO `cc...', Array, false)
#4 D:\Project Lintang\PROJEK\daily_report2\system\Model.php(394): CodeIgniter\Database\BaseBuilder->insert()
#5 D:\Project Lintang\PROJEK\daily_report2\system\BaseModel.php(839): CodeIgniter\Model->doInsert(Array)
#6 D:\Project Lintang\PROJEK\daily_report2\system\Model.php(800): CodeIgniter\BaseModel->insert(Array, true)
#7 D:\Project Lintang\PROJEK\daily_report2\app\Controllers\Jcp.php(408): CodeIgniter\Model->insert(Array)
#8 D:\Project Lintang\PROJEK\daily_report2\system\CodeIgniter.php(933): App\Controllers\Jcp->store()
#9 D:\Project Lintang\PROJEK\daily_report2\system\CodeIgniter.php(507): CodeIgniter\CodeIgniter->runController(Object(App\Controllers\Jcp))
#10 D:\Project Lintang\PROJEK\daily_report2\system\CodeIgniter.php(354): CodeIgniter\CodeIgniter->handleRequest(NULL, Object(Config\Cache), false)
#11 D:\Project Lintang\PROJEK\daily_report2\system\Boot.php(334): CodeIgniter\CodeIgniter->run()
#12 D:\Project Lintang\PROJEK\daily_report2\system\Boot.php(67): CodeIgniter\Boot::runCodeIgniter(Object(CodeIgniter\CodeIgniter))
#13 D:\Project Lintang\PROJEK\daily_report2\public\index.php(56): CodeIgniter\Boot::bootWeb(Object(Config\Paths))
#14 D:\Project Lintang\PROJEK\daily_report2\system\rewrite.php(44): require_once('D:\\Project Lint...')
#15 {main}
ERROR - 2025-05-13 03:21:01 --> mysqli_sql_exception: Table 'daily_report.ccf_die_spot3' doesn't exist in D:\Project Lintang\PROJEK\daily_report2\system\Database\MySQLi\Connection.php:327
Stack trace:
#0 D:\Project Lintang\PROJEK\daily_report2\system\Database\MySQLi\Connection.php(327): mysqli->query('INSERT INTO `cc...', 0)
#1 D:\Project Lintang\PROJEK\daily_report2\system\Database\BaseConnection.php(738): CodeIgniter\Database\MySQLi\Connection->execute('INSERT INTO `cc...')
#2 D:\Project Lintang\PROJEK\daily_report2\system\Database\BaseConnection.php(652): CodeIgniter\Database\BaseConnection->simpleQuery('INSERT INTO `cc...')
#3 D:\Project Lintang\PROJEK\daily_report2\system\Database\BaseBuilder.php(2345): CodeIgniter\Database\BaseConnection->query('INSERT INTO `cc...', Array, false)
#4 D:\Project Lintang\PROJEK\daily_report2\system\Model.php(394): CodeIgniter\Database\BaseBuilder->insert()
#5 D:\Project Lintang\PROJEK\daily_report2\system\BaseModel.php(839): CodeIgniter\Model->doInsert(Array)
#6 D:\Project Lintang\PROJEK\daily_report2\system\Model.php(800): CodeIgniter\BaseModel->insert(Array, true)
#7 D:\Project Lintang\PROJEK\daily_report2\app\Controllers\Jcp.php(408): CodeIgniter\Model->insert(Array)
#8 D:\Project Lintang\PROJEK\daily_report2\system\CodeIgniter.php(933): App\Controllers\Jcp->store()
#9 D:\Project Lintang\PROJEK\daily_report2\system\CodeIgniter.php(507): CodeIgniter\CodeIgniter->runController(Object(App\Controllers\Jcp))
#10 D:\Project Lintang\PROJEK\daily_report2\system\CodeIgniter.php(354): CodeIgniter\CodeIgniter->handleRequest(NULL, Object(Config\Cache), false)
#11 D:\Project Lintang\PROJEK\daily_report2\system\Boot.php(334): CodeIgniter\CodeIgniter->run()
#12 D:\Project Lintang\PROJEK\daily_report2\system\Boot.php(67): CodeIgniter\Boot::runCodeIgniter(Object(CodeIgniter\CodeIgniter))
#13 D:\Project Lintang\PROJEK\daily_report2\public\index.php(56): CodeIgniter\Boot::bootWeb(Object(Config\Paths))
#14 D:\Project Lintang\PROJEK\daily_report2\system\rewrite.php(44): require_once('D:\\Project Lint...')
#15 {main}
ERROR - 2025-05-13 03:21:01 --> mysqli_sql_exception: Table 'daily_report.ccf_die_spot3' doesn't exist in D:\Project Lintang\PROJEK\daily_report2\system\Database\MySQLi\Connection.php:327
Stack trace:
#0 D:\Project Lintang\PROJEK\daily_report2\system\Database\MySQLi\Connection.php(327): mysqli->query('INSERT INTO `cc...', 0)
#1 D:\Project Lintang\PROJEK\daily_report2\system\Database\BaseConnection.php(738): CodeIgniter\Database\MySQLi\Connection->execute('INSERT INTO `cc...')
#2 D:\Project Lintang\PROJEK\daily_report2\system\Database\BaseConnection.php(652): CodeIgniter\Database\BaseConnection->simpleQuery('INSERT INTO `cc...')
#3 D:\Project Lintang\PROJEK\daily_report2\system\Database\BaseBuilder.php(2345): CodeIgniter\Database\BaseConnection->query('INSERT INTO `cc...', Array, false)
#4 D:\Project Lintang\PROJEK\daily_report2\system\Model.php(394): CodeIgniter\Database\BaseBuilder->insert()
#5 D:\Project Lintang\PROJEK\daily_report2\system\BaseModel.php(839): CodeIgniter\Model->doInsert(Array)
#6 D:\Project Lintang\PROJEK\daily_report2\system\Model.php(800): CodeIgniter\BaseModel->insert(Array, true)
#7 D:\Project Lintang\PROJEK\daily_report2\app\Controllers\Jcp.php(408): CodeIgniter\Model->insert(Array)
#8 D:\Project Lintang\PROJEK\daily_report2\system\CodeIgniter.php(933): App\Controllers\Jcp->store()
#9 D:\Project Lintang\PROJEK\daily_report2\system\CodeIgniter.php(507): CodeIgniter\CodeIgniter->runController(Object(App\Controllers\Jcp))
#10 D:\Project Lintang\PROJEK\daily_report2\system\CodeIgniter.php(354): CodeIgniter\CodeIgniter->handleRequest(NULL, Object(Config\Cache), false)
#11 D:\Project Lintang\PROJEK\daily_report2\system\Boot.php(334): CodeIgniter\CodeIgniter->run()
#12 D:\Project Lintang\PROJEK\daily_report2\system\Boot.php(67): CodeIgniter\Boot::runCodeIgniter(Object(CodeIgniter\CodeIgniter))
#13 D:\Project Lintang\PROJEK\daily_report2\public\index.php(56): CodeIgniter\Boot::bootWeb(Object(Config\Paths))
#14 D:\Project Lintang\PROJEK\daily_report2\system\rewrite.php(44): require_once('D:\\Project Lint...')
#15 {main}
ERROR - 2025-05-13 03:21:01 --> mysqli_sql_exception: Table 'daily_report.ccf_die_spot3' doesn't exist in D:\Project Lintang\PROJEK\daily_report2\system\Database\MySQLi\Connection.php:327
Stack trace:
#0 D:\Project Lintang\PROJEK\daily_report2\system\Database\MySQLi\Connection.php(327): mysqli->query('INSERT INTO `cc...', 0)
#1 D:\Project Lintang\PROJEK\daily_report2\system\Database\BaseConnection.php(738): CodeIgniter\Database\MySQLi\Connection->execute('INSERT INTO `cc...')
#2 D:\Project Lintang\PROJEK\daily_report2\system\Database\BaseConnection.php(652): CodeIgniter\Database\BaseConnection->simpleQuery('INSERT INTO `cc...')
#3 D:\Project Lintang\PROJEK\daily_report2\system\Database\BaseBuilder.php(2345): CodeIgniter\Database\BaseConnection->query('INSERT INTO `cc...', Array, false)
#4 D:\Project Lintang\PROJEK\daily_report2\system\Model.php(394): CodeIgniter\Database\BaseBuilder->insert()
#5 D:\Project Lintang\PROJEK\daily_report2\system\BaseModel.php(839): CodeIgniter\Model->doInsert(Array)
#6 D:\Project Lintang\PROJEK\daily_report2\system\Model.php(800): CodeIgniter\BaseModel->insert(Array, true)
#7 D:\Project Lintang\PROJEK\daily_report2\app\Controllers\Jcp.php(408): CodeIgniter\Model->insert(Array)
#8 D:\Project Lintang\PROJEK\daily_report2\system\CodeIgniter.php(933): App\Controllers\Jcp->store()
#9 D:\Project Lintang\PROJEK\daily_report2\system\CodeIgniter.php(507): CodeIgniter\CodeIgniter->runController(Object(App\Controllers\Jcp))
#10 D:\Project Lintang\PROJEK\daily_report2\system\CodeIgniter.php(354): CodeIgniter\CodeIgniter->handleRequest(NULL, Object(Config\Cache), false)
#11 D:\Project Lintang\PROJEK\daily_report2\system\Boot.php(334): CodeIgniter\CodeIgniter->run()
#12 D:\Project Lintang\PROJEK\daily_report2\system\Boot.php(67): CodeIgniter\Boot::runCodeIgniter(Object(CodeIgniter\CodeIgniter))
#13 D:\Project Lintang\PROJEK\daily_report2\public\index.php(56): CodeIgniter\Boot::bootWeb(Object(Config\Paths))
#14 D:\Project Lintang\PROJEK\daily_report2\system\rewrite.php(44): require_once('D:\\Project Lint...')
#15 {main}
ERROR - 2025-05-13 03:21:01 --> mysqli_sql_exception: Table 'daily_report.ccf_die_spot3' doesn't exist in D:\Project Lintang\PROJEK\daily_report2\system\Database\MySQLi\Connection.php:327
Stack trace:
#0 D:\Project Lintang\PROJEK\daily_report2\system\Database\MySQLi\Connection.php(327): mysqli->query('INSERT INTO `cc...', 0)
#1 D:\Project Lintang\PROJEK\daily_report2\system\Database\BaseConnection.php(738): CodeIgniter\Database\MySQLi\Connection->execute('INSERT INTO `cc...')
#2 D:\Project Lintang\PROJEK\daily_report2\system\Database\BaseConnection.php(652): CodeIgniter\Database\BaseConnection->simpleQuery('INSERT INTO `cc...')
#3 D:\Project Lintang\PROJEK\daily_report2\system\Database\BaseBuilder.php(2345): CodeIgniter\Database\BaseConnection->query('INSERT INTO `cc...', Array, false)
#4 D:\Project Lintang\PROJEK\daily_report2\system\Model.php(394): CodeIgniter\Database\BaseBuilder->insert()
#5 D:\Project Lintang\PROJEK\daily_report2\system\BaseModel.php(839): CodeIgniter\Model->doInsert(Array)
#6 D:\Project Lintang\PROJEK\daily_report2\system\Model.php(800): CodeIgniter\BaseModel->insert(Array, true)
#7 D:\Project Lintang\PROJEK\daily_report2\app\Controllers\Jcp.php(408): CodeIgniter\Model->insert(Array)
#8 D:\Project Lintang\PROJEK\daily_report2\system\CodeIgniter.php(933): App\Controllers\Jcp->store()
#9 D:\Project Lintang\PROJEK\daily_report2\system\CodeIgniter.php(507): CodeIgniter\CodeIgniter->runController(Object(App\Controllers\Jcp))
#10 D:\Project Lintang\PROJEK\daily_report2\system\CodeIgniter.php(354): CodeIgniter\CodeIgniter->handleRequest(NULL, Object(Config\Cache), false)
#11 D:\Project Lintang\PROJEK\daily_report2\system\Boot.php(334): CodeIgniter\CodeIgniter->run()
#12 D:\Project Lintang\PROJEK\daily_report2\system\Boot.php(67): CodeIgniter\Boot::runCodeIgniter(Object(CodeIgniter\CodeIgniter))
#13 D:\Project Lintang\PROJEK\daily_report2\public\index.php(56): CodeIgniter\Boot::bootWeb(Object(Config\Paths))
#14 D:\Project Lintang\PROJEK\daily_report2\system\rewrite.php(44): require_once('D:\\Project Lint...')
#15 {main}
ERROR - 2025-05-13 03:21:04 --> mysqli_sql_exception: Table 'daily_report.ccf_die_spot2' doesn't exist in D:\Project Lintang\PROJEK\daily_report2\system\Database\MySQLi\Connection.php:327
Stack trace:
#0 D:\Project Lintang\PROJEK\daily_report2\system\Database\MySQLi\Connection.php(327): mysqli->query('SELECT *\nFROM `...', 0)
#1 D:\Project Lintang\PROJEK\daily_report2\system\Database\BaseConnection.php(738): CodeIgniter\Database\MySQLi\Connection->execute('SELECT *\nFROM `...')
#2 D:\Project Lintang\PROJEK\daily_report2\system\Database\BaseConnection.php(652): CodeIgniter\Database\BaseConnection->simpleQuery('SELECT *\nFROM `...')
#3 D:\Project Lintang\PROJEK\daily_report2\system\Database\BaseBuilder.php(1649): CodeIgniter\Database\BaseConnection->query('SELECT *\nFROM `...', Array, false)
#4 D:\Project Lintang\PROJEK\daily_report2\system\Model.php(286): CodeIgniter\Database\BaseBuilder->get()
#5 D:\Project Lintang\PROJEK\daily_report2\system\BaseModel.php(675): CodeIgniter\Model->doFindAll(0, 0)
#6 D:\Project Lintang\PROJEK\daily_report2\app\Controllers\Jcp.php(962): CodeIgniter\BaseModel->findAll()
#7 D:\Project Lintang\PROJEK\daily_report2\system\CodeIgniter.php(933): App\Controllers\Jcp->generateExcel('28')
#8 D:\Project Lintang\PROJEK\daily_report2\system\CodeIgniter.php(507): CodeIgniter\CodeIgniter->runController(Object(App\Controllers\Jcp))
#9 D:\Project Lintang\PROJEK\daily_report2\system\CodeIgniter.php(354): CodeIgniter\CodeIgniter->handleRequest(NULL, Object(Config\Cache), false)
#10 D:\Project Lintang\PROJEK\daily_report2\system\Boot.php(334): CodeIgniter\CodeIgniter->run()
#11 D:\Project Lintang\PROJEK\daily_report2\system\Boot.php(67): CodeIgniter\Boot::runCodeIgniter(Object(CodeIgniter\CodeIgniter))
#12 D:\Project Lintang\PROJEK\daily_report2\public\index.php(56): CodeIgniter\Boot::bootWeb(Object(Config\Paths))
#13 D:\Project Lintang\PROJEK\daily_report2\system\rewrite.php(44): require_once('D:\\Project Lint...')
#14 {main}
CRITICAL - 2025-05-13 03:21:04 --> Error: Call to a member function getResult() on bool
[Method: GET, Route: jcp/export/28]
in SYSTEMPATH\Model.php on line 287.
 1 SYSTEMPATH\BaseModel.php(675): CodeIgniter\Model->doFindAll(0, 0)
 2 APPPATH\Controllers\Jcp.php(962): CodeIgniter\BaseModel->findAll()
 3 SYSTEMPATH\CodeIgniter.php(933): App\Controllers\Jcp->generateExcel('28')
 4 SYSTEMPATH\CodeIgniter.php(507): CodeIgniter\CodeIgniter->runController(Object(App\Controllers\Jcp))
 5 SYSTEMPATH\CodeIgniter.php(354): CodeIgniter\CodeIgniter->handleRequest(null, Object(Config\Cache), false)
 6 SYSTEMPATH\Boot.php(334): CodeIgniter\CodeIgniter->run()
 7 SYSTEMPATH\Boot.php(67): CodeIgniter\Boot::runCodeIgniter(Object(CodeIgniter\CodeIgniter))
 8 FCPATH\index.php(56): CodeIgniter\Boot::bootWeb(Object(Config\Paths))
 9 SYSTEMPATH\rewrite.php(44): require_once('D:\\Project Lintang\\PROJEK\\daily_report2\\public\\index.php')
ERROR - 2025-05-13 03:21:19 --> mysqli_sql_exception: Table 'daily_report.ccf_die_spot2' doesn't exist in D:\Project Lintang\PROJEK\daily_report2\system\Database\MySQLi\Connection.php:327
Stack trace:
#0 D:\Project Lintang\PROJEK\daily_report2\system\Database\MySQLi\Connection.php(327): mysqli->query('SELECT *\nFROM `...', 0)
#1 D:\Project Lintang\PROJEK\daily_report2\system\Database\BaseConnection.php(738): CodeIgniter\Database\MySQLi\Connection->execute('SELECT *\nFROM `...')
#2 D:\Project Lintang\PROJEK\daily_report2\system\Database\BaseConnection.php(652): CodeIgniter\Database\BaseConnection->simpleQuery('SELECT *\nFROM `...')
#3 D:\Project Lintang\PROJEK\daily_report2\system\Database\BaseBuilder.php(1649): CodeIgniter\Database\BaseConnection->query('SELECT *\nFROM `...', Array, false)
#4 D:\Project Lintang\PROJEK\daily_report2\system\Model.php(286): CodeIgniter\Database\BaseBuilder->get()
#5 D:\Project Lintang\PROJEK\daily_report2\system\BaseModel.php(675): CodeIgniter\Model->doFindAll(0, 0)
#6 D:\Project Lintang\PROJEK\daily_report2\app\Controllers\Jcp.php(962): CodeIgniter\BaseModel->findAll()
#7 D:\Project Lintang\PROJEK\daily_report2\system\CodeIgniter.php(933): App\Controllers\Jcp->generateExcel('28')
#8 D:\Project Lintang\PROJEK\daily_report2\system\CodeIgniter.php(507): CodeIgniter\CodeIgniter->runController(Object(App\Controllers\Jcp))
#9 D:\Project Lintang\PROJEK\daily_report2\system\CodeIgniter.php(354): CodeIgniter\CodeIgniter->handleRequest(NULL, Object(Config\Cache), false)
#10 D:\Project Lintang\PROJEK\daily_report2\system\Boot.php(334): CodeIgniter\CodeIgniter->run()
#11 D:\Project Lintang\PROJEK\daily_report2\system\Boot.php(67): CodeIgniter\Boot::runCodeIgniter(Object(CodeIgniter\CodeIgniter))
#12 D:\Project Lintang\PROJEK\daily_report2\public\index.php(56): CodeIgniter\Boot::bootWeb(Object(Config\Paths))
#13 D:\Project Lintang\PROJEK\daily_report2\system\rewrite.php(44): require_once('D:\\Project Lint...')
#14 {main}
CRITICAL - 2025-05-13 03:21:19 --> Error: Call to a member function getResult() on bool
[Method: GET, Route: jcp/export/28]
in SYSTEMPATH\Model.php on line 287.
 1 SYSTEMPATH\BaseModel.php(675): CodeIgniter\Model->doFindAll(0, 0)
 2 APPPATH\Controllers\Jcp.php(962): CodeIgniter\BaseModel->findAll()
 3 SYSTEMPATH\CodeIgniter.php(933): App\Controllers\Jcp->generateExcel('28')
 4 SYSTEMPATH\CodeIgniter.php(507): CodeIgniter\CodeIgniter->runController(Object(App\Controllers\Jcp))
 5 SYSTEMPATH\CodeIgniter.php(354): CodeIgniter\CodeIgniter->handleRequest(null, Object(Config\Cache), false)
 6 SYSTEMPATH\Boot.php(334): CodeIgniter\CodeIgniter->run()
 7 SYSTEMPATH\Boot.php(67): CodeIgniter\Boot::runCodeIgniter(Object(CodeIgniter\CodeIgniter))
 8 FCPATH\index.php(56): CodeIgniter\Boot::bootWeb(Object(Config\Paths))
 9 SYSTEMPATH\rewrite.php(44): require_once('D:\\Project Lintang\\PROJEK\\daily_report2\\public\\index.php')
ERROR - 2025-05-13 03:21:24 --> mysqli_sql_exception: Table 'daily_report.ccf_die_spot2' doesn't exist in D:\Project Lintang\PROJEK\daily_report2\system\Database\MySQLi\Connection.php:327
Stack trace:
#0 D:\Project Lintang\PROJEK\daily_report2\system\Database\MySQLi\Connection.php(327): mysqli->query('SELECT *\nFROM `...', 0)
#1 D:\Project Lintang\PROJEK\daily_report2\system\Database\BaseConnection.php(738): CodeIgniter\Database\MySQLi\Connection->execute('SELECT *\nFROM `...')
#2 D:\Project Lintang\PROJEK\daily_report2\system\Database\BaseConnection.php(652): CodeIgniter\Database\BaseConnection->simpleQuery('SELECT *\nFROM `...')
#3 D:\Project Lintang\PROJEK\daily_report2\system\Database\BaseBuilder.php(1649): CodeIgniter\Database\BaseConnection->query('SELECT *\nFROM `...', Array, false)
#4 D:\Project Lintang\PROJEK\daily_report2\system\Model.php(286): CodeIgniter\Database\BaseBuilder->get()
#5 D:\Project Lintang\PROJEK\daily_report2\system\BaseModel.php(675): CodeIgniter\Model->doFindAll(0, 0)
#6 D:\Project Lintang\PROJEK\daily_report2\app\Controllers\Jcp.php(962): CodeIgniter\BaseModel->findAll()
#7 D:\Project Lintang\PROJEK\daily_report2\system\CodeIgniter.php(933): App\Controllers\Jcp->generateExcel('28')
#8 D:\Project Lintang\PROJEK\daily_report2\system\CodeIgniter.php(507): CodeIgniter\CodeIgniter->runController(Object(App\Controllers\Jcp))
#9 D:\Project Lintang\PROJEK\daily_report2\system\CodeIgniter.php(354): CodeIgniter\CodeIgniter->handleRequest(NULL, Object(Config\Cache), false)
#10 D:\Project Lintang\PROJEK\daily_report2\system\Boot.php(334): CodeIgniter\CodeIgniter->run()
#11 D:\Project Lintang\PROJEK\daily_report2\system\Boot.php(67): CodeIgniter\Boot::runCodeIgniter(Object(CodeIgniter\CodeIgniter))
#12 D:\Project Lintang\PROJEK\daily_report2\public\index.php(56): CodeIgniter\Boot::bootWeb(Object(Config\Paths))
#13 D:\Project Lintang\PROJEK\daily_report2\system\rewrite.php(44): require_once('D:\\Project Lint...')
#14 {main}
CRITICAL - 2025-05-13 03:21:24 --> Error: Call to a member function getResult() on bool
[Method: GET, Route: jcp/export/28]
in SYSTEMPATH\Model.php on line 287.
 1 SYSTEMPATH\BaseModel.php(675): CodeIgniter\Model->doFindAll(0, 0)
 2 APPPATH\Controllers\Jcp.php(962): CodeIgniter\BaseModel->findAll()
 3 SYSTEMPATH\CodeIgniter.php(933): App\Controllers\Jcp->generateExcel('28')
 4 SYSTEMPATH\CodeIgniter.php(507): CodeIgniter\CodeIgniter->runController(Object(App\Controllers\Jcp))
 5 SYSTEMPATH\CodeIgniter.php(354): CodeIgniter\CodeIgniter->handleRequest(null, Object(Config\Cache), false)
 6 SYSTEMPATH\Boot.php(334): CodeIgniter\CodeIgniter->run()
 7 SYSTEMPATH\Boot.php(67): CodeIgniter\Boot::runCodeIgniter(Object(CodeIgniter\CodeIgniter))
 8 FCPATH\index.php(56): CodeIgniter\Boot::bootWeb(Object(Config\Paths))
 9 SYSTEMPATH\rewrite.php(44): require_once('D:\\Project Lintang\\PROJEK\\daily_report2\\public\\index.php')
ERROR - 2025-05-13 03:21:30 --> mysqli_sql_exception: Table 'daily_report.ccf_die_spot2' doesn't exist in D:\Project Lintang\PROJEK\daily_report2\system\Database\MySQLi\Connection.php:327
Stack trace:
#0 D:\Project Lintang\PROJEK\daily_report2\system\Database\MySQLi\Connection.php(327): mysqli->query('SELECT *\nFROM `...', 0)
#1 D:\Project Lintang\PROJEK\daily_report2\system\Database\BaseConnection.php(738): CodeIgniter\Database\MySQLi\Connection->execute('SELECT *\nFROM `...')
#2 D:\Project Lintang\PROJEK\daily_report2\system\Database\BaseConnection.php(652): CodeIgniter\Database\BaseConnection->simpleQuery('SELECT *\nFROM `...')
#3 D:\Project Lintang\PROJEK\daily_report2\system\Database\BaseBuilder.php(1649): CodeIgniter\Database\BaseConnection->query('SELECT *\nFROM `...', Array, false)
#4 D:\Project Lintang\PROJEK\daily_report2\system\Model.php(286): CodeIgniter\Database\BaseBuilder->get()
#5 D:\Project Lintang\PROJEK\daily_report2\system\BaseModel.php(675): CodeIgniter\Model->doFindAll(0, 0)
#6 D:\Project Lintang\PROJEK\daily_report2\app\Controllers\Jcp.php(962): CodeIgniter\BaseModel->findAll()
#7 D:\Project Lintang\PROJEK\daily_report2\system\CodeIgniter.php(933): App\Controllers\Jcp->generateExcel('28')
#8 D:\Project Lintang\PROJEK\daily_report2\system\CodeIgniter.php(507): CodeIgniter\CodeIgniter->runController(Object(App\Controllers\Jcp))
#9 D:\Project Lintang\PROJEK\daily_report2\system\CodeIgniter.php(354): CodeIgniter\CodeIgniter->handleRequest(NULL, Object(Config\Cache), false)
#10 D:\Project Lintang\PROJEK\daily_report2\system\Boot.php(334): CodeIgniter\CodeIgniter->run()
#11 D:\Project Lintang\PROJEK\daily_report2\system\Boot.php(67): CodeIgniter\Boot::runCodeIgniter(Object(CodeIgniter\CodeIgniter))
#12 D:\Project Lintang\PROJEK\daily_report2\public\index.php(56): CodeIgniter\Boot::bootWeb(Object(Config\Paths))
#13 D:\Project Lintang\PROJEK\daily_report2\system\rewrite.php(44): require_once('D:\\Project Lint...')
#14 {main}
CRITICAL - 2025-05-13 03:21:30 --> Error: Call to a member function getResult() on bool
[Method: GET, Route: jcp/export/28]
in SYSTEMPATH\Model.php on line 287.
 1 SYSTEMPATH\BaseModel.php(675): CodeIgniter\Model->doFindAll(0, 0)
 2 APPPATH\Controllers\Jcp.php(962): CodeIgniter\BaseModel->findAll()
 3 SYSTEMPATH\CodeIgniter.php(933): App\Controllers\Jcp->generateExcel('28')
 4 SYSTEMPATH\CodeIgniter.php(507): CodeIgniter\CodeIgniter->runController(Object(App\Controllers\Jcp))
 5 SYSTEMPATH\CodeIgniter.php(354): CodeIgniter\CodeIgniter->handleRequest(null, Object(Config\Cache), false)
 6 SYSTEMPATH\Boot.php(334): CodeIgniter\CodeIgniter->run()
 7 SYSTEMPATH\Boot.php(67): CodeIgniter\Boot::runCodeIgniter(Object(CodeIgniter\CodeIgniter))
 8 FCPATH\index.php(56): CodeIgniter\Boot::bootWeb(Object(Config\Paths))
 9 SYSTEMPATH\rewrite.php(44): require_once('D:\\Project Lintang\\PROJEK\\daily_report2\\public\\index.php')
ERROR - 2025-05-13 03:22:43 --> mysqli_sql_exception: Table 'daily_report.ccf_die_spot3' doesn't exist in D:\Project Lintang\PROJEK\daily_report2\system\Database\MySQLi\Connection.php:327
Stack trace:
#0 D:\Project Lintang\PROJEK\daily_report2\system\Database\MySQLi\Connection.php(327): mysqli->query('SELECT *\nFROM `...', 0)
#1 D:\Project Lintang\PROJEK\daily_report2\system\Database\BaseConnection.php(738): CodeIgniter\Database\MySQLi\Connection->execute('SELECT *\nFROM `...')
#2 D:\Project Lintang\PROJEK\daily_report2\system\Database\BaseConnection.php(652): CodeIgniter\Database\BaseConnection->simpleQuery('SELECT *\nFROM `...')
#3 D:\Project Lintang\PROJEK\daily_report2\system\Database\BaseBuilder.php(1649): CodeIgniter\Database\BaseConnection->query('SELECT *\nFROM `...', Array, false)
#4 D:\Project Lintang\PROJEK\daily_report2\system\Model.php(286): CodeIgniter\Database\BaseBuilder->get()
#5 D:\Project Lintang\PROJEK\daily_report2\system\BaseModel.php(675): CodeIgniter\Model->doFindAll(0, 0)
#6 D:\Project Lintang\PROJEK\daily_report2\app\Controllers\Jcp.php(974): CodeIgniter\BaseModel->findAll()
#7 D:\Project Lintang\PROJEK\daily_report2\system\CodeIgniter.php(933): App\Controllers\Jcp->generateExcel('28')
#8 D:\Project Lintang\PROJEK\daily_report2\system\CodeIgniter.php(507): CodeIgniter\CodeIgniter->runController(Object(App\Controllers\Jcp))
#9 D:\Project Lintang\PROJEK\daily_report2\system\CodeIgniter.php(354): CodeIgniter\CodeIgniter->handleRequest(NULL, Object(Config\Cache), false)
#10 D:\Project Lintang\PROJEK\daily_report2\system\Boot.php(334): CodeIgniter\CodeIgniter->run()
#11 D:\Project Lintang\PROJEK\daily_report2\system\Boot.php(67): CodeIgniter\Boot::runCodeIgniter(Object(CodeIgniter\CodeIgniter))
#12 D:\Project Lintang\PROJEK\daily_report2\public\index.php(56): CodeIgniter\Boot::bootWeb(Object(Config\Paths))
#13 D:\Project Lintang\PROJEK\daily_report2\system\rewrite.php(44): require_once('D:\\Project Lint...')
#14 {main}
CRITICAL - 2025-05-13 03:22:43 --> Error: Call to a member function getResult() on bool
[Method: GET, Route: jcp/export/28]
in SYSTEMPATH\Model.php on line 287.
 1 SYSTEMPATH\BaseModel.php(675): CodeIgniter\Model->doFindAll(0, 0)
 2 APPPATH\Controllers\Jcp.php(974): CodeIgniter\BaseModel->findAll()
 3 SYSTEMPATH\CodeIgniter.php(933): App\Controllers\Jcp->generateExcel('28')
 4 SYSTEMPATH\CodeIgniter.php(507): CodeIgniter\CodeIgniter->runController(Object(App\Controllers\Jcp))
 5 SYSTEMPATH\CodeIgniter.php(354): CodeIgniter\CodeIgniter->handleRequest(null, Object(Config\Cache), false)
 6 SYSTEMPATH\Boot.php(334): CodeIgniter\CodeIgniter->run()
 7 SYSTEMPATH\Boot.php(67): CodeIgniter\Boot::runCodeIgniter(Object(CodeIgniter\CodeIgniter))
 8 FCPATH\index.php(56): CodeIgniter\Boot::bootWeb(Object(Config\Paths))
 9 SYSTEMPATH\rewrite.php(44): require_once('D:\\Project Lintang\\PROJEK\\daily_report2\\public\\index.php')
CRITICAL - 2025-05-13 03:27:57 --> ErrorException: Undefined array key 5
[Method: POST, Route: jcp/store]
in APPPATH\Controllers\Jcp.php on line 384.
 1 APPPATH\Controllers\Jcp.php(384): CodeIgniter\Debug\Exceptions->errorHandler(2, 'Undefined array key 5', 'D:\\Project Lintang\\PROJEK\\daily_report2\\app\\Controllers\\Jcp.php', 384)
 2 SYSTEMPATH\CodeIgniter.php(933): App\Controllers\Jcp->store()
 3 SYSTEMPATH\CodeIgniter.php(507): CodeIgniter\CodeIgniter->runController(Object(App\Controllers\Jcp))
 4 SYSTEMPATH\CodeIgniter.php(354): CodeIgniter\CodeIgniter->handleRequest(null, Object(Config\Cache), false)
 5 SYSTEMPATH\Boot.php(334): CodeIgniter\CodeIgniter->run()
 6 SYSTEMPATH\Boot.php(67): CodeIgniter\Boot::runCodeIgniter(Object(CodeIgniter\CodeIgniter))
 7 FCPATH\index.php(56): CodeIgniter\Boot::bootWeb(Object(Config\Paths))
 8 SYSTEMPATH\rewrite.php(44): require_once('D:\\Project Lintang\\PROJEK\\daily_report2\\public\\index.php')
CRITICAL - 2025-05-13 03:28:46 --> ErrorException: Undefined array key 5
[Method: POST, Route: jcp/store]
in APPPATH\Controllers\Jcp.php on line 384.
 1 APPPATH\Controllers\Jcp.php(384): CodeIgniter\Debug\Exceptions->errorHandler(2, 'Undefined array key 5', 'D:\\Project Lintang\\PROJEK\\daily_report2\\app\\Controllers\\Jcp.php', 384)
 2 SYSTEMPATH\CodeIgniter.php(933): App\Controllers\Jcp->store()
 3 SYSTEMPATH\CodeIgniter.php(507): CodeIgniter\CodeIgniter->runController(Object(App\Controllers\Jcp))
 4 SYSTEMPATH\CodeIgniter.php(354): CodeIgniter\CodeIgniter->handleRequest(null, Object(Config\Cache), false)
 5 SYSTEMPATH\Boot.php(334): CodeIgniter\CodeIgniter->run()
 6 SYSTEMPATH\Boot.php(67): CodeIgniter\Boot::runCodeIgniter(Object(CodeIgniter\CodeIgniter))
 7 FCPATH\index.php(56): CodeIgniter\Boot::bootWeb(Object(Config\Paths))
 8 SYSTEMPATH\rewrite.php(44): require_once('D:\\Project Lintang\\PROJEK\\daily_report2\\public\\index.php')
CRITICAL - 2025-05-13 03:29:33 --> ErrorException: Undefined array key 5
[Method: POST, Route: jcp/store]
in APPPATH\Controllers\Jcp.php on line 386.
 1 APPPATH\Controllers\Jcp.php(386): CodeIgniter\Debug\Exceptions->errorHandler(2, 'Undefined array key 5', 'D:\\Project Lintang\\PROJEK\\daily_report2\\app\\Controllers\\Jcp.php', 386)
 2 SYSTEMPATH\CodeIgniter.php(933): App\Controllers\Jcp->store()
 3 SYSTEMPATH\CodeIgniter.php(507): CodeIgniter\CodeIgniter->runController(Object(App\Controllers\Jcp))
 4 SYSTEMPATH\CodeIgniter.php(354): CodeIgniter\CodeIgniter->handleRequest(null, Object(Config\Cache), false)
 5 SYSTEMPATH\Boot.php(334): CodeIgniter\CodeIgniter->run()
 6 SYSTEMPATH\Boot.php(67): CodeIgniter\Boot::runCodeIgniter(Object(CodeIgniter\CodeIgniter))
 7 FCPATH\index.php(56): CodeIgniter\Boot::bootWeb(Object(Config\Paths))
 8 SYSTEMPATH\rewrite.php(44): require_once('D:\\Project Lintang\\PROJEK\\daily_report2\\public\\index.php')
CRITICAL - 2025-05-13 03:29:58 --> ErrorException: Undefined array key 5
[Method: POST, Route: jcp/store]
in APPPATH\Controllers\Jcp.php on line 386.
 1 APPPATH\Controllers\Jcp.php(386): CodeIgniter\Debug\Exceptions->errorHandler(2, 'Undefined array key 5', 'D:\\Project Lintang\\PROJEK\\daily_report2\\app\\Controllers\\Jcp.php', 386)
 2 SYSTEMPATH\CodeIgniter.php(933): App\Controllers\Jcp->store()
 3 SYSTEMPATH\CodeIgniter.php(507): CodeIgniter\CodeIgniter->runController(Object(App\Controllers\Jcp))
 4 SYSTEMPATH\CodeIgniter.php(354): CodeIgniter\CodeIgniter->handleRequest(null, Object(Config\Cache), false)
 5 SYSTEMPATH\Boot.php(334): CodeIgniter\CodeIgniter->run()
 6 SYSTEMPATH\Boot.php(67): CodeIgniter\Boot::runCodeIgniter(Object(CodeIgniter\CodeIgniter))
 7 FCPATH\index.php(56): CodeIgniter\Boot::bootWeb(Object(Config\Paths))
 8 SYSTEMPATH\rewrite.php(44): require_once('D:\\Project Lintang\\PROJEK\\daily_report2\\public\\index.php')
CRITICAL - 2025-05-13 03:30:21 --> ErrorException: Undefined array key 5
[Method: POST, Route: jcp/store]
in APPPATH\Controllers\Jcp.php on line 387.
 1 APPPATH\Controllers\Jcp.php(387): CodeIgniter\Debug\Exceptions->errorHandler(2, 'Undefined array key 5', 'D:\\Project Lintang\\PROJEK\\daily_report2\\app\\Controllers\\Jcp.php', 387)
 2 SYSTEMPATH\CodeIgniter.php(933): App\Controllers\Jcp->store()
 3 SYSTEMPATH\CodeIgniter.php(507): CodeIgniter\CodeIgniter->runController(Object(App\Controllers\Jcp))
 4 SYSTEMPATH\CodeIgniter.php(354): CodeIgniter\CodeIgniter->handleRequest(null, Object(Config\Cache), false)
 5 SYSTEMPATH\Boot.php(334): CodeIgniter\CodeIgniter->run()
 6 SYSTEMPATH\Boot.php(67): CodeIgniter\Boot::runCodeIgniter(Object(CodeIgniter\CodeIgniter))
 7 FCPATH\index.php(56): CodeIgniter\Boot::bootWeb(Object(Config\Paths))
 8 SYSTEMPATH\rewrite.php(44): require_once('D:\\Project Lintang\\PROJEK\\daily_report2\\public\\index.php')
CRITICAL - 2025-05-13 03:31:17 --> ErrorException: Undefined array key 5
[Method: POST, Route: jcp/store]
in APPPATH\Controllers\Jcp.php on line 387.
 1 APPPATH\Controllers\Jcp.php(387): CodeIgniter\Debug\Exceptions->errorHandler(2, 'Undefined array key 5', 'D:\\Project Lintang\\PROJEK\\daily_report2\\app\\Controllers\\Jcp.php', 387)
 2 SYSTEMPATH\CodeIgniter.php(933): App\Controllers\Jcp->store()
 3 SYSTEMPATH\CodeIgniter.php(507): CodeIgniter\CodeIgniter->runController(Object(App\Controllers\Jcp))
 4 SYSTEMPATH\CodeIgniter.php(354): CodeIgniter\CodeIgniter->handleRequest(null, Object(Config\Cache), false)
 5 SYSTEMPATH\Boot.php(334): CodeIgniter\CodeIgniter->run()
 6 SYSTEMPATH\Boot.php(67): CodeIgniter\Boot::runCodeIgniter(Object(CodeIgniter\CodeIgniter))
 7 FCPATH\index.php(56): CodeIgniter\Boot::bootWeb(Object(Config\Paths))
 8 SYSTEMPATH\rewrite.php(44): require_once('D:\\Project Lintang\\PROJEK\\daily_report2\\public\\index.php')
ERROR - 2025-05-13 03:31:27 --> mysqli_sql_exception: Table 'daily_report.ccf_die_spot2' doesn't exist in D:\Project Lintang\PROJEK\daily_report2\system\Database\MySQLi\Connection.php:327
Stack trace:
#0 D:\Project Lintang\PROJEK\daily_report2\system\Database\MySQLi\Connection.php(327): mysqli->query('INSERT INTO `cc...', 0)
#1 D:\Project Lintang\PROJEK\daily_report2\system\Database\BaseConnection.php(738): CodeIgniter\Database\MySQLi\Connection->execute('INSERT INTO `cc...')
#2 D:\Project Lintang\PROJEK\daily_report2\system\Database\BaseConnection.php(652): CodeIgniter\Database\BaseConnection->simpleQuery('INSERT INTO `cc...')
#3 D:\Project Lintang\PROJEK\daily_report2\system\Database\BaseBuilder.php(1841): CodeIgniter\Database\BaseConnection->query('INSERT INTO `cc...', NULL, false)
#4 D:\Project Lintang\PROJEK\daily_report2\system\Database\BaseBuilder.php(2230): CodeIgniter\Database\BaseBuilder->batchExecute('_insertBatch', 100)
#5 D:\Project Lintang\PROJEK\daily_report2\system\Model.php(428): CodeIgniter\Database\BaseBuilder->insertBatch(Array, NULL, 100)
#6 D:\Project Lintang\PROJEK\daily_report2\system\BaseModel.php(959): CodeIgniter\Model->doInsertBatch(Array, NULL, 100, false)
#7 D:\Project Lintang\PROJEK\daily_report2\app\Controllers\Jcp.php(390): CodeIgniter\BaseModel->insertBatch(Array)
#8 D:\Project Lintang\PROJEK\daily_report2\system\CodeIgniter.php(933): App\Controllers\Jcp->store()
#9 D:\Project Lintang\PROJEK\daily_report2\system\CodeIgniter.php(507): CodeIgniter\CodeIgniter->runController(Object(App\Controllers\Jcp))
#10 D:\Project Lintang\PROJEK\daily_report2\system\CodeIgniter.php(354): CodeIgniter\CodeIgniter->handleRequest(NULL, Object(Config\Cache), false)
#11 D:\Project Lintang\PROJEK\daily_report2\system\Boot.php(334): CodeIgniter\CodeIgniter->run()
#12 D:\Project Lintang\PROJEK\daily_report2\system\Boot.php(67): CodeIgniter\Boot::runCodeIgniter(Object(CodeIgniter\CodeIgniter))
#13 D:\Project Lintang\PROJEK\daily_report2\public\index.php(56): CodeIgniter\Boot::bootWeb(Object(Config\Paths))
#14 D:\Project Lintang\PROJEK\daily_report2\system\rewrite.php(44): require_once('D:\\Project Lint...')
#15 {main}
ERROR - 2025-05-13 03:31:27 --> mysqli_sql_exception: Table 'daily_report.ccf_die_spot3' doesn't exist in D:\Project Lintang\PROJEK\daily_report2\system\Database\MySQLi\Connection.php:327
Stack trace:
#0 D:\Project Lintang\PROJEK\daily_report2\system\Database\MySQLi\Connection.php(327): mysqli->query('INSERT INTO `cc...', 0)
#1 D:\Project Lintang\PROJEK\daily_report2\system\Database\BaseConnection.php(738): CodeIgniter\Database\MySQLi\Connection->execute('INSERT INTO `cc...')
#2 D:\Project Lintang\PROJEK\daily_report2\system\Database\BaseConnection.php(652): CodeIgniter\Database\BaseConnection->simpleQuery('INSERT INTO `cc...')
#3 D:\Project Lintang\PROJEK\daily_report2\system\Database\BaseBuilder.php(1841): CodeIgniter\Database\BaseConnection->query('INSERT INTO `cc...', NULL, false)
#4 D:\Project Lintang\PROJEK\daily_report2\system\Database\BaseBuilder.php(2230): CodeIgniter\Database\BaseBuilder->batchExecute('_insertBatch', 100)
#5 D:\Project Lintang\PROJEK\daily_report2\system\Model.php(428): CodeIgniter\Database\BaseBuilder->insertBatch(Array, NULL, 100)
#6 D:\Project Lintang\PROJEK\daily_report2\system\BaseModel.php(959): CodeIgniter\Model->doInsertBatch(Array, NULL, 100, false)
#7 D:\Project Lintang\PROJEK\daily_report2\app\Controllers\Jcp.php(402): CodeIgniter\BaseModel->insertBatch(Array)
#8 D:\Project Lintang\PROJEK\daily_report2\system\CodeIgniter.php(933): App\Controllers\Jcp->store()
#9 D:\Project Lintang\PROJEK\daily_report2\system\CodeIgniter.php(507): CodeIgniter\CodeIgniter->runController(Object(App\Controllers\Jcp))
#10 D:\Project Lintang\PROJEK\daily_report2\system\CodeIgniter.php(354): CodeIgniter\CodeIgniter->handleRequest(NULL, Object(Config\Cache), false)
#11 D:\Project Lintang\PROJEK\daily_report2\system\Boot.php(334): CodeIgniter\CodeIgniter->run()
#12 D:\Project Lintang\PROJEK\daily_report2\system\Boot.php(67): CodeIgniter\Boot::runCodeIgniter(Object(CodeIgniter\CodeIgniter))
#13 D:\Project Lintang\PROJEK\daily_report2\public\index.php(56): CodeIgniter\Boot::bootWeb(Object(Config\Paths))
#14 D:\Project Lintang\PROJEK\daily_report2\system\rewrite.php(44): require_once('D:\\Project Lint...')
#15 {main}
CRITICAL - 2025-05-13 03:31:59 --> ParseError: syntax error, unexpected token "==="
[Method: GET, Route: jcp/export/34]
in APPPATH\Controllers\Jcp.php on line 954.
 1 SYSTEMPATH\Autoloader\Autoloader.php(295): CodeIgniter\Autoloader\Autoloader->includeFile('D:\\Project Lintang\\PROJEK\\daily_report2\\app\\Controllers\\Jcp.php')
 2 SYSTEMPATH\Autoloader\Autoloader.php(271): CodeIgniter\Autoloader\Autoloader->loadInNamespace('App\\Controllers\\Jcp')
 3 [internal function]: CodeIgniter\Autoloader\Autoloader->loadClass('App\\Controllers\\Jcp')
 4 SYSTEMPATH\CodeIgniter.php(885): class_exists('\\App\\Controllers\\Jcp', true)
 5 SYSTEMPATH\CodeIgniter.php(494): CodeIgniter\CodeIgniter->startController()
 6 SYSTEMPATH\CodeIgniter.php(354): CodeIgniter\CodeIgniter->handleRequest(null, Object(Config\Cache), false)
 7 SYSTEMPATH\Boot.php(334): CodeIgniter\CodeIgniter->run()
 8 SYSTEMPATH\Boot.php(67): CodeIgniter\Boot::runCodeIgniter(Object(CodeIgniter\CodeIgniter))
 9 FCPATH\index.php(56): CodeIgniter\Boot::bootWeb(Object(Config\Paths))
10 SYSTEMPATH\rewrite.php(44): require_once('D:\\Project Lintang\\PROJEK\\daily_report2\\public\\index.php')
ERROR - 2025-05-13 03:32:06 --> mysqli_sql_exception: Table 'daily_report.ccf_die_spot2' doesn't exist in D:\Project Lintang\PROJEK\daily_report2\system\Database\MySQLi\Connection.php:327
Stack trace:
#0 D:\Project Lintang\PROJEK\daily_report2\system\Database\MySQLi\Connection.php(327): mysqli->query('SELECT *\nFROM `...', 0)
#1 D:\Project Lintang\PROJEK\daily_report2\system\Database\BaseConnection.php(738): CodeIgniter\Database\MySQLi\Connection->execute('SELECT *\nFROM `...')
#2 D:\Project Lintang\PROJEK\daily_report2\system\Database\BaseConnection.php(652): CodeIgniter\Database\BaseConnection->simpleQuery('SELECT *\nFROM `...')
#3 D:\Project Lintang\PROJEK\daily_report2\system\Database\BaseBuilder.php(1649): CodeIgniter\Database\BaseConnection->query('SELECT *\nFROM `...', Array, false)
#4 D:\Project Lintang\PROJEK\daily_report2\system\Model.php(286): CodeIgniter\Database\BaseBuilder->get()
#5 D:\Project Lintang\PROJEK\daily_report2\system\BaseModel.php(675): CodeIgniter\Model->doFindAll(0, 0)
#6 D:\Project Lintang\PROJEK\daily_report2\app\Controllers\Jcp.php(958): CodeIgniter\BaseModel->findAll()
#7 D:\Project Lintang\PROJEK\daily_report2\system\CodeIgniter.php(933): App\Controllers\Jcp->generateExcel('34')
#8 D:\Project Lintang\PROJEK\daily_report2\system\CodeIgniter.php(507): CodeIgniter\CodeIgniter->runController(Object(App\Controllers\Jcp))
#9 D:\Project Lintang\PROJEK\daily_report2\system\CodeIgniter.php(354): CodeIgniter\CodeIgniter->handleRequest(NULL, Object(Config\Cache), false)
#10 D:\Project Lintang\PROJEK\daily_report2\system\Boot.php(334): CodeIgniter\CodeIgniter->run()
#11 D:\Project Lintang\PROJEK\daily_report2\system\Boot.php(67): CodeIgniter\Boot::runCodeIgniter(Object(CodeIgniter\CodeIgniter))
#12 D:\Project Lintang\PROJEK\daily_report2\public\index.php(56): CodeIgniter\Boot::bootWeb(Object(Config\Paths))
#13 D:\Project Lintang\PROJEK\daily_report2\system\rewrite.php(44): require_once('D:\\Project Lint...')
#14 {main}
CRITICAL - 2025-05-13 03:32:06 --> Error: Call to a member function getResult() on bool
[Method: GET, Route: jcp/export/34]
in SYSTEMPATH\Model.php on line 287.
 1 SYSTEMPATH\BaseModel.php(675): CodeIgniter\Model->doFindAll(0, 0)
 2 APPPATH\Controllers\Jcp.php(958): CodeIgniter\BaseModel->findAll()
 3 SYSTEMPATH\CodeIgniter.php(933): App\Controllers\Jcp->generateExcel('34')
 4 SYSTEMPATH\CodeIgniter.php(507): CodeIgniter\CodeIgniter->runController(Object(App\Controllers\Jcp))
 5 SYSTEMPATH\CodeIgniter.php(354): CodeIgniter\CodeIgniter->handleRequest(null, Object(Config\Cache), false)
 6 SYSTEMPATH\Boot.php(334): CodeIgniter\CodeIgniter->run()
 7 SYSTEMPATH\Boot.php(67): CodeIgniter\Boot::runCodeIgniter(Object(CodeIgniter\CodeIgniter))
 8 FCPATH\index.php(56): CodeIgniter\Boot::bootWeb(Object(Config\Paths))
 9 SYSTEMPATH\rewrite.php(44): require_once('D:\\Project Lintang\\PROJEK\\daily_report2\\public\\index.php')
ERROR - 2025-05-13 03:33:12 --> mysqli_sql_exception: Table 'daily_report.ccf_die_spot2' doesn't exist in D:\Project Lintang\PROJEK\daily_report2\system\Database\MySQLi\Connection.php:327
Stack trace:
#0 D:\Project Lintang\PROJEK\daily_report2\system\Database\MySQLi\Connection.php(327): mysqli->query('SELECT *\nFROM `...', 0)
#1 D:\Project Lintang\PROJEK\daily_report2\system\Database\BaseConnection.php(738): CodeIgniter\Database\MySQLi\Connection->execute('SELECT *\nFROM `...')
#2 D:\Project Lintang\PROJEK\daily_report2\system\Database\BaseConnection.php(652): CodeIgniter\Database\BaseConnection->simpleQuery('SELECT *\nFROM `...')
#3 D:\Project Lintang\PROJEK\daily_report2\system\Database\BaseBuilder.php(1649): CodeIgniter\Database\BaseConnection->query('SELECT *\nFROM `...', Array, false)
#4 D:\Project Lintang\PROJEK\daily_report2\system\Model.php(286): CodeIgniter\Database\BaseBuilder->get()
#5 D:\Project Lintang\PROJEK\daily_report2\system\BaseModel.php(675): CodeIgniter\Model->doFindAll(0, 0)
#6 D:\Project Lintang\PROJEK\daily_report2\app\Controllers\Jcp.php(485): CodeIgniter\BaseModel->findAll()
#7 D:\Project Lintang\PROJEK\daily_report2\system\CodeIgniter.php(933): App\Controllers\Jcp->edit('34')
#8 D:\Project Lintang\PROJEK\daily_report2\system\CodeIgniter.php(507): CodeIgniter\CodeIgniter->runController(Object(App\Controllers\Jcp))
#9 D:\Project Lintang\PROJEK\daily_report2\system\CodeIgniter.php(354): CodeIgniter\CodeIgniter->handleRequest(NULL, Object(Config\Cache), false)
#10 D:\Project Lintang\PROJEK\daily_report2\system\Boot.php(334): CodeIgniter\CodeIgniter->run()
#11 D:\Project Lintang\PROJEK\daily_report2\system\Boot.php(67): CodeIgniter\Boot::runCodeIgniter(Object(CodeIgniter\CodeIgniter))
#12 D:\Project Lintang\PROJEK\daily_report2\public\index.php(56): CodeIgniter\Boot::bootWeb(Object(Config\Paths))
#13 D:\Project Lintang\PROJEK\daily_report2\system\rewrite.php(44): require_once('D:\\Project Lint...')
#14 {main}
CRITICAL - 2025-05-13 03:33:12 --> Error: Call to a member function getResult() on bool
[Method: GET, Route: jcp/edit/34]
in SYSTEMPATH\Model.php on line 287.
 1 SYSTEMPATH\BaseModel.php(675): CodeIgniter\Model->doFindAll(0, 0)
 2 APPPATH\Controllers\Jcp.php(485): CodeIgniter\BaseModel->findAll()
 3 SYSTEMPATH\CodeIgniter.php(933): App\Controllers\Jcp->edit('34')
 4 SYSTEMPATH\CodeIgniter.php(507): CodeIgniter\CodeIgniter->runController(Object(App\Controllers\Jcp))
 5 SYSTEMPATH\CodeIgniter.php(354): CodeIgniter\CodeIgniter->handleRequest(null, Object(Config\Cache), false)
 6 SYSTEMPATH\Boot.php(334): CodeIgniter\CodeIgniter->run()
 7 SYSTEMPATH\Boot.php(67): CodeIgniter\Boot::runCodeIgniter(Object(CodeIgniter\CodeIgniter))
 8 FCPATH\index.php(56): CodeIgniter\Boot::bootWeb(Object(Config\Paths))
 9 SYSTEMPATH\rewrite.php(44): require_once('D:\\Project Lintang\\PROJEK\\daily_report2\\public\\index.php')
ERROR - 2025-05-13 03:45:41 --> mysqli_sql_exception: Table 'daily_report.ccf_die_spot2' doesn't exist in D:\Project Lintang\PROJEK\daily_report2\system\Database\MySQLi\Connection.php:327
Stack trace:
#0 D:\Project Lintang\PROJEK\daily_report2\system\Database\MySQLi\Connection.php(327): mysqli->query('INSERT INTO `cc...', 0)
#1 D:\Project Lintang\PROJEK\daily_report2\system\Database\BaseConnection.php(738): CodeIgniter\Database\MySQLi\Connection->execute('INSERT INTO `cc...')
#2 D:\Project Lintang\PROJEK\daily_report2\system\Database\BaseConnection.php(652): CodeIgniter\Database\BaseConnection->simpleQuery('INSERT INTO `cc...')
#3 D:\Project Lintang\PROJEK\daily_report2\system\Database\BaseBuilder.php(2345): CodeIgniter\Database\BaseConnection->query('INSERT INTO `cc...', Array, false)
#4 D:\Project Lintang\PROJEK\daily_report2\system\Model.php(394): CodeIgniter\Database\BaseBuilder->insert()
#5 D:\Project Lintang\PROJEK\daily_report2\system\BaseModel.php(839): CodeIgniter\Model->doInsert(Array)
#6 D:\Project Lintang\PROJEK\daily_report2\system\Model.php(800): CodeIgniter\BaseModel->insert(Array, true)
#7 D:\Project Lintang\PROJEK\daily_report2\app\Controllers\Ccf.php(380): CodeIgniter\Model->insert(Array)
#8 D:\Project Lintang\PROJEK\daily_report2\system\CodeIgniter.php(933): App\Controllers\Ccf->store()
#9 D:\Project Lintang\PROJEK\daily_report2\system\CodeIgniter.php(507): CodeIgniter\CodeIgniter->runController(Object(App\Controllers\Ccf))
#10 D:\Project Lintang\PROJEK\daily_report2\system\CodeIgniter.php(354): CodeIgniter\CodeIgniter->handleRequest(NULL, Object(Config\Cache), false)
#11 D:\Project Lintang\PROJEK\daily_report2\system\Boot.php(334): CodeIgniter\CodeIgniter->run()
#12 D:\Project Lintang\PROJEK\daily_report2\system\Boot.php(67): CodeIgniter\Boot::runCodeIgniter(Object(CodeIgniter\CodeIgniter))
#13 D:\Project Lintang\PROJEK\daily_report2\public\index.php(56): CodeIgniter\Boot::bootWeb(Object(Config\Paths))
#14 D:\Project Lintang\PROJEK\daily_report2\system\rewrite.php(44): require_once('D:\\Project Lint...')
#15 {main}
ERROR - 2025-05-13 03:45:41 --> mysqli_sql_exception: Table 'daily_report.ccf_die_spot2' doesn't exist in D:\Project Lintang\PROJEK\daily_report2\system\Database\MySQLi\Connection.php:327
Stack trace:
#0 D:\Project Lintang\PROJEK\daily_report2\system\Database\MySQLi\Connection.php(327): mysqli->query('INSERT INTO `cc...', 0)
#1 D:\Project Lintang\PROJEK\daily_report2\system\Database\BaseConnection.php(738): CodeIgniter\Database\MySQLi\Connection->execute('INSERT INTO `cc...')
#2 D:\Project Lintang\PROJEK\daily_report2\system\Database\BaseConnection.php(652): CodeIgniter\Database\BaseConnection->simpleQuery('INSERT INTO `cc...')
#3 D:\Project Lintang\PROJEK\daily_report2\system\Database\BaseBuilder.php(2345): CodeIgniter\Database\BaseConnection->query('INSERT INTO `cc...', Array, false)
#4 D:\Project Lintang\PROJEK\daily_report2\system\Model.php(394): CodeIgniter\Database\BaseBuilder->insert()
#5 D:\Project Lintang\PROJEK\daily_report2\system\BaseModel.php(839): CodeIgniter\Model->doInsert(Array)
#6 D:\Project Lintang\PROJEK\daily_report2\system\Model.php(800): CodeIgniter\BaseModel->insert(Array, true)
#7 D:\Project Lintang\PROJEK\daily_report2\app\Controllers\Ccf.php(380): CodeIgniter\Model->insert(Array)
#8 D:\Project Lintang\PROJEK\daily_report2\system\CodeIgniter.php(933): App\Controllers\Ccf->store()
#9 D:\Project Lintang\PROJEK\daily_report2\system\CodeIgniter.php(507): CodeIgniter\CodeIgniter->runController(Object(App\Controllers\Ccf))
#10 D:\Project Lintang\PROJEK\daily_report2\system\CodeIgniter.php(354): CodeIgniter\CodeIgniter->handleRequest(NULL, Object(Config\Cache), false)
#11 D:\Project Lintang\PROJEK\daily_report2\system\Boot.php(334): CodeIgniter\CodeIgniter->run()
#12 D:\Project Lintang\PROJEK\daily_report2\system\Boot.php(67): CodeIgniter\Boot::runCodeIgniter(Object(CodeIgniter\CodeIgniter))
#13 D:\Project Lintang\PROJEK\daily_report2\public\index.php(56): CodeIgniter\Boot::bootWeb(Object(Config\Paths))
#14 D:\Project Lintang\PROJEK\daily_report2\system\rewrite.php(44): require_once('D:\\Project Lint...')
#15 {main}
ERROR - 2025-05-13 03:45:41 --> mysqli_sql_exception: Table 'daily_report.ccf_die_spot2' doesn't exist in D:\Project Lintang\PROJEK\daily_report2\system\Database\MySQLi\Connection.php:327
Stack trace:
#0 D:\Project Lintang\PROJEK\daily_report2\system\Database\MySQLi\Connection.php(327): mysqli->query('INSERT INTO `cc...', 0)
#1 D:\Project Lintang\PROJEK\daily_report2\system\Database\BaseConnection.php(738): CodeIgniter\Database\MySQLi\Connection->execute('INSERT INTO `cc...')
#2 D:\Project Lintang\PROJEK\daily_report2\system\Database\BaseConnection.php(652): CodeIgniter\Database\BaseConnection->simpleQuery('INSERT INTO `cc...')
#3 D:\Project Lintang\PROJEK\daily_report2\system\Database\BaseBuilder.php(2345): CodeIgniter\Database\BaseConnection->query('INSERT INTO `cc...', Array, false)
#4 D:\Project Lintang\PROJEK\daily_report2\system\Model.php(394): CodeIgniter\Database\BaseBuilder->insert()
#5 D:\Project Lintang\PROJEK\daily_report2\system\BaseModel.php(839): CodeIgniter\Model->doInsert(Array)
#6 D:\Project Lintang\PROJEK\daily_report2\system\Model.php(800): CodeIgniter\BaseModel->insert(Array, true)
#7 D:\Project Lintang\PROJEK\daily_report2\app\Controllers\Ccf.php(380): CodeIgniter\Model->insert(Array)
#8 D:\Project Lintang\PROJEK\daily_report2\system\CodeIgniter.php(933): App\Controllers\Ccf->store()
#9 D:\Project Lintang\PROJEK\daily_report2\system\CodeIgniter.php(507): CodeIgniter\CodeIgniter->runController(Object(App\Controllers\Ccf))
#10 D:\Project Lintang\PROJEK\daily_report2\system\CodeIgniter.php(354): CodeIgniter\CodeIgniter->handleRequest(NULL, Object(Config\Cache), false)
#11 D:\Project Lintang\PROJEK\daily_report2\system\Boot.php(334): CodeIgniter\CodeIgniter->run()
#12 D:\Project Lintang\PROJEK\daily_report2\system\Boot.php(67): CodeIgniter\Boot::runCodeIgniter(Object(CodeIgniter\CodeIgniter))
#13 D:\Project Lintang\PROJEK\daily_report2\public\index.php(56): CodeIgniter\Boot::bootWeb(Object(Config\Paths))
#14 D:\Project Lintang\PROJEK\daily_report2\system\rewrite.php(44): require_once('D:\\Project Lint...')
#15 {main}
ERROR - 2025-05-13 03:45:41 --> mysqli_sql_exception: Table 'daily_report.ccf_die_spot2' doesn't exist in D:\Project Lintang\PROJEK\daily_report2\system\Database\MySQLi\Connection.php:327
Stack trace:
#0 D:\Project Lintang\PROJEK\daily_report2\system\Database\MySQLi\Connection.php(327): mysqli->query('INSERT INTO `cc...', 0)
#1 D:\Project Lintang\PROJEK\daily_report2\system\Database\BaseConnection.php(738): CodeIgniter\Database\MySQLi\Connection->execute('INSERT INTO `cc...')
#2 D:\Project Lintang\PROJEK\daily_report2\system\Database\BaseConnection.php(652): CodeIgniter\Database\BaseConnection->simpleQuery('INSERT INTO `cc...')
#3 D:\Project Lintang\PROJEK\daily_report2\system\Database\BaseBuilder.php(2345): CodeIgniter\Database\BaseConnection->query('INSERT INTO `cc...', Array, false)
#4 D:\Project Lintang\PROJEK\daily_report2\system\Model.php(394): CodeIgniter\Database\BaseBuilder->insert()
#5 D:\Project Lintang\PROJEK\daily_report2\system\BaseModel.php(839): CodeIgniter\Model->doInsert(Array)
#6 D:\Project Lintang\PROJEK\daily_report2\system\Model.php(800): CodeIgniter\BaseModel->insert(Array, true)
#7 D:\Project Lintang\PROJEK\daily_report2\app\Controllers\Ccf.php(380): CodeIgniter\Model->insert(Array)
#8 D:\Project Lintang\PROJEK\daily_report2\system\CodeIgniter.php(933): App\Controllers\Ccf->store()
#9 D:\Project Lintang\PROJEK\daily_report2\system\CodeIgniter.php(507): CodeIgniter\CodeIgniter->runController(Object(App\Controllers\Ccf))
#10 D:\Project Lintang\PROJEK\daily_report2\system\CodeIgniter.php(354): CodeIgniter\CodeIgniter->handleRequest(NULL, Object(Config\Cache), false)
#11 D:\Project Lintang\PROJEK\daily_report2\system\Boot.php(334): CodeIgniter\CodeIgniter->run()
#12 D:\Project Lintang\PROJEK\daily_report2\system\Boot.php(67): CodeIgniter\Boot::runCodeIgniter(Object(CodeIgniter\CodeIgniter))
#13 D:\Project Lintang\PROJEK\daily_report2\public\index.php(56): CodeIgniter\Boot::bootWeb(Object(Config\Paths))
#14 D:\Project Lintang\PROJEK\daily_report2\system\rewrite.php(44): require_once('D:\\Project Lint...')
#15 {main}
ERROR - 2025-05-13 03:45:41 --> mysqli_sql_exception: Table 'daily_report.ccf_die_spot2' doesn't exist in D:\Project Lintang\PROJEK\daily_report2\system\Database\MySQLi\Connection.php:327
Stack trace:
#0 D:\Project Lintang\PROJEK\daily_report2\system\Database\MySQLi\Connection.php(327): mysqli->query('INSERT INTO `cc...', 0)
#1 D:\Project Lintang\PROJEK\daily_report2\system\Database\BaseConnection.php(738): CodeIgniter\Database\MySQLi\Connection->execute('INSERT INTO `cc...')
#2 D:\Project Lintang\PROJEK\daily_report2\system\Database\BaseConnection.php(652): CodeIgniter\Database\BaseConnection->simpleQuery('INSERT INTO `cc...')
#3 D:\Project Lintang\PROJEK\daily_report2\system\Database\BaseBuilder.php(2345): CodeIgniter\Database\BaseConnection->query('INSERT INTO `cc...', Array, false)
#4 D:\Project Lintang\PROJEK\daily_report2\system\Model.php(394): CodeIgniter\Database\BaseBuilder->insert()
#5 D:\Project Lintang\PROJEK\daily_report2\system\BaseModel.php(839): CodeIgniter\Model->doInsert(Array)
#6 D:\Project Lintang\PROJEK\daily_report2\system\Model.php(800): CodeIgniter\BaseModel->insert(Array, true)
#7 D:\Project Lintang\PROJEK\daily_report2\app\Controllers\Ccf.php(380): CodeIgniter\Model->insert(Array)
#8 D:\Project Lintang\PROJEK\daily_report2\system\CodeIgniter.php(933): App\Controllers\Ccf->store()
#9 D:\Project Lintang\PROJEK\daily_report2\system\CodeIgniter.php(507): CodeIgniter\CodeIgniter->runController(Object(App\Controllers\Ccf))
#10 D:\Project Lintang\PROJEK\daily_report2\system\CodeIgniter.php(354): CodeIgniter\CodeIgniter->handleRequest(NULL, Object(Config\Cache), false)
#11 D:\Project Lintang\PROJEK\daily_report2\system\Boot.php(334): CodeIgniter\CodeIgniter->run()
#12 D:\Project Lintang\PROJEK\daily_report2\system\Boot.php(67): CodeIgniter\Boot::runCodeIgniter(Object(CodeIgniter\CodeIgniter))
#13 D:\Project Lintang\PROJEK\daily_report2\public\index.php(56): CodeIgniter\Boot::bootWeb(Object(Config\Paths))
#14 D:\Project Lintang\PROJEK\daily_report2\system\rewrite.php(44): require_once('D:\\Project Lint...')
#15 {main}
ERROR - 2025-05-13 03:45:41 --> mysqli_sql_exception: Table 'daily_report.ccf_die_spot2' doesn't exist in D:\Project Lintang\PROJEK\daily_report2\system\Database\MySQLi\Connection.php:327
Stack trace:
#0 D:\Project Lintang\PROJEK\daily_report2\system\Database\MySQLi\Connection.php(327): mysqli->query('INSERT INTO `cc...', 0)
#1 D:\Project Lintang\PROJEK\daily_report2\system\Database\BaseConnection.php(738): CodeIgniter\Database\MySQLi\Connection->execute('INSERT INTO `cc...')
#2 D:\Project Lintang\PROJEK\daily_report2\system\Database\BaseConnection.php(652): CodeIgniter\Database\BaseConnection->simpleQuery('INSERT INTO `cc...')
#3 D:\Project Lintang\PROJEK\daily_report2\system\Database\BaseBuilder.php(2345): CodeIgniter\Database\BaseConnection->query('INSERT INTO `cc...', Array, false)
#4 D:\Project Lintang\PROJEK\daily_report2\system\Model.php(394): CodeIgniter\Database\BaseBuilder->insert()
#5 D:\Project Lintang\PROJEK\daily_report2\system\BaseModel.php(839): CodeIgniter\Model->doInsert(Array)
#6 D:\Project Lintang\PROJEK\daily_report2\system\Model.php(800): CodeIgniter\BaseModel->insert(Array, true)
#7 D:\Project Lintang\PROJEK\daily_report2\app\Controllers\Ccf.php(380): CodeIgniter\Model->insert(Array)
#8 D:\Project Lintang\PROJEK\daily_report2\system\CodeIgniter.php(933): App\Controllers\Ccf->store()
#9 D:\Project Lintang\PROJEK\daily_report2\system\CodeIgniter.php(507): CodeIgniter\CodeIgniter->runController(Object(App\Controllers\Ccf))
#10 D:\Project Lintang\PROJEK\daily_report2\system\CodeIgniter.php(354): CodeIgniter\CodeIgniter->handleRequest(NULL, Object(Config\Cache), false)
#11 D:\Project Lintang\PROJEK\daily_report2\system\Boot.php(334): CodeIgniter\CodeIgniter->run()
#12 D:\Project Lintang\PROJEK\daily_report2\system\Boot.php(67): CodeIgniter\Boot::runCodeIgniter(Object(CodeIgniter\CodeIgniter))
#13 D:\Project Lintang\PROJEK\daily_report2\public\index.php(56): CodeIgniter\Boot::bootWeb(Object(Config\Paths))
#14 D:\Project Lintang\PROJEK\daily_report2\system\rewrite.php(44): require_once('D:\\Project Lint...')
#15 {main}
ERROR - 2025-05-13 03:45:41 --> mysqli_sql_exception: Table 'daily_report.ccf_die_spot3' doesn't exist in D:\Project Lintang\PROJEK\daily_report2\system\Database\MySQLi\Connection.php:327
Stack trace:
#0 D:\Project Lintang\PROJEK\daily_report2\system\Database\MySQLi\Connection.php(327): mysqli->query('INSERT INTO `cc...', 0)
#1 D:\Project Lintang\PROJEK\daily_report2\system\Database\BaseConnection.php(738): CodeIgniter\Database\MySQLi\Connection->execute('INSERT INTO `cc...')
#2 D:\Project Lintang\PROJEK\daily_report2\system\Database\BaseConnection.php(652): CodeIgniter\Database\BaseConnection->simpleQuery('INSERT INTO `cc...')
#3 D:\Project Lintang\PROJEK\daily_report2\system\Database\BaseBuilder.php(2345): CodeIgniter\Database\BaseConnection->query('INSERT INTO `cc...', Array, false)
#4 D:\Project Lintang\PROJEK\daily_report2\system\Model.php(394): CodeIgniter\Database\BaseBuilder->insert()
#5 D:\Project Lintang\PROJEK\daily_report2\system\BaseModel.php(839): CodeIgniter\Model->doInsert(Array)
#6 D:\Project Lintang\PROJEK\daily_report2\system\Model.php(800): CodeIgniter\BaseModel->insert(Array, true)
#7 D:\Project Lintang\PROJEK\daily_report2\app\Controllers\Ccf.php(392): CodeIgniter\Model->insert(Array)
#8 D:\Project Lintang\PROJEK\daily_report2\system\CodeIgniter.php(933): App\Controllers\Ccf->store()
#9 D:\Project Lintang\PROJEK\daily_report2\system\CodeIgniter.php(507): CodeIgniter\CodeIgniter->runController(Object(App\Controllers\Ccf))
#10 D:\Project Lintang\PROJEK\daily_report2\system\CodeIgniter.php(354): CodeIgniter\CodeIgniter->handleRequest(NULL, Object(Config\Cache), false)
#11 D:\Project Lintang\PROJEK\daily_report2\system\Boot.php(334): CodeIgniter\CodeIgniter->run()
#12 D:\Project Lintang\PROJEK\daily_report2\system\Boot.php(67): CodeIgniter\Boot::runCodeIgniter(Object(CodeIgniter\CodeIgniter))
#13 D:\Project Lintang\PROJEK\daily_report2\public\index.php(56): CodeIgniter\Boot::bootWeb(Object(Config\Paths))
#14 D:\Project Lintang\PROJEK\daily_report2\system\rewrite.php(44): require_once('D:\\Project Lint...')
#15 {main}
ERROR - 2025-05-13 03:45:41 --> mysqli_sql_exception: Table 'daily_report.ccf_die_spot3' doesn't exist in D:\Project Lintang\PROJEK\daily_report2\system\Database\MySQLi\Connection.php:327
Stack trace:
#0 D:\Project Lintang\PROJEK\daily_report2\system\Database\MySQLi\Connection.php(327): mysqli->query('INSERT INTO `cc...', 0)
#1 D:\Project Lintang\PROJEK\daily_report2\system\Database\BaseConnection.php(738): CodeIgniter\Database\MySQLi\Connection->execute('INSERT INTO `cc...')
#2 D:\Project Lintang\PROJEK\daily_report2\system\Database\BaseConnection.php(652): CodeIgniter\Database\BaseConnection->simpleQuery('INSERT INTO `cc...')
#3 D:\Project Lintang\PROJEK\daily_report2\system\Database\BaseBuilder.php(2345): CodeIgniter\Database\BaseConnection->query('INSERT INTO `cc...', Array, false)
#4 D:\Project Lintang\PROJEK\daily_report2\system\Model.php(394): CodeIgniter\Database\BaseBuilder->insert()
#5 D:\Project Lintang\PROJEK\daily_report2\system\BaseModel.php(839): CodeIgniter\Model->doInsert(Array)
#6 D:\Project Lintang\PROJEK\daily_report2\system\Model.php(800): CodeIgniter\BaseModel->insert(Array, true)
#7 D:\Project Lintang\PROJEK\daily_report2\app\Controllers\Ccf.php(392): CodeIgniter\Model->insert(Array)
#8 D:\Project Lintang\PROJEK\daily_report2\system\CodeIgniter.php(933): App\Controllers\Ccf->store()
#9 D:\Project Lintang\PROJEK\daily_report2\system\CodeIgniter.php(507): CodeIgniter\CodeIgniter->runController(Object(App\Controllers\Ccf))
#10 D:\Project Lintang\PROJEK\daily_report2\system\CodeIgniter.php(354): CodeIgniter\CodeIgniter->handleRequest(NULL, Object(Config\Cache), false)
#11 D:\Project Lintang\PROJEK\daily_report2\system\Boot.php(334): CodeIgniter\CodeIgniter->run()
#12 D:\Project Lintang\PROJEK\daily_report2\system\Boot.php(67): CodeIgniter\Boot::runCodeIgniter(Object(CodeIgniter\CodeIgniter))
#13 D:\Project Lintang\PROJEK\daily_report2\public\index.php(56): CodeIgniter\Boot::bootWeb(Object(Config\Paths))
#14 D:\Project Lintang\PROJEK\daily_report2\system\rewrite.php(44): require_once('D:\\Project Lint...')
#15 {main}
ERROR - 2025-05-13 03:45:41 --> mysqli_sql_exception: Table 'daily_report.ccf_die_spot3' doesn't exist in D:\Project Lintang\PROJEK\daily_report2\system\Database\MySQLi\Connection.php:327
Stack trace:
#0 D:\Project Lintang\PROJEK\daily_report2\system\Database\MySQLi\Connection.php(327): mysqli->query('INSERT INTO `cc...', 0)
#1 D:\Project Lintang\PROJEK\daily_report2\system\Database\BaseConnection.php(738): CodeIgniter\Database\MySQLi\Connection->execute('INSERT INTO `cc...')
#2 D:\Project Lintang\PROJEK\daily_report2\system\Database\BaseConnection.php(652): CodeIgniter\Database\BaseConnection->simpleQuery('INSERT INTO `cc...')
#3 D:\Project Lintang\PROJEK\daily_report2\system\Database\BaseBuilder.php(2345): CodeIgniter\Database\BaseConnection->query('INSERT INTO `cc...', Array, false)
#4 D:\Project Lintang\PROJEK\daily_report2\system\Model.php(394): CodeIgniter\Database\BaseBuilder->insert()
#5 D:\Project Lintang\PROJEK\daily_report2\system\BaseModel.php(839): CodeIgniter\Model->doInsert(Array)
#6 D:\Project Lintang\PROJEK\daily_report2\system\Model.php(800): CodeIgniter\BaseModel->insert(Array, true)
#7 D:\Project Lintang\PROJEK\daily_report2\app\Controllers\Ccf.php(392): CodeIgniter\Model->insert(Array)
#8 D:\Project Lintang\PROJEK\daily_report2\system\CodeIgniter.php(933): App\Controllers\Ccf->store()
#9 D:\Project Lintang\PROJEK\daily_report2\system\CodeIgniter.php(507): CodeIgniter\CodeIgniter->runController(Object(App\Controllers\Ccf))
#10 D:\Project Lintang\PROJEK\daily_report2\system\CodeIgniter.php(354): CodeIgniter\CodeIgniter->handleRequest(NULL, Object(Config\Cache), false)
#11 D:\Project Lintang\PROJEK\daily_report2\system\Boot.php(334): CodeIgniter\CodeIgniter->run()
#12 D:\Project Lintang\PROJEK\daily_report2\system\Boot.php(67): CodeIgniter\Boot::runCodeIgniter(Object(CodeIgniter\CodeIgniter))
#13 D:\Project Lintang\PROJEK\daily_report2\public\index.php(56): CodeIgniter\Boot::bootWeb(Object(Config\Paths))
#14 D:\Project Lintang\PROJEK\daily_report2\system\rewrite.php(44): require_once('D:\\Project Lint...')
#15 {main}
ERROR - 2025-05-13 03:45:41 --> mysqli_sql_exception: Table 'daily_report.ccf_die_spot3' doesn't exist in D:\Project Lintang\PROJEK\daily_report2\system\Database\MySQLi\Connection.php:327
Stack trace:
#0 D:\Project Lintang\PROJEK\daily_report2\system\Database\MySQLi\Connection.php(327): mysqli->query('INSERT INTO `cc...', 0)
#1 D:\Project Lintang\PROJEK\daily_report2\system\Database\BaseConnection.php(738): CodeIgniter\Database\MySQLi\Connection->execute('INSERT INTO `cc...')
#2 D:\Project Lintang\PROJEK\daily_report2\system\Database\BaseConnection.php(652): CodeIgniter\Database\BaseConnection->simpleQuery('INSERT INTO `cc...')
#3 D:\Project Lintang\PROJEK\daily_report2\system\Database\BaseBuilder.php(2345): CodeIgniter\Database\BaseConnection->query('INSERT INTO `cc...', Array, false)
#4 D:\Project Lintang\PROJEK\daily_report2\system\Model.php(394): CodeIgniter\Database\BaseBuilder->insert()
#5 D:\Project Lintang\PROJEK\daily_report2\system\BaseModel.php(839): CodeIgniter\Model->doInsert(Array)
#6 D:\Project Lintang\PROJEK\daily_report2\system\Model.php(800): CodeIgniter\BaseModel->insert(Array, true)
#7 D:\Project Lintang\PROJEK\daily_report2\app\Controllers\Ccf.php(392): CodeIgniter\Model->insert(Array)
#8 D:\Project Lintang\PROJEK\daily_report2\system\CodeIgniter.php(933): App\Controllers\Ccf->store()
#9 D:\Project Lintang\PROJEK\daily_report2\system\CodeIgniter.php(507): CodeIgniter\CodeIgniter->runController(Object(App\Controllers\Ccf))
#10 D:\Project Lintang\PROJEK\daily_report2\system\CodeIgniter.php(354): CodeIgniter\CodeIgniter->handleRequest(NULL, Object(Config\Cache), false)
#11 D:\Project Lintang\PROJEK\daily_report2\system\Boot.php(334): CodeIgniter\CodeIgniter->run()
#12 D:\Project Lintang\PROJEK\daily_report2\system\Boot.php(67): CodeIgniter\Boot::runCodeIgniter(Object(CodeIgniter\CodeIgniter))
#13 D:\Project Lintang\PROJEK\daily_report2\public\index.php(56): CodeIgniter\Boot::bootWeb(Object(Config\Paths))
#14 D:\Project Lintang\PROJEK\daily_report2\system\rewrite.php(44): require_once('D:\\Project Lint...')
#15 {main}
ERROR - 2025-05-13 03:45:41 --> mysqli_sql_exception: Table 'daily_report.ccf_die_spot3' doesn't exist in D:\Project Lintang\PROJEK\daily_report2\system\Database\MySQLi\Connection.php:327
Stack trace:
#0 D:\Project Lintang\PROJEK\daily_report2\system\Database\MySQLi\Connection.php(327): mysqli->query('INSERT INTO `cc...', 0)
#1 D:\Project Lintang\PROJEK\daily_report2\system\Database\BaseConnection.php(738): CodeIgniter\Database\MySQLi\Connection->execute('INSERT INTO `cc...')
#2 D:\Project Lintang\PROJEK\daily_report2\system\Database\BaseConnection.php(652): CodeIgniter\Database\BaseConnection->simpleQuery('INSERT INTO `cc...')
#3 D:\Project Lintang\PROJEK\daily_report2\system\Database\BaseBuilder.php(2345): CodeIgniter\Database\BaseConnection->query('INSERT INTO `cc...', Array, false)
#4 D:\Project Lintang\PROJEK\daily_report2\system\Model.php(394): CodeIgniter\Database\BaseBuilder->insert()
#5 D:\Project Lintang\PROJEK\daily_report2\system\BaseModel.php(839): CodeIgniter\Model->doInsert(Array)
#6 D:\Project Lintang\PROJEK\daily_report2\system\Model.php(800): CodeIgniter\BaseModel->insert(Array, true)
#7 D:\Project Lintang\PROJEK\daily_report2\app\Controllers\Ccf.php(392): CodeIgniter\Model->insert(Array)
#8 D:\Project Lintang\PROJEK\daily_report2\system\CodeIgniter.php(933): App\Controllers\Ccf->store()
#9 D:\Project Lintang\PROJEK\daily_report2\system\CodeIgniter.php(507): CodeIgniter\CodeIgniter->runController(Object(App\Controllers\Ccf))
#10 D:\Project Lintang\PROJEK\daily_report2\system\CodeIgniter.php(354): CodeIgniter\CodeIgniter->handleRequest(NULL, Object(Config\Cache), false)
#11 D:\Project Lintang\PROJEK\daily_report2\system\Boot.php(334): CodeIgniter\CodeIgniter->run()
#12 D:\Project Lintang\PROJEK\daily_report2\system\Boot.php(67): CodeIgniter\Boot::runCodeIgniter(Object(CodeIgniter\CodeIgniter))
#13 D:\Project Lintang\PROJEK\daily_report2\public\index.php(56): CodeIgniter\Boot::bootWeb(Object(Config\Paths))
#14 D:\Project Lintang\PROJEK\daily_report2\system\rewrite.php(44): require_once('D:\\Project Lint...')
#15 {main}
CRITICAL - 2025-05-13 04:11:35 --> ParseError: syntax error, unexpected token "=>"
[Method: GET, Route: ccf]
in APPPATH\Controllers\Ccf.php on line 483.
 1 SYSTEMPATH\Autoloader\Autoloader.php(295): CodeIgniter\Autoloader\Autoloader->includeFile('D:\\Project Lintang\\PROJEK\\daily_report2\\app\\Controllers\\Ccf.php')
 2 SYSTEMPATH\Autoloader\Autoloader.php(271): CodeIgniter\Autoloader\Autoloader->loadInNamespace('App\\Controllers\\Ccf')
 3 [internal function]: CodeIgniter\Autoloader\Autoloader->loadClass('App\\Controllers\\Ccf')
 4 SYSTEMPATH\CodeIgniter.php(885): class_exists('\\App\\Controllers\\Ccf', true)
 5 SYSTEMPATH\CodeIgniter.php(494): CodeIgniter\CodeIgniter->startController()
 6 SYSTEMPATH\CodeIgniter.php(354): CodeIgniter\CodeIgniter->handleRequest(null, Object(Config\Cache), false)
 7 SYSTEMPATH\Boot.php(334): CodeIgniter\CodeIgniter->run()
 8 SYSTEMPATH\Boot.php(67): CodeIgniter\Boot::runCodeIgniter(Object(CodeIgniter\CodeIgniter))
 9 FCPATH\index.php(56): CodeIgniter\Boot::bootWeb(Object(Config\Paths))
10 SYSTEMPATH\rewrite.php(44): require_once('D:\\Project Lintang\\PROJEK\\daily_report2\\public\\index.php')
ERROR - 2025-05-13 06:12:19 --> mysqli_sql_exception: Table 'daily_report.ccf_die_spot2' doesn't exist in D:\Project Lintang\PROJEK\daily_report2\system\Database\MySQLi\Connection.php:327
Stack trace:
#0 D:\Project Lintang\PROJEK\daily_report2\system\Database\MySQLi\Connection.php(327): mysqli->query('SELECT *\nFROM `...', 0)
#1 D:\Project Lintang\PROJEK\daily_report2\system\Database\BaseConnection.php(738): CodeIgniter\Database\MySQLi\Connection->execute('SELECT *\nFROM `...')
#2 D:\Project Lintang\PROJEK\daily_report2\system\Database\BaseConnection.php(652): CodeIgniter\Database\BaseConnection->simpleQuery('SELECT *\nFROM `...')
#3 D:\Project Lintang\PROJEK\daily_report2\system\Database\BaseBuilder.php(1649): CodeIgniter\Database\BaseConnection->query('SELECT *\nFROM `...', Array, false)
#4 D:\Project Lintang\PROJEK\daily_report2\system\Model.php(286): CodeIgniter\Database\BaseBuilder->get()
#5 D:\Project Lintang\PROJEK\daily_report2\system\BaseModel.php(675): CodeIgniter\Model->doFindAll(0, 0)
#6 D:\Project Lintang\PROJEK\daily_report2\app\Controllers\Jcp.php(963): CodeIgniter\BaseModel->findAll()
#7 D:\Project Lintang\PROJEK\daily_report2\system\CodeIgniter.php(933): App\Controllers\Jcp->generateExcel('26')
#8 D:\Project Lintang\PROJEK\daily_report2\system\CodeIgniter.php(507): CodeIgniter\CodeIgniter->runController(Object(App\Controllers\Jcp))
#9 D:\Project Lintang\PROJEK\daily_report2\system\CodeIgniter.php(354): CodeIgniter\CodeIgniter->handleRequest(NULL, Object(Config\Cache), false)
#10 D:\Project Lintang\PROJEK\daily_report2\system\Boot.php(334): CodeIgniter\CodeIgniter->run()
#11 D:\Project Lintang\PROJEK\daily_report2\system\Boot.php(67): CodeIgniter\Boot::runCodeIgniter(Object(CodeIgniter\CodeIgniter))
#12 D:\Project Lintang\PROJEK\daily_report2\public\index.php(56): CodeIgniter\Boot::bootWeb(Object(Config\Paths))
#13 D:\Project Lintang\PROJEK\daily_report2\system\rewrite.php(44): require_once('D:\\Project Lint...')
#14 {main}
CRITICAL - 2025-05-13 06:12:19 --> Error: Call to a member function getResult() on bool
[Method: GET, Route: jcp/export/26]
in SYSTEMPATH\Model.php on line 287.
 1 SYSTEMPATH\BaseModel.php(675): CodeIgniter\Model->doFindAll(0, 0)
 2 APPPATH\Controllers\Jcp.php(963): CodeIgniter\BaseModel->findAll()
 3 SYSTEMPATH\CodeIgniter.php(933): App\Controllers\Jcp->generateExcel('26')
 4 SYSTEMPATH\CodeIgniter.php(507): CodeIgniter\CodeIgniter->runController(Object(App\Controllers\Jcp))
 5 SYSTEMPATH\CodeIgniter.php(354): CodeIgniter\CodeIgniter->handleRequest(null, Object(Config\Cache), false)
 6 SYSTEMPATH\Boot.php(334): CodeIgniter\CodeIgniter->run()
 7 SYSTEMPATH\Boot.php(67): CodeIgniter\Boot::runCodeIgniter(Object(CodeIgniter\CodeIgniter))
 8 FCPATH\index.php(56): CodeIgniter\Boot::bootWeb(Object(Config\Paths))
 9 SYSTEMPATH\rewrite.php(44): require_once('D:\\Project Lintang\\PROJEK\\daily_report2\\public\\index.php')
