CRITICAL - 2025-03-04 04:01:49 --> PhpOffice\PhpSpreadsheet\Exception: File D:\Project Lintang\PROJEK\daily_report2\public\uploads/images/blank_layout_1741060908.mp4 not found!
[Method: POST, Route: pps/submit]
in VENDORPATH\phpoffice\phpspreadsheet\src\PhpSpreadsheet\Worksheet\Drawing.php on line 161.
 1 APPPATH\Controllers\Pps.php(325): PhpOffice\PhpSpreadsheet\Worksheet\Drawing->setPath('D:\\Project Lintang\\PROJEK\\daily_report2\\public\\uploads/images/blank_layout_1741060908.mp4')
 2 SYSTEMPATH\CodeIgniter.php(933): App\Controllers\Pps->submitPrint()
 3 SYSTEMPATH\CodeIgniter.php(507): CodeIgniter\CodeIgniter->runController(Object(App\Controllers\Pps))
 4 SYSTEMPATH\CodeIgniter.php(354): CodeIgniter\CodeIgniter->handleRequest(null, Object(Config\Cache), false)
 5 SYSTEMPATH\Boot.php(334): CodeIgniter\CodeIgniter->run()
 6 SYSTEMPATH\Boot.php(67): CodeIgniter\Boot::runCodeIgniter(Object(CodeIgniter\CodeIgniter))
 7 FCPATH\index.php(56): CodeIgniter\Boot::bootWeb(Object(Config\Paths))
 8 SYSTEMPATH\rewrite.php(44): require_once('D:\\Project Lintang\\PROJEK\\daily_report2\\public\\index.php')
CRITICAL - 2025-03-04 04:03:20 --> ErrorException: Undefined property: App\Controllers\Pps::$db
[Method: POST, Route: pps/submit]
in APPPATH\Controllers\Pps.php on line 721.
 1 APPPATH\Controllers\Pps.php(721): CodeIgniter\Debug\Exceptions->errorHandler(2, 'Undefined property: App\\Controllers\\Pps::$db', 'D:\\Project Lintang\\PROJEK\\daily_report2\\app\\Controllers\\Pps.php', 721)
 2 SYSTEMPATH\CodeIgniter.php(933): App\Controllers\Pps->submitPrint()
 3 SYSTEMPATH\CodeIgniter.php(507): CodeIgniter\CodeIgniter->runController(Object(App\Controllers\Pps))
 4 SYSTEMPATH\CodeIgniter.php(354): CodeIgniter\CodeIgniter->handleRequest(null, Object(Config\Cache), false)
 5 SYSTEMPATH\Boot.php(334): CodeIgniter\CodeIgniter->run()
 6 SYSTEMPATH\Boot.php(67): CodeIgniter\Boot::runCodeIgniter(Object(CodeIgniter\CodeIgniter))
 7 FCPATH\index.php(56): CodeIgniter\Boot::bootWeb(Object(Config\Paths))
 8 SYSTEMPATH\rewrite.php(44): require_once('D:\\Project Lintang\\PROJEK\\daily_report2\\public\\index.php')
CRITICAL - 2025-03-04 07:57:11 --> ParseError: syntax error, unexpected token ","
[Method: GET, Route: pps/edit/9]
in APPPATH\Views\pps\edit.php on line 216.
 1 SYSTEMPATH\View\View.php(227): CodeIgniter\View\View->CodeIgniter\View\{closure}()
 2 SYSTEMPATH\Common.php(1173): CodeIgniter\View\View->render('pps/edit', [], true)
 3 APPPATH\Controllers\Pps.php(909): view('pps/edit', [...])
 4 SYSTEMPATH\CodeIgniter.php(933): App\Controllers\Pps->edit('9')
 5 SYSTEMPATH\CodeIgniter.php(507): CodeIgniter\CodeIgniter->runController(Object(App\Controllers\Pps))
 6 SYSTEMPATH\CodeIgniter.php(354): CodeIgniter\CodeIgniter->handleRequest(null, Object(Config\Cache), false)
 7 SYSTEMPATH\Boot.php(334): CodeIgniter\CodeIgniter->run()
 8 SYSTEMPATH\Boot.php(67): CodeIgniter\Boot::runCodeIgniter(Object(CodeIgniter\CodeIgniter))
 9 FCPATH\index.php(56): CodeIgniter\Boot::bootWeb(Object(Config\Paths))
10 SYSTEMPATH\rewrite.php(44): require_once('D:\\Project Lintang\\PROJEK\\daily_report2\\public\\index.php')
CRITICAL - 2025-03-04 07:57:30 --> ParseError: syntax error, unexpected token ","
[Method: GET, Route: pps/edit/9]
in APPPATH\Views\pps\edit.php on line 216.
 1 SYSTEMPATH\View\View.php(227): CodeIgniter\View\View->CodeIgniter\View\{closure}()
 2 SYSTEMPATH\Common.php(1173): CodeIgniter\View\View->render('pps/edit', [], true)
 3 APPPATH\Controllers\Pps.php(909): view('pps/edit', [...])
 4 SYSTEMPATH\CodeIgniter.php(933): App\Controllers\Pps->edit('9')
 5 SYSTEMPATH\CodeIgniter.php(507): CodeIgniter\CodeIgniter->runController(Object(App\Controllers\Pps))
 6 SYSTEMPATH\CodeIgniter.php(354): CodeIgniter\CodeIgniter->handleRequest(null, Object(Config\Cache), false)
 7 SYSTEMPATH\Boot.php(334): CodeIgniter\CodeIgniter->run()
 8 SYSTEMPATH\Boot.php(67): CodeIgniter\Boot::runCodeIgniter(Object(CodeIgniter\CodeIgniter))
 9 FCPATH\index.php(56): CodeIgniter\Boot::bootWeb(Object(Config\Paths))
10 SYSTEMPATH\rewrite.php(44): require_once('D:\\Project Lintang\\PROJEK\\daily_report2\\public\\index.php')
CRITICAL - 2025-03-04 07:59:01 --> ParseError: syntax error, unexpected token ","
[Method: GET, Route: pps/edit/9]
in APPPATH\Views\pps\edit.php on line 216.
 1 SYSTEMPATH\View\View.php(227): CodeIgniter\View\View->CodeIgniter\View\{closure}()
 2 SYSTEMPATH\Common.php(1173): CodeIgniter\View\View->render('pps/edit', [], true)
 3 APPPATH\Controllers\Pps.php(918): view('pps/edit', [...])
 4 SYSTEMPATH\CodeIgniter.php(933): App\Controllers\Pps->edit('9')
 5 SYSTEMPATH\CodeIgniter.php(507): CodeIgniter\CodeIgniter->runController(Object(App\Controllers\Pps))
 6 SYSTEMPATH\CodeIgniter.php(354): CodeIgniter\CodeIgniter->handleRequest(null, Object(Config\Cache), false)
 7 SYSTEMPATH\Boot.php(334): CodeIgniter\CodeIgniter->run()
 8 SYSTEMPATH\Boot.php(67): CodeIgniter\Boot::runCodeIgniter(Object(CodeIgniter\CodeIgniter))
 9 FCPATH\index.php(56): CodeIgniter\Boot::bootWeb(Object(Config\Paths))
10 SYSTEMPATH\rewrite.php(44): require_once('D:\\Project Lintang\\PROJEK\\daily_report2\\public\\index.php')
CRITICAL - 2025-03-04 08:00:28 --> ErrorException: Undefined variable $data
[Method: GET, Route: pps/edit/9]
in APPPATH\Views\pps\edit.php on line 54.
 1 APPPATH\Views\pps\edit.php(54): CodeIgniter\Debug\Exceptions->errorHandler(2, 'Undefined variable $data', 'D:\\Project Lintang\\PROJEK\\daily_report2\\app\\Views\\pps\\edit.php', 54)
 2 SYSTEMPATH\View\View.php(224): include('D:\\Project Lintang\\PROJEK\\daily_report2\\app\\Views\\pps\\edit.php')
 3 SYSTEMPATH\View\View.php(227): CodeIgniter\View\View->CodeIgniter\View\{closure}()
 4 SYSTEMPATH\Common.php(1173): CodeIgniter\View\View->render('pps/edit', [], true)
 5 APPPATH\Controllers\Pps.php(918): view('pps/edit', [...])
 6 SYSTEMPATH\CodeIgniter.php(933): App\Controllers\Pps->edit('9')
 7 SYSTEMPATH\CodeIgniter.php(507): CodeIgniter\CodeIgniter->runController(Object(App\Controllers\Pps))
 8 SYSTEMPATH\CodeIgniter.php(354): CodeIgniter\CodeIgniter->handleRequest(null, Object(Config\Cache), false)
 9 SYSTEMPATH\Boot.php(334): CodeIgniter\CodeIgniter->run()
10 SYSTEMPATH\Boot.php(67): CodeIgniter\Boot::runCodeIgniter(Object(CodeIgniter\CodeIgniter))
11 FCPATH\index.php(56): CodeIgniter\Boot::bootWeb(Object(Config\Paths))
12 SYSTEMPATH\rewrite.php(44): require_once('D:\\Project Lintang\\PROJEK\\daily_report2\\public\\index.php')
CRITICAL - 2025-03-04 08:00:42 --> ErrorException: Undefined variable $data
[Method: GET, Route: pps/edit/9]
in APPPATH\Views\pps\edit.php on line 54.
 1 APPPATH\Views\pps\edit.php(54): CodeIgniter\Debug\Exceptions->errorHandler(2, 'Undefined variable $data', 'D:\\Project Lintang\\PROJEK\\daily_report2\\app\\Views\\pps\\edit.php', 54)
 2 SYSTEMPATH\View\View.php(224): include('D:\\Project Lintang\\PROJEK\\daily_report2\\app\\Views\\pps\\edit.php')
 3 SYSTEMPATH\View\View.php(227): CodeIgniter\View\View->CodeIgniter\View\{closure}()
 4 SYSTEMPATH\Common.php(1173): CodeIgniter\View\View->render('pps/edit', [], true)
 5 APPPATH\Controllers\Pps.php(918): view('pps/edit', [...])
 6 SYSTEMPATH\CodeIgniter.php(933): App\Controllers\Pps->edit('9')
 7 SYSTEMPATH\CodeIgniter.php(507): CodeIgniter\CodeIgniter->runController(Object(App\Controllers\Pps))
 8 SYSTEMPATH\CodeIgniter.php(354): CodeIgniter\CodeIgniter->handleRequest(null, Object(Config\Cache), false)
 9 SYSTEMPATH\Boot.php(334): CodeIgniter\CodeIgniter->run()
10 SYSTEMPATH\Boot.php(67): CodeIgniter\Boot::runCodeIgniter(Object(CodeIgniter\CodeIgniter))
11 FCPATH\index.php(56): CodeIgniter\Boot::bootWeb(Object(Config\Paths))
12 SYSTEMPATH\rewrite.php(44): require_once('D:\\Project Lintang\\PROJEK\\daily_report2\\public\\index.php')
CRITICAL - 2025-03-04 08:01:16 --> ErrorException: Attempt to read property "id" on array
[Method: GET, Route: pps/edit/9]
in APPPATH\Views\pps\edit.php on line 54.
 1 APPPATH\Views\pps\edit.php(54): CodeIgniter\Debug\Exceptions->errorHandler(2, 'Attempt to read property "id" on array', 'D:\\Project Lintang\\PROJEK\\daily_report2\\app\\Views\\pps\\edit.php', 54)
 2 SYSTEMPATH\View\View.php(224): include('D:\\Project Lintang\\PROJEK\\daily_report2\\app\\Views\\pps\\edit.php')
 3 SYSTEMPATH\View\View.php(227): CodeIgniter\View\View->CodeIgniter\View\{closure}()
 4 SYSTEMPATH\Common.php(1173): CodeIgniter\View\View->render('pps/edit', [], true)
 5 APPPATH\Controllers\Pps.php(918): view('pps/edit', [...])
 6 SYSTEMPATH\CodeIgniter.php(933): App\Controllers\Pps->edit('9')
 7 SYSTEMPATH\CodeIgniter.php(507): CodeIgniter\CodeIgniter->runController(Object(App\Controllers\Pps))
 8 SYSTEMPATH\CodeIgniter.php(354): CodeIgniter\CodeIgniter->handleRequest(null, Object(Config\Cache), false)
 9 SYSTEMPATH\Boot.php(334): CodeIgniter\CodeIgniter->run()
10 SYSTEMPATH\Boot.php(67): CodeIgniter\Boot::runCodeIgniter(Object(CodeIgniter\CodeIgniter))
11 FCPATH\index.php(56): CodeIgniter\Boot::bootWeb(Object(Config\Paths))
12 SYSTEMPATH\rewrite.php(44): require_once('D:\\Project Lintang\\PROJEK\\daily_report2\\public\\index.php')
CRITICAL - 2025-03-04 08:02:03 --> ErrorException: Attempt to read property "id" on array
[Method: GET, Route: pps/edit/2]
in APPPATH\Views\pps\edit.php on line 54.
 1 APPPATH\Views\pps\edit.php(54): CodeIgniter\Debug\Exceptions->errorHandler(2, 'Attempt to read property "id" on array', 'D:\\Project Lintang\\PROJEK\\daily_report2\\app\\Views\\pps\\edit.php', 54)
 2 SYSTEMPATH\View\View.php(224): include('D:\\Project Lintang\\PROJEK\\daily_report2\\app\\Views\\pps\\edit.php')
 3 SYSTEMPATH\View\View.php(227): CodeIgniter\View\View->CodeIgniter\View\{closure}()
 4 SYSTEMPATH\Common.php(1173): CodeIgniter\View\View->render('pps/edit', [], true)
 5 APPPATH\Controllers\Pps.php(918): view('pps/edit', [...])
 6 SYSTEMPATH\CodeIgniter.php(933): App\Controllers\Pps->edit('2')
 7 SYSTEMPATH\CodeIgniter.php(507): CodeIgniter\CodeIgniter->runController(Object(App\Controllers\Pps))
 8 SYSTEMPATH\CodeIgniter.php(354): CodeIgniter\CodeIgniter->handleRequest(null, Object(Config\Cache), false)
 9 SYSTEMPATH\Boot.php(334): CodeIgniter\CodeIgniter->run()
10 SYSTEMPATH\Boot.php(67): CodeIgniter\Boot::runCodeIgniter(Object(CodeIgniter\CodeIgniter))
11 FCPATH\index.php(56): CodeIgniter\Boot::bootWeb(Object(Config\Paths))
12 SYSTEMPATH\rewrite.php(44): require_once('D:\\Project Lintang\\PROJEK\\daily_report2\\public\\index.php')
CRITICAL - 2025-03-04 08:02:08 --> ErrorException: Attempt to read property "id" on array
[Method: GET, Route: pps/edit/9]
in APPPATH\Views\pps\edit.php on line 54.
 1 APPPATH\Views\pps\edit.php(54): CodeIgniter\Debug\Exceptions->errorHandler(2, 'Attempt to read property "id" on array', 'D:\\Project Lintang\\PROJEK\\daily_report2\\app\\Views\\pps\\edit.php', 54)
 2 SYSTEMPATH\View\View.php(224): include('D:\\Project Lintang\\PROJEK\\daily_report2\\app\\Views\\pps\\edit.php')
 3 SYSTEMPATH\View\View.php(227): CodeIgniter\View\View->CodeIgniter\View\{closure}()
 4 SYSTEMPATH\Common.php(1173): CodeIgniter\View\View->render('pps/edit', [], true)
 5 APPPATH\Controllers\Pps.php(918): view('pps/edit', [...])
 6 SYSTEMPATH\CodeIgniter.php(933): App\Controllers\Pps->edit('9')
 7 SYSTEMPATH\CodeIgniter.php(507): CodeIgniter\CodeIgniter->runController(Object(App\Controllers\Pps))
 8 SYSTEMPATH\CodeIgniter.php(354): CodeIgniter\CodeIgniter->handleRequest(null, Object(Config\Cache), false)
 9 SYSTEMPATH\Boot.php(334): CodeIgniter\CodeIgniter->run()
10 SYSTEMPATH\Boot.php(67): CodeIgniter\Boot::runCodeIgniter(Object(CodeIgniter\CodeIgniter))
11 FCPATH\index.php(56): CodeIgniter\Boot::bootWeb(Object(Config\Paths))
12 SYSTEMPATH\rewrite.php(44): require_once('D:\\Project Lintang\\PROJEK\\daily_report2\\public\\index.php')
CRITICAL - 2025-03-04 08:02:12 --> ErrorException: Attempt to read property "id" on array
[Method: GET, Route: pps/edit/8]
in APPPATH\Views\pps\edit.php on line 54.
 1 APPPATH\Views\pps\edit.php(54): CodeIgniter\Debug\Exceptions->errorHandler(2, 'Attempt to read property "id" on array', 'D:\\Project Lintang\\PROJEK\\daily_report2\\app\\Views\\pps\\edit.php', 54)
 2 SYSTEMPATH\View\View.php(224): include('D:\\Project Lintang\\PROJEK\\daily_report2\\app\\Views\\pps\\edit.php')
 3 SYSTEMPATH\View\View.php(227): CodeIgniter\View\View->CodeIgniter\View\{closure}()
 4 SYSTEMPATH\Common.php(1173): CodeIgniter\View\View->render('pps/edit', [], true)
 5 APPPATH\Controllers\Pps.php(918): view('pps/edit', [...])
 6 SYSTEMPATH\CodeIgniter.php(933): App\Controllers\Pps->edit('8')
 7 SYSTEMPATH\CodeIgniter.php(507): CodeIgniter\CodeIgniter->runController(Object(App\Controllers\Pps))
 8 SYSTEMPATH\CodeIgniter.php(354): CodeIgniter\CodeIgniter->handleRequest(null, Object(Config\Cache), false)
 9 SYSTEMPATH\Boot.php(334): CodeIgniter\CodeIgniter->run()
10 SYSTEMPATH\Boot.php(67): CodeIgniter\Boot::runCodeIgniter(Object(CodeIgniter\CodeIgniter))
11 FCPATH\index.php(56): CodeIgniter\Boot::bootWeb(Object(Config\Paths))
12 SYSTEMPATH\rewrite.php(44): require_once('D:\\Project Lintang\\PROJEK\\daily_report2\\public\\index.php')
CRITICAL - 2025-03-04 08:10:05 --> ErrorException: Undefined variable $pps
[Method: GET, Route: pps/edit/2]
in APPPATH\Views\pps\edit.php on line 37.
 1 APPPATH\Views\pps\edit.php(37): CodeIgniter\Debug\Exceptions->errorHandler(2, 'Undefined variable $pps', 'D:\\Project Lintang\\PROJEK\\daily_report2\\app\\Views\\pps\\edit.php', 37)
 2 SYSTEMPATH\View\View.php(224): include('D:\\Project Lintang\\PROJEK\\daily_report2\\app\\Views\\pps\\edit.php')
 3 SYSTEMPATH\View\View.php(227): CodeIgniter\View\View->CodeIgniter\View\{closure}()
 4 SYSTEMPATH\Common.php(1173): CodeIgniter\View\View->render('pps/edit', [], true)
 5 APPPATH\Controllers\Pps.php(918): view('pps/edit', [...])
 6 SYSTEMPATH\CodeIgniter.php(933): App\Controllers\Pps->edit('2')
 7 SYSTEMPATH\CodeIgniter.php(507): CodeIgniter\CodeIgniter->runController(Object(App\Controllers\Pps))
 8 SYSTEMPATH\CodeIgniter.php(354): CodeIgniter\CodeIgniter->handleRequest(null, Object(Config\Cache), false)
 9 SYSTEMPATH\Boot.php(334): CodeIgniter\CodeIgniter->run()
10 SYSTEMPATH\Boot.php(67): CodeIgniter\Boot::runCodeIgniter(Object(CodeIgniter\CodeIgniter))
11 FCPATH\index.php(56): CodeIgniter\Boot::bootWeb(Object(Config\Paths))
12 SYSTEMPATH\rewrite.php(44): require_once('D:\\Project Lintang\\PROJEK\\daily_report2\\public\\index.php')
CRITICAL - 2025-03-04 08:10:40 --> ErrorException: Undefined variable $pps
[Method: GET, Route: pps/edit/2]
in APPPATH\Views\pps\edit.php on line 37.
 1 APPPATH\Views\pps\edit.php(37): CodeIgniter\Debug\Exceptions->errorHandler(2, 'Undefined variable $pps', 'D:\\Project Lintang\\PROJEK\\daily_report2\\app\\Views\\pps\\edit.php', 37)
 2 SYSTEMPATH\View\View.php(224): include('D:\\Project Lintang\\PROJEK\\daily_report2\\app\\Views\\pps\\edit.php')
 3 SYSTEMPATH\View\View.php(227): CodeIgniter\View\View->CodeIgniter\View\{closure}()
 4 SYSTEMPATH\Common.php(1173): CodeIgniter\View\View->render('pps/edit', [], true)
 5 APPPATH\Controllers\Pps.php(918): view('pps/edit', [...])
 6 SYSTEMPATH\CodeIgniter.php(933): App\Controllers\Pps->edit('2')
 7 SYSTEMPATH\CodeIgniter.php(507): CodeIgniter\CodeIgniter->runController(Object(App\Controllers\Pps))
 8 SYSTEMPATH\CodeIgniter.php(354): CodeIgniter\CodeIgniter->handleRequest(null, Object(Config\Cache), false)
 9 SYSTEMPATH\Boot.php(334): CodeIgniter\CodeIgniter->run()
10 SYSTEMPATH\Boot.php(67): CodeIgniter\Boot::runCodeIgniter(Object(CodeIgniter\CodeIgniter))
11 FCPATH\index.php(56): CodeIgniter\Boot::bootWeb(Object(Config\Paths))
12 SYSTEMPATH\rewrite.php(44): require_once('D:\\Project Lintang\\PROJEK\\daily_report2\\public\\index.php')
CRITICAL - 2025-03-04 08:12:01 --> ErrorException: Undefined variable $pps
[Method: GET, Route: pps/edit/2]
in APPPATH\Views\pps\edit.php on line 37.
 1 APPPATH\Views\pps\edit.php(37): CodeIgniter\Debug\Exceptions->errorHandler(2, 'Undefined variable $pps', 'D:\\Project Lintang\\PROJEK\\daily_report2\\app\\Views\\pps\\edit.php', 37)
 2 SYSTEMPATH\View\View.php(224): include('D:\\Project Lintang\\PROJEK\\daily_report2\\app\\Views\\pps\\edit.php')
 3 SYSTEMPATH\View\View.php(227): CodeIgniter\View\View->CodeIgniter\View\{closure}()
 4 SYSTEMPATH\Common.php(1173): CodeIgniter\View\View->render('pps/edit', [], true)
 5 APPPATH\Controllers\Pps.php(919): view('pps/edit', [...])
 6 SYSTEMPATH\CodeIgniter.php(933): App\Controllers\Pps->edit('2')
 7 SYSTEMPATH\CodeIgniter.php(507): CodeIgniter\CodeIgniter->runController(Object(App\Controllers\Pps))
 8 SYSTEMPATH\CodeIgniter.php(354): CodeIgniter\CodeIgniter->handleRequest(null, Object(Config\Cache), false)
 9 SYSTEMPATH\Boot.php(334): CodeIgniter\CodeIgniter->run()
10 SYSTEMPATH\Boot.php(67): CodeIgniter\Boot::runCodeIgniter(Object(CodeIgniter\CodeIgniter))
11 FCPATH\index.php(56): CodeIgniter\Boot::bootWeb(Object(Config\Paths))
12 SYSTEMPATH\rewrite.php(44): require_once('D:\\Project Lintang\\PROJEK\\daily_report2\\public\\index.php')
CRITICAL - 2025-03-04 08:41:21 --> ErrorException: Undefined variable $id
[Method: POST, Route: pps/update]
in APPPATH\Controllers\Pps.php on line 949.
 1 APPPATH\Controllers\Pps.php(949): CodeIgniter\Debug\Exceptions->errorHandler(2, 'Undefined variable $id', 'D:\\Project Lintang\\PROJEK\\daily_report2\\app\\Controllers\\Pps.php', 949)
 2 SYSTEMPATH\CodeIgniter.php(933): App\Controllers\Pps->update('')
 3 SYSTEMPATH\CodeIgniter.php(507): CodeIgniter\CodeIgniter->runController(Object(App\Controllers\Pps))
 4 SYSTEMPATH\CodeIgniter.php(354): CodeIgniter\CodeIgniter->handleRequest(null, Object(Config\Cache), false)
 5 SYSTEMPATH\Boot.php(334): CodeIgniter\CodeIgniter->run()
 6 SYSTEMPATH\Boot.php(67): CodeIgniter\Boot::runCodeIgniter(Object(CodeIgniter\CodeIgniter))
 7 FCPATH\index.php(56): CodeIgniter\Boot::bootWeb(Object(Config\Paths))
 8 SYSTEMPATH\rewrite.php(44): require_once('D:\\Project Lintang\\PROJEK\\daily_report2\\public\\index.php')
CRITICAL - 2025-03-04 08:41:30 --> ErrorException: Undefined variable $id
[Method: POST, Route: pps/update]
in APPPATH\Controllers\Pps.php on line 949.
 1 APPPATH\Controllers\Pps.php(949): CodeIgniter\Debug\Exceptions->errorHandler(2, 'Undefined variable $id', 'D:\\Project Lintang\\PROJEK\\daily_report2\\app\\Controllers\\Pps.php', 949)
 2 SYSTEMPATH\CodeIgniter.php(933): App\Controllers\Pps->update('')
 3 SYSTEMPATH\CodeIgniter.php(507): CodeIgniter\CodeIgniter->runController(Object(App\Controllers\Pps))
 4 SYSTEMPATH\CodeIgniter.php(354): CodeIgniter\CodeIgniter->handleRequest(null, Object(Config\Cache), false)
 5 SYSTEMPATH\Boot.php(334): CodeIgniter\CodeIgniter->run()
 6 SYSTEMPATH\Boot.php(67): CodeIgniter\Boot::runCodeIgniter(Object(CodeIgniter\CodeIgniter))
 7 FCPATH\index.php(56): CodeIgniter\Boot::bootWeb(Object(Config\Paths))
 8 SYSTEMPATH\rewrite.php(44): require_once('D:\\Project Lintang\\PROJEK\\daily_report2\\public\\index.php')
CRITICAL - 2025-03-04 09:46:51 --> ParseError: syntax error, unexpected token "else", expecting "function" or "const"
[Method: GET, Route: pps/create]
in APPPATH\Controllers\Pps.php on line 237.
 1 SYSTEMPATH\Autoloader\Autoloader.php(295): CodeIgniter\Autoloader\Autoloader->includeFile('D:\\Project Lintang\\PROJEK\\daily_report2\\app\\Controllers\\Pps.php')
 2 SYSTEMPATH\Autoloader\Autoloader.php(271): CodeIgniter\Autoloader\Autoloader->loadInNamespace('App\\Controllers\\Pps')
 3 [internal function]: CodeIgniter\Autoloader\Autoloader->loadClass('App\\Controllers\\Pps')
 4 SYSTEMPATH\CodeIgniter.php(885): class_exists('\\App\\Controllers\\Pps', true)
 5 SYSTEMPATH\CodeIgniter.php(494): CodeIgniter\CodeIgniter->startController()
 6 SYSTEMPATH\CodeIgniter.php(354): CodeIgniter\CodeIgniter->handleRequest(null, Object(Config\Cache), false)
 7 SYSTEMPATH\Boot.php(334): CodeIgniter\CodeIgniter->run()
 8 SYSTEMPATH\Boot.php(67): CodeIgniter\Boot::runCodeIgniter(Object(CodeIgniter\CodeIgniter))
 9 FCPATH\index.php(56): CodeIgniter\Boot::bootWeb(Object(Config\Paths))
10 SYSTEMPATH\rewrite.php(44): require_once('D:\\Project Lintang\\PROJEK\\daily_report2\\public\\index.php')
CRITICAL - 2025-03-04 09:47:44 --> ParseError: syntax error, unexpected token "else", expecting "function" or "const"
[Method: GET, Route: pps/create]
in APPPATH\Controllers\Pps.php on line 237.
 1 SYSTEMPATH\Autoloader\Autoloader.php(295): CodeIgniter\Autoloader\Autoloader->includeFile('D:\\Project Lintang\\PROJEK\\daily_report2\\app\\Controllers\\Pps.php')
 2 SYSTEMPATH\Autoloader\Autoloader.php(271): CodeIgniter\Autoloader\Autoloader->loadInNamespace('App\\Controllers\\Pps')
 3 [internal function]: CodeIgniter\Autoloader\Autoloader->loadClass('App\\Controllers\\Pps')
 4 SYSTEMPATH\CodeIgniter.php(885): class_exists('\\App\\Controllers\\Pps', true)
 5 SYSTEMPATH\CodeIgniter.php(494): CodeIgniter\CodeIgniter->startController()
 6 SYSTEMPATH\CodeIgniter.php(354): CodeIgniter\CodeIgniter->handleRequest(null, Object(Config\Cache), false)
 7 SYSTEMPATH\Boot.php(334): CodeIgniter\CodeIgniter->run()
 8 SYSTEMPATH\Boot.php(67): CodeIgniter\Boot::runCodeIgniter(Object(CodeIgniter\CodeIgniter))
 9 FCPATH\index.php(56): CodeIgniter\Boot::bootWeb(Object(Config\Paths))
10 SYSTEMPATH\rewrite.php(44): require_once('D:\\Project Lintang\\PROJEK\\daily_report2\\public\\index.php')
