ERROR - 2025-05-08 03:42:20 --> mysqli_sql_exception: Unknown column 'updated_at' in 'field list' in D:\Project Lintang\PROJEK\daily_report2\system\Database\MySQLi\Connection.php:327
Stack trace:
#0 D:\Project Lintang\PROJEK\daily_report2\system\Database\MySQLi\Connection.php(327): mysqli->query('UPDATE `ccf_mas...', 0)
#1 D:\Project Lintang\PROJEK\daily_report2\system\Database\BaseConnection.php(738): CodeIgniter\Database\MySQLi\Connection->execute('UPDATE `ccf_mas...')
#2 D:\Project Lintang\PROJEK\daily_report2\system\Database\BaseConnection.php(652): CodeIgniter\Database\BaseConnection->simpleQuery('UPDATE `ccf_mas...')
#3 D:\Project Lintang\PROJEK\daily_report2\system\Database\BaseBuilder.php(2521): CodeIgniter\Database\BaseConnection->query('UPDATE `ccf_mas...', Array, false)
#4 D:\Project Lintang\PROJEK\daily_report2\system\Model.php(461): CodeIgniter\Database\BaseBuilder->update()
#5 D:\Project Lintang\PROJEK\daily_report2\system\BaseModel.php(1027): CodeIgniter\Model->doUpdate(Array, Array)
#6 D:\Project Lintang\PROJEK\daily_report2\system\Model.php(863): CodeIgniter\BaseModel->update(Array, Array)
#7 D:\Project Lintang\PROJEK\daily_report2\app\Controllers\CcfMasterMainMaterial.php(42): CodeIgniter\Model->update('6', Array)
#8 D:\Project Lintang\PROJEK\daily_report2\system\CodeIgniter.php(933): App\Controllers\CcfMasterMainMaterial->update('6')
#9 D:\Project Lintang\PROJEK\daily_report2\system\CodeIgniter.php(507): CodeIgniter\CodeIgniter->runController(Object(App\Controllers\CcfMasterMainMaterial))
#10 D:\Project Lintang\PROJEK\daily_report2\system\CodeIgniter.php(354): CodeIgniter\CodeIgniter->handleRequest(NULL, Object(Config\Cache), false)
#11 D:\Project Lintang\PROJEK\daily_report2\system\Boot.php(334): CodeIgniter\CodeIgniter->run()
#12 D:\Project Lintang\PROJEK\daily_report2\system\Boot.php(67): CodeIgniter\Boot::runCodeIgniter(Object(CodeIgniter\CodeIgniter))
#13 D:\Project Lintang\PROJEK\daily_report2\public\index.php(56): CodeIgniter\Boot::bootWeb(Object(Config\Paths))
#14 D:\Project Lintang\PROJEK\daily_report2\system\rewrite.php(44): require_once('D:\\Project Lint...')
#15 {main}
ERROR - 2025-05-08 03:43:12 --> mysqli_sql_exception: Unknown column 'updated_at' in 'field list' in D:\Project Lintang\PROJEK\daily_report2\system\Database\MySQLi\Connection.php:327
Stack trace:
#0 D:\Project Lintang\PROJEK\daily_report2\system\Database\MySQLi\Connection.php(327): mysqli->query('UPDATE `ccf_mas...', 0)
#1 D:\Project Lintang\PROJEK\daily_report2\system\Database\BaseConnection.php(738): CodeIgniter\Database\MySQLi\Connection->execute('UPDATE `ccf_mas...')
#2 D:\Project Lintang\PROJEK\daily_report2\system\Database\BaseConnection.php(652): CodeIgniter\Database\BaseConnection->simpleQuery('UPDATE `ccf_mas...')
#3 D:\Project Lintang\PROJEK\daily_report2\system\Database\BaseBuilder.php(2521): CodeIgniter\Database\BaseConnection->query('UPDATE `ccf_mas...', Array, false)
#4 D:\Project Lintang\PROJEK\daily_report2\system\Model.php(461): CodeIgniter\Database\BaseBuilder->update()
#5 D:\Project Lintang\PROJEK\daily_report2\system\BaseModel.php(1027): CodeIgniter\Model->doUpdate(Array, Array)
#6 D:\Project Lintang\PROJEK\daily_report2\system\Model.php(863): CodeIgniter\BaseModel->update(Array, Array)
#7 D:\Project Lintang\PROJEK\daily_report2\app\Controllers\CcfMasterMainMaterial.php(42): CodeIgniter\Model->update('6', Array)
#8 D:\Project Lintang\PROJEK\daily_report2\system\CodeIgniter.php(933): App\Controllers\CcfMasterMainMaterial->update('6')
#9 D:\Project Lintang\PROJEK\daily_report2\system\CodeIgniter.php(507): CodeIgniter\CodeIgniter->runController(Object(App\Controllers\CcfMasterMainMaterial))
#10 D:\Project Lintang\PROJEK\daily_report2\system\CodeIgniter.php(354): CodeIgniter\CodeIgniter->handleRequest(NULL, Object(Config\Cache), false)
#11 D:\Project Lintang\PROJEK\daily_report2\system\Boot.php(334): CodeIgniter\CodeIgniter->run()
#12 D:\Project Lintang\PROJEK\daily_report2\system\Boot.php(67): CodeIgniter\Boot::runCodeIgniter(Object(CodeIgniter\CodeIgniter))
#13 D:\Project Lintang\PROJEK\daily_report2\public\index.php(56): CodeIgniter\Boot::bootWeb(Object(Config\Paths))
#14 D:\Project Lintang\PROJEK\daily_report2\system\rewrite.php(44): require_once('D:\\Project Lint...')
#15 {main}
ERROR - 2025-05-08 03:43:51 --> mysqli_sql_exception: Unknown column 'updated_at' in 'field list' in D:\Project Lintang\PROJEK\daily_report2\system\Database\MySQLi\Connection.php:327
Stack trace:
#0 D:\Project Lintang\PROJEK\daily_report2\system\Database\MySQLi\Connection.php(327): mysqli->query('UPDATE `ccf_mas...', 0)
#1 D:\Project Lintang\PROJEK\daily_report2\system\Database\BaseConnection.php(738): CodeIgniter\Database\MySQLi\Connection->execute('UPDATE `ccf_mas...')
#2 D:\Project Lintang\PROJEK\daily_report2\system\Database\BaseConnection.php(652): CodeIgniter\Database\BaseConnection->simpleQuery('UPDATE `ccf_mas...')
#3 D:\Project Lintang\PROJEK\daily_report2\system\Database\BaseBuilder.php(2521): CodeIgniter\Database\BaseConnection->query('UPDATE `ccf_mas...', Array, false)
#4 D:\Project Lintang\PROJEK\daily_report2\system\Model.php(461): CodeIgniter\Database\BaseBuilder->update()
#5 D:\Project Lintang\PROJEK\daily_report2\system\BaseModel.php(1027): CodeIgniter\Model->doUpdate(Array, Array)
#6 D:\Project Lintang\PROJEK\daily_report2\system\Model.php(863): CodeIgniter\BaseModel->update(Array, Array)
#7 D:\Project Lintang\PROJEK\daily_report2\app\Controllers\CcfMasterMainMaterial.php(43): CodeIgniter\Model->update('6', Array)
#8 D:\Project Lintang\PROJEK\daily_report2\system\CodeIgniter.php(933): App\Controllers\CcfMasterMainMaterial->update('6')
#9 D:\Project Lintang\PROJEK\daily_report2\system\CodeIgniter.php(507): CodeIgniter\CodeIgniter->runController(Object(App\Controllers\CcfMasterMainMaterial))
#10 D:\Project Lintang\PROJEK\daily_report2\system\CodeIgniter.php(354): CodeIgniter\CodeIgniter->handleRequest(NULL, Object(Config\Cache), false)
#11 D:\Project Lintang\PROJEK\daily_report2\system\Boot.php(334): CodeIgniter\CodeIgniter->run()
#12 D:\Project Lintang\PROJEK\daily_report2\system\Boot.php(67): CodeIgniter\Boot::runCodeIgniter(Object(CodeIgniter\CodeIgniter))
#13 D:\Project Lintang\PROJEK\daily_report2\public\index.php(56): CodeIgniter\Boot::bootWeb(Object(Config\Paths))
#14 D:\Project Lintang\PROJEK\daily_report2\system\rewrite.php(44): require_once('D:\\Project Lint...')
#15 {main}
ERROR - 2025-05-08 03:47:12 --> mysqli_sql_exception: Unknown column 'updated_at' in 'field list' in D:\Project Lintang\PROJEK\daily_report2\system\Database\MySQLi\Connection.php:327
Stack trace:
#0 D:\Project Lintang\PROJEK\daily_report2\system\Database\MySQLi\Connection.php(327): mysqli->query('UPDATE `ccf_mas...', 0)
#1 D:\Project Lintang\PROJEK\daily_report2\system\Database\BaseConnection.php(738): CodeIgniter\Database\MySQLi\Connection->execute('UPDATE `ccf_mas...')
#2 D:\Project Lintang\PROJEK\daily_report2\system\Database\BaseConnection.php(652): CodeIgniter\Database\BaseConnection->simpleQuery('UPDATE `ccf_mas...')
#3 D:\Project Lintang\PROJEK\daily_report2\system\Database\BaseBuilder.php(2521): CodeIgniter\Database\BaseConnection->query('UPDATE `ccf_mas...', Array, false)
#4 D:\Project Lintang\PROJEK\daily_report2\system\Model.php(461): CodeIgniter\Database\BaseBuilder->update()
#5 D:\Project Lintang\PROJEK\daily_report2\system\BaseModel.php(1027): CodeIgniter\Model->doUpdate(Array, Array)
#6 D:\Project Lintang\PROJEK\daily_report2\system\Model.php(863): CodeIgniter\BaseModel->update(Array, Array)
#7 D:\Project Lintang\PROJEK\daily_report2\app\Controllers\CcfMasterMainMaterial.php(45): CodeIgniter\Model->update('6', Array)
#8 D:\Project Lintang\PROJEK\daily_report2\system\CodeIgniter.php(933): App\Controllers\CcfMasterMainMaterial->update('6')
#9 D:\Project Lintang\PROJEK\daily_report2\system\CodeIgniter.php(507): CodeIgniter\CodeIgniter->runController(Object(App\Controllers\CcfMasterMainMaterial))
#10 D:\Project Lintang\PROJEK\daily_report2\system\CodeIgniter.php(354): CodeIgniter\CodeIgniter->handleRequest(NULL, Object(Config\Cache), false)
#11 D:\Project Lintang\PROJEK\daily_report2\system\Boot.php(334): CodeIgniter\CodeIgniter->run()
#12 D:\Project Lintang\PROJEK\daily_report2\system\Boot.php(67): CodeIgniter\Boot::runCodeIgniter(Object(CodeIgniter\CodeIgniter))
#13 D:\Project Lintang\PROJEK\daily_report2\public\index.php(56): CodeIgniter\Boot::bootWeb(Object(Config\Paths))
#14 D:\Project Lintang\PROJEK\daily_report2\system\rewrite.php(44): require_once('D:\\Project Lint...')
#15 {main}
ERROR - 2025-05-08 03:47:58 --> mysqli_sql_exception: Unknown column 'updated_at' in 'field list' in D:\Project Lintang\PROJEK\daily_report2\system\Database\MySQLi\Connection.php:327
Stack trace:
#0 D:\Project Lintang\PROJEK\daily_report2\system\Database\MySQLi\Connection.php(327): mysqli->query('UPDATE `ccf_mas...', 0)
#1 D:\Project Lintang\PROJEK\daily_report2\system\Database\BaseConnection.php(738): CodeIgniter\Database\MySQLi\Connection->execute('UPDATE `ccf_mas...')
#2 D:\Project Lintang\PROJEK\daily_report2\system\Database\BaseConnection.php(652): CodeIgniter\Database\BaseConnection->simpleQuery('UPDATE `ccf_mas...')
#3 D:\Project Lintang\PROJEK\daily_report2\system\Database\BaseBuilder.php(2521): CodeIgniter\Database\BaseConnection->query('UPDATE `ccf_mas...', Array, false)
#4 D:\Project Lintang\PROJEK\daily_report2\system\Model.php(461): CodeIgniter\Database\BaseBuilder->update()
#5 D:\Project Lintang\PROJEK\daily_report2\system\BaseModel.php(1027): CodeIgniter\Model->doUpdate(Array, Array)
#6 D:\Project Lintang\PROJEK\daily_report2\system\Model.php(863): CodeIgniter\BaseModel->update(Array, Array)
#7 D:\Project Lintang\PROJEK\daily_report2\app\Controllers\CcfMasterMainMaterial.php(45): CodeIgniter\Model->update('6', Array)
#8 D:\Project Lintang\PROJEK\daily_report2\system\CodeIgniter.php(933): App\Controllers\CcfMasterMainMaterial->update('6')
#9 D:\Project Lintang\PROJEK\daily_report2\system\CodeIgniter.php(507): CodeIgniter\CodeIgniter->runController(Object(App\Controllers\CcfMasterMainMaterial))
#10 D:\Project Lintang\PROJEK\daily_report2\system\CodeIgniter.php(354): CodeIgniter\CodeIgniter->handleRequest(NULL, Object(Config\Cache), false)
#11 D:\Project Lintang\PROJEK\daily_report2\system\Boot.php(334): CodeIgniter\CodeIgniter->run()
#12 D:\Project Lintang\PROJEK\daily_report2\system\Boot.php(67): CodeIgniter\Boot::runCodeIgniter(Object(CodeIgniter\CodeIgniter))
#13 D:\Project Lintang\PROJEK\daily_report2\public\index.php(56): CodeIgniter\Boot::bootWeb(Object(Config\Paths))
#14 D:\Project Lintang\PROJEK\daily_report2\system\rewrite.php(44): require_once('D:\\Project Lint...')
#15 {main}
ERROR - 2025-05-08 03:48:27 --> mysqli_sql_exception: Unknown column 'updated_at' in 'field list' in D:\Project Lintang\PROJEK\daily_report2\system\Database\MySQLi\Connection.php:327
Stack trace:
#0 D:\Project Lintang\PROJEK\daily_report2\system\Database\MySQLi\Connection.php(327): mysqli->query('UPDATE `ccf_mas...', 0)
#1 D:\Project Lintang\PROJEK\daily_report2\system\Database\BaseConnection.php(738): CodeIgniter\Database\MySQLi\Connection->execute('UPDATE `ccf_mas...')
#2 D:\Project Lintang\PROJEK\daily_report2\system\Database\BaseConnection.php(652): CodeIgniter\Database\BaseConnection->simpleQuery('UPDATE `ccf_mas...')
#3 D:\Project Lintang\PROJEK\daily_report2\system\Database\BaseBuilder.php(2521): CodeIgniter\Database\BaseConnection->query('UPDATE `ccf_mas...', Array, false)
#4 D:\Project Lintang\PROJEK\daily_report2\system\Model.php(461): CodeIgniter\Database\BaseBuilder->update()
#5 D:\Project Lintang\PROJEK\daily_report2\system\BaseModel.php(1027): CodeIgniter\Model->doUpdate(Array, Array)
#6 D:\Project Lintang\PROJEK\daily_report2\system\Model.php(863): CodeIgniter\BaseModel->update(Array, Array)
#7 D:\Project Lintang\PROJEK\daily_report2\app\Controllers\CcfMasterMainMaterial.php(45): CodeIgniter\Model->update('6', Array)
#8 D:\Project Lintang\PROJEK\daily_report2\system\CodeIgniter.php(933): App\Controllers\CcfMasterMainMaterial->update('6')
#9 D:\Project Lintang\PROJEK\daily_report2\system\CodeIgniter.php(507): CodeIgniter\CodeIgniter->runController(Object(App\Controllers\CcfMasterMainMaterial))
#10 D:\Project Lintang\PROJEK\daily_report2\system\CodeIgniter.php(354): CodeIgniter\CodeIgniter->handleRequest(NULL, Object(Config\Cache), false)
#11 D:\Project Lintang\PROJEK\daily_report2\system\Boot.php(334): CodeIgniter\CodeIgniter->run()
#12 D:\Project Lintang\PROJEK\daily_report2\system\Boot.php(67): CodeIgniter\Boot::runCodeIgniter(Object(CodeIgniter\CodeIgniter))
#13 D:\Project Lintang\PROJEK\daily_report2\public\index.php(56): CodeIgniter\Boot::bootWeb(Object(Config\Paths))
#14 D:\Project Lintang\PROJEK\daily_report2\system\rewrite.php(44): require_once('D:\\Project Lint...')
#15 {main}
ERROR - 2025-05-08 03:49:40 --> mysqli_sql_exception: Unknown column 'updated_at' in 'field list' in D:\Project Lintang\PROJEK\daily_report2\system\Database\MySQLi\Connection.php:327
Stack trace:
#0 D:\Project Lintang\PROJEK\daily_report2\system\Database\MySQLi\Connection.php(327): mysqli->query('INSERT INTO `cc...', 0)
#1 D:\Project Lintang\PROJEK\daily_report2\system\Database\BaseConnection.php(738): CodeIgniter\Database\MySQLi\Connection->execute('INSERT INTO `cc...')
#2 D:\Project Lintang\PROJEK\daily_report2\system\Database\BaseConnection.php(652): CodeIgniter\Database\BaseConnection->simpleQuery('INSERT INTO `cc...')
#3 D:\Project Lintang\PROJEK\daily_report2\system\Database\BaseBuilder.php(2345): CodeIgniter\Database\BaseConnection->query('INSERT INTO `cc...', Array, false)
#4 D:\Project Lintang\PROJEK\daily_report2\system\Model.php(394): CodeIgniter\Database\BaseBuilder->insert()
#5 D:\Project Lintang\PROJEK\daily_report2\system\BaseModel.php(839): CodeIgniter\Model->doInsert(Array)
#6 D:\Project Lintang\PROJEK\daily_report2\system\Model.php(800): CodeIgniter\BaseModel->insert(Array, true)
#7 D:\Project Lintang\PROJEK\daily_report2\app\Controllers\CcfMasterMainMaterial.php(29): CodeIgniter\Model->insert(Array)
#8 D:\Project Lintang\PROJEK\daily_report2\system\CodeIgniter.php(933): App\Controllers\CcfMasterMainMaterial->store()
#9 D:\Project Lintang\PROJEK\daily_report2\system\CodeIgniter.php(507): CodeIgniter\CodeIgniter->runController(Object(App\Controllers\CcfMasterMainMaterial))
#10 D:\Project Lintang\PROJEK\daily_report2\system\CodeIgniter.php(354): CodeIgniter\CodeIgniter->handleRequest(NULL, Object(Config\Cache), false)
#11 D:\Project Lintang\PROJEK\daily_report2\system\Boot.php(334): CodeIgniter\CodeIgniter->run()
#12 D:\Project Lintang\PROJEK\daily_report2\system\Boot.php(67): CodeIgniter\Boot::runCodeIgniter(Object(CodeIgniter\CodeIgniter))
#13 D:\Project Lintang\PROJEK\daily_report2\public\index.php(56): CodeIgniter\Boot::bootWeb(Object(Config\Paths))
#14 D:\Project Lintang\PROJEK\daily_report2\system\rewrite.php(44): require_once('D:\\Project Lint...')
#15 {main}
ERROR - 2025-05-08 03:50:13 --> mysqli_sql_exception: Unknown column 'updated_at' in 'field list' in D:\Project Lintang\PROJEK\daily_report2\system\Database\MySQLi\Connection.php:327
Stack trace:
#0 D:\Project Lintang\PROJEK\daily_report2\system\Database\MySQLi\Connection.php(327): mysqli->query('INSERT INTO `cc...', 0)
#1 D:\Project Lintang\PROJEK\daily_report2\system\Database\BaseConnection.php(738): CodeIgniter\Database\MySQLi\Connection->execute('INSERT INTO `cc...')
#2 D:\Project Lintang\PROJEK\daily_report2\system\Database\BaseConnection.php(652): CodeIgniter\Database\BaseConnection->simpleQuery('INSERT INTO `cc...')
#3 D:\Project Lintang\PROJEK\daily_report2\system\Database\BaseBuilder.php(2345): CodeIgniter\Database\BaseConnection->query('INSERT INTO `cc...', Array, false)
#4 D:\Project Lintang\PROJEK\daily_report2\system\Model.php(394): CodeIgniter\Database\BaseBuilder->insert()
#5 D:\Project Lintang\PROJEK\daily_report2\system\BaseModel.php(839): CodeIgniter\Model->doInsert(Array)
#6 D:\Project Lintang\PROJEK\daily_report2\system\Model.php(800): CodeIgniter\BaseModel->insert(Array, true)
#7 D:\Project Lintang\PROJEK\daily_report2\app\Controllers\CcfMasterMainMaterial.php(29): CodeIgniter\Model->insert(Array)
#8 D:\Project Lintang\PROJEK\daily_report2\system\CodeIgniter.php(933): App\Controllers\CcfMasterMainMaterial->store()
#9 D:\Project Lintang\PROJEK\daily_report2\system\CodeIgniter.php(507): CodeIgniter\CodeIgniter->runController(Object(App\Controllers\CcfMasterMainMaterial))
#10 D:\Project Lintang\PROJEK\daily_report2\system\CodeIgniter.php(354): CodeIgniter\CodeIgniter->handleRequest(NULL, Object(Config\Cache), false)
#11 D:\Project Lintang\PROJEK\daily_report2\system\Boot.php(334): CodeIgniter\CodeIgniter->run()
#12 D:\Project Lintang\PROJEK\daily_report2\system\Boot.php(67): CodeIgniter\Boot::runCodeIgniter(Object(CodeIgniter\CodeIgniter))
#13 D:\Project Lintang\PROJEK\daily_report2\public\index.php(56): CodeIgniter\Boot::bootWeb(Object(Config\Paths))
#14 D:\Project Lintang\PROJEK\daily_report2\system\rewrite.php(44): require_once('D:\\Project Lint...')
#15 {main}
CRITICAL - 2025-05-08 08:42:03 --> TypeError: number_format(): Argument #1 ($num) must be of type float, string given
[Method: GET, Route: ccf-master-standard-part]
in APPPATH\Views\masterCcf\master_standard_part\index.php on line 43.
 1 APPPATH\Views\masterCcf\master_standard_part\index.php(43): number_format('', 0, ',', '.')
 2 SYSTEMPATH\View\View.php(224): include('D:\\Project Lintang\\PROJEK\\daily_report2\\app\\Views\\masterCcf\\master_standard_part\\index.php')
 3 SYSTEMPATH\View\View.php(227): CodeIgniter\View\View->CodeIgniter\View\{closure}()
 4 SYSTEMPATH\Common.php(1173): CodeIgniter\View\View->render('masterCcf/master_standard_part/index', [], true)
 5 APPPATH\Controllers\CcfMasterStandardPart.php(19): view('masterCcf/master_standard_part/index', [...])
 6 SYSTEMPATH\CodeIgniter.php(933): App\Controllers\CcfMasterStandardPart->index()
 7 SYSTEMPATH\CodeIgniter.php(507): CodeIgniter\CodeIgniter->runController(Object(App\Controllers\CcfMasterStandardPart))
 8 SYSTEMPATH\CodeIgniter.php(354): CodeIgniter\CodeIgniter->handleRequest(null, Object(Config\Cache), false)
 9 SYSTEMPATH\Boot.php(334): CodeIgniter\CodeIgniter->run()
10 SYSTEMPATH\Boot.php(67): CodeIgniter\Boot::runCodeIgniter(Object(CodeIgniter\CodeIgniter))
11 FCPATH\index.php(56): CodeIgniter\Boot::bootWeb(Object(Config\Paths))
12 SYSTEMPATH\rewrite.php(44): require_once('D:\\Project Lintang\\PROJEK\\daily_report2\\public\\index.php')
CRITICAL - 2025-05-08 10:22:27 --> ErrorException: Undefined array key "finishing_process"
[Method: GET, Route: ccf/edit/21]
in APPPATH\Views\ccf\edit.php on line 571.
 1 APPPATH\Views\ccf\edit.php(571): CodeIgniter\Debug\Exceptions->errorHandler(2, 'Undefined array key "finishing_process"', 'D:\\Project Lintang\\PROJEK\\daily_report2\\app\\Views\\ccf\\edit.php', 571)
 2 SYSTEMPATH\View\View.php(224): include('D:\\Project Lintang\\PROJEK\\daily_report2\\app\\Views\\ccf\\edit.php')
 3 SYSTEMPATH\View\View.php(227): CodeIgniter\View\View->CodeIgniter\View\{closure}()
 4 SYSTEMPATH\Common.php(1173): CodeIgniter\View\View->render('ccf/edit', [], true)
 5 APPPATH\Controllers\Ccf.php(448): view('ccf/edit', [...])
 6 SYSTEMPATH\CodeIgniter.php(933): App\Controllers\Ccf->edit('21')
 7 SYSTEMPATH\CodeIgniter.php(507): CodeIgniter\CodeIgniter->runController(Object(App\Controllers\Ccf))
 8 SYSTEMPATH\CodeIgniter.php(354): CodeIgniter\CodeIgniter->handleRequest(null, Object(Config\Cache), false)
 9 SYSTEMPATH\Boot.php(334): CodeIgniter\CodeIgniter->run()
10 SYSTEMPATH\Boot.php(67): CodeIgniter\Boot::runCodeIgniter(Object(CodeIgniter\CodeIgniter))
11 FCPATH\index.php(56): CodeIgniter\Boot::bootWeb(Object(Config\Paths))
12 SYSTEMPATH\rewrite.php(44): require_once('D:\\Project Lintang\\PROJEK\\daily_report2\\public\\index.php')
