CRITICAL - 2025-02-07 01:27:42 --> ErrorException: Undefined variable $user
[Method: GET, Route: actual-activity]
in APPPATH\Views\layout\template.php on line 116.
 1 APPPATH\Views\layout\template.php(116): CodeIgniter\Debug\Exceptions->errorHandler(2, 'Undefined variable $user', 'D:\\Work\\daily_report2\\app\\Views\\layout\\template.php', 116)
 2 SYSTEMPATH\View\View.php(224): include('D:\\Work\\daily_report2\\app\\Views\\layout\\template.php')
 3 SYSTEMPATH\View\View.php(227): CodeIgniter\View\View->CodeIgniter\View\{closure}()
 4 SYSTEMPATH\View\View.php(240): CodeIgniter\View\View->render('layout/template', [], true)
 5 SYSTEMPATH\Common.php(1173): CodeIgniter\View\View->render('actual_activity/index', [], true)
 6 APPPATH\Controllers\ActualActivity.php(22): view('actual_activity/index', [...])
 7 SYSTEMPATH\CodeIgniter.php(933): App\Controllers\ActualActivity->index()
 8 SYSTEMPATH\CodeIgniter.php(507): CodeIgniter\CodeIgniter->runController(Object(App\Controllers\ActualActivity))
 9 SYSTEMPATH\CodeIgniter.php(354): CodeIgniter\CodeIgniter->handleRequest(null, Object(Config\Cache), false)
10 SYSTEMPATH\Boot.php(334): CodeIgniter\CodeIgniter->run()
11 SYSTEMPATH\Boot.php(67): CodeIgniter\Boot::runCodeIgniter(Object(CodeIgniter\CodeIgniter))
12 FCPATH\index.php(56): CodeIgniter\Boot::bootWeb(Object(Config\Paths))
13 SYSTEMPATH\rewrite.php(44): require_once('D:\\Work\\daily_report2\\public\\index.php')
ERROR - 2025-02-07 02:26:31 --> mysqli_sql_exception: Unknown column 'actual_activity_detail.end_time as end_time activities.name' in 'field list' in D:\Work\daily_report2\system\Database\MySQLi\Connection.php:327
Stack trace:
#0 D:\Work\daily_report2\system\Database\MySQLi\Connection.php(327): mysqli->query('SELECT DATE_FOR...', 0)
#1 D:\Work\daily_report2\system\Database\BaseConnection.php(738): CodeIgniter\Database\MySQLi\Connection->execute('SELECT DATE_FOR...')
#2 D:\Work\daily_report2\system\Database\BaseConnection.php(652): CodeIgniter\Database\BaseConnection->simpleQuery('SELECT DATE_FOR...')
#3 D:\Work\daily_report2\system\Database\BaseBuilder.php(1649): CodeIgniter\Database\BaseConnection->query('SELECT DATE_FOR...', Array, false)
#4 D:\Work\daily_report2\app\Controllers\History.php(94): CodeIgniter\Database\BaseBuilder->get()
#5 D:\Work\daily_report2\system\CodeIgniter.php(933): App\Controllers\History->profile()
#6 D:\Work\daily_report2\system\CodeIgniter.php(507): CodeIgniter\CodeIgniter->runController(Object(App\Controllers\History))
#7 D:\Work\daily_report2\system\CodeIgniter.php(354): CodeIgniter\CodeIgniter->handleRequest(NULL, Object(Config\Cache), false)
#8 D:\Work\daily_report2\system\Boot.php(334): CodeIgniter\CodeIgniter->run()
#9 D:\Work\daily_report2\system\Boot.php(67): CodeIgniter\Boot::runCodeIgniter(Object(CodeIgniter\CodeIgniter))
#10 D:\Work\daily_report2\public\index.php(56): CodeIgniter\Boot::bootWeb(Object(Config\Paths))
#11 D:\Work\daily_report2\system\rewrite.php(44): require_once('D:\\Work\\daily_r...')
#12 {main}
CRITICAL - 2025-02-07 02:26:31 --> CodeIgniter\Database\Exceptions\DatabaseException: Unknown column 'actual_activity_detail.end_time as end_time activities.name' in 'field list'
[Method: GET, Route: profile]
in SYSTEMPATH\Database\BaseConnection.php on line 692.
 1 SYSTEMPATH\Database\BaseBuilder.php(1649): CodeIgniter\Database\BaseConnection->query('SELECT DATE_FORMAT(actual_activity.created_at, "%Y-%m-%d") as date, TIME_FORMAT(actual_activity_detail.start_time, "%H:%i") as time, `actual_activity_detail`.`total_time` as `total_time`, `actual_activity_detail`.`end_time as end_time activities`.`name` as `activity_name`, `projects`.`model`, `projects`.`another_project`
FROM `actual_activity_detail`
LEFT JOIN `actual_activity` ON `actual_activity_detail`.`actual_activity_id` = `actual_activity`.`id`
LEFT JOIN `activities` ON `actual_activity_detail`.`activity_id` = `activities`.`id`
LEFT JOIN `projects` ON `actual_activity_detail`.`project_id` = `projects`.`id`
WHERE `actual_activity`.`created_by` = :actual_activity.created_by:
ORDER BY `actual_activity`.`created_at` DESC', [...], false)
 2 APPPATH\Controllers\History.php(94): CodeIgniter\Database\BaseBuilder->get()
 3 SYSTEMPATH\CodeIgniter.php(933): App\Controllers\History->profile()
 4 SYSTEMPATH\CodeIgniter.php(507): CodeIgniter\CodeIgniter->runController(Object(App\Controllers\History))
 5 SYSTEMPATH\CodeIgniter.php(354): CodeIgniter\CodeIgniter->handleRequest(null, Object(Config\Cache), false)
 6 SYSTEMPATH\Boot.php(334): CodeIgniter\CodeIgniter->run()
 7 SYSTEMPATH\Boot.php(67): CodeIgniter\Boot::runCodeIgniter(Object(CodeIgniter\CodeIgniter))
 8 FCPATH\index.php(56): CodeIgniter\Boot::bootWeb(Object(Config\Paths))
 9 SYSTEMPATH\rewrite.php(44): require_once('D:\\Work\\daily_report2\\public\\index.php')
CRITICAL - 2025-02-07 02:26:31 --> [Caused by] CodeIgniter\Database\Exceptions\DatabaseException: Unknown column 'actual_activity_detail.end_time as end_time activities.name' in 'field list'
in SYSTEMPATH\Database\MySQLi\Connection.php on line 332.
 1 SYSTEMPATH\Database\BaseConnection.php(738): CodeIgniter\Database\MySQLi\Connection->execute('SELECT DATE_FORMAT(actual_activity.created_at, "%Y-%m-%d") as date, TIME_FORMAT(actual_activity_detail.start_time, "%H:%i") as time, `actual_activity_detail`.`total_time` as `total_time`, `actual_activity_detail`.`end_time as end_time activities`.`name` as `activity_name`, `projects`.`model`, `projects`.`another_project`
FROM `actual_activity_detail`
LEFT JOIN `actual_activity` ON `actual_activity_detail`.`actual_activity_id` = `actual_activity`.`id`
LEFT JOIN `activities` ON `actual_activity_detail`.`activity_id` = `activities`.`id`
LEFT JOIN `projects` ON `actual_activity_detail`.`project_id` = `projects`.`id`
WHERE `actual_activity`.`created_by` = \'3\'
ORDER BY `actual_activity`.`created_at` DESC')
 2 SYSTEMPATH\Database\BaseConnection.php(652): CodeIgniter\Database\BaseConnection->simpleQuery('SELECT DATE_FORMAT(actual_activity.created_at, "%Y-%m-%d") as date, TIME_FORMAT(actual_activity_detail.start_time, "%H:%i") as time, `actual_activity_detail`.`total_time` as `total_time`, `actual_activity_detail`.`end_time as end_time activities`.`name` as `activity_name`, `projects`.`model`, `projects`.`another_project`
FROM `actual_activity_detail`
LEFT JOIN `actual_activity` ON `actual_activity_detail`.`actual_activity_id` = `actual_activity`.`id`
LEFT JOIN `activities` ON `actual_activity_detail`.`activity_id` = `activities`.`id`
LEFT JOIN `projects` ON `actual_activity_detail`.`project_id` = `projects`.`id`
WHERE `actual_activity`.`created_by` = \'3\'
ORDER BY `actual_activity`.`created_at` DESC')
 3 SYSTEMPATH\Database\BaseBuilder.php(1649): CodeIgniter\Database\BaseConnection->query('SELECT DATE_FORMAT(actual_activity.created_at, "%Y-%m-%d") as date, TIME_FORMAT(actual_activity_detail.start_time, "%H:%i") as time, `actual_activity_detail`.`total_time` as `total_time`, `actual_activity_detail`.`end_time as end_time activities`.`name` as `activity_name`, `projects`.`model`, `projects`.`another_project`
FROM `actual_activity_detail`
LEFT JOIN `actual_activity` ON `actual_activity_detail`.`actual_activity_id` = `actual_activity`.`id`
LEFT JOIN `activities` ON `actual_activity_detail`.`activity_id` = `activities`.`id`
LEFT JOIN `projects` ON `actual_activity_detail`.`project_id` = `projects`.`id`
WHERE `actual_activity`.`created_by` = :actual_activity.created_by:
ORDER BY `actual_activity`.`created_at` DESC', [...], false)
 4 APPPATH\Controllers\History.php(94): CodeIgniter\Database\BaseBuilder->get()
 5 SYSTEMPATH\CodeIgniter.php(933): App\Controllers\History->profile()
 6 SYSTEMPATH\CodeIgniter.php(507): CodeIgniter\CodeIgniter->runController(Object(App\Controllers\History))
 7 SYSTEMPATH\CodeIgniter.php(354): CodeIgniter\CodeIgniter->handleRequest(null, Object(Config\Cache), false)
 8 SYSTEMPATH\Boot.php(334): CodeIgniter\CodeIgniter->run()
 9 SYSTEMPATH\Boot.php(67): CodeIgniter\Boot::runCodeIgniter(Object(CodeIgniter\CodeIgniter))
10 FCPATH\index.php(56): CodeIgniter\Boot::bootWeb(Object(Config\Paths))
11 SYSTEMPATH\rewrite.php(44): require_once('D:\\Work\\daily_report2\\public\\index.php')
CRITICAL - 2025-02-07 02:26:31 --> [Caused by] mysqli_sql_exception: Unknown column 'actual_activity_detail.end_time as end_time activities.name' in 'field list'
in SYSTEMPATH\Database\MySQLi\Connection.php on line 327.
 1 SYSTEMPATH\Database\MySQLi\Connection.php(327): mysqli->query('SELECT DATE_FORMAT(actual_activity.created_at, "%Y-%m-%d") as date, TIME_FORMAT(actual_activity_detail.start_time, "%H:%i") as time, `actual_activity_detail`.`total_time` as `total_time`, `actual_activity_detail`.`end_time as end_time activities`.`name` as `activity_name`, `projects`.`model`, `projects`.`another_project`
FROM `actual_activity_detail`
LEFT JOIN `actual_activity` ON `actual_activity_detail`.`actual_activity_id` = `actual_activity`.`id`
LEFT JOIN `activities` ON `actual_activity_detail`.`activity_id` = `activities`.`id`
LEFT JOIN `projects` ON `actual_activity_detail`.`project_id` = `projects`.`id`
WHERE `actual_activity`.`created_by` = \'3\'
ORDER BY `actual_activity`.`created_at` DESC', 0)
 2 SYSTEMPATH\Database\BaseConnection.php(738): CodeIgniter\Database\MySQLi\Connection->execute('SELECT DATE_FORMAT(actual_activity.created_at, "%Y-%m-%d") as date, TIME_FORMAT(actual_activity_detail.start_time, "%H:%i") as time, `actual_activity_detail`.`total_time` as `total_time`, `actual_activity_detail`.`end_time as end_time activities`.`name` as `activity_name`, `projects`.`model`, `projects`.`another_project`
FROM `actual_activity_detail`
LEFT JOIN `actual_activity` ON `actual_activity_detail`.`actual_activity_id` = `actual_activity`.`id`
LEFT JOIN `activities` ON `actual_activity_detail`.`activity_id` = `activities`.`id`
LEFT JOIN `projects` ON `actual_activity_detail`.`project_id` = `projects`.`id`
WHERE `actual_activity`.`created_by` = \'3\'
ORDER BY `actual_activity`.`created_at` DESC')
 3 SYSTEMPATH\Database\BaseConnection.php(652): CodeIgniter\Database\BaseConnection->simpleQuery('SELECT DATE_FORMAT(actual_activity.created_at, "%Y-%m-%d") as date, TIME_FORMAT(actual_activity_detail.start_time, "%H:%i") as time, `actual_activity_detail`.`total_time` as `total_time`, `actual_activity_detail`.`end_time as end_time activities`.`name` as `activity_name`, `projects`.`model`, `projects`.`another_project`
FROM `actual_activity_detail`
LEFT JOIN `actual_activity` ON `actual_activity_detail`.`actual_activity_id` = `actual_activity`.`id`
LEFT JOIN `activities` ON `actual_activity_detail`.`activity_id` = `activities`.`id`
LEFT JOIN `projects` ON `actual_activity_detail`.`project_id` = `projects`.`id`
WHERE `actual_activity`.`created_by` = \'3\'
ORDER BY `actual_activity`.`created_at` DESC')
 4 SYSTEMPATH\Database\BaseBuilder.php(1649): CodeIgniter\Database\BaseConnection->query('SELECT DATE_FORMAT(actual_activity.created_at, "%Y-%m-%d") as date, TIME_FORMAT(actual_activity_detail.start_time, "%H:%i") as time, `actual_activity_detail`.`total_time` as `total_time`, `actual_activity_detail`.`end_time as end_time activities`.`name` as `activity_name`, `projects`.`model`, `projects`.`another_project`
FROM `actual_activity_detail`
LEFT JOIN `actual_activity` ON `actual_activity_detail`.`actual_activity_id` = `actual_activity`.`id`
LEFT JOIN `activities` ON `actual_activity_detail`.`activity_id` = `activities`.`id`
LEFT JOIN `projects` ON `actual_activity_detail`.`project_id` = `projects`.`id`
WHERE `actual_activity`.`created_by` = :actual_activity.created_by:
ORDER BY `actual_activity`.`created_at` DESC', [...], false)
 5 APPPATH\Controllers\History.php(94): CodeIgniter\Database\BaseBuilder->get()
 6 SYSTEMPATH\CodeIgniter.php(933): App\Controllers\History->profile()
 7 SYSTEMPATH\CodeIgniter.php(507): CodeIgniter\CodeIgniter->runController(Object(App\Controllers\History))
 8 SYSTEMPATH\CodeIgniter.php(354): CodeIgniter\CodeIgniter->handleRequest(null, Object(Config\Cache), false)
 9 SYSTEMPATH\Boot.php(334): CodeIgniter\CodeIgniter->run()
10 SYSTEMPATH\Boot.php(67): CodeIgniter\Boot::runCodeIgniter(Object(CodeIgniter\CodeIgniter))
11 FCPATH\index.php(56): CodeIgniter\Boot::bootWeb(Object(Config\Paths))
12 SYSTEMPATH\rewrite.php(44): require_once('D:\\Work\\daily_report2\\public\\index.php')
CRITICAL - 2025-02-07 02:27:27 --> ErrorException: Undefined array key "start_time"
[Method: GET, Route: profile]
in APPPATH\Views\user\profile.php on line 78.
 1 APPPATH\Views\user\profile.php(78): CodeIgniter\Debug\Exceptions->errorHandler(2, 'Undefined array key "start_time"', 'D:\\Work\\daily_report2\\app\\Views\\user\\profile.php', 78)
 2 SYSTEMPATH\View\View.php(224): include('D:\\Work\\daily_report2\\app\\Views\\user\\profile.php')
 3 SYSTEMPATH\View\View.php(227): CodeIgniter\View\View->CodeIgniter\View\{closure}()
 4 SYSTEMPATH\Common.php(1173): CodeIgniter\View\View->render('user/profile', [], true)
 5 APPPATH\Controllers\History.php(105): view('user/profile', [...])
 6 SYSTEMPATH\CodeIgniter.php(933): App\Controllers\History->profile()
 7 SYSTEMPATH\CodeIgniter.php(507): CodeIgniter\CodeIgniter->runController(Object(App\Controllers\History))
 8 SYSTEMPATH\CodeIgniter.php(354): CodeIgniter\CodeIgniter->handleRequest(null, Object(Config\Cache), false)
 9 SYSTEMPATH\Boot.php(334): CodeIgniter\CodeIgniter->run()
10 SYSTEMPATH\Boot.php(67): CodeIgniter\Boot::runCodeIgniter(Object(CodeIgniter\CodeIgniter))
11 FCPATH\index.php(56): CodeIgniter\Boot::bootWeb(Object(Config\Paths))
12 SYSTEMPATH\rewrite.php(44): require_once('D:\\Work\\daily_report2\\public\\index.php')
CRITICAL - 2025-02-07 04:32:25 --> ErrorException: Namespace declaration statement has to be the very first statement or after any declare call in the script
[Method: GET, Route: role]
in APPPATH\Controllers\Roles.php on line 4.
 1 [internal function]: CodeIgniter\Debug\Exceptions->shutdownHandler()
CRITICAL - 2025-02-07 04:32:34 --> Error: Class "App\Models\RoleModel" not found
[Method: GET, Route: role]
in APPPATH\Controllers\Roles.php on line 12.
 1 SYSTEMPATH\CodeIgniter.php(933): App\Controllers\Roles->index()
 2 SYSTEMPATH\CodeIgniter.php(507): CodeIgniter\CodeIgniter->runController(Object(App\Controllers\Roles))
 3 SYSTEMPATH\CodeIgniter.php(354): CodeIgniter\CodeIgniter->handleRequest(null, Object(Config\Cache), false)
 4 SYSTEMPATH\Boot.php(334): CodeIgniter\CodeIgniter->run()
 5 SYSTEMPATH\Boot.php(67): CodeIgniter\Boot::runCodeIgniter(Object(CodeIgniter\CodeIgniter))
 6 FCPATH\index.php(56): CodeIgniter\Boot::bootWeb(Object(Config\Paths))
 7 SYSTEMPATH\rewrite.php(44): require_once('D:\\Work\\daily_report2\\public\\index.php')
ERROR - 2025-02-07 06:10:11 --> mysqli_sql_exception: Table 'actual_activity' already exists in D:\Work\daily_report2\system\Database\MySQLi\Connection.php:327
Stack trace:
#0 D:\Work\daily_report2\system\Database\MySQLi\Connection.php(327): mysqli->query('CREATE TABLE `a...', 0)
#1 D:\Work\daily_report2\system\Database\BaseConnection.php(738): CodeIgniter\Database\MySQLi\Connection->execute('CREATE TABLE `a...')
#2 D:\Work\daily_report2\system\Database\BaseConnection.php(652): CodeIgniter\Database\BaseConnection->simpleQuery('CREATE TABLE `a...')
#3 D:\Work\daily_report2\system\Database\Forge.php(570): CodeIgniter\Database\BaseConnection->query('CREATE TABLE `a...')
#4 D:\Work\daily_report2\app\Database\Migrations\2025-02-04-040153_CreateActualActivityTable.php(20): CodeIgniter\Database\Forge->createTable('actual_activity')
#5 D:\Work\daily_report2\system\Database\MigrationRunner.php(866): App\Database\Migrations\CreateActualActivity->up()
#6 D:\Work\daily_report2\system\Database\MigrationRunner.php(182): CodeIgniter\Database\MigrationRunner->migrate('up', Object(stdClass))
#7 D:\Work\daily_report2\system\Commands\Database\Migrate.php(85): CodeIgniter\Database\MigrationRunner->latest(NULL)
#8 D:\Work\daily_report2\system\CLI\Commands.php(70): CodeIgniter\Commands\Database\Migrate->run(Array)
#9 D:\Work\daily_report2\system\CLI\Console.php(48): CodeIgniter\CLI\Commands->run('migrate', Array)
#10 D:\Work\daily_report2\system\Boot.php(360): CodeIgniter\CLI\Console->run()
#11 D:\Work\daily_report2\system\Boot.php(104): CodeIgniter\Boot::runCommand(Object(CodeIgniter\CLI\Console))
#12 D:\Work\daily_report2\spark(84): CodeIgniter\Boot::bootSpark(Object(Config\Paths))
#13 {main}
ERROR - 2025-02-07 06:11:27 --> mysqli_sql_exception: Table 'actual_activity' already exists in D:\Work\daily_report2\system\Database\MySQLi\Connection.php:327
Stack trace:
#0 D:\Work\daily_report2\system\Database\MySQLi\Connection.php(327): mysqli->query('CREATE TABLE `a...', 0)
#1 D:\Work\daily_report2\system\Database\BaseConnection.php(738): CodeIgniter\Database\MySQLi\Connection->execute('CREATE TABLE `a...')
#2 D:\Work\daily_report2\system\Database\BaseConnection.php(652): CodeIgniter\Database\BaseConnection->simpleQuery('CREATE TABLE `a...')
#3 D:\Work\daily_report2\system\Database\Forge.php(570): CodeIgniter\Database\BaseConnection->query('CREATE TABLE `a...')
#4 D:\Work\daily_report2\app\Database\Migrations\2025-02-04-040153_CreateActualActivityTable.php(20): CodeIgniter\Database\Forge->createTable('actual_activity')
#5 D:\Work\daily_report2\system\Database\MigrationRunner.php(866): App\Database\Migrations\CreateActualActivity->up()
#6 D:\Work\daily_report2\system\Database\MigrationRunner.php(182): CodeIgniter\Database\MigrationRunner->migrate('up', Object(stdClass))
#7 D:\Work\daily_report2\system\Commands\Database\Migrate.php(85): CodeIgniter\Database\MigrationRunner->latest(NULL)
#8 D:\Work\daily_report2\system\CLI\Commands.php(70): CodeIgniter\Commands\Database\Migrate->run(Array)
#9 D:\Work\daily_report2\system\CLI\Console.php(48): CodeIgniter\CLI\Commands->run('migrate', Array)
#10 D:\Work\daily_report2\system\Boot.php(360): CodeIgniter\CLI\Console->run()
#11 D:\Work\daily_report2\system\Boot.php(104): CodeIgniter\Boot::runCommand(Object(CodeIgniter\CLI\Console))
#12 D:\Work\daily_report2\spark(84): CodeIgniter\Boot::bootSpark(Object(Config\Paths))
#13 {main}
CRITICAL - 2025-02-07 06:26:18 --> ErrorException: Undefined array key "Id_Fitur"
[Method: GET, Route: role/create]
in APPPATH\Views\roles\create.php on line 40.
 1 APPPATH\Views\roles\create.php(40): CodeIgniter\Debug\Exceptions->errorHandler(2, 'Undefined array key "Id_Fitur"', 'D:\\Work\\daily_report2\\app\\Views\\roles\\create.php', 40)
 2 SYSTEMPATH\View\View.php(224): include('D:\\Work\\daily_report2\\app\\Views\\roles\\create.php')
 3 SYSTEMPATH\View\View.php(227): CodeIgniter\View\View->CodeIgniter\View\{closure}()
 4 SYSTEMPATH\Common.php(1173): CodeIgniter\View\View->render('roles/create', [], true)
 5 APPPATH\Controllers\Roles.php(28): view('roles/create', [...])
 6 SYSTEMPATH\CodeIgniter.php(933): App\Controllers\Roles->create()
 7 SYSTEMPATH\CodeIgniter.php(507): CodeIgniter\CodeIgniter->runController(Object(App\Controllers\Roles))
 8 SYSTEMPATH\CodeIgniter.php(354): CodeIgniter\CodeIgniter->handleRequest(null, Object(Config\Cache), false)
 9 SYSTEMPATH\Boot.php(334): CodeIgniter\CodeIgniter->run()
10 SYSTEMPATH\Boot.php(67): CodeIgniter\Boot::runCodeIgniter(Object(CodeIgniter\CodeIgniter))
11 FCPATH\index.php(56): CodeIgniter\Boot::bootWeb(Object(Config\Paths))
12 SYSTEMPATH\rewrite.php(44): require_once('D:\\Work\\daily_report2\\public\\index.php')
CRITICAL - 2025-02-07 06:27:45 --> ErrorException: Undefined array key "Id_Fitur"
[Method: GET, Route: role/create]
in APPPATH\Views\roles\create.php on line 40.
 1 APPPATH\Views\roles\create.php(40): CodeIgniter\Debug\Exceptions->errorHandler(2, 'Undefined array key "Id_Fitur"', 'D:\\Work\\daily_report2\\app\\Views\\roles\\create.php', 40)
 2 SYSTEMPATH\View\View.php(224): include('D:\\Work\\daily_report2\\app\\Views\\roles\\create.php')
 3 SYSTEMPATH\View\View.php(227): CodeIgniter\View\View->CodeIgniter\View\{closure}()
 4 SYSTEMPATH\Common.php(1173): CodeIgniter\View\View->render('roles/create', [], true)
 5 APPPATH\Controllers\Roles.php(29): view('roles/create', [...])
 6 SYSTEMPATH\CodeIgniter.php(933): App\Controllers\Roles->create()
 7 SYSTEMPATH\CodeIgniter.php(507): CodeIgniter\CodeIgniter->runController(Object(App\Controllers\Roles))
 8 SYSTEMPATH\CodeIgniter.php(354): CodeIgniter\CodeIgniter->handleRequest(null, Object(Config\Cache), false)
 9 SYSTEMPATH\Boot.php(334): CodeIgniter\CodeIgniter->run()
10 SYSTEMPATH\Boot.php(67): CodeIgniter\Boot::runCodeIgniter(Object(CodeIgniter\CodeIgniter))
11 FCPATH\index.php(56): CodeIgniter\Boot::bootWeb(Object(Config\Paths))
12 SYSTEMPATH\rewrite.php(44): require_once('D:\\Work\\daily_report2\\public\\index.php')
CRITICAL - 2025-02-07 06:33:52 --> ErrorException: Undefined array key "Id_Fitur"
[Method: GET, Route: role/create]
in APPPATH\Views\roles\create.php on line 40.
 1 APPPATH\Views\roles\create.php(40): CodeIgniter\Debug\Exceptions->errorHandler(2, 'Undefined array key "Id_Fitur"', 'D:\\Work\\daily_report2\\app\\Views\\roles\\create.php', 40)
 2 SYSTEMPATH\View\View.php(224): include('D:\\Work\\daily_report2\\app\\Views\\roles\\create.php')
 3 SYSTEMPATH\View\View.php(227): CodeIgniter\View\View->CodeIgniter\View\{closure}()
 4 SYSTEMPATH\Common.php(1173): CodeIgniter\View\View->render('roles/create', [], true)
 5 APPPATH\Controllers\Roles.php(28): view('roles/create', [...])
 6 SYSTEMPATH\CodeIgniter.php(933): App\Controllers\Roles->create()
 7 SYSTEMPATH\CodeIgniter.php(507): CodeIgniter\CodeIgniter->runController(Object(App\Controllers\Roles))
 8 SYSTEMPATH\CodeIgniter.php(354): CodeIgniter\CodeIgniter->handleRequest(null, Object(Config\Cache), false)
 9 SYSTEMPATH\Boot.php(334): CodeIgniter\CodeIgniter->run()
10 SYSTEMPATH\Boot.php(67): CodeIgniter\Boot::runCodeIgniter(Object(CodeIgniter\CodeIgniter))
11 FCPATH\index.php(56): CodeIgniter\Boot::bootWeb(Object(Config\Paths))
12 SYSTEMPATH\rewrite.php(44): require_once('D:\\Work\\daily_report2\\public\\index.php')
CRITICAL - 2025-02-07 06:34:30 --> ErrorException: Undefined array key "Id_Fitur"
[Method: GET, Route: role/create]
in APPPATH\Views\roles\create.php on line 37.
 1 APPPATH\Views\roles\create.php(37): CodeIgniter\Debug\Exceptions->errorHandler(2, 'Undefined array key "Id_Fitur"', 'D:\\Work\\daily_report2\\app\\Views\\roles\\create.php', 37)
 2 SYSTEMPATH\View\View.php(224): include('D:\\Work\\daily_report2\\app\\Views\\roles\\create.php')
 3 SYSTEMPATH\View\View.php(227): CodeIgniter\View\View->CodeIgniter\View\{closure}()
 4 SYSTEMPATH\Common.php(1173): CodeIgniter\View\View->render('roles/create', [], true)
 5 APPPATH\Controllers\Roles.php(28): view('roles/create', [...])
 6 SYSTEMPATH\CodeIgniter.php(933): App\Controllers\Roles->create()
 7 SYSTEMPATH\CodeIgniter.php(507): CodeIgniter\CodeIgniter->runController(Object(App\Controllers\Roles))
 8 SYSTEMPATH\CodeIgniter.php(354): CodeIgniter\CodeIgniter->handleRequest(null, Object(Config\Cache), false)
 9 SYSTEMPATH\Boot.php(334): CodeIgniter\CodeIgniter->run()
10 SYSTEMPATH\Boot.php(67): CodeIgniter\Boot::runCodeIgniter(Object(CodeIgniter\CodeIgniter))
11 FCPATH\index.php(56): CodeIgniter\Boot::bootWeb(Object(Config\Paths))
12 SYSTEMPATH\rewrite.php(44): require_once('D:\\Work\\daily_report2\\public\\index.php')
CRITICAL - 2025-02-07 06:34:36 --> ErrorException: Undefined array key "Id_Fitur"
[Method: GET, Route: role/create]
in APPPATH\Views\roles\create.php on line 40.
 1 APPPATH\Views\roles\create.php(40): CodeIgniter\Debug\Exceptions->errorHandler(2, 'Undefined array key "Id_Fitur"', 'D:\\Work\\daily_report2\\app\\Views\\roles\\create.php', 40)
 2 SYSTEMPATH\View\View.php(224): include('D:\\Work\\daily_report2\\app\\Views\\roles\\create.php')
 3 SYSTEMPATH\View\View.php(227): CodeIgniter\View\View->CodeIgniter\View\{closure}()
 4 SYSTEMPATH\Common.php(1173): CodeIgniter\View\View->render('roles/create', [], true)
 5 APPPATH\Controllers\Roles.php(28): view('roles/create', [...])
 6 SYSTEMPATH\CodeIgniter.php(933): App\Controllers\Roles->create()
 7 SYSTEMPATH\CodeIgniter.php(507): CodeIgniter\CodeIgniter->runController(Object(App\Controllers\Roles))
 8 SYSTEMPATH\CodeIgniter.php(354): CodeIgniter\CodeIgniter->handleRequest(null, Object(Config\Cache), false)
 9 SYSTEMPATH\Boot.php(334): CodeIgniter\CodeIgniter->run()
10 SYSTEMPATH\Boot.php(67): CodeIgniter\Boot::runCodeIgniter(Object(CodeIgniter\CodeIgniter))
11 FCPATH\index.php(56): CodeIgniter\Boot::bootWeb(Object(Config\Paths))
12 SYSTEMPATH\rewrite.php(44): require_once('D:\\Work\\daily_report2\\public\\index.php')
CRITICAL - 2025-02-07 06:34:37 --> ErrorException: Undefined array key "Id_Fitur"
[Method: GET, Route: role/create]
in APPPATH\Views\roles\create.php on line 40.
 1 APPPATH\Views\roles\create.php(40): CodeIgniter\Debug\Exceptions->errorHandler(2, 'Undefined array key "Id_Fitur"', 'D:\\Work\\daily_report2\\app\\Views\\roles\\create.php', 40)
 2 SYSTEMPATH\View\View.php(224): include('D:\\Work\\daily_report2\\app\\Views\\roles\\create.php')
 3 SYSTEMPATH\View\View.php(227): CodeIgniter\View\View->CodeIgniter\View\{closure}()
 4 SYSTEMPATH\Common.php(1173): CodeIgniter\View\View->render('roles/create', [], true)
 5 APPPATH\Controllers\Roles.php(28): view('roles/create', [...])
 6 SYSTEMPATH\CodeIgniter.php(933): App\Controllers\Roles->create()
 7 SYSTEMPATH\CodeIgniter.php(507): CodeIgniter\CodeIgniter->runController(Object(App\Controllers\Roles))
 8 SYSTEMPATH\CodeIgniter.php(354): CodeIgniter\CodeIgniter->handleRequest(null, Object(Config\Cache), false)
 9 SYSTEMPATH\Boot.php(334): CodeIgniter\CodeIgniter->run()
10 SYSTEMPATH\Boot.php(67): CodeIgniter\Boot::runCodeIgniter(Object(CodeIgniter\CodeIgniter))
11 FCPATH\index.php(56): CodeIgniter\Boot::bootWeb(Object(Config\Paths))
12 SYSTEMPATH\rewrite.php(44): require_once('D:\\Work\\daily_report2\\public\\index.php')
CRITICAL - 2025-02-07 06:35:19 --> ErrorException: Namespace declaration statement has to be the very first statement or after any declare call in the script
[Method: GET, Route: role/create]
in APPPATH\Controllers\Roles.php on line 4.
 1 [internal function]: CodeIgniter\Debug\Exceptions->shutdownHandler()
CRITICAL - 2025-02-07 06:35:31 --> ErrorException: Namespace declaration statement has to be the very first statement or after any declare call in the script
[Method: GET, Route: role/create]
in APPPATH\Controllers\Roles.php on line 4.
 1 [internal function]: CodeIgniter\Debug\Exceptions->shutdownHandler()
CRITICAL - 2025-02-07 06:36:13 --> ErrorException: foreach() argument must be of type array|object, null given
[Method: GET, Route: role/create]
in APPPATH\Views\roles\create.php on line 34.
 1 APPPATH\Views\roles\create.php(34): CodeIgniter\Debug\Exceptions->errorHandler(2, 'foreach() argument must be of type array|object, null given', 'D:\\Work\\daily_report2\\app\\Views\\roles\\create.php', 34)
 2 SYSTEMPATH\View\View.php(224): include('D:\\Work\\daily_report2\\app\\Views\\roles\\create.php')
 3 SYSTEMPATH\View\View.php(227): CodeIgniter\View\View->CodeIgniter\View\{closure}()
 4 SYSTEMPATH\Common.php(1173): CodeIgniter\View\View->render('roles/create', [], true)
 5 APPPATH\Controllers\Roles.php(28): view('roles/create', [...])
 6 SYSTEMPATH\CodeIgniter.php(933): App\Controllers\Roles->create()
 7 SYSTEMPATH\CodeIgniter.php(507): CodeIgniter\CodeIgniter->runController(Object(App\Controllers\Roles))
 8 SYSTEMPATH\CodeIgniter.php(354): CodeIgniter\CodeIgniter->handleRequest(null, Object(Config\Cache), false)
 9 SYSTEMPATH\Boot.php(334): CodeIgniter\CodeIgniter->run()
10 SYSTEMPATH\Boot.php(67): CodeIgniter\Boot::runCodeIgniter(Object(CodeIgniter\CodeIgniter))
11 FCPATH\index.php(56): CodeIgniter\Boot::bootWeb(Object(Config\Paths))
12 SYSTEMPATH\rewrite.php(44): require_once('D:\\Work\\daily_report2\\public\\index.php')
CRITICAL - 2025-02-07 06:41:54 --> ErrorException: foreach() argument must be of type array|object, null given
[Method: GET, Route: role/create]
in APPPATH\Views\roles\create.php on line 34.
 1 APPPATH\Views\roles\create.php(34): CodeIgniter\Debug\Exceptions->errorHandler(2, 'foreach() argument must be of type array|object, null given', 'D:\\Work\\daily_report2\\app\\Views\\roles\\create.php', 34)
 2 SYSTEMPATH\View\View.php(224): include('D:\\Work\\daily_report2\\app\\Views\\roles\\create.php')
 3 SYSTEMPATH\View\View.php(227): CodeIgniter\View\View->CodeIgniter\View\{closure}()
 4 SYSTEMPATH\Common.php(1173): CodeIgniter\View\View->render('roles/create', [], true)
 5 APPPATH\Controllers\Roles.php(28): view('roles/create', [...])
 6 SYSTEMPATH\CodeIgniter.php(933): App\Controllers\Roles->create()
 7 SYSTEMPATH\CodeIgniter.php(507): CodeIgniter\CodeIgniter->runController(Object(App\Controllers\Roles))
 8 SYSTEMPATH\CodeIgniter.php(354): CodeIgniter\CodeIgniter->handleRequest(null, Object(Config\Cache), false)
 9 SYSTEMPATH\Boot.php(334): CodeIgniter\CodeIgniter->run()
10 SYSTEMPATH\Boot.php(67): CodeIgniter\Boot::runCodeIgniter(Object(CodeIgniter\CodeIgniter))
11 FCPATH\index.php(56): CodeIgniter\Boot::bootWeb(Object(Config\Paths))
12 SYSTEMPATH\rewrite.php(44): require_once('D:\\Work\\daily_report2\\public\\index.php')
CRITICAL - 2025-02-07 06:42:38 --> ErrorException: foreach() argument must be of type array|object, null given
[Method: GET, Route: role/create]
in APPPATH\Views\roles\create.php on line 34.
 1 APPPATH\Views\roles\create.php(34): CodeIgniter\Debug\Exceptions->errorHandler(2, 'foreach() argument must be of type array|object, null given', 'D:\\Work\\daily_report2\\app\\Views\\roles\\create.php', 34)
 2 SYSTEMPATH\View\View.php(224): include('D:\\Work\\daily_report2\\app\\Views\\roles\\create.php')
 3 SYSTEMPATH\View\View.php(227): CodeIgniter\View\View->CodeIgniter\View\{closure}()
 4 SYSTEMPATH\Common.php(1173): CodeIgniter\View\View->render('roles/create', [], true)
 5 APPPATH\Controllers\Roles.php(28): view('roles/create', [...])
 6 SYSTEMPATH\CodeIgniter.php(933): App\Controllers\Roles->create()
 7 SYSTEMPATH\CodeIgniter.php(507): CodeIgniter\CodeIgniter->runController(Object(App\Controllers\Roles))
 8 SYSTEMPATH\CodeIgniter.php(354): CodeIgniter\CodeIgniter->handleRequest(null, Object(Config\Cache), false)
 9 SYSTEMPATH\Boot.php(334): CodeIgniter\CodeIgniter->run()
10 SYSTEMPATH\Boot.php(67): CodeIgniter\Boot::runCodeIgniter(Object(CodeIgniter\CodeIgniter))
11 FCPATH\index.php(56): CodeIgniter\Boot::bootWeb(Object(Config\Paths))
12 SYSTEMPATH\rewrite.php(44): require_once('D:\\Work\\daily_report2\\public\\index.php')
CRITICAL - 2025-02-07 06:51:44 --> Error: Class "App\Filters\FiturFilter" not found
[Method: GET, Route: role]
in SYSTEMPATH\Filters\Filters.php on line 299.
 1 SYSTEMPATH\Filters\Filters.php(239): CodeIgniter\Filters\Filters->createFilter('App\\Filters\\FiturFilter')
 2 SYSTEMPATH\Filters\Filters.php(221): CodeIgniter\Filters\Filters->runBefore([...])
 3 SYSTEMPATH\CodeIgniter.php(479): CodeIgniter\Filters\Filters->run('role', 'before')
 4 SYSTEMPATH\CodeIgniter.php(354): CodeIgniter\CodeIgniter->handleRequest(null, Object(Config\Cache), false)
 5 SYSTEMPATH\Boot.php(334): CodeIgniter\CodeIgniter->run()
 6 SYSTEMPATH\Boot.php(67): CodeIgniter\Boot::runCodeIgniter(Object(CodeIgniter\CodeIgniter))
 7 FCPATH\index.php(56): CodeIgniter\Boot::bootWeb(Object(Config\Paths))
 8 SYSTEMPATH\rewrite.php(44): require_once('D:\\Work\\daily_report2\\public\\index.php')
CRITICAL - 2025-02-07 06:51:49 --> Error: Class "App\Filters\FiturFilter" not found
[Method: GET, Route: dashboard]
in SYSTEMPATH\Filters\Filters.php on line 299.
 1 SYSTEMPATH\Filters\Filters.php(239): CodeIgniter\Filters\Filters->createFilter('App\\Filters\\FiturFilter')
 2 SYSTEMPATH\Filters\Filters.php(221): CodeIgniter\Filters\Filters->runBefore([...])
 3 SYSTEMPATH\CodeIgniter.php(479): CodeIgniter\Filters\Filters->run('dashboard', 'before')
 4 SYSTEMPATH\CodeIgniter.php(354): CodeIgniter\CodeIgniter->handleRequest(null, Object(Config\Cache), false)
 5 SYSTEMPATH\Boot.php(334): CodeIgniter\CodeIgniter->run()
 6 SYSTEMPATH\Boot.php(67): CodeIgniter\Boot::runCodeIgniter(Object(CodeIgniter\CodeIgniter))
 7 FCPATH\index.php(56): CodeIgniter\Boot::bootWeb(Object(Config\Paths))
 8 SYSTEMPATH\rewrite.php(44): require_once('D:\\Work\\daily_report2\\public\\index.php')
CRITICAL - 2025-02-07 06:52:17 --> Error: Class "App\Filters\FiturFilter" not found
[Method: GET, Route: dashboard]
in SYSTEMPATH\Filters\Filters.php on line 299.
 1 SYSTEMPATH\Filters\Filters.php(239): CodeIgniter\Filters\Filters->createFilter('App\\Filters\\FiturFilter')
 2 SYSTEMPATH\Filters\Filters.php(221): CodeIgniter\Filters\Filters->runBefore([...])
 3 SYSTEMPATH\CodeIgniter.php(479): CodeIgniter\Filters\Filters->run('dashboard', 'before')
 4 SYSTEMPATH\CodeIgniter.php(354): CodeIgniter\CodeIgniter->handleRequest(null, Object(Config\Cache), false)
 5 SYSTEMPATH\Boot.php(334): CodeIgniter\CodeIgniter->run()
 6 SYSTEMPATH\Boot.php(67): CodeIgniter\Boot::runCodeIgniter(Object(CodeIgniter\CodeIgniter))
 7 FCPATH\index.php(56): CodeIgniter\Boot::bootWeb(Object(Config\Paths))
 8 SYSTEMPATH\rewrite.php(44): require_once('D:\\Work\\daily_report2\\public\\index.php')
CRITICAL - 2025-02-07 06:52:58 --> CodeIgniter\Filters\Exceptions\FilterException: "fitur" filter must have a matching alias defined.
[Method: GET, Route: dashboard]
in SYSTEMPATH\Filters\Filters.php on line 590.
 1 SYSTEMPATH\Filters\Filters.php(590): CodeIgniter\Filters\Exceptions\FilterException::forNoAlias('fitur')
 2 SYSTEMPATH\Filters\Filters.php(641): CodeIgniter\Filters\Filters->enableFilter('fitur:23', 'before')
 3 SYSTEMPATH\CodeIgniter.php(467): CodeIgniter\Filters\Filters->enableFilters([...], 'before')
 4 SYSTEMPATH\CodeIgniter.php(354): CodeIgniter\CodeIgniter->handleRequest(null, Object(Config\Cache), false)
 5 SYSTEMPATH\Boot.php(334): CodeIgniter\CodeIgniter->run()
 6 SYSTEMPATH\Boot.php(67): CodeIgniter\Boot::runCodeIgniter(Object(CodeIgniter\CodeIgniter))
 7 FCPATH\index.php(56): CodeIgniter\Boot::bootWeb(Object(Config\Paths))
 8 SYSTEMPATH\rewrite.php(44): require_once('D:\\Work\\daily_report2\\public\\index.php')
CRITICAL - 2025-02-07 06:52:59 --> CodeIgniter\Filters\Exceptions\FilterException: "fitur" filter must have a matching alias defined.
[Method: GET, Route: dashboard]
in SYSTEMPATH\Filters\Filters.php on line 590.
 1 SYSTEMPATH\Filters\Filters.php(590): CodeIgniter\Filters\Exceptions\FilterException::forNoAlias('fitur')
 2 SYSTEMPATH\Filters\Filters.php(641): CodeIgniter\Filters\Filters->enableFilter('fitur:23', 'before')
 3 SYSTEMPATH\CodeIgniter.php(467): CodeIgniter\Filters\Filters->enableFilters([...], 'before')
 4 SYSTEMPATH\CodeIgniter.php(354): CodeIgniter\CodeIgniter->handleRequest(null, Object(Config\Cache), false)
 5 SYSTEMPATH\Boot.php(334): CodeIgniter\CodeIgniter->run()
 6 SYSTEMPATH\Boot.php(67): CodeIgniter\Boot::runCodeIgniter(Object(CodeIgniter\CodeIgniter))
 7 FCPATH\index.php(56): CodeIgniter\Boot::bootWeb(Object(Config\Paths))
 8 SYSTEMPATH\rewrite.php(44): require_once('D:\\Work\\daily_report2\\public\\index.php')
CRITICAL - 2025-02-07 06:53:00 --> CodeIgniter\Filters\Exceptions\FilterException: "fitur" filter must have a matching alias defined.
[Method: GET, Route: dashboard]
in SYSTEMPATH\Filters\Filters.php on line 590.
 1 SYSTEMPATH\Filters\Filters.php(590): CodeIgniter\Filters\Exceptions\FilterException::forNoAlias('fitur')
 2 SYSTEMPATH\Filters\Filters.php(641): CodeIgniter\Filters\Filters->enableFilter('fitur:23', 'before')
 3 SYSTEMPATH\CodeIgniter.php(467): CodeIgniter\Filters\Filters->enableFilters([...], 'before')
 4 SYSTEMPATH\CodeIgniter.php(354): CodeIgniter\CodeIgniter->handleRequest(null, Object(Config\Cache), false)
 5 SYSTEMPATH\Boot.php(334): CodeIgniter\CodeIgniter->run()
 6 SYSTEMPATH\Boot.php(67): CodeIgniter\Boot::runCodeIgniter(Object(CodeIgniter\CodeIgniter))
 7 FCPATH\index.php(56): CodeIgniter\Boot::bootWeb(Object(Config\Paths))
 8 SYSTEMPATH\rewrite.php(44): require_once('D:\\Work\\daily_report2\\public\\index.php')
CRITICAL - 2025-02-07 06:54:14 --> CodeIgniter\Filters\Exceptions\FilterException: "fitur" filter must have a matching alias defined.
[Method: GET, Route: dashboard]
in SYSTEMPATH\Filters\Filters.php on line 590.
 1 SYSTEMPATH\Filters\Filters.php(590): CodeIgniter\Filters\Exceptions\FilterException::forNoAlias('fitur')
 2 SYSTEMPATH\Filters\Filters.php(641): CodeIgniter\Filters\Filters->enableFilter('fitur:23', 'before')
 3 SYSTEMPATH\CodeIgniter.php(467): CodeIgniter\Filters\Filters->enableFilters([...], 'before')
 4 SYSTEMPATH\CodeIgniter.php(354): CodeIgniter\CodeIgniter->handleRequest(null, Object(Config\Cache), false)
 5 SYSTEMPATH\Boot.php(334): CodeIgniter\CodeIgniter->run()
 6 SYSTEMPATH\Boot.php(67): CodeIgniter\Boot::runCodeIgniter(Object(CodeIgniter\CodeIgniter))
 7 FCPATH\index.php(56): CodeIgniter\Boot::bootWeb(Object(Config\Paths))
 8 SYSTEMPATH\rewrite.php(44): require_once('D:\\Work\\daily_report2\\public\\index.php')
CRITICAL - 2025-02-07 06:54:38 --> Error: Class "App\Filters\FiturFilter" not found
[Method: GET, Route: dashboard]
in SYSTEMPATH\Filters\Filters.php on line 299.
 1 SYSTEMPATH\Filters\Filters.php(239): CodeIgniter\Filters\Filters->createFilter('App\\Filters\\FiturFilter')
 2 SYSTEMPATH\Filters\Filters.php(221): CodeIgniter\Filters\Filters->runBefore([...])
 3 SYSTEMPATH\CodeIgniter.php(479): CodeIgniter\Filters\Filters->run('dashboard', 'before')
 4 SYSTEMPATH\CodeIgniter.php(354): CodeIgniter\CodeIgniter->handleRequest(null, Object(Config\Cache), false)
 5 SYSTEMPATH\Boot.php(334): CodeIgniter\CodeIgniter->run()
 6 SYSTEMPATH\Boot.php(67): CodeIgniter\Boot::runCodeIgniter(Object(CodeIgniter\CodeIgniter))
 7 FCPATH\index.php(56): CodeIgniter\Boot::bootWeb(Object(Config\Paths))
 8 SYSTEMPATH\rewrite.php(44): require_once('D:\\Work\\daily_report2\\public\\index.php')
CRITICAL - 2025-02-07 06:54:39 --> Error: Class "App\Filters\FiturFilter" not found
[Method: GET, Route: dashboard]
in SYSTEMPATH\Filters\Filters.php on line 299.
 1 SYSTEMPATH\Filters\Filters.php(239): CodeIgniter\Filters\Filters->createFilter('App\\Filters\\FiturFilter')
 2 SYSTEMPATH\Filters\Filters.php(221): CodeIgniter\Filters\Filters->runBefore([...])
 3 SYSTEMPATH\CodeIgniter.php(479): CodeIgniter\Filters\Filters->run('dashboard', 'before')
 4 SYSTEMPATH\CodeIgniter.php(354): CodeIgniter\CodeIgniter->handleRequest(null, Object(Config\Cache), false)
 5 SYSTEMPATH\Boot.php(334): CodeIgniter\CodeIgniter->run()
 6 SYSTEMPATH\Boot.php(67): CodeIgniter\Boot::runCodeIgniter(Object(CodeIgniter\CodeIgniter))
 7 FCPATH\index.php(56): CodeIgniter\Boot::bootWeb(Object(Config\Paths))
 8 SYSTEMPATH\rewrite.php(44): require_once('D:\\Work\\daily_report2\\public\\index.php')
CRITICAL - 2025-02-07 07:26:27 --> TypeError: in_array(): Argument #2 ($haystack) must be of type array, null given
[Method: GET, Route: user]
in APPPATH\Views\user\index.php on line 43.
 1 APPPATH\Views\user\index.php(43): in_array(3, null)
 2 SYSTEMPATH\View\View.php(224): include('D:\\Work\\daily_report2\\app\\Views\\user\\index.php')
 3 SYSTEMPATH\View\View.php(227): CodeIgniter\View\View->CodeIgniter\View\{closure}()
 4 SYSTEMPATH\Common.php(1173): CodeIgniter\View\View->render('user/index', [], true)
 5 APPPATH\Controllers\UserController.php(18): view('user/index', [...])
 6 SYSTEMPATH\CodeIgniter.php(933): App\Controllers\UserController->index()
 7 SYSTEMPATH\CodeIgniter.php(507): CodeIgniter\CodeIgniter->runController(Object(App\Controllers\UserController))
 8 SYSTEMPATH\CodeIgniter.php(354): CodeIgniter\CodeIgniter->handleRequest(null, Object(Config\Cache), false)
 9 SYSTEMPATH\Boot.php(334): CodeIgniter\CodeIgniter->run()
10 SYSTEMPATH\Boot.php(67): CodeIgniter\Boot::runCodeIgniter(Object(CodeIgniter\CodeIgniter))
11 FCPATH\index.php(56): CodeIgniter\Boot::bootWeb(Object(Config\Paths))
12 SYSTEMPATH\rewrite.php(44): require_once('D:\\Work\\daily_report2\\public\\index.php')
CRITICAL - 2025-02-07 07:37:43 --> Error: Call to undefined function has_permission()
[Method: GET, Route: user]
in APPPATH\Views\user\index.php on line 10.
 1 SYSTEMPATH\View\View.php(224): include()
 2 SYSTEMPATH\View\View.php(227): CodeIgniter\View\View->CodeIgniter\View\{closure}()
 3 SYSTEMPATH\Common.php(1173): CodeIgniter\View\View->render('user/index', [], true)
 4 APPPATH\Controllers\UserController.php(18): view('user/index', [...])
 5 SYSTEMPATH\CodeIgniter.php(933): App\Controllers\UserController->index()
 6 SYSTEMPATH\CodeIgniter.php(507): CodeIgniter\CodeIgniter->runController(Object(App\Controllers\UserController))
 7 SYSTEMPATH\CodeIgniter.php(354): CodeIgniter\CodeIgniter->handleRequest(null, Object(Config\Cache), false)
 8 SYSTEMPATH\Boot.php(334): CodeIgniter\CodeIgniter->run()
 9 SYSTEMPATH\Boot.php(67): CodeIgniter\Boot::runCodeIgniter(Object(CodeIgniter\CodeIgniter))
10 FCPATH\index.php(56): CodeIgniter\Boot::bootWeb(Object(Config\Paths))
11 SYSTEMPATH\rewrite.php(44): require_once('D:\\Work\\daily_report2\\public\\index.php')
CRITICAL - 2025-02-07 07:37:50 --> Error: Call to undefined function has_permission()
[Method: GET, Route: role]
in APPPATH\Views\roles\index.php on line 9.
 1 SYSTEMPATH\View\View.php(224): include()
 2 SYSTEMPATH\View\View.php(227): CodeIgniter\View\View->CodeIgniter\View\{closure}()
 3 SYSTEMPATH\Common.php(1173): CodeIgniter\View\View->render('roles/index', [], true)
 4 APPPATH\Controllers\Roles.php(15): view('roles/index', [...])
 5 SYSTEMPATH\CodeIgniter.php(933): App\Controllers\Roles->index()
 6 SYSTEMPATH\CodeIgniter.php(507): CodeIgniter\CodeIgniter->runController(Object(App\Controllers\Roles))
 7 SYSTEMPATH\CodeIgniter.php(354): CodeIgniter\CodeIgniter->handleRequest(null, Object(Config\Cache), false)
 8 SYSTEMPATH\Boot.php(334): CodeIgniter\CodeIgniter->run()
 9 SYSTEMPATH\Boot.php(67): CodeIgniter\Boot::runCodeIgniter(Object(CodeIgniter\CodeIgniter))
10 FCPATH\index.php(56): CodeIgniter\Boot::bootWeb(Object(Config\Paths))
11 SYSTEMPATH\rewrite.php(44): require_once('D:\\Work\\daily_report2\\public\\index.php')
CRITICAL - 2025-02-07 07:37:54 --> Error: Call to undefined function has_permission()
[Method: GET, Route: user]
in APPPATH\Views\user\index.php on line 10.
 1 SYSTEMPATH\View\View.php(224): include()
 2 SYSTEMPATH\View\View.php(227): CodeIgniter\View\View->CodeIgniter\View\{closure}()
 3 SYSTEMPATH\Common.php(1173): CodeIgniter\View\View->render('user/index', [], true)
 4 APPPATH\Controllers\UserController.php(18): view('user/index', [...])
 5 SYSTEMPATH\CodeIgniter.php(933): App\Controllers\UserController->index()
 6 SYSTEMPATH\CodeIgniter.php(507): CodeIgniter\CodeIgniter->runController(Object(App\Controllers\UserController))
 7 SYSTEMPATH\CodeIgniter.php(354): CodeIgniter\CodeIgniter->handleRequest(null, Object(Config\Cache), false)
 8 SYSTEMPATH\Boot.php(334): CodeIgniter\CodeIgniter->run()
 9 SYSTEMPATH\Boot.php(67): CodeIgniter\Boot::runCodeIgniter(Object(CodeIgniter\CodeIgniter))
10 FCPATH\index.php(56): CodeIgniter\Boot::bootWeb(Object(Config\Paths))
11 SYSTEMPATH\rewrite.php(44): require_once('D:\\Work\\daily_report2\\public\\index.php')
CRITICAL - 2025-02-07 07:38:55 --> Error: Call to undefined function has_permission()
[Method: GET, Route: project]
in APPPATH\Views\project\index.php on line 8.
 1 SYSTEMPATH\View\View.php(224): include()
 2 SYSTEMPATH\View\View.php(227): CodeIgniter\View\View->CodeIgniter\View\{closure}()
 3 SYSTEMPATH\Common.php(1173): CodeIgniter\View\View->render('project/index', [], true)
 4 APPPATH\Controllers\Project.php(20): view('project/index', [...])
 5 SYSTEMPATH\CodeIgniter.php(933): App\Controllers\Project->index()
 6 SYSTEMPATH\CodeIgniter.php(507): CodeIgniter\CodeIgniter->runController(Object(App\Controllers\Project))
 7 SYSTEMPATH\CodeIgniter.php(354): CodeIgniter\CodeIgniter->handleRequest(null, Object(Config\Cache), false)
 8 SYSTEMPATH\Boot.php(334): CodeIgniter\CodeIgniter->run()
 9 SYSTEMPATH\Boot.php(67): CodeIgniter\Boot::runCodeIgniter(Object(CodeIgniter\CodeIgniter))
10 FCPATH\index.php(56): CodeIgniter\Boot::bootWeb(Object(Config\Paths))
11 SYSTEMPATH\rewrite.php(44): require_once('D:\\Work\\daily_report2\\public\\index.php')
CRITICAL - 2025-02-07 07:38:58 --> Error: Call to undefined function has_permission()
[Method: GET, Route: user]
in APPPATH\Views\user\index.php on line 10.
 1 SYSTEMPATH\View\View.php(224): include()
 2 SYSTEMPATH\View\View.php(227): CodeIgniter\View\View->CodeIgniter\View\{closure}()
 3 SYSTEMPATH\Common.php(1173): CodeIgniter\View\View->render('user/index', [], true)
 4 APPPATH\Controllers\UserController.php(18): view('user/index', [...])
 5 SYSTEMPATH\CodeIgniter.php(933): App\Controllers\UserController->index()
 6 SYSTEMPATH\CodeIgniter.php(507): CodeIgniter\CodeIgniter->runController(Object(App\Controllers\UserController))
 7 SYSTEMPATH\CodeIgniter.php(354): CodeIgniter\CodeIgniter->handleRequest(null, Object(Config\Cache), false)
 8 SYSTEMPATH\Boot.php(334): CodeIgniter\CodeIgniter->run()
 9 SYSTEMPATH\Boot.php(67): CodeIgniter\Boot::runCodeIgniter(Object(CodeIgniter\CodeIgniter))
10 FCPATH\index.php(56): CodeIgniter\Boot::bootWeb(Object(Config\Paths))
11 SYSTEMPATH\rewrite.php(44): require_once('D:\\Work\\daily_report2\\public\\index.php')
CRITICAL - 2025-02-07 07:39:47 --> Error: Call to undefined function has_permission()
[Method: GET, Route: user]
in APPPATH\Views\user\index.php on line 10.
 1 SYSTEMPATH\View\View.php(224): include()
 2 SYSTEMPATH\View\View.php(227): CodeIgniter\View\View->CodeIgniter\View\{closure}()
 3 SYSTEMPATH\Common.php(1173): CodeIgniter\View\View->render('user/index', [], true)
 4 APPPATH\Controllers\UserController.php(18): view('user/index', [...])
 5 SYSTEMPATH\CodeIgniter.php(933): App\Controllers\UserController->index()
 6 SYSTEMPATH\CodeIgniter.php(507): CodeIgniter\CodeIgniter->runController(Object(App\Controllers\UserController))
 7 SYSTEMPATH\CodeIgniter.php(354): CodeIgniter\CodeIgniter->handleRequest(null, Object(Config\Cache), false)
 8 SYSTEMPATH\Boot.php(334): CodeIgniter\CodeIgniter->run()
 9 SYSTEMPATH\Boot.php(67): CodeIgniter\Boot::runCodeIgniter(Object(CodeIgniter\CodeIgniter))
10 FCPATH\index.php(56): CodeIgniter\Boot::bootWeb(Object(Config\Paths))
11 SYSTEMPATH\rewrite.php(44): require_once('D:\\Work\\daily_report2\\public\\index.php')
CRITICAL - 2025-02-07 07:39:48 --> Error: Call to undefined function has_permission()
[Method: GET, Route: user]
in APPPATH\Views\user\index.php on line 10.
 1 SYSTEMPATH\View\View.php(224): include()
 2 SYSTEMPATH\View\View.php(227): CodeIgniter\View\View->CodeIgniter\View\{closure}()
 3 SYSTEMPATH\Common.php(1173): CodeIgniter\View\View->render('user/index', [], true)
 4 APPPATH\Controllers\UserController.php(18): view('user/index', [...])
 5 SYSTEMPATH\CodeIgniter.php(933): App\Controllers\UserController->index()
 6 SYSTEMPATH\CodeIgniter.php(507): CodeIgniter\CodeIgniter->runController(Object(App\Controllers\UserController))
 7 SYSTEMPATH\CodeIgniter.php(354): CodeIgniter\CodeIgniter->handleRequest(null, Object(Config\Cache), false)
 8 SYSTEMPATH\Boot.php(334): CodeIgniter\CodeIgniter->run()
 9 SYSTEMPATH\Boot.php(67): CodeIgniter\Boot::runCodeIgniter(Object(CodeIgniter\CodeIgniter))
10 FCPATH\index.php(56): CodeIgniter\Boot::bootWeb(Object(Config\Paths))
11 SYSTEMPATH\rewrite.php(44): require_once('D:\\Work\\daily_report2\\public\\index.php')
CRITICAL - 2025-02-07 07:39:48 --> TypeError: in_array(): Argument #2 ($haystack) must be of type array, null given
[Method: GET, Route: user/edit/6]
in APPPATH\Views\layout\template.php on line 213.
 1 APPPATH\Views\layout\template.php(213): in_array(23, null)
 2 SYSTEMPATH\View\View.php(224): include('D:\\Work\\daily_report2\\app\\Views\\layout\\template.php')
 3 SYSTEMPATH\View\View.php(227): CodeIgniter\View\View->CodeIgniter\View\{closure}()
 4 SYSTEMPATH\View\View.php(240): CodeIgniter\View\View->render('layout/template', [], true)
 5 SYSTEMPATH\Common.php(1173): CodeIgniter\View\View->render('user/edit', [], true)
 6 APPPATH\Controllers\UserController.php(22): view('user/edit', [...])
 7 SYSTEMPATH\CodeIgniter.php(933): App\Controllers\UserController->edit('6')
 8 SYSTEMPATH\CodeIgniter.php(507): CodeIgniter\CodeIgniter->runController(Object(App\Controllers\UserController))
 9 SYSTEMPATH\CodeIgniter.php(354): CodeIgniter\CodeIgniter->handleRequest(null, Object(Config\Cache), false)
10 SYSTEMPATH\Boot.php(334): CodeIgniter\CodeIgniter->run()
11 SYSTEMPATH\Boot.php(67): CodeIgniter\Boot::runCodeIgniter(Object(CodeIgniter\CodeIgniter))
12 FCPATH\index.php(56): CodeIgniter\Boot::bootWeb(Object(Config\Paths))
13 SYSTEMPATH\rewrite.php(44): require_once('D:\\Work\\daily_report2\\public\\index.php')
CRITICAL - 2025-02-07 07:39:49 --> Error: Call to undefined function has_permission()
[Method: GET, Route: user]
in APPPATH\Views\user\index.php on line 10.
 1 SYSTEMPATH\View\View.php(224): include()
 2 SYSTEMPATH\View\View.php(227): CodeIgniter\View\View->CodeIgniter\View\{closure}()
 3 SYSTEMPATH\Common.php(1173): CodeIgniter\View\View->render('user/index', [], true)
 4 APPPATH\Controllers\UserController.php(18): view('user/index', [...])
 5 SYSTEMPATH\CodeIgniter.php(933): App\Controllers\UserController->index()
 6 SYSTEMPATH\CodeIgniter.php(507): CodeIgniter\CodeIgniter->runController(Object(App\Controllers\UserController))
 7 SYSTEMPATH\CodeIgniter.php(354): CodeIgniter\CodeIgniter->handleRequest(null, Object(Config\Cache), false)
 8 SYSTEMPATH\Boot.php(334): CodeIgniter\CodeIgniter->run()
 9 SYSTEMPATH\Boot.php(67): CodeIgniter\Boot::runCodeIgniter(Object(CodeIgniter\CodeIgniter))
10 FCPATH\index.php(56): CodeIgniter\Boot::bootWeb(Object(Config\Paths))
11 SYSTEMPATH\rewrite.php(44): require_once('D:\\Work\\daily_report2\\public\\index.php')
CRITICAL - 2025-02-07 07:39:49 --> Error: Call to undefined function has_permission()
[Method: GET, Route: role]
in APPPATH\Views\roles\index.php on line 9.
 1 SYSTEMPATH\View\View.php(224): include()
 2 SYSTEMPATH\View\View.php(227): CodeIgniter\View\View->CodeIgniter\View\{closure}()
 3 SYSTEMPATH\Common.php(1173): CodeIgniter\View\View->render('roles/index', [], true)
 4 APPPATH\Controllers\Roles.php(15): view('roles/index', [...])
 5 SYSTEMPATH\CodeIgniter.php(933): App\Controllers\Roles->index()
 6 SYSTEMPATH\CodeIgniter.php(507): CodeIgniter\CodeIgniter->runController(Object(App\Controllers\Roles))
 7 SYSTEMPATH\CodeIgniter.php(354): CodeIgniter\CodeIgniter->handleRequest(null, Object(Config\Cache), false)
 8 SYSTEMPATH\Boot.php(334): CodeIgniter\CodeIgniter->run()
 9 SYSTEMPATH\Boot.php(67): CodeIgniter\Boot::runCodeIgniter(Object(CodeIgniter\CodeIgniter))
10 FCPATH\index.php(56): CodeIgniter\Boot::bootWeb(Object(Config\Paths))
11 SYSTEMPATH\rewrite.php(44): require_once('D:\\Work\\daily_report2\\public\\index.php')
CRITICAL - 2025-02-07 07:39:50 --> TypeError: in_array(): Argument #2 ($haystack) must be of type array, null given
[Method: GET, Route: role/edit/1]
in APPPATH\Views\layout\template.php on line 213.
 1 APPPATH\Views\layout\template.php(213): in_array(23, null)
 2 SYSTEMPATH\View\View.php(224): include('D:\\Work\\daily_report2\\app\\Views\\layout\\template.php')
 3 SYSTEMPATH\View\View.php(227): CodeIgniter\View\View->CodeIgniter\View\{closure}()
 4 SYSTEMPATH\View\View.php(240): CodeIgniter\View\View->render('layout/template', [], true)
 5 SYSTEMPATH\Common.php(1173): CodeIgniter\View\View->render('roles/edit', [], true)
 6 APPPATH\Controllers\Roles.php(66): view('roles/edit', [...])
 7 SYSTEMPATH\CodeIgniter.php(933): App\Controllers\Roles->edit('1')
 8 SYSTEMPATH\CodeIgniter.php(507): CodeIgniter\CodeIgniter->runController(Object(App\Controllers\Roles))
 9 SYSTEMPATH\CodeIgniter.php(354): CodeIgniter\CodeIgniter->handleRequest(null, Object(Config\Cache), false)
10 SYSTEMPATH\Boot.php(334): CodeIgniter\CodeIgniter->run()
11 SYSTEMPATH\Boot.php(67): CodeIgniter\Boot::runCodeIgniter(Object(CodeIgniter\CodeIgniter))
12 FCPATH\index.php(56): CodeIgniter\Boot::bootWeb(Object(Config\Paths))
13 SYSTEMPATH\rewrite.php(44): require_once('D:\\Work\\daily_report2\\public\\index.php')
CRITICAL - 2025-02-07 07:39:50 --> Error: Call to undefined function has_permission()
[Method: GET, Route: role]
in APPPATH\Views\roles\index.php on line 9.
 1 SYSTEMPATH\View\View.php(224): include()
 2 SYSTEMPATH\View\View.php(227): CodeIgniter\View\View->CodeIgniter\View\{closure}()
 3 SYSTEMPATH\Common.php(1173): CodeIgniter\View\View->render('roles/index', [], true)
 4 APPPATH\Controllers\Roles.php(15): view('roles/index', [...])
 5 SYSTEMPATH\CodeIgniter.php(933): App\Controllers\Roles->index()
 6 SYSTEMPATH\CodeIgniter.php(507): CodeIgniter\CodeIgniter->runController(Object(App\Controllers\Roles))
 7 SYSTEMPATH\CodeIgniter.php(354): CodeIgniter\CodeIgniter->handleRequest(null, Object(Config\Cache), false)
 8 SYSTEMPATH\Boot.php(334): CodeIgniter\CodeIgniter->run()
 9 SYSTEMPATH\Boot.php(67): CodeIgniter\Boot::runCodeIgniter(Object(CodeIgniter\CodeIgniter))
10 FCPATH\index.php(56): CodeIgniter\Boot::bootWeb(Object(Config\Paths))
11 SYSTEMPATH\rewrite.php(44): require_once('D:\\Work\\daily_report2\\public\\index.php')
CRITICAL - 2025-02-07 07:39:50 --> TypeError: in_array(): Argument #2 ($haystack) must be of type array, null given
[Method: GET, Route: dashboard]
in APPPATH\Views\layout\template.php on line 213.
 1 APPPATH\Views\layout\template.php(213): in_array(23, null)
 2 SYSTEMPATH\View\View.php(224): include('D:\\Work\\daily_report2\\app\\Views\\layout\\template.php')
 3 SYSTEMPATH\View\View.php(227): CodeIgniter\View\View->CodeIgniter\View\{closure}()
 4 SYSTEMPATH\View\View.php(240): CodeIgniter\View\View->render('layout/template', [], true)
 5 SYSTEMPATH\Common.php(1173): CodeIgniter\View\View->render('dashboard/index', [], true)
 6 APPPATH\Controllers\Dashboard.php(50): view('dashboard/index', [...])
 7 SYSTEMPATH\CodeIgniter.php(933): App\Controllers\Dashboard->index()
 8 SYSTEMPATH\CodeIgniter.php(507): CodeIgniter\CodeIgniter->runController(Object(App\Controllers\Dashboard))
 9 SYSTEMPATH\CodeIgniter.php(354): CodeIgniter\CodeIgniter->handleRequest(null, Object(Config\Cache), false)
10 SYSTEMPATH\Boot.php(334): CodeIgniter\CodeIgniter->run()
11 SYSTEMPATH\Boot.php(67): CodeIgniter\Boot::runCodeIgniter(Object(CodeIgniter\CodeIgniter))
12 FCPATH\index.php(56): CodeIgniter\Boot::bootWeb(Object(Config\Paths))
13 SYSTEMPATH\rewrite.php(44): require_once('D:\\Work\\daily_report2\\public\\index.php')
CRITICAL - 2025-02-07 07:39:58 --> Error: Call to undefined function has_permission()
[Method: GET, Route: user]
in APPPATH\Views\user\index.php on line 10.
 1 SYSTEMPATH\View\View.php(224): include()
 2 SYSTEMPATH\View\View.php(227): CodeIgniter\View\View->CodeIgniter\View\{closure}()
 3 SYSTEMPATH\Common.php(1173): CodeIgniter\View\View->render('user/index', [], true)
 4 APPPATH\Controllers\UserController.php(18): view('user/index', [...])
 5 SYSTEMPATH\CodeIgniter.php(933): App\Controllers\UserController->index()
 6 SYSTEMPATH\CodeIgniter.php(507): CodeIgniter\CodeIgniter->runController(Object(App\Controllers\UserController))
 7 SYSTEMPATH\CodeIgniter.php(354): CodeIgniter\CodeIgniter->handleRequest(null, Object(Config\Cache), false)
 8 SYSTEMPATH\Boot.php(334): CodeIgniter\CodeIgniter->run()
 9 SYSTEMPATH\Boot.php(67): CodeIgniter\Boot::runCodeIgniter(Object(CodeIgniter\CodeIgniter))
10 FCPATH\index.php(56): CodeIgniter\Boot::bootWeb(Object(Config\Paths))
11 SYSTEMPATH\rewrite.php(44): require_once('D:\\Work\\daily_report2\\public\\index.php')
CRITICAL - 2025-02-07 07:40:20 --> Error: Call to undefined function has_permission()
[Method: GET, Route: user]
in APPPATH\Views\user\index.php on line 10.
 1 SYSTEMPATH\View\View.php(224): include()
 2 SYSTEMPATH\View\View.php(227): CodeIgniter\View\View->CodeIgniter\View\{closure}()
 3 SYSTEMPATH\Common.php(1173): CodeIgniter\View\View->render('user/index', [], true)
 4 APPPATH\Controllers\UserController.php(18): view('user/index', [...])
 5 SYSTEMPATH\CodeIgniter.php(933): App\Controllers\UserController->index()
 6 SYSTEMPATH\CodeIgniter.php(507): CodeIgniter\CodeIgniter->runController(Object(App\Controllers\UserController))
 7 SYSTEMPATH\CodeIgniter.php(354): CodeIgniter\CodeIgniter->handleRequest(null, Object(Config\Cache), false)
 8 SYSTEMPATH\Boot.php(334): CodeIgniter\CodeIgniter->run()
 9 SYSTEMPATH\Boot.php(67): CodeIgniter\Boot::runCodeIgniter(Object(CodeIgniter\CodeIgniter))
10 FCPATH\index.php(56): CodeIgniter\Boot::bootWeb(Object(Config\Paths))
11 SYSTEMPATH\rewrite.php(44): require_once('D:\\Work\\daily_report2\\public\\index.php')
CRITICAL - 2025-02-07 07:44:19 --> ErrorException: Undefined property: App\Controllers\Activity::$load
[Method: GET, Route: activity]
in APPPATH\Controllers\Activity.php on line 19.
 1 APPPATH\Controllers\Activity.php(19): CodeIgniter\Debug\Exceptions->errorHandler(2, 'Undefined property: App\\Controllers\\Activity::$load', 'D:\\Work\\daily_report2\\app\\Controllers\\Activity.php', 19)
 2 SYSTEMPATH\CodeIgniter.php(933): App\Controllers\Activity->index()
 3 SYSTEMPATH\CodeIgniter.php(507): CodeIgniter\CodeIgniter->runController(Object(App\Controllers\Activity))
 4 SYSTEMPATH\CodeIgniter.php(354): CodeIgniter\CodeIgniter->handleRequest(null, Object(Config\Cache), false)
 5 SYSTEMPATH\Boot.php(334): CodeIgniter\CodeIgniter->run()
 6 SYSTEMPATH\Boot.php(67): CodeIgniter\Boot::runCodeIgniter(Object(CodeIgniter\CodeIgniter))
 7 FCPATH\index.php(56): CodeIgniter\Boot::bootWeb(Object(Config\Paths))
 8 SYSTEMPATH\rewrite.php(44): require_once('D:\\Work\\daily_report2\\public\\index.php')
